                      :-) GROMACS - gmx mdrun, 2020.4 (-:

                            GROMACS is written by:
     Emile Apol      Rossen Apostolov      Paul Bauer     Herman J.C. Berendsen
    Par Bjelkmar      Christian Blau   Viacheslav Bolnykh     Kevin Boyd    
 Aldert van Buuren   Rudi van Drunen     Anton Feenstra       Alan Gray     
  Gerrit Groenhof     Anca Hamuraru    Vincent Hindriksen  M. Eric Irrgang  
  Aleksei Iupinov   Christoph Junghans     Joe Jordan     Dimitrios Karkoulis
    Peter Kasson        Jiri Kraus      Carsten Kutzner      Per Larsson    
  Justin A. Lemkul    Viveca Lindahl    Magnus Lundborg     Erik Marklund   
    Pascal Merz     Pieter Meulenhoff    Teemu Murtola       Szilard Pall   
    Sander Pronk      Roland Schulz      Michael Shirts    Alexey Shvetsov  
   Alfons Sijbers     Peter Tieleman      Jon Vincent      Teemu Virolainen 
 Christian Wennberg    Maarten Wolf      Artem Zhmurov   
                           and the project leaders:
        Mark Abraham, Berk Hess, Erik Lindahl, and David van der Spoel

Copyright (c) 1991-2000, University of Groningen, The Netherlands.
Copyright (c) 2001-2019, The GROMACS development team at
Uppsala University, Stockholm University and
the Royal Institute of Technology, Sweden.
check out http://www.gromacs.org for more information.

GROMACS is free software; you can redistribute it and/or modify it
under the terms of the GNU Lesser General Public License
as published by the Free Software Foundation; either version 2.1
of the License, or (at your option) any later version.

GROMACS:      gmx mdrun, version 2020.4
Executable:   /data/ccuser/libraries/gromacs_no_gpu/gromacs-2020.4/build/bin/gmx_mpi
Data prefix:  /data/ccuser/libraries/gromacs_no_gpu/gromacs-2020.4 (source tree)
Working dir:  /data/ccuser/scc2020/gromacs/competition/SCC_Gromacs/Task3/Relax/replica_14
Process ID:   4704
Command line:
  gmx_mpi mdrun -v -ntomp 2 -multidir replica_1 replica_11 replica_13 replica_15 replica_17 replica_19 replica_20 replica_22 replica_4 replica_6 replica_8 replica_10 replica_12 replica_14 replica_16 replica_18 replica_2 replica_21 replica_3 replica_5 replica_7 replica_9 -deffnm relax

GROMACS version:    2020.4
Verified release checksum is 79c2857291b034542c26e90512b92fd4b184a1c9d6fa59c55f2e24ccf14e7281
Precision:          single
Memory model:       64 bit
MPI library:        MPI
OpenMP support:     enabled (GMX_OPENMP_MAX_THREADS = 64)
GPU support:        disabled
SIMD instructions:  AVX_512
FFT library:        fftw-3.3.8-sse2-avx-avx2-avx2_128-avx512
RDTSCP usage:       enabled
TNG support:        enabled
Hwloc support:      disabled
Tracing support:    disabled
C compiler:         /opt/gcc-9.2.0/bin/gcc GNU 9.2.0
C compiler flags:   -mavx512f -mfma -fexcess-precision=fast -funroll-all-loops -O3 -DNDEBUG
C++ compiler:       /opt/gcc-9.2.0/bin/g++ GNU 9.2.0
C++ compiler flags: -mavx512f -mfma -fexcess-precision=fast -funroll-all-loops -fopenmp -O3 -DNDEBUG


Running on 1 node with total 44 cores, 44 logical cores
Hardware detected on host ip-0A00001A (the node of MPI rank 13):
  CPU info:
    Vendor: Intel
    Brand:  Intel(R) Xeon(R) Platinum 8168 CPU @ 2.70GHz
    Family: 6   Model: 85   Stepping: 4
    Features: aes apic avx avx2 avx512f avx512cd avx512bw avx512vl clfsh cmov cx8 cx16 f16c fma hle intel lahf mmx msr pcid pclmuldq pdpe1gb popcnt pse rdrnd rdtscp rtm sse2 sse3 sse4.1 sse4.2 ssse3
    Number of AVX-512 FMA units: 2
  Hardware topology: Only logical processor count


++++ PLEASE READ AND CITE THE FOLLOWING REFERENCE ++++
M. J. Abraham, T. Murtola, R. Schulz, S. Páll, J. C. Smith, B. Hess, E.
Lindahl
GROMACS: High performance molecular simulations through multi-level
parallelism from laptops to supercomputers
SoftwareX 1 (2015) pp. 19-25
-------- -------- --- Thank You --- -------- --------


++++ PLEASE READ AND CITE THE FOLLOWING REFERENCE ++++
S. Páll, M. J. Abraham, C. Kutzner, B. Hess, E. Lindahl
Tackling Exascale Software Challenges in Molecular Dynamics Simulations with
GROMACS
In S. Markidis & E. Laure (Eds.), Solving Software Challenges for Exascale 8759 (2015) pp. 3-27
-------- -------- --- Thank You --- -------- --------


++++ PLEASE READ AND CITE THE FOLLOWING REFERENCE ++++
S. Pronk, S. Páll, R. Schulz, P. Larsson, P. Bjelkmar, R. Apostolov, M. R.
Shirts, J. C. Smith, P. M. Kasson, D. van der Spoel, B. Hess, and E. Lindahl
GROMACS 4.5: a high-throughput and highly parallel open source molecular
simulation toolkit
Bioinformatics 29 (2013) pp. 845-54
-------- -------- --- Thank You --- -------- --------


++++ PLEASE READ AND CITE THE FOLLOWING REFERENCE ++++
B. Hess and C. Kutzner and D. van der Spoel and E. Lindahl
GROMACS 4: Algorithms for highly efficient, load-balanced, and scalable
molecular simulation
J. Chem. Theory Comput. 4 (2008) pp. 435-447
-------- -------- --- Thank You --- -------- --------


++++ PLEASE READ AND CITE THE FOLLOWING REFERENCE ++++
D. van der Spoel, E. Lindahl, B. Hess, G. Groenhof, A. E. Mark and H. J. C.
Berendsen
GROMACS: Fast, Flexible and Free
J. Comp. Chem. 26 (2005) pp. 1701-1719
-------- -------- --- Thank You --- -------- --------


++++ PLEASE READ AND CITE THE FOLLOWING REFERENCE ++++
E. Lindahl and B. Hess and D. van der Spoel
GROMACS 3.0: A package for molecular simulation and trajectory analysis
J. Mol. Mod. 7 (2001) pp. 306-317
-------- -------- --- Thank You --- -------- --------


++++ PLEASE READ AND CITE THE FOLLOWING REFERENCE ++++
H. J. C. Berendsen, D. van der Spoel and R. van Drunen
GROMACS: A message-passing parallel molecular dynamics implementation
Comp. Phys. Comm. 91 (1995) pp. 43-56
-------- -------- --- Thank You --- -------- --------


++++ PLEASE CITE THE DOI FOR THIS VERSION OF GROMACS ++++
https://doi.org/10.5281/zenodo.4054979
-------- -------- --- Thank You --- -------- --------

Input Parameters:
   integrator                     = md
   tinit                          = 0
   dt                             = 0.001
   nsteps                         = 50000
   init-step                      = 0
   simulation-part                = 1
   comm-mode                      = Linear
   nstcomm                        = 100
   bd-fric                        = 0
   ld-seed                        = -1043418433
   emtol                          = 10
   emstep                         = 0.01
   niter                          = 20
   fcstep                         = 0
   nstcgsteep                     = 1000
   nbfgscorr                      = 10
   rtpi                           = 0.05
   nstxout                        = 5000
   nstvout                        = 5000
   nstfout                        = 0
   nstlog                         = 2000
   nstcalcenergy                  = 100
   nstenergy                      = 1000
   nstxout-compressed             = 0
   compressed-x-precision         = 1000
   cutoff-scheme                  = Verlet
   nstlist                        = 20
   pbc                            = xyz
   periodic-molecules             = false
   verlet-buffer-tolerance        = 0.005
   rlist                          = 1.2
   coulombtype                    = PME
   coulomb-modifier               = Potential-shift
   rcoulomb-switch                = 0
   rcoulomb                       = 1.2
   epsilon-r                      = 1
   epsilon-rf                     = inf
   vdw-type                       = Cut-off
   vdw-modifier                   = Force-switch
   rvdw-switch                    = 1
   rvdw                           = 1.2
   DispCorr                       = No
   table-extension                = 1
   fourierspacing                 = 0.12
   fourier-nx                     = 60
   fourier-ny                     = 60
   fourier-nz                     = 60
   pme-order                      = 4
   ewald-rtol                     = 1e-05
   ewald-rtol-lj                  = 0.001
   lj-pme-comb-rule               = Geometric
   ewald-geometry                 = 0
   epsilon-surface                = 0
   tcoupl                         = V-rescale
   nsttcouple                     = 20
   nh-chain-length                = 0
   print-nose-hoover-chain-variables = false
   pcoupl                         = Parrinello-Rahman
   pcoupltype                     = Isotropic
   nstpcouple                     = 20
   tau-p                          = 5
   compressibility (3x3):
      compressibility[    0]={ 4.50000e-05,  0.00000e+00,  0.00000e+00}
      compressibility[    1]={ 0.00000e+00,  4.50000e-05,  0.00000e+00}
      compressibility[    2]={ 0.00000e+00,  0.00000e+00,  4.50000e-05}
   ref-p (3x3):
      ref-p[    0]={ 1.00000e+00,  0.00000e+00,  0.00000e+00}
      ref-p[    1]={ 0.00000e+00,  1.00000e+00,  0.00000e+00}
      ref-p[    2]={ 0.00000e+00,  0.00000e+00,  1.00000e+00}
   refcoord-scaling               = COM
   posres-com (3):
      posres-com[0]= 0.00000e+00
      posres-com[1]= 0.00000e+00
      posres-com[2]= 0.00000e+00
   posres-comB (3):
      posres-comB[0]= 0.00000e+00
      posres-comB[1]= 0.00000e+00
      posres-comB[2]= 0.00000e+00
   QMMM                           = false
   QMconstraints                  = 0
   QMMMscheme                     = 0
   MMChargeScaleFactor            = 1
qm-opts:
   ngQM                           = 0
   constraint-algorithm           = Lincs
   continuation                   = false
   Shake-SOR                      = false
   shake-tol                      = 0.0001
   lincs-order                    = 4
   lincs-iter                     = 1
   lincs-warnangle                = 30
   nwall                          = 0
   wall-type                      = 9-3
   wall-r-linpot                  = -1
   wall-atomtype[0]               = -1
   wall-atomtype[1]               = -1
   wall-density[0]                = 0
   wall-density[1]                = 0
   wall-ewald-zfac                = 3
   pull                           = false
   awh                            = false
   rotation                       = false
   interactiveMD                  = false
   disre                          = No
   disre-weighting                = Conservative
   disre-mixed                    = false
   dr-fc                          = 1000
   dr-tau                         = 0
   nstdisreout                    = 100
   orire-fc                       = 0
   orire-tau                      = 0
   nstorireout                    = 100
   free-energy                    = no
   cos-acceleration               = 0
   deform (3x3):
      deform[    0]={ 0.00000e+00,  0.00000e+00,  0.00000e+00}
      deform[    1]={ 0.00000e+00,  0.00000e+00,  0.00000e+00}
      deform[    2]={ 0.00000e+00,  0.00000e+00,  0.00000e+00}
   simulated-tempering            = false
   swapcoords                     = no
   userint1                       = 0
   userint2                       = 0
   userint3                       = 0
   userint4                       = 0
   userreal1                      = 0
   userreal2                      = 0
   userreal3                      = 0
   userreal4                      = 0
   applied-forces:
     electric-field:
       x:
         E0                       = 0
         omega                    = 0
         t0                       = 0
         sigma                    = 0
       y:
         E0                       = 0
         omega                    = 0
         t0                       = 0
         sigma                    = 0
       z:
         E0                       = 0
         omega                    = 0
         t0                       = 0
         sigma                    = 0
     density-guided-simulation:
       active                     = false
       group                      = protein
       similarity-measure         = inner-product
       atom-spreading-weight      = unity
       force-constant             = 1e+09
       gaussian-transform-spreading-width = 0.2
       gaussian-transform-spreading-range-in-multiples-of-width = 4
       reference-density-filename = reference.mrc
       nst                        = 1
       normalize-densities        = true
       adaptive-force-scaling     = false
       adaptive-force-scaling-time-constant = 4
grpopts:
   nrdf:     6345.71     59631.3
   ref-t:      333.64      333.64
   tau-t:           1           1
annealing:          No          No
annealing-npoints:           0           0
   acc:	           0           0           0
   nfreeze:           N           N           N
   energygrp-flags[  0]: 0

Changing nstlist from 20 to 100, rlist from 1.2 to 1.299

This is simulation 13 out of 22 running as a composite GROMACS
multi-simulation job. Setup for this simulation:

Using 1 MPI process

Non-default thread affinity set, disabling internal thread affinity

Using 2 OpenMP threads 

System total charge: 0.000
Will do PME sum in reciprocal space for electrostatic interactions.

++++ PLEASE READ AND CITE THE FOLLOWING REFERENCE ++++
U. Essmann, L. Perera, M. L. Berkowitz, T. Darden, H. Lee and L. G. Pedersen 
A smooth particle mesh Ewald method
J. Chem. Phys. 103 (1995) pp. 8577-8592
-------- -------- --- Thank You --- -------- --------

Using a Gaussian width (1/beta) of 0.384195 nm for Ewald
Potential shift: LJ r^-12: -2.648e-01 r^-6: -5.349e-01, Ewald -8.333e-06
Initialized non-bonded Ewald tables, spacing: 1.02e-03 size: 1176

Generated table with 1149 data points for 1-4 COUL.
Tabscale = 500 points/nm
Generated table with 1149 data points for 1-4 LJ6.
Tabscale = 500 points/nm
Generated table with 1149 data points for 1-4 LJ12.
Tabscale = 500 points/nm

Using SIMD 4x8 nonbonded short-range kernels

Using a dual 4x8 pair-list setup updated with dynamic pruning:
  outer list: updated every 100 steps, buffer 0.099 nm, rlist 1.299 nm
  inner list: updated every  23 steps, buffer 0.001 nm, rlist 1.201 nm
At tolerance 0.005 kJ/mol/ps per atom, equivalent classical 1x1 list would be:
  outer list: updated every 100 steps, buffer 0.231 nm, rlist 1.431 nm
  inner list: updated every  23 steps, buffer 0.049 nm, rlist 1.249 nm

Removing pbc first time

Initializing LINear Constraint Solver

++++ PLEASE READ AND CITE THE FOLLOWING REFERENCE ++++
B. Hess and H. Bekker and H. J. C. Berendsen and J. G. E. M. Fraaije
LINCS: A Linear Constraint Solver for molecular simulations
J. Comp. Chem. 18 (1997) pp. 1463-1472
-------- -------- --- Thank You --- -------- --------

The number of constraints is 1277

++++ PLEASE READ AND CITE THE FOLLOWING REFERENCE ++++
S. Miyamoto and P. A. Kollman
SETTLE: An Analytical Version of the SHAKE and RATTLE Algorithms for Rigid
Water Models
J. Comp. Chem. 13 (1992) pp. 952-962
-------- -------- --- Thank You --- -------- --------


++++ PLEASE READ AND CITE THE FOLLOWING REFERENCE ++++
G. Bussi, D. Donadio and M. Parrinello
Canonical sampling through velocity rescaling
J. Chem. Phys. 126 (2007) pp. 014101
-------- -------- --- Thank You --- -------- --------

There are: 32358 Atoms

Constraining the starting coordinates (step 0)

Constraining the coordinates at t0-dt (step 0)
Center of mass motion removal mode is Linear
We have the following groups for center of mass motion removal:
  0:  System
RMS relative constraint deviation after constraining: 9.39e-07
Initial temperature: 7.33405e-07 K

Started mdrun on rank 0 Tue Nov 10 23:42:44 2020

           Step           Time
              0        0.00000

   Energies (kJ/mol)
           Bond            U-B    Proper Dih.  Improper Dih.      CMAP Dih.
    3.62771e+02    1.51017e+03    5.89848e+03    8.62584e+01   -2.92435e+02
          LJ-14     Coulomb-14        LJ (SR)   Coulomb (SR)   Coul. recip.
    1.98194e+03    3.75716e+04    5.31805e+04   -5.76429e+05    2.03437e+03
      Potential    Kinetic En.   Total Energy  Conserved En.    Temperature
   -4.74095e+05    8.09632e+00   -4.74087e+05   -4.74066e+05    2.95183e-02
 Pressure (bar)   Constr. rmsd
   -3.42003e+03    9.16211e-07

           Step           Time
           2000        2.00000

   Energies (kJ/mol)
           Bond            U-B    Proper Dih.  Improper Dih.      CMAP Dih.
    1.28164e+03    4.03870e+03    6.57901e+03    3.09359e+02   -3.12931e+02
          LJ-14     Coulomb-14        LJ (SR)   Coulomb (SR)   Coul. recip.
    1.81037e+03    3.70741e+04    5.14892e+04   -5.49019e+05    1.18161e+03
      Potential    Kinetic En.   Total Energy  Conserved En.    Temperature
   -4.45568e+05    6.45216e+04   -3.81047e+05   -4.73672e+05    2.35238e+02
 Pressure (bar)   Constr. rmsd
    1.20018e+03    1.39860e-06

           Step           Time
           4000        4.00000

   Energies (kJ/mol)
           Bond            U-B    Proper Dih.  Improper Dih.      CMAP Dih.
    1.72323e+03    5.19264e+03    6.62476e+03    3.18474e+02   -2.99995e+02
          LJ-14     Coulomb-14        LJ (SR)   Coulomb (SR)   Coul. recip.
    1.77101e+03    3.68148e+04    4.11059e+04   -5.15891e+05    1.48322e+03
      Potential    Kinetic En.   Total Energy  Conserved En.    Temperature
   -4.21157e+05    7.78669e+04   -3.43290e+05   -4.73629e+05    2.83894e+02
 Pressure (bar)   Constr. rmsd
   -2.46476e+02    1.43547e-06

           Step           Time
           6000        6.00000

   Energies (kJ/mol)
           Bond            U-B    Proper Dih.  Improper Dih.      CMAP Dih.
    1.92761e+03    5.75954e+03    6.62872e+03    3.32432e+02   -3.43737e+02
          LJ-14     Coulomb-14        LJ (SR)   Coulomb (SR)   Coul. recip.
    1.79733e+03    3.66618e+04    3.88255e+04   -5.02373e+05    1.49984e+03
      Potential    Kinetic En.   Total Energy  Conserved En.    Temperature
   -4.09284e+05    8.53289e+04   -3.23955e+05   -4.73622e+05    3.11100e+02
 Pressure (bar)   Constr. rmsd
    1.61872e+02    1.49743e-06

           Step           Time
           8000        8.00000

   Energies (kJ/mol)
           Bond            U-B    Proper Dih.  Improper Dih.      CMAP Dih.
    2.15744e+03    6.16442e+03    6.69721e+03    4.36604e+02   -2.90063e+02
          LJ-14     Coulomb-14        LJ (SR)   Coulomb (SR)   Coul. recip.
    1.80585e+03    3.68270e+04    3.64073e+04   -4.93522e+05    1.65331e+03
      Potential    Kinetic En.   Total Energy  Conserved En.    Temperature
   -4.01663e+05    8.81301e+04   -3.13533e+05   -4.73606e+05    3.21312e+02
 Pressure (bar)   Constr. rmsd
   -1.43992e+02    1.51111e-06

           Step           Time
          10000       10.00000

   Energies (kJ/mol)
           Bond            U-B    Proper Dih.  Improper Dih.      CMAP Dih.
    2.06368e+03    6.08325e+03    6.48106e+03    4.26354e+02   -2.75819e+02
          LJ-14     Coulomb-14        LJ (SR)   Coulomb (SR)   Coul. recip.
    1.83576e+03    3.67984e+04    3.62474e+04   -4.89574e+05    1.69024e+03
      Potential    Kinetic En.   Total Energy  Conserved En.    Temperature
   -3.98223e+05    8.98896e+04   -3.08334e+05   -4.73596e+05    3.27728e+02
 Pressure (bar)   Constr. rmsd
    1.30828e+02    1.54492e-06

           Step           Time
          12000       12.00000

   Energies (kJ/mol)
           Bond            U-B    Proper Dih.  Improper Dih.      CMAP Dih.
    2.29302e+03    6.36474e+03    6.65874e+03    4.34175e+02   -3.08737e+02
          LJ-14     Coulomb-14        LJ (SR)   Coulomb (SR)   Coul. recip.
    1.78131e+03    3.67738e+04    3.49471e+04   -4.86389e+05    1.65659e+03
      Potential    Kinetic En.   Total Energy  Conserved En.    Temperature
   -3.95789e+05    9.17724e+04   -3.04016e+05   -4.73583e+05    3.34592e+02
 Pressure (bar)   Constr. rmsd
   -1.61971e+02    1.52997e-06

           Step           Time
          14000       14.00000

   Energies (kJ/mol)
           Bond            U-B    Proper Dih.  Improper Dih.      CMAP Dih.
    2.34679e+03    6.31874e+03    6.60801e+03    3.75023e+02   -2.51988e+02
          LJ-14     Coulomb-14        LJ (SR)   Coulomb (SR)   Coul. recip.
    1.78434e+03    3.64742e+04    3.58718e+04   -4.85960e+05    1.74987e+03
      Potential    Kinetic En.   Total Energy  Conserved En.    Temperature
   -3.94683e+05    9.17859e+04   -3.02897e+05   -4.73561e+05    3.34641e+02
 Pressure (bar)   Constr. rmsd
   -1.64862e+01    1.54220e-06

           Step           Time
          16000       16.00000

   Energies (kJ/mol)
           Bond            U-B    Proper Dih.  Improper Dih.      CMAP Dih.
    2.22204e+03    6.25655e+03    6.59898e+03    4.74217e+02   -3.11724e+02
          LJ-14     Coulomb-14        LJ (SR)   Coulomb (SR)   Coul. recip.
    1.80056e+03    3.67815e+04    3.69591e+04   -4.88518e+05    1.72190e+03
      Potential    Kinetic En.   Total Energy  Conserved En.    Temperature
   -3.96015e+05    9.22333e+04   -3.03782e+05   -4.73549e+05    3.36272e+02
 Pressure (bar)   Constr. rmsd
    1.85164e+02    1.45078e-06

           Step           Time
          18000       18.00000

   Energies (kJ/mol)
           Bond            U-B    Proper Dih.  Improper Dih.      CMAP Dih.
    2.15936e+03    6.14658e+03    6.55977e+03    3.84307e+02   -3.57768e+02
          LJ-14     Coulomb-14        LJ (SR)   Coulomb (SR)   Coul. recip.
    1.85437e+03    3.69286e+04    3.62440e+04   -4.88688e+05    1.70252e+03
      Potential    Kinetic En.   Total Energy  Conserved En.    Temperature
   -3.97067e+05    9.10404e+04   -3.06026e+05   -4.73540e+05    3.31923e+02
 Pressure (bar)   Constr. rmsd
    1.62137e+02    1.50130e-06

           Step           Time
          20000       20.00000

   Energies (kJ/mol)
           Bond            U-B    Proper Dih.  Improper Dih.      CMAP Dih.
    2.27090e+03    6.30524e+03    6.55818e+03    3.72925e+02   -3.10218e+02
          LJ-14     Coulomb-14        LJ (SR)   Coulomb (SR)   Coul. recip.
    1.88063e+03    3.68329e+04    3.56608e+04   -4.86131e+05    1.69311e+03
      Potential    Kinetic En.   Total Energy  Conserved En.    Temperature
   -3.94866e+05    9.09370e+04   -3.03929e+05   -4.73524e+05    3.31546e+02
 Pressure (bar)   Constr. rmsd
   -1.85516e+02    1.54119e-06

           Step           Time
          22000       22.00000

   Energies (kJ/mol)
           Bond            U-B    Proper Dih.  Improper Dih.      CMAP Dih.
    2.03181e+03    6.18822e+03    6.63319e+03    4.06575e+02   -3.60961e+02
          LJ-14     Coulomb-14        LJ (SR)   Coulomb (SR)   Coul. recip.
    1.83369e+03    3.70532e+04    3.51479e+04   -4.86924e+05    1.69865e+03
      Potential    Kinetic En.   Total Energy  Conserved En.    Temperature
   -3.96292e+05    9.17612e+04   -3.04531e+05   -4.73518e+05    3.34551e+02
 Pressure (bar)   Constr. rmsd
   -2.38147e+01    1.49561e-06

           Step           Time
          24000       24.00000

   Energies (kJ/mol)
           Bond            U-B    Proper Dih.  Improper Dih.      CMAP Dih.
    2.21888e+03    5.96473e+03    6.68092e+03    3.66474e+02   -3.27140e+02
          LJ-14     Coulomb-14        LJ (SR)   Coulomb (SR)   Coul. recip.
    1.86756e+03    3.66584e+04    3.61160e+04   -4.88181e+05    1.75810e+03
      Potential    Kinetic En.   Total Energy  Conserved En.    Temperature
   -3.96878e+05    9.10849e+04   -3.05793e+05   -4.73501e+05    3.32085e+02
 Pressure (bar)   Constr. rmsd
    1.19053e+02    1.48740e-06

           Step           Time
          26000       26.00000

   Energies (kJ/mol)
           Bond            U-B    Proper Dih.  Improper Dih.      CMAP Dih.
    2.17025e+03    5.95398e+03    6.65457e+03    3.92806e+02   -3.04489e+02
          LJ-14     Coulomb-14        LJ (SR)   Coulomb (SR)   Coul. recip.
    1.81549e+03    3.67546e+04    3.56593e+04   -4.86546e+05    1.80670e+03
      Potential    Kinetic En.   Total Energy  Conserved En.    Temperature
   -3.95643e+05    9.15340e+04   -3.04109e+05   -4.73490e+05    3.33722e+02
 Pressure (bar)   Constr. rmsd
   -2.66381e+01    1.54709e-06

           Step           Time
          28000       28.00000

   Energies (kJ/mol)
           Bond            U-B    Proper Dih.  Improper Dih.      CMAP Dih.
    2.07223e+03    6.40206e+03    6.54523e+03    3.68251e+02   -3.67822e+02
          LJ-14     Coulomb-14        LJ (SR)   Coulomb (SR)   Coul. recip.
    1.95859e+03    3.68393e+04    3.62038e+04   -4.86575e+05    1.68248e+03
      Potential    Kinetic En.   Total Energy  Conserved En.    Temperature
   -3.94871e+05    9.19805e+04   -3.02890e+05   -4.73477e+05    3.35351e+02
 Pressure (bar)   Constr. rmsd
    2.67017e+02    1.52132e-06

           Step           Time
          30000       30.00000

   Energies (kJ/mol)
           Bond            U-B    Proper Dih.  Improper Dih.      CMAP Dih.
    2.27806e+03    6.24161e+03    6.57663e+03    4.39591e+02   -3.16371e+02
          LJ-14     Coulomb-14        LJ (SR)   Coulomb (SR)   Coul. recip.
    1.84470e+03    3.69565e+04    3.47700e+04   -4.84847e+05    1.68215e+03
      Potential    Kinetic En.   Total Energy  Conserved En.    Temperature
   -3.94374e+05    9.15448e+04   -3.02829e+05   -4.73463e+05    3.33762e+02
 Pressure (bar)   Constr. rmsd
    7.87310e+00    1.62242e-06

           Step           Time
          32000       32.00000

   Energies (kJ/mol)
           Bond            U-B    Proper Dih.  Improper Dih.      CMAP Dih.
    2.23461e+03    6.32693e+03    6.63192e+03    4.23137e+02   -3.66080e+02
          LJ-14     Coulomb-14        LJ (SR)   Coulomb (SR)   Coul. recip.
    1.90446e+03    3.68265e+04    3.67817e+04   -4.87997e+05    1.71427e+03
      Potential    Kinetic En.   Total Energy  Conserved En.    Temperature
   -3.95520e+05    9.22713e+04   -3.03249e+05   -4.73443e+05    3.36411e+02
 Pressure (bar)   Constr. rmsd
    1.94201e+02    1.58500e-06

           Step           Time
          34000       34.00000

   Energies (kJ/mol)
           Bond            U-B    Proper Dih.  Improper Dih.      CMAP Dih.
    2.20915e+03    6.14156e+03    6.55863e+03    4.32098e+02   -2.65282e+02
          LJ-14     Coulomb-14        LJ (SR)   Coulomb (SR)   Coul. recip.
    1.93877e+03    3.69910e+04    3.62556e+04   -4.86609e+05    1.70652e+03
      Potential    Kinetic En.   Total Energy  Conserved En.    Temperature
   -3.94641e+05    9.16427e+04   -3.02998e+05   -4.73438e+05    3.34119e+02
 Pressure (bar)   Constr. rmsd
    2.26146e+02    1.47991e-06

           Step           Time
          36000       36.00000

   Energies (kJ/mol)
           Bond            U-B    Proper Dih.  Improper Dih.      CMAP Dih.
    2.26172e+03    6.38128e+03    6.54778e+03    4.12416e+02   -3.49625e+02
          LJ-14     Coulomb-14        LJ (SR)   Coulomb (SR)   Coul. recip.
    1.79636e+03    3.66574e+04    3.54249e+04   -4.84456e+05    1.71186e+03
      Potential    Kinetic En.   Total Energy  Conserved En.    Temperature
   -3.93612e+05    9.03125e+04   -3.03300e+05   -4.73423e+05    3.29269e+02
 Pressure (bar)   Constr. rmsd
   -6.86441e+01    1.51153e-06

           Step           Time
          38000       38.00000

   Energies (kJ/mol)
           Bond            U-B    Proper Dih.  Improper Dih.      CMAP Dih.
    2.14474e+03    6.45017e+03    6.56526e+03    3.75764e+02   -2.84763e+02
          LJ-14     Coulomb-14        LJ (SR)   Coulomb (SR)   Coul. recip.
    1.82777e+03    3.68404e+04    3.50835e+04   -4.85478e+05    1.76091e+03
      Potential    Kinetic En.   Total Energy  Conserved En.    Temperature
   -3.94714e+05    9.23334e+04   -3.02381e+05   -4.73415e+05    3.36637e+02
 Pressure (bar)   Constr. rmsd
    5.90620e+01    1.50063e-06

           Step           Time
          40000       40.00000

   Energies (kJ/mol)
           Bond            U-B    Proper Dih.  Improper Dih.      CMAP Dih.
    2.25085e+03    6.17376e+03    6.61397e+03    4.25374e+02   -2.88251e+02
          LJ-14     Coulomb-14        LJ (SR)   Coulomb (SR)   Coul. recip.
    1.89227e+03    3.67737e+04    3.52579e+04   -4.86195e+05    1.75799e+03
      Potential    Kinetic En.   Total Energy  Conserved En.    Temperature
   -3.95338e+05    9.12883e+04   -3.04049e+05   -4.73402e+05    3.32827e+02
 Pressure (bar)   Constr. rmsd
   -5.37722e+01    1.52250e-06

           Step           Time
          42000       42.00000

   Energies (kJ/mol)
           Bond            U-B    Proper Dih.  Improper Dih.      CMAP Dih.
    2.22455e+03    6.15600e+03    6.58060e+03    4.10449e+02   -3.26694e+02
          LJ-14     Coulomb-14        LJ (SR)   Coulomb (SR)   Coul. recip.
    1.92431e+03    3.67672e+04    3.45329e+04   -4.84824e+05    1.74515e+03
      Potential    Kinetic En.   Total Energy  Conserved En.    Temperature
   -3.94810e+05    9.23412e+04   -3.02468e+05   -4.73397e+05    3.36666e+02
 Pressure (bar)   Constr. rmsd
   -6.23819e+01    1.54464e-06

Writing checkpoint, step 43400 at Tue Nov 10 23:57:46 2020


           Step           Time
          44000       44.00000

   Energies (kJ/mol)
           Bond            U-B    Proper Dih.  Improper Dih.      CMAP Dih.
    2.11231e+03    6.11138e+03    6.62134e+03    4.05926e+02   -3.32190e+02
          LJ-14     Coulomb-14        LJ (SR)   Coulomb (SR)   Coul. recip.
    1.81025e+03    3.69502e+04    3.48527e+04   -4.85064e+05    1.66505e+03
      Potential    Kinetic En.   Total Energy  Conserved En.    Temperature
   -3.94867e+05    9.11890e+04   -3.03678e+05   -4.73376e+05    3.32465e+02
 Pressure (bar)   Constr. rmsd
   -1.36002e+02    1.59479e-06

           Step           Time
          46000       46.00000

   Energies (kJ/mol)
           Bond            U-B    Proper Dih.  Improper Dih.      CMAP Dih.
    2.06157e+03    6.23088e+03    6.64286e+03    3.85134e+02   -3.34544e+02
          LJ-14     Coulomb-14        LJ (SR)   Coulomb (SR)   Coul. recip.
    1.80234e+03    3.69726e+04    3.60893e+04   -4.87586e+05    1.64904e+03
      Potential    Kinetic En.   Total Energy  Conserved En.    Temperature
   -3.96087e+05    9.17451e+04   -3.04342e+05   -4.73366e+05    3.34492e+02
 Pressure (bar)   Constr. rmsd
   -5.35694e+01    1.56819e-06

           Step           Time
          48000       48.00000

   Energies (kJ/mol)
           Bond            U-B    Proper Dih.  Improper Dih.      CMAP Dih.
    2.23200e+03    6.29587e+03    6.58476e+03    3.96085e+02   -3.05005e+02
          LJ-14     Coulomb-14        LJ (SR)   Coulomb (SR)   Coul. recip.
    1.80736e+03    3.68177e+04    3.51433e+04   -4.87117e+05    1.74568e+03
      Potential    Kinetic En.   Total Energy  Conserved En.    Temperature
   -3.96400e+05    9.19095e+04   -3.04490e+05   -4.73356e+05    3.35092e+02
 Pressure (bar)   Constr. rmsd
   -2.09518e+02    1.52170e-06

           Step           Time
          50000       50.00000

Writing checkpoint, step 50000 at Wed Nov 11 00:00:06 2020


   Energies (kJ/mol)
           Bond            U-B    Proper Dih.  Improper Dih.      CMAP Dih.
    2.27076e+03    6.32677e+03    6.56815e+03    4.13131e+02   -3.51199e+02
          LJ-14     Coulomb-14        LJ (SR)   Coulomb (SR)   Coul. recip.
    1.81062e+03    3.67931e+04    3.59385e+04   -4.87356e+05    1.66500e+03
      Potential    Kinetic En.   Total Energy  Conserved En.    Temperature
   -3.95921e+05    9.14900e+04   -3.04431e+05   -4.73340e+05    3.33562e+02
 Pressure (bar)   Constr. rmsd
    1.08619e+02    1.52022e-06


	<======  ###############  ==>
	<====  A V E R A G E S  ====>
	<==  ###############  ======>

	Statistics over 50001 steps using 501 frames

   Energies (kJ/mol)
           Bond            U-B    Proper Dih.  Improper Dih.      CMAP Dih.
    2.09835e+03    6.01859e+03    6.60273e+03    3.87055e+02   -3.17826e+02
          LJ-14     Coulomb-14        LJ (SR)   Coulomb (SR)   Coul. recip.
    1.83535e+03    3.68115e+04    3.72038e+04   -4.93417e+05    1.66426e+03
      Potential    Kinetic En.   Total Energy  Conserved En.    Temperature
   -4.01113e+05    8.81319e+04   -3.12981e+05   -4.73502e+05    3.21319e+02
 Pressure (bar)   Constr. rmsd
    4.79917e+00    0.00000e+00

          Box-X          Box-Y          Box-Z
    6.88392e+00    6.88392e+00    6.88392e+00

   Total Virial (kJ/mol)
    2.93836e+04    5.60533e+01    1.07506e+02
    5.55603e+01    2.93682e+04   -4.61913e+01
    1.05722e+02   -4.82262e+01    2.93373e+04

   Pressure (bar)
    8.51215e-01   -5.52970e+00   -1.22534e+01
   -5.48186e+00    5.77540e+00    6.57099e+00
   -1.20765e+01    6.77780e+00    7.77089e+00

         T-PROT      T-SOL_ION
    3.19147e+02    3.21550e+02


	M E G A - F L O P S   A C C O U N T I N G

 NB=Group-cutoff nonbonded kernels    NxN=N-by-N cluster Verlet kernels
 RF=Reaction-Field  VdW=Van der Waals  QSTab=quadratic-spline table
 W3=SPC/TIP3p  W4=TIP4p (single or pairs)
 V&F=Potential and force  V=Potential only  F=Force only

 Computing:                               M-Number         M-Flops  % Flops
-----------------------------------------------------------------------------
 Pair Search distance check            9110.589562       81995.306     0.1
 NxN Ewald Elec. + LJ [F]           1373067.987984   107099303.063    93.8
 NxN Ewald Elec. + LJ [V&F]           13897.172880     1792735.302     1.6
 NxN Ewald Elec. [F]                  11964.641040      729843.103     0.6
 NxN Ewald Elec. [V&F]                  121.104880       10172.810     0.0
 1,4 nonbonded interactions             334.506690       30105.602     0.0
 Calc Weights                          4853.797074      174736.695     0.2
 Spread Q Bspline                    103547.670912      207095.342     0.2
 Gather F Bspline                    103547.670912      621286.025     0.5
 3D-FFT                              382774.155330     3062193.243     2.7
 Solve PME                              180.003600       11520.230     0.0
 Shift-X                                 16.211358          97.268     0.0
 Bonds                                   64.301286        3793.776     0.0
 Propers                                326.306526       74724.194     0.1
 Impropers                               22.850457        4752.895     0.0
 Virial                                  81.039903        1458.718     0.0
 Stop-CM                                 16.243716         162.437     0.0
 Calc-Ekin                              161.854716        4370.077     0.0
 Lincs                                   63.853831        3831.230     0.0
 Lincs-Mat                              360.021600        1440.086     0.0
 Constraint-V                          1618.614742       12948.918     0.0
 Constraint-Vir                          77.766094        1866.386     0.0
 Settle                                 496.979817      160524.481     0.1
 CMAP                                     8.250165       14025.280     0.0
 Urey-Bradley                           232.354647       42520.900     0.0
-----------------------------------------------------------------------------
 Total                                               114147503.369   100.0
-----------------------------------------------------------------------------


     R E A L   C Y C L E   A N D   T I M E   A C C O U N T I N G

On 1 MPI rank, each using 2 OpenMP threads

 Computing:          Num   Num      Call    Wall time         Giga-Cycles
                     Ranks Threads  Count      (s)         total sum    %
-----------------------------------------------------------------------------
 Neighbor search        1    2        501      16.005         86.224   1.5
 Force                  1    2      50001     817.132       4402.094  78.4
 PME mesh               1    2      50001     182.358        982.408  17.5
 NB X/F buffer ops.     1    2      99501       8.224         44.305   0.8
 Write traj.            1    2         12       4.024         21.677   0.4
 Update                 1    2      50001       4.964         26.742   0.5
 Constraints            1    2      50003       8.594         46.297   0.8
 Rest                                           1.298          6.992   0.1
-----------------------------------------------------------------------------
 Total                                       1042.598       5616.740 100.0
-----------------------------------------------------------------------------
 Breakdown of PME mesh computation
-----------------------------------------------------------------------------
 PME spread             1    2      50001      63.257        340.782   6.1
 PME gather             1    2      50001      47.279        254.703   4.5
 PME 3D-FFT             1    2     100002      60.844        327.781   5.8
 PME solve Elec         1    2      50001      10.829         58.337   1.0
-----------------------------------------------------------------------------

               Core t (s)   Wall t (s)        (%)
       Time:     2085.140     1042.598      200.0
                 (ns/day)    (hour/ns)
Performance:        4.144        5.792
Finished mdrun on rank 0 Wed Nov 11 00:00:07 2020

