                      :-) GROMACS - gmx mdrun, 2020.4 (-:

                            GROMACS is written by:
     Emile Apol      Rossen Apostolov      Paul Bauer     Herman J.C. Berendsen
    Par Bjelkmar      Christian Blau   Viacheslav Bolnykh     Kevin Boyd    
 Aldert van Buuren   Rudi van Drunen     Anton Feenstra       Alan Gray     
  Gerrit Groenhof     Anca Hamuraru    Vincent Hindriksen  M. Eric Irrgang  
  Aleksei Iupinov   Christoph Junghans     Joe Jordan     Dimitrios Karkoulis
    Peter Kasson        Jiri Kraus      Carsten Kutzner      Per Larsson    
  Justin A. Lemkul    Viveca Lindahl    Magnus Lundborg     Erik Marklund   
    Pascal Merz     Pieter Meulenhoff    Teemu Murtola       Szilard Pall   
    Sander Pronk      Roland Schulz      Michael Shirts    Alexey Shvetsov  
   Alfons Sijbers     Peter Tieleman      Jon Vincent      Teemu Virolainen 
 Christian Wennberg    Maarten Wolf      Artem Zhmurov   
                           and the project leaders:
        Mark Abraham, Berk Hess, Erik Lindahl, and David van der Spoel

Copyright (c) 1991-2000, University of Groningen, The Netherlands.
Copyright (c) 2001-2019, The GROMACS development team at
Uppsala University, Stockholm University and
the Royal Institute of Technology, Sweden.
check out http://www.gromacs.org for more information.

GROMACS is free software; you can redistribute it and/or modify it
under the terms of the GNU Lesser General Public License
as published by the Free Software Foundation; either version 2.1
of the License, or (at your option) any later version.

GROMACS:      gmx mdrun, version 2020.4
Executable:   /data/ccuser/libraries/gromacs_no_gpu/gromacs-2020.4/build/bin/gmx_mpi
Data prefix:  /data/ccuser/libraries/gromacs_no_gpu/gromacs-2020.4 (source tree)
Working dir:  /data/ccuser/scc2020/gromacs/competition/SCC_Gromacs/Task2/GROMOS
Process ID:   6109
Command line:
  gmx_mpi mdrun -deffnm md_scale_40_3 -nsteps 10000 -ntomp 4 -dlb yes -tunepme yes -v

GROMACS version:    2020.4
Verified release checksum is 79c2857291b034542c26e90512b92fd4b184a1c9d6fa59c55f2e24ccf14e7281
Precision:          single
Memory model:       64 bit
MPI library:        MPI
OpenMP support:     enabled (GMX_OPENMP_MAX_THREADS = 64)
GPU support:        disabled
SIMD instructions:  AVX_512
FFT library:        fftw-3.3.8-sse2-avx-avx2-avx2_128-avx512
RDTSCP usage:       enabled
TNG support:        enabled
Hwloc support:      disabled
Tracing support:    disabled
C compiler:         /opt/gcc-9.2.0/bin/gcc GNU 9.2.0
C compiler flags:   -mavx512f -mfma -fexcess-precision=fast -funroll-all-loops -O3 -DNDEBUG
C++ compiler:       /opt/gcc-9.2.0/bin/g++ GNU 9.2.0
C++ compiler flags: -mavx512f -mfma -fexcess-precision=fast -funroll-all-loops -fopenmp -O3 -DNDEBUG


Running on 4 nodes with total 176 cores, 176 logical cores
  Cores per node:           44
  Logical cores per node:   44
Hardware detected on host ip-0A00000E (the node of MPI rank 0):
  CPU info:
    Vendor: Intel
    Brand:  Intel(R) Xeon(R) Platinum 8168 CPU @ 2.70GHz
    Family: 6   Model: 85   Stepping: 4
    Features: aes apic avx avx2 avx512f avx512cd avx512bw avx512vl clfsh cmov cx8 cx16 f16c fma hle intel lahf mmx msr pcid pclmuldq pdpe1gb popcnt pse rdrnd rdtscp rtm sse2 sse3 sse4.1 sse4.2 ssse3
    Number of AVX-512 FMA units: 2
  Hardware topology: Only logical processor count


++++ PLEASE READ AND CITE THE FOLLOWING REFERENCE ++++
M. J. Abraham, T. Murtola, R. Schulz, S. Páll, J. C. Smith, B. Hess, E.
Lindahl
GROMACS: High performance molecular simulations through multi-level
parallelism from laptops to supercomputers
SoftwareX 1 (2015) pp. 19-25
-------- -------- --- Thank You --- -------- --------


++++ PLEASE READ AND CITE THE FOLLOWING REFERENCE ++++
S. Páll, M. J. Abraham, C. Kutzner, B. Hess, E. Lindahl
Tackling Exascale Software Challenges in Molecular Dynamics Simulations with
GROMACS
In S. Markidis & E. Laure (Eds.), Solving Software Challenges for Exascale 8759 (2015) pp. 3-27
-------- -------- --- Thank You --- -------- --------


++++ PLEASE READ AND CITE THE FOLLOWING REFERENCE ++++
S. Pronk, S. Páll, R. Schulz, P. Larsson, P. Bjelkmar, R. Apostolov, M. R.
Shirts, J. C. Smith, P. M. Kasson, D. van der Spoel, B. Hess, and E. Lindahl
GROMACS 4.5: a high-throughput and highly parallel open source molecular
simulation toolkit
Bioinformatics 29 (2013) pp. 845-54
-------- -------- --- Thank You --- -------- --------


++++ PLEASE READ AND CITE THE FOLLOWING REFERENCE ++++
B. Hess and C. Kutzner and D. van der Spoel and E. Lindahl
GROMACS 4: Algorithms for highly efficient, load-balanced, and scalable
molecular simulation
J. Chem. Theory Comput. 4 (2008) pp. 435-447
-------- -------- --- Thank You --- -------- --------


++++ PLEASE READ AND CITE THE FOLLOWING REFERENCE ++++
D. van der Spoel, E. Lindahl, B. Hess, G. Groenhof, A. E. Mark and H. J. C.
Berendsen
GROMACS: Fast, Flexible and Free
J. Comp. Chem. 26 (2005) pp. 1701-1719
-------- -------- --- Thank You --- -------- --------


++++ PLEASE READ AND CITE THE FOLLOWING REFERENCE ++++
E. Lindahl and B. Hess and D. van der Spoel
GROMACS 3.0: A package for molecular simulation and trajectory analysis
J. Mol. Mod. 7 (2001) pp. 306-317
-------- -------- --- Thank You --- -------- --------


++++ PLEASE READ AND CITE THE FOLLOWING REFERENCE ++++
H. J. C. Berendsen, D. van der Spoel and R. van Drunen
GROMACS: A message-passing parallel molecular dynamics implementation
Comp. Phys. Comm. 91 (1995) pp. 43-56
-------- -------- --- Thank You --- -------- --------


++++ PLEASE CITE THE DOI FOR THIS VERSION OF GROMACS ++++
https://doi.org/10.5281/zenodo.4054979
-------- -------- --- Thank You --- -------- --------

Input Parameters:
   integrator                     = md
   tinit                          = 0
   dt                             = 0.002
   nsteps                         = 5000000
   init-step                      = 0
   simulation-part                = 1
   comm-mode                      = Linear
   nstcomm                        = 100
   bd-fric                        = 0
   ld-seed                        = -1163743628
   emtol                          = 10
   emstep                         = 0.01
   niter                          = 20
   fcstep                         = 0
   nstcgsteep                     = 1000
   nbfgscorr                      = 10
   rtpi                           = 0.05
   nstxout                        = 1000
   nstvout                        = 50000
   nstfout                        = 50000
   nstlog                         = 1000
   nstcalcenergy                  = 100
   nstenergy                      = 1000
   nstxout-compressed             = 0
   compressed-x-precision         = 1000
   cutoff-scheme                  = Verlet
   nstlist                        = 40
   pbc                            = xyz
   periodic-molecules             = false
   verlet-buffer-tolerance        = 0.005
   rlist                          = 1.288
   coulombtype                    = PME
   coulomb-modifier               = Potential-shift
   rcoulomb-switch                = 0
   rcoulomb                       = 1.2
   epsilon-r                      = 1
   epsilon-rf                     = inf
   vdw-type                       = Cut-off
   vdw-modifier                   = Force-switch
   rvdw-switch                    = 1
   rvdw                           = 1.2
   DispCorr                       = No
   table-extension                = 1
   fourierspacing                 = 0.12
   fourier-nx                     = 160
   fourier-ny                     = 160
   fourier-nz                     = 160
   pme-order                      = 4
   ewald-rtol                     = 1e-05
   ewald-rtol-lj                  = 0.001
   lj-pme-comb-rule               = Geometric
   ewald-geometry                 = 0
   epsilon-surface                = 0
   tcoupl                         = Nose-Hoover
   nsttcouple                     = 40
   nh-chain-length                = 1
   print-nose-hoover-chain-variables = false
   pcoupl                         = Parrinello-Rahman
   pcoupltype                     = Semiisotropic
   nstpcouple                     = 40
   tau-p                          = 5
   compressibility (3x3):
      compressibility[    0]={ 4.50000e-05,  0.00000e+00,  0.00000e+00}
      compressibility[    1]={ 0.00000e+00,  4.50000e-05,  0.00000e+00}
      compressibility[    2]={ 0.00000e+00,  0.00000e+00,  4.50000e-05}
   ref-p (3x3):
      ref-p[    0]={ 1.00000e+00,  0.00000e+00,  0.00000e+00}
      ref-p[    1]={ 0.00000e+00,  1.00000e+00,  0.00000e+00}
      ref-p[    2]={ 0.00000e+00,  0.00000e+00,  1.00000e+00}
   refcoord-scaling               = COM
   posres-com (3):
      posres-com[0]= 0.00000e+00
      posres-com[1]= 0.00000e+00
      posres-com[2]= 0.00000e+00
   posres-comB (3):
      posres-comB[0]= 0.00000e+00
      posres-comB[1]= 0.00000e+00
      posres-comB[2]= 0.00000e+00
   QMMM                           = false
   QMconstraints                  = 0
   QMMMscheme                     = 0
   MMChargeScaleFactor            = 1
qm-opts:
   ngQM                           = 0
   constraint-algorithm           = Lincs
   continuation                   = true
   Shake-SOR                      = false
   shake-tol                      = 0.0001
   lincs-order                    = 4
   lincs-iter                     = 1
   lincs-warnangle                = 30
   nwall                          = 0
   wall-type                      = 9-3
   wall-r-linpot                  = -1
   wall-atomtype[0]               = -1
   wall-atomtype[1]               = -1
   wall-density[0]                = 0
   wall-density[1]                = 0
   wall-ewald-zfac                = 3
   pull                           = false
   awh                            = false
   rotation                       = false
   interactiveMD                  = false
   disre                          = No
   disre-weighting                = Conservative
   disre-mixed                    = false
   dr-fc                          = 1000
   dr-tau                         = 0
   nstdisreout                    = 100
   orire-fc                       = 0
   orire-tau                      = 0
   nstorireout                    = 100
   free-energy                    = no
   cos-acceleration               = 0
   deform (3x3):
      deform[    0]={ 0.00000e+00,  0.00000e+00,  0.00000e+00}
      deform[    1]={ 0.00000e+00,  0.00000e+00,  0.00000e+00}
      deform[    2]={ 0.00000e+00,  0.00000e+00,  0.00000e+00}
   simulated-tempering            = false
   swapcoords                     = no
   userint1                       = 0
   userint2                       = 0
   userint3                       = 0
   userint4                       = 0
   userreal1                      = 0
   userreal2                      = 0
   userreal3                      = 0
   userreal4                      = 0
   applied-forces:
     electric-field:
       x:
         E0                       = 0
         omega                    = 0
         t0                       = 0
         sigma                    = 0
       y:
         E0                       = 0
         omega                    = 0
         t0                       = 0
         sigma                    = 0
       z:
         E0                       = 0
         omega                    = 0
         t0                       = 0
         sigma                    = 0
     density-guided-simulation:
       active                     = false
       group                      = protein
       similarity-measure         = inner-product
       atom-spreading-weight      = unity
       force-constant             = 1e+09
       gaussian-transform-spreading-width = 0.2
       gaussian-transform-spreading-range-in-multiples-of-width = 4
       reference-density-filename = reference.mrc
       nst                        = 1
       normalize-densities        = true
       adaptive-force-scaling     = false
       adaptive-force-scaling-time-constant = 4
grpopts:
   nrdf:  1.21936e+06
   ref-t:      303.15
   tau-t:           1
annealing:          No
annealing-npoints:           0
   acc:	           0           0           0
   nfreeze:           N           N           N
   energygrp-flags[  0]: 0

The -nsteps functionality is deprecated, and may be removed in a future version. Consider using gmx convert-tpr -nsteps or changing the appropriate .mdp file field.

Overriding nsteps with value passed on the command line: 10000 steps, 20 ps
Changing nstlist from 40 to 80, rlist from 1.288 to 1.332


Initializing Domain Decomposition on 40 ranks
Dynamic load balancing: on
Using update groups, nr 204634, average size 3.0 atoms, max. radius 0.125 nm
Minimum cell size due to atom displacement: 0.517 nm
Initial maximum distances in bonded interactions:
    two-body bonded interactions: 0.430 nm, LJ-14, atoms 3021 3024
  multi-body bonded interactions: 0.430 nm, Proper Dih., atoms 3021 3024
Minimum cell size due to bonded interactions: 0.474 nm
Scaling the initial minimum size with 1/0.8 (option -dds) = 1.25
Guess for relative PME load: 0.21
Will use 30 particle-particle and 10 PME only ranks
This is a guess, check the performance at the end of the log file
Using 10 separate PME ranks, as guessed by mdrun
Optimizing the DD grid for 30 cells with a minimum initial size of 0.646 nm
The maximum allowed number of cells is: X 28 Y 28 Z 28
Domain decomposition grid 10 x 3 x 1, separate PME ranks 10
PME domain decomposition: 10 x 1 x 1
Interleaving PP and PME ranks
This rank does only particle-particle work.
Domain decomposition rank 0, coordinates 0 0 0

The maximum number of communication pulses is: X 2 Y 2
The minimum size for domain decomposition cells is 1.156 nm
The requested allowed shrink of DD cells (option -dds) is: 0.80
The allowed shrink of domain decomposition cells is: X 0.63 Y 0.19
The maximum allowed distance for atom groups involved in interactions is:
                 non-bonded interactions           1.582 nm
            two-body bonded interactions  (-rdd)   1.582 nm
          multi-body bonded interactions  (-rdd)   1.156 nm
Using two step summing over 4 groups of on average 7.5 ranks


Using 40 MPI processes

Non-default thread affinity set, disabling internal thread affinity

Using 4 OpenMP threads per MPI process

System total charge: -0.000
Will do PME sum in reciprocal space for electrostatic interactions.

++++ PLEASE READ AND CITE THE FOLLOWING REFERENCE ++++
U. Essmann, L. Perera, M. L. Berkowitz, T. Darden, H. Lee and L. G. Pedersen 
A smooth particle mesh Ewald method
J. Chem. Phys. 103 (1995) pp. 8577-8592
-------- -------- --- Thank You --- -------- --------

Using a Gaussian width (1/beta) of 0.384195 nm for Ewald
Potential shift: LJ r^-12: -2.648e-01 r^-6: -5.349e-01, Ewald -8.333e-06
Initialized non-bonded Ewald tables, spacing: 1.02e-03 size: 1176

Generated table with 1166 data points for 1-4 COUL.
Tabscale = 500 points/nm
Generated table with 1166 data points for 1-4 LJ6.
Tabscale = 500 points/nm
Generated table with 1166 data points for 1-4 LJ12.
Tabscale = 500 points/nm

Using SIMD 4x8 nonbonded short-range kernels

Using a dual 4x8 pair-list setup updated with dynamic pruning:
  outer list: updated every 80 steps, buffer 0.132 nm, rlist 1.332 nm
  inner list: updated every 12 steps, buffer 0.001 nm, rlist 1.201 nm
At tolerance 0.005 kJ/mol/ps per atom, equivalent classical 1x1 list would be:
  outer list: updated every 80 steps, buffer 0.280 nm, rlist 1.480 nm
  inner list: updated every 12 steps, buffer 0.047 nm, rlist 1.247 nm


Initializing LINear Constraint Solver

++++ PLEASE READ AND CITE THE FOLLOWING REFERENCE ++++
B. Hess and H. Bekker and H. J. C. Berendsen and J. G. E. M. Fraaije
LINCS: A Linear Constraint Solver for molecular simulations
J. Comp. Chem. 18 (1997) pp. 1463-1472
-------- -------- --- Thank You --- -------- --------

The number of constraints is 1113

++++ PLEASE READ AND CITE THE FOLLOWING REFERENCE ++++
S. Miyamoto and P. A. Kollman
SETTLE: An Analytical Version of the SHAKE and RATTLE Algorithms for Rigid
Water Models
J. Comp. Chem. 13 (1992) pp. 952-962
-------- -------- --- Thank You --- -------- --------


Linking all bonded interactions to atoms


Intra-simulation communication will occur every 20 steps.
There are: 607901 Atoms
Atom distribution over 30 domains: av 20263 stddev 211 min 19689 max 20473
Center of mass motion removal mode is Linear
We have the following groups for center of mass motion removal:
  0:  System

Started mdrun on rank 0 Tue Nov 10 17:00:04 2020

           Step           Time
              0        0.00000

   Energies (kJ/mol)
        G96Bond       G96Angle    Proper Dih.  Improper Dih.          LJ-14
    5.13192e+03    7.93667e+03    4.87865e+03    2.26860e+03   -2.28993e+02
     Coulomb-14        LJ (SR)   Coulomb (SR)   Coul. recip.      Potential
    6.04290e+04    1.78103e+06   -1.12299e+07    2.76391e+04   -9.34084e+06
    Kinetic En.   Total Energy  Conserved En.    Temperature Pressure (bar)
    1.54412e+06   -7.79672e+06   -7.79635e+06    3.04611e+02   -3.03771e+02
   Constr. rmsd
    4.99109e-06


DD  step 79  vol min/aver 1.000  load imb.: force 14.1%  pme mesh/force 1.526
step  560: timed with pme grid 160 160 160, coulomb cutoff 1.200: 1336.4 M-cycles
step  720: timed with pme grid 128 128 128, coulomb cutoff 1.437: 1429.2 M-cycles
step  880: timed with pme grid 112 112 112, coulomb cutoff 1.642: 1869.9 M-cycles
           Step           Time
           1000        2.00000

   Energies (kJ/mol)
        G96Bond       G96Angle    Proper Dih.  Improper Dih.          LJ-14
    5.13315e+03    7.79294e+03    4.96084e+03    2.28831e+03   -2.78226e+02
     Coulomb-14        LJ (SR)   Coulomb (SR)   Coul. recip.      Potential
    6.03755e+04    1.80320e+06   -1.12577e+07    1.23378e+04   -9.36184e+06
    Kinetic En.   Total Energy  Conserved En.    Temperature Pressure (bar)
    1.53708e+06   -7.82476e+06   -7.80176e+06    3.03223e+02    1.04877e+02
   Constr. rmsd
    4.20920e-06

step 1040: timed with pme grid 120 120 120, coulomb cutoff 1.532: 1742.1 M-cycles
step 1200: timed with pme grid 128 128 128, coulomb cutoff 1.437: 1366.2 M-cycles
step 1360: timed with pme grid 144 144 144, coulomb cutoff 1.277: 1174.7 M-cycles
step 1520: timed with pme grid 160 160 160, coulomb cutoff 1.200: 1337.5 M-cycles
step 1680: timed with pme grid 144 144 144, coulomb cutoff 1.277: 1166.4 M-cycles
              optimal pme grid 144 144 144, coulomb cutoff 1.277

DD  step 1999  vol min/aver 0.884  load imb.: force  4.0%  pme mesh/force 1.018
           Step           Time
           2000        4.00000

   Energies (kJ/mol)
        G96Bond       G96Angle    Proper Dih.  Improper Dih.          LJ-14
    4.95467e+03    7.82539e+03    5.13205e+03    2.31960e+03   -2.56799e+02
     Coulomb-14        LJ (SR)   Coulomb (SR)   Coul. recip.      Potential
    6.02489e+04    1.79073e+06   -1.12451e+07    2.22128e+04   -9.35194e+06
    Kinetic En.   Total Energy  Conserved En.    Temperature Pressure (bar)
    1.53986e+06   -7.81208e+06   -7.79952e+06    3.03770e+02   -6.81432e+01
   Constr. rmsd
    4.30736e-06

           Step           Time
           3000        6.00000

   Energies (kJ/mol)
        G96Bond       G96Angle    Proper Dih.  Improper Dih.          LJ-14
    5.10271e+03    7.75643e+03    5.16043e+03    2.23192e+03   -2.76792e+02
     Coulomb-14        LJ (SR)   Coulomb (SR)   Coul. recip.      Potential
    6.06381e+04    1.80227e+06   -1.12614e+07    2.24064e+04   -9.35610e+06
    Kinetic En.   Total Energy  Conserved En.    Temperature Pressure (bar)
    1.53194e+06   -7.82416e+06   -7.80179e+06    3.02209e+02    3.37229e+01
   Constr. rmsd
    4.83292e-06


DD  step 3999  vol min/aver 0.911  load imb.: force  2.1%  pme mesh/force 1.029
           Step           Time
           4000        8.00000

   Energies (kJ/mol)
        G96Bond       G96Angle    Proper Dih.  Improper Dih.          LJ-14
    5.04409e+03    8.08082e+03    5.09339e+03    2.44045e+03   -3.36811e+02
     Coulomb-14        LJ (SR)   Coulomb (SR)   Coul. recip.      Potential
    6.02958e+04    1.79395e+06   -1.12430e+07    2.22919e+04   -9.34618e+06
    Kinetic En.   Total Energy  Conserved En.    Temperature Pressure (bar)
    1.53976e+06   -7.80642e+06   -7.79991e+06    3.03751e+02    2.53834e+01
   Constr. rmsd
    4.05532e-06

           Step           Time
           5000       10.00000

   Energies (kJ/mol)
        G96Bond       G96Angle    Proper Dih.  Improper Dih.          LJ-14
    5.10647e+03    7.91942e+03    4.85296e+03    2.35017e+03   -3.21029e+02
     Coulomb-14        LJ (SR)   Coulomb (SR)   Coul. recip.      Potential
    6.04270e+04    1.79578e+06   -1.12615e+07    2.22280e+04   -9.36318e+06
    Kinetic En.   Total Energy  Conserved En.    Temperature Pressure (bar)
    1.53879e+06   -7.82439e+06   -7.80015e+06    3.03561e+02   -4.93487e+01
   Constr. rmsd
    4.20591e-06


DD  step 5999  vol min/aver 0.890  load imb.: force  1.1%  pme mesh/force 1.044
           Step           Time
           6000       12.00000

   Energies (kJ/mol)
        G96Bond       G96Angle    Proper Dih.  Improper Dih.          LJ-14
    4.99937e+03    8.04157e+03    4.85221e+03    2.41609e+03   -2.86526e+02
     Coulomb-14        LJ (SR)   Coulomb (SR)   Coul. recip.      Potential
    6.06025e+04    1.79229e+06   -1.12462e+07    2.24020e+04   -9.35085e+06
    Kinetic En.   Total Energy  Conserved En.    Temperature Pressure (bar)
    1.54055e+06   -7.81030e+06   -7.80101e+06    3.03907e+02   -7.72906e+00
   Constr. rmsd
    4.18879e-06

           Step           Time
           7000       14.00000

   Energies (kJ/mol)
        G96Bond       G96Angle    Proper Dih.  Improper Dih.          LJ-14
    4.92900e+03    7.97201e+03    5.02694e+03    2.41113e+03   -1.92855e+02
     Coulomb-14        LJ (SR)   Coulomb (SR)   Coul. recip.      Potential
    6.04751e+04    1.79272e+06   -1.12415e+07    2.23164e+04   -9.34588e+06
    Kinetic En.   Total Energy  Conserved En.    Temperature Pressure (bar)
    1.53885e+06   -7.80704e+06   -7.79899e+06    3.03571e+02   -4.91712e+00
   Constr. rmsd
    4.06661e-06


DD  step 7999  vol min/aver 0.916  load imb.: force  2.4%  pme mesh/force 1.088
           Step           Time
           8000       16.00000

   Energies (kJ/mol)
        G96Bond       G96Angle    Proper Dih.  Improper Dih.          LJ-14
    4.89072e+03    7.90157e+03    5.00823e+03    2.34401e+03   -2.47564e+02
     Coulomb-14        LJ (SR)   Coulomb (SR)   Coul. recip.      Potential
    6.02654e+04    1.80123e+06   -1.12585e+07    2.23985e+04   -9.35473e+06
    Kinetic En.   Total Energy  Conserved En.    Temperature Pressure (bar)
    1.53668e+06   -7.81806e+06   -7.79880e+06    3.03143e+02    4.07111e+01
   Constr. rmsd
    4.22820e-06

           Step           Time
           9000       18.00000

   Energies (kJ/mol)
        G96Bond       G96Angle    Proper Dih.  Improper Dih.          LJ-14
    4.97162e+03    8.10429e+03    4.97028e+03    2.43266e+03   -2.00179e+02
     Coulomb-14        LJ (SR)   Coulomb (SR)   Coul. recip.      Potential
    6.02083e+04    1.79354e+06   -1.12586e+07    2.22927e+04   -9.36227e+06
    Kinetic En.   Total Energy  Conserved En.    Temperature Pressure (bar)
    1.53297e+06   -7.82930e+06   -7.80025e+06    3.02411e+02   -4.61484e+01
   Constr. rmsd
    4.11614e-06


DD  step 9999  vol min/aver 0.906  load imb.: force  1.6%  pme mesh/force 1.050
           Step           Time
          10000       20.00000

Writing checkpoint, step 10000 at Tue Nov 10 17:01:27 2020


   Energies (kJ/mol)
        G96Bond       G96Angle    Proper Dih.  Improper Dih.          LJ-14
    4.95755e+03    7.91378e+03    5.00332e+03    2.47559e+03   -2.73742e+02
     Coulomb-14        LJ (SR)   Coulomb (SR)   Coul. recip.      Potential
    6.03951e+04    1.80113e+06   -1.12601e+07    2.24348e+04   -9.35606e+06
    Kinetic En.   Total Energy  Conserved En.    Temperature Pressure (bar)
    1.53482e+06   -7.82124e+06   -7.80014e+06    3.02777e+02    5.53023e+01
   Constr. rmsd
    4.27228e-06


	<======  ###############  ==>
	<====  A V E R A G E S  ====>
	<==  ###############  ======>

	Statistics over 10001 steps using 101 frames

   Energies (kJ/mol)
        G96Bond       G96Angle    Proper Dih.  Improper Dih.          LJ-14
    5.00157e+03    7.97373e+03    4.99413e+03    2.40524e+03   -2.50970e+02
     Coulomb-14        LJ (SR)   Coulomb (SR)   Coul. recip.      Potential
    6.03365e+04    1.79680e+06   -1.12546e+07    2.21899e+04   -9.35517e+06
    Kinetic En.   Total Energy  Conserved En.    Temperature Pressure (bar)
    1.53691e+06   -7.81827e+06   -7.80039e+06    3.03189e+02   -1.23987e+00
   Constr. rmsd
    0.00000e+00

          Box-X          Box-Y          Box-Z
    1.82944e+01    1.82944e+01    1.83597e+01

   Total Virial (kJ/mol)
    5.12306e+05    2.42969e+02   -2.50690e+02
    2.30732e+02    5.12518e+05   -3.92308e+02
   -2.11741e+02   -3.98414e+02    5.12860e+05

   Pressure (bar)
    4.16219e-01   -1.53531e+00    1.59390e+00
   -1.46905e+00   -1.24451e+00    2.30332e+00
    1.38397e+00    2.33709e+00   -2.89131e+00


       P P   -   P M E   L O A D   B A L A N C I N G

 PP/PME load balancing changed the cut-off and PME settings:
           particle-particle                    PME
            rcoulomb  rlist            grid      spacing   1/beta
   initial  1.200 nm  1.201 nm     160 160 160   0.115 nm  0.384 nm
   final    1.277 nm  1.278 nm     144 144 144   0.128 nm  0.409 nm
 cost-ratio           1.21             0.73
 (note that these numbers concern only part of the total PP and PME load)


	M E G A - F L O P S   A C C O U N T I N G

 NB=Group-cutoff nonbonded kernels    NxN=N-by-N cluster Verlet kernels
 RF=Reaction-Field  VdW=Van der Waals  QSTab=quadratic-spline table
 W3=SPC/TIP3p  W4=TIP4p (single or pairs)
 V&F=Potential and force  V=Potential only  F=Force only

 Computing:                               M-Number         M-Flops  % Flops
-----------------------------------------------------------------------------
 Pair Search distance check           59791.735424      538125.619     0.1
 NxN Ewald Elec. + LJ [F]           3174781.758352   247632977.151    54.0
 NxN Ewald Elec. + LJ [V&F]           32245.590912     4159681.228     0.9
 NxN LJ [F]                             711.593216       32021.695     0.0
 NxN LJ [V&F]                             7.195360         467.698     0.0
 NxN Ewald Elec. [F]                3098512.771632   189009279.070    41.2
 NxN Ewald Elec. [V&F]                31470.668928     2643536.190     0.6
 1,4 nonbonded interactions              74.287428        6685.869     0.0
 Calc Weights                         18238.853703      656598.733     0.1
 Spread Q Bspline                    389095.545664      778191.091     0.2
 Gather F Bspline                    389095.545664     2334573.274     0.5
 3D-FFT                             1288369.746884    10306957.975     2.2
 Solve PME                              207.165696       13258.605     0.0
 Reset In Box                            75.987625         227.963     0.0
 CG-CoM                                  76.595526         229.787     0.0
 Bonds                                   36.283628        2140.734     0.0
 Angles                                  69.546954       11683.888     0.0
 Propers                                 33.433343        7656.236     0.0
 Impropers                               23.842384        4959.216     0.0
 Virial                                 183.384551        3300.922     0.0
 Stop-CM                                 61.398001         613.980     0.0
 Calc-Ekin                              609.116802       16446.154     0.0
 Lincs                                   11.131113         667.867     0.0
 Lincs-Mat                               27.482748         109.931     0.0
 Constraint-V                          6055.175457       48441.404     0.0
 Constraint-Vir                         181.907544        4365.781     0.0
 Settle                                2010.971077      649543.658     0.1
-----------------------------------------------------------------------------
 Total                                               458862741.716   100.0
-----------------------------------------------------------------------------


    D O M A I N   D E C O M P O S I T I O N   S T A T I S T I C S

 av. #atoms communicated per step for force:  2 x 643209.6


Dynamic load balancing report:
 DLB was permanently on during the run per user request.
 Average load imbalance: 4.0%.
 The balanceable part of the MD step is 73%, load imbalance is computed from this.
 Part of the total run time spent waiting due to load imbalance: 2.9%.
 Steps where the load balancing was limited by -rdd, -rcon and/or -dds: X 0 % Y 0 %
 Average PME mesh/force load: 0.951
 Part of the total run time spent waiting due to PP/PME imbalance: 1.0 %


     R E A L   C Y C L E   A N D   T I M E   A C C O U N T I N G

On 30 MPI ranks doing PP, each using 4 OpenMP threads, and
on 10 MPI ranks doing PME, each using 4 OpenMP threads

 Computing:          Num   Num      Call    Wall time         Giga-Cycles
                     Ranks Threads  Count      (s)         total sum    %
-----------------------------------------------------------------------------
 Domain decomp.        30    4        125       6.085       1965.639   5.4
 DD comm. load         30    4        125       0.009          2.862   0.0
 DD comm. bounds       30    4        125       0.060         19.289   0.1
 Send X to PME         30    4      10001       1.234        398.492   1.1
 Neighbor search       30    4        126       1.890        610.516   1.7
 Comm. coord.          30    4       9875       4.370       1411.682   3.9
 Force                 30    4      10001      52.968      17110.422  46.8
 Wait + Comm. F        30    4      10001       6.296       2033.937   5.6
 PME mesh *            10    4      10001      63.858       6876.056  18.8
 PME wait for PP *                             20.927       2253.389   6.2
 Wait + Recv. PME F    30    4      10001       6.325       2043.184   5.6
 NB X/F buffer ops.    30    4      29751       1.222        394.602   1.1
 Write traj.           30    4         11       0.150         48.310   0.1
 Update                30    4      10001       0.381        123.050   0.3
 Constraints           30    4      10001       1.001        323.400   0.9
 Comm. energies        30    4        501       2.636        851.565   2.3
 Rest                                           0.171         55.144   0.2
-----------------------------------------------------------------------------
 Total                                         84.796      36522.793 100.0
-----------------------------------------------------------------------------
(*) Note that with separate PME ranks, the walltime column actually sums to
    twice the total reported, but the cycle count total and % are correct.
-----------------------------------------------------------------------------
 Breakdown of PME mesh computation
-----------------------------------------------------------------------------
 PME redist. X/F       10    4      20002      13.766       1482.292   4.1
 PME spread            10    4      10001      14.549       1566.571   4.3
 PME gather            10    4      10001      11.412       1228.851   3.4
 PME 3D-FFT            10    4      20002      11.047       1189.537   3.3
 PME 3D-FFT Comm.      10    4      20002      12.372       1332.177   3.6
 PME solve Elec        10    4      10001       0.652         70.245   0.2
-----------------------------------------------------------------------------

               Core t (s)   Wall t (s)        (%)
       Time:    13558.735       84.796    15989.7
                 (ns/day)    (hour/ns)
Performance:       20.380        1.178
Finished mdrun on rank 0 Tue Nov 10 17:01:29 2020

