                      :-) GROMACS - gmx mdrun, 2020.4 (-:

                            GROMACS is written by:
     Emile Apol      Rossen Apostolov      Paul Bauer     Herman J.C. Berendsen
    Par Bjelkmar      Christian Blau   Viacheslav Bolnykh     Kevin Boyd    
 Aldert van Buuren   Rudi van Drunen     Anton Feenstra       Alan Gray     
  Gerrit Groenhof     Anca Hamuraru    Vincent Hindriksen  M. Eric Irrgang  
  Aleksei Iupinov   Christoph Junghans     Joe Jordan     Dimitrios Karkoulis
    Peter Kasson        Jiri Kraus      Carsten Kutzner      Per Larsson    
  Justin A. Lemkul    Viveca Lindahl    Magnus Lundborg     Erik Marklund   
    Pascal Merz     Pieter Meulenhoff    Teemu Murtola       Szilard Pall   
    Sander Pronk      Roland Schulz      Michael Shirts    Alexey Shvetsov  
   Alfons Sijbers     Peter Tieleman      Jon Vincent      Teemu Virolainen 
 Christian Wennberg    Maarten Wolf      Artem Zhmurov   
                           and the project leaders:
        Mark Abraham, Berk Hess, Erik Lindahl, and David van der Spoel

Copyright (c) 1991-2000, University of Groningen, The Netherlands.
Copyright (c) 2001-2019, The GROMACS development team at
Uppsala University, Stockholm University and
the Royal Institute of Technology, Sweden.
check out http://www.gromacs.org for more information.

GROMACS is free software; you can redistribute it and/or modify it
under the terms of the GNU Lesser General Public License
as published by the Free Software Foundation; either version 2.1
of the License, or (at your option) any later version.

GROMACS:      gmx mdrun, version 2020.4
Executable:   /data/ccuser/libraries/gromacs_no_gpu/gromacs-2020.4/build/bin/gmx_mpi
Data prefix:  /data/ccuser/libraries/gromacs_no_gpu/gromacs-2020.4 (source tree)
Working dir:  /data/ccuser/scc2020/gromacs/competition/SCC_Gromacs/Task2/GROMOS
Process ID:   6254
Command line:
  gmx_mpi mdrun -deffnm md_scale_50_1 -nsteps 10000 -ntomp 4 -dlb yes -tunepme yes -v

GROMACS version:    2020.4
Verified release checksum is 79c2857291b034542c26e90512b92fd4b184a1c9d6fa59c55f2e24ccf14e7281
Precision:          single
Memory model:       64 bit
MPI library:        MPI
OpenMP support:     enabled (GMX_OPENMP_MAX_THREADS = 64)
GPU support:        disabled
SIMD instructions:  AVX_512
FFT library:        fftw-3.3.8-sse2-avx-avx2-avx2_128-avx512
RDTSCP usage:       enabled
TNG support:        enabled
Hwloc support:      disabled
Tracing support:    disabled
C compiler:         /opt/gcc-9.2.0/bin/gcc GNU 9.2.0
C compiler flags:   -mavx512f -mfma -fexcess-precision=fast -funroll-all-loops -O3 -DNDEBUG
C++ compiler:       /opt/gcc-9.2.0/bin/g++ GNU 9.2.0
C++ compiler flags: -mavx512f -mfma -fexcess-precision=fast -funroll-all-loops -fopenmp -O3 -DNDEBUG


Running on 5 nodes with total 220 cores, 220 logical cores
  Cores per node:           44
  Logical cores per node:   44
Hardware detected on host ip-0A00000E (the node of MPI rank 0):
  CPU info:
    Vendor: Intel
    Brand:  Intel(R) Xeon(R) Platinum 8168 CPU @ 2.70GHz
    Family: 6   Model: 85   Stepping: 4
    Features: aes apic avx avx2 avx512f avx512cd avx512bw avx512vl clfsh cmov cx8 cx16 f16c fma hle intel lahf mmx msr pcid pclmuldq pdpe1gb popcnt pse rdrnd rdtscp rtm sse2 sse3 sse4.1 sse4.2 ssse3
    Number of AVX-512 FMA units: 2
  Hardware topology: Only logical processor count


++++ PLEASE READ AND CITE THE FOLLOWING REFERENCE ++++
M. J. Abraham, T. Murtola, R. Schulz, S. Páll, J. C. Smith, B. Hess, E.
Lindahl
GROMACS: High performance molecular simulations through multi-level
parallelism from laptops to supercomputers
SoftwareX 1 (2015) pp. 19-25
-------- -------- --- Thank You --- -------- --------


++++ PLEASE READ AND CITE THE FOLLOWING REFERENCE ++++
S. Páll, M. J. Abraham, C. Kutzner, B. Hess, E. Lindahl
Tackling Exascale Software Challenges in Molecular Dynamics Simulations with
GROMACS
In S. Markidis & E. Laure (Eds.), Solving Software Challenges for Exascale 8759 (2015) pp. 3-27
-------- -------- --- Thank You --- -------- --------


++++ PLEASE READ AND CITE THE FOLLOWING REFERENCE ++++
S. Pronk, S. Páll, R. Schulz, P. Larsson, P. Bjelkmar, R. Apostolov, M. R.
Shirts, J. C. Smith, P. M. Kasson, D. van der Spoel, B. Hess, and E. Lindahl
GROMACS 4.5: a high-throughput and highly parallel open source molecular
simulation toolkit
Bioinformatics 29 (2013) pp. 845-54
-------- -------- --- Thank You --- -------- --------


++++ PLEASE READ AND CITE THE FOLLOWING REFERENCE ++++
B. Hess and C. Kutzner and D. van der Spoel and E. Lindahl
GROMACS 4: Algorithms for highly efficient, load-balanced, and scalable
molecular simulation
J. Chem. Theory Comput. 4 (2008) pp. 435-447
-------- -------- --- Thank You --- -------- --------


++++ PLEASE READ AND CITE THE FOLLOWING REFERENCE ++++
D. van der Spoel, E. Lindahl, B. Hess, G. Groenhof, A. E. Mark and H. J. C.
Berendsen
GROMACS: Fast, Flexible and Free
J. Comp. Chem. 26 (2005) pp. 1701-1719
-------- -------- --- Thank You --- -------- --------


++++ PLEASE READ AND CITE THE FOLLOWING REFERENCE ++++
E. Lindahl and B. Hess and D. van der Spoel
GROMACS 3.0: A package for molecular simulation and trajectory analysis
J. Mol. Mod. 7 (2001) pp. 306-317
-------- -------- --- Thank You --- -------- --------


++++ PLEASE READ AND CITE THE FOLLOWING REFERENCE ++++
H. J. C. Berendsen, D. van der Spoel and R. van Drunen
GROMACS: A message-passing parallel molecular dynamics implementation
Comp. Phys. Comm. 91 (1995) pp. 43-56
-------- -------- --- Thank You --- -------- --------


++++ PLEASE CITE THE DOI FOR THIS VERSION OF GROMACS ++++
https://doi.org/10.5281/zenodo.4054979
-------- -------- --- Thank You --- -------- --------

Input Parameters:
   integrator                     = md
   tinit                          = 0
   dt                             = 0.002
   nsteps                         = 5000000
   init-step                      = 0
   simulation-part                = 1
   comm-mode                      = Linear
   nstcomm                        = 100
   bd-fric                        = 0
   ld-seed                        = 1712429152
   emtol                          = 10
   emstep                         = 0.01
   niter                          = 20
   fcstep                         = 0
   nstcgsteep                     = 1000
   nbfgscorr                      = 10
   rtpi                           = 0.05
   nstxout                        = 1000
   nstvout                        = 50000
   nstfout                        = 50000
   nstlog                         = 1000
   nstcalcenergy                  = 100
   nstenergy                      = 1000
   nstxout-compressed             = 0
   compressed-x-precision         = 1000
   cutoff-scheme                  = Verlet
   nstlist                        = 40
   pbc                            = xyz
   periodic-molecules             = false
   verlet-buffer-tolerance        = 0.005
   rlist                          = 1.288
   coulombtype                    = PME
   coulomb-modifier               = Potential-shift
   rcoulomb-switch                = 0
   rcoulomb                       = 1.2
   epsilon-r                      = 1
   epsilon-rf                     = inf
   vdw-type                       = Cut-off
   vdw-modifier                   = Force-switch
   rvdw-switch                    = 1
   rvdw                           = 1.2
   DispCorr                       = No
   table-extension                = 1
   fourierspacing                 = 0.12
   fourier-nx                     = 160
   fourier-ny                     = 160
   fourier-nz                     = 160
   pme-order                      = 4
   ewald-rtol                     = 1e-05
   ewald-rtol-lj                  = 0.001
   lj-pme-comb-rule               = Geometric
   ewald-geometry                 = 0
   epsilon-surface                = 0
   tcoupl                         = Nose-Hoover
   nsttcouple                     = 40
   nh-chain-length                = 1
   print-nose-hoover-chain-variables = false
   pcoupl                         = Parrinello-Rahman
   pcoupltype                     = Semiisotropic
   nstpcouple                     = 40
   tau-p                          = 5
   compressibility (3x3):
      compressibility[    0]={ 4.50000e-05,  0.00000e+00,  0.00000e+00}
      compressibility[    1]={ 0.00000e+00,  4.50000e-05,  0.00000e+00}
      compressibility[    2]={ 0.00000e+00,  0.00000e+00,  4.50000e-05}
   ref-p (3x3):
      ref-p[    0]={ 1.00000e+00,  0.00000e+00,  0.00000e+00}
      ref-p[    1]={ 0.00000e+00,  1.00000e+00,  0.00000e+00}
      ref-p[    2]={ 0.00000e+00,  0.00000e+00,  1.00000e+00}
   refcoord-scaling               = COM
   posres-com (3):
      posres-com[0]= 0.00000e+00
      posres-com[1]= 0.00000e+00
      posres-com[2]= 0.00000e+00
   posres-comB (3):
      posres-comB[0]= 0.00000e+00
      posres-comB[1]= 0.00000e+00
      posres-comB[2]= 0.00000e+00
   QMMM                           = false
   QMconstraints                  = 0
   QMMMscheme                     = 0
   MMChargeScaleFactor            = 1
qm-opts:
   ngQM                           = 0
   constraint-algorithm           = Lincs
   continuation                   = true
   Shake-SOR                      = false
   shake-tol                      = 0.0001
   lincs-order                    = 4
   lincs-iter                     = 1
   lincs-warnangle                = 30
   nwall                          = 0
   wall-type                      = 9-3
   wall-r-linpot                  = -1
   wall-atomtype[0]               = -1
   wall-atomtype[1]               = -1
   wall-density[0]                = 0
   wall-density[1]                = 0
   wall-ewald-zfac                = 3
   pull                           = false
   awh                            = false
   rotation                       = false
   interactiveMD                  = false
   disre                          = No
   disre-weighting                = Conservative
   disre-mixed                    = false
   dr-fc                          = 1000
   dr-tau                         = 0
   nstdisreout                    = 100
   orire-fc                       = 0
   orire-tau                      = 0
   nstorireout                    = 100
   free-energy                    = no
   cos-acceleration               = 0
   deform (3x3):
      deform[    0]={ 0.00000e+00,  0.00000e+00,  0.00000e+00}
      deform[    1]={ 0.00000e+00,  0.00000e+00,  0.00000e+00}
      deform[    2]={ 0.00000e+00,  0.00000e+00,  0.00000e+00}
   simulated-tempering            = false
   swapcoords                     = no
   userint1                       = 0
   userint2                       = 0
   userint3                       = 0
   userint4                       = 0
   userreal1                      = 0
   userreal2                      = 0
   userreal3                      = 0
   userreal4                      = 0
   applied-forces:
     electric-field:
       x:
         E0                       = 0
         omega                    = 0
         t0                       = 0
         sigma                    = 0
       y:
         E0                       = 0
         omega                    = 0
         t0                       = 0
         sigma                    = 0
       z:
         E0                       = 0
         omega                    = 0
         t0                       = 0
         sigma                    = 0
     density-guided-simulation:
       active                     = false
       group                      = protein
       similarity-measure         = inner-product
       atom-spreading-weight      = unity
       force-constant             = 1e+09
       gaussian-transform-spreading-width = 0.2
       gaussian-transform-spreading-range-in-multiples-of-width = 4
       reference-density-filename = reference.mrc
       nst                        = 1
       normalize-densities        = true
       adaptive-force-scaling     = false
       adaptive-force-scaling-time-constant = 4
grpopts:
   nrdf:  1.21936e+06
   ref-t:      303.15
   tau-t:           1
annealing:          No
annealing-npoints:           0
   acc:	           0           0           0
   nfreeze:           N           N           N
   energygrp-flags[  0]: 0

The -nsteps functionality is deprecated, and may be removed in a future version. Consider using gmx convert-tpr -nsteps or changing the appropriate .mdp file field.

Overriding nsteps with value passed on the command line: 10000 steps, 20 ps
Changing nstlist from 40 to 80, rlist from 1.288 to 1.332


Initializing Domain Decomposition on 50 ranks
Dynamic load balancing: on
Using update groups, nr 204634, average size 3.0 atoms, max. radius 0.125 nm
Minimum cell size due to atom displacement: 0.517 nm
Initial maximum distances in bonded interactions:
    two-body bonded interactions: 0.430 nm, LJ-14, atoms 3021 3024
  multi-body bonded interactions: 0.430 nm, Proper Dih., atoms 3021 3024
Minimum cell size due to bonded interactions: 0.474 nm
Scaling the initial minimum size with 1/0.8 (option -dds) = 1.25
Guess for relative PME load: 0.21
Will use 36 particle-particle and 14 PME only ranks
This is a guess, check the performance at the end of the log file
Using 14 separate PME ranks, as guessed by mdrun
Optimizing the DD grid for 36 cells with a minimum initial size of 0.646 nm
The maximum allowed number of cells is: X 28 Y 28 Z 28
Domain decomposition grid 4 x 3 x 3, separate PME ranks 14
PME domain decomposition: 14 x 1 x 1
Interleaving PP and PME ranks
This rank does only particle-particle work.
Domain decomposition rank 0, coordinates 0 0 0

The maximum number of communication pulses is: X 1 Y 1 Z 1
The minimum size for domain decomposition cells is 1.582 nm
The requested allowed shrink of DD cells (option -dds) is: 0.80
The allowed shrink of domain decomposition cells is: X 0.34 Y 0.26 Z 0.26
The maximum allowed distance for atom groups involved in interactions is:
                 non-bonded interactions           1.582 nm
            two-body bonded interactions  (-rdd)   1.582 nm
          multi-body bonded interactions  (-rdd)   1.582 nm
Using two step summing over 5 groups of on average 7.2 ranks


Using 50 MPI processes

Non-default thread affinity set, disabling internal thread affinity

Using 4 OpenMP threads per MPI process

System total charge: -0.000
Will do PME sum in reciprocal space for electrostatic interactions.

++++ PLEASE READ AND CITE THE FOLLOWING REFERENCE ++++
U. Essmann, L. Perera, M. L. Berkowitz, T. Darden, H. Lee and L. G. Pedersen 
A smooth particle mesh Ewald method
J. Chem. Phys. 103 (1995) pp. 8577-8592
-------- -------- --- Thank You --- -------- --------

Using a Gaussian width (1/beta) of 0.384195 nm for Ewald
Potential shift: LJ r^-12: -2.648e-01 r^-6: -5.349e-01, Ewald -8.333e-06
Initialized non-bonded Ewald tables, spacing: 1.02e-03 size: 1176

Generated table with 1166 data points for 1-4 COUL.
Tabscale = 500 points/nm
Generated table with 1166 data points for 1-4 LJ6.
Tabscale = 500 points/nm
Generated table with 1166 data points for 1-4 LJ12.
Tabscale = 500 points/nm

Using SIMD 4x8 nonbonded short-range kernels

Using a dual 4x8 pair-list setup updated with dynamic pruning:
  outer list: updated every 80 steps, buffer 0.132 nm, rlist 1.332 nm
  inner list: updated every 12 steps, buffer 0.001 nm, rlist 1.201 nm
At tolerance 0.005 kJ/mol/ps per atom, equivalent classical 1x1 list would be:
  outer list: updated every 80 steps, buffer 0.280 nm, rlist 1.480 nm
  inner list: updated every 12 steps, buffer 0.047 nm, rlist 1.247 nm


Initializing LINear Constraint Solver

++++ PLEASE READ AND CITE THE FOLLOWING REFERENCE ++++
B. Hess and H. Bekker and H. J. C. Berendsen and J. G. E. M. Fraaije
LINCS: A Linear Constraint Solver for molecular simulations
J. Comp. Chem. 18 (1997) pp. 1463-1472
-------- -------- --- Thank You --- -------- --------

The number of constraints is 1113

++++ PLEASE READ AND CITE THE FOLLOWING REFERENCE ++++
S. Miyamoto and P. A. Kollman
SETTLE: An Analytical Version of the SHAKE and RATTLE Algorithms for Rigid
Water Models
J. Comp. Chem. 13 (1992) pp. 952-962
-------- -------- --- Thank You --- -------- --------


Linking all bonded interactions to atoms


Intra-simulation communication will occur every 20 steps.
There are: 607901 Atoms
Atom distribution over 36 domains: av 16886 stddev 202 min 16139 max 17043
Center of mass motion removal mode is Linear
We have the following groups for center of mass motion removal:
  0:  System

Started mdrun on rank 0 Tue Nov 10 17:01:34 2020

           Step           Time
              0        0.00000

   Energies (kJ/mol)
        G96Bond       G96Angle    Proper Dih.  Improper Dih.          LJ-14
    5.13192e+03    7.93667e+03    4.87865e+03    2.26860e+03   -2.28993e+02
     Coulomb-14        LJ (SR)   Coulomb (SR)   Coul. recip.      Potential
    6.04290e+04    1.78103e+06   -1.12302e+07    2.76394e+04   -9.34108e+06
    Kinetic En.   Total Energy  Conserved En.    Temperature Pressure (bar)
    1.54412e+06   -7.79696e+06   -7.79659e+06    3.04611e+02   -3.03770e+02
   Constr. rmsd
    4.99338e-06


DD  step 79  vol min/aver 1.000  load imb.: force 17.6%  pme mesh/force 1.593
step  720: timed with pme grid 160 160 160, coulomb cutoff 1.200: 1084.3 M-cycles
step  880: timed with pme grid 128 128 128, coulomb cutoff 1.437: 1222.5 M-cycles
           Step           Time
           1000        2.00000

   Energies (kJ/mol)
        G96Bond       G96Angle    Proper Dih.  Improper Dih.          LJ-14
    4.87388e+03    7.98302e+03    5.03617e+03    2.35743e+03   -2.09464e+02
     Coulomb-14        LJ (SR)   Coulomb (SR)   Coul. recip.      Potential
    6.04023e+04    1.80593e+06   -1.12753e+07    2.19560e+04   -9.36693e+06
    Kinetic En.   Total Energy  Conserved En.    Temperature Pressure (bar)
    1.53938e+06   -7.82755e+06   -7.80116e+06    3.03677e+02    1.52512e+02
   Constr. rmsd
    4.20051e-06

step 1040: timed with pme grid 144 144 144, coulomb cutoff 1.277: 1127.2 M-cycles
step 1200: timed with pme grid 160 160 160, coulomb cutoff 1.200: 1247.8 M-cycles
              optimal pme grid 160 160 160, coulomb cutoff 1.200

DD  step 1999  vol min/aver 0.768  load imb.: force  3.4%  pme mesh/force 1.451
           Step           Time
           2000        4.00000

   Energies (kJ/mol)
        G96Bond       G96Angle    Proper Dih.  Improper Dih.          LJ-14
    4.97349e+03    7.93046e+03    4.97296e+03    2.52198e+03   -1.97409e+02
     Coulomb-14        LJ (SR)   Coulomb (SR)   Coul. recip.      Potential
    6.06244e+04    1.78278e+06   -1.12315e+07    2.73786e+04   -9.34050e+06
    Kinetic En.   Total Energy  Conserved En.    Temperature Pressure (bar)
    1.54084e+06   -7.79966e+06   -7.79801e+06    3.03964e+02   -8.88023e+01
   Constr. rmsd
    4.24395e-06

           Step           Time
           3000        6.00000

   Energies (kJ/mol)
        G96Bond       G96Angle    Proper Dih.  Improper Dih.          LJ-14
    4.84541e+03    8.18325e+03    4.99577e+03    2.37394e+03   -2.00475e+02
     Coulomb-14        LJ (SR)   Coulomb (SR)   Coul. recip.      Potential
    6.05193e+04    1.80263e+06   -1.12708e+07    2.74701e+04   -9.35998e+06
    Kinetic En.   Total Energy  Conserved En.    Temperature Pressure (bar)
    1.53704e+06   -7.82295e+06   -7.80065e+06    3.03214e+02    3.80369e+01
   Constr. rmsd
    4.14193e-06


DD  step 3999  vol min/aver 0.780  load imb.: force  4.0%  pme mesh/force 1.406
           Step           Time
           4000        8.00000

   Energies (kJ/mol)
        G96Bond       G96Angle    Proper Dih.  Improper Dih.          LJ-14
    5.11303e+03    8.09225e+03    4.89968e+03    2.42631e+03   -3.20375e+02
     Coulomb-14        LJ (SR)   Coulomb (SR)   Coul. recip.      Potential
    6.04786e+04    1.79486e+06   -1.12575e+07    2.70909e+04   -9.35482e+06
    Kinetic En.   Total Energy  Conserved En.    Temperature Pressure (bar)
    1.53412e+06   -7.82069e+06   -7.80019e+06    3.02640e+02   -2.31280e+01
   Constr. rmsd
    4.16139e-06

           Step           Time
           5000       10.00000

   Energies (kJ/mol)
        G96Bond       G96Angle    Proper Dih.  Improper Dih.          LJ-14
    5.17941e+03    7.75307e+03    5.10332e+03    2.44244e+03   -1.78601e+02
     Coulomb-14        LJ (SR)   Coulomb (SR)   Coul. recip.      Potential
    6.04998e+04    1.79584e+06   -1.12541e+07    2.73673e+04   -9.35009e+06
    Kinetic En.   Total Energy  Conserved En.    Temperature Pressure (bar)
    1.53776e+06   -7.81233e+06   -7.79939e+06    3.03357e+02    7.31307e+00
   Constr. rmsd
    4.47459e-06


DD  step 5999  vol min/aver 0.777  load imb.: force  1.8%  pme mesh/force 1.400
           Step           Time
           6000       12.00000

   Energies (kJ/mol)
        G96Bond       G96Angle    Proper Dih.  Improper Dih.          LJ-14
    4.87983e+03    7.98547e+03    5.14667e+03    2.47350e+03   -1.94268e+02
     Coulomb-14        LJ (SR)   Coulomb (SR)   Coul. recip.      Potential
    6.06076e+04    1.80175e+06   -1.12737e+07    2.73148e+04   -9.36370e+06
    Kinetic En.   Total Energy  Conserved En.    Temperature Pressure (bar)
    1.53518e+06   -7.82852e+06   -7.80055e+06    3.02848e+02    1.92131e+01
   Constr. rmsd
    4.33322e-06

           Step           Time
           7000       14.00000

   Energies (kJ/mol)
        G96Bond       G96Angle    Proper Dih.  Improper Dih.          LJ-14
    4.89071e+03    8.31576e+03    5.03603e+03    2.49463e+03   -2.59352e+02
     Coulomb-14        LJ (SR)   Coulomb (SR)   Coul. recip.      Potential
    6.01757e+04    1.79776e+06   -1.12666e+07    2.71647e+04   -9.36104e+06
    Kinetic En.   Total Energy  Conserved En.    Temperature Pressure (bar)
    1.53798e+06   -7.82306e+06   -7.80105e+06    3.03401e+02   -2.00019e+01
   Constr. rmsd
    4.27284e-06


DD  step 7999  vol min/aver 0.781  load imb.: force  2.5%  pme mesh/force 1.412
           Step           Time
           8000       16.00000

   Energies (kJ/mol)
        G96Bond       G96Angle    Proper Dih.  Improper Dih.          LJ-14
    4.95187e+03    7.97401e+03    4.94481e+03    2.47344e+03   -2.18632e+02
     Coulomb-14        LJ (SR)   Coulomb (SR)   Coul. recip.      Potential
    6.04399e+04    1.79784e+06   -1.12611e+07    2.71908e+04   -9.35547e+06
    Kinetic En.   Total Energy  Conserved En.    Temperature Pressure (bar)
    1.54045e+06   -7.81502e+06   -7.79985e+06    3.03888e+02    1.39034e+01
   Constr. rmsd
    4.42110e-06

           Step           Time
           9000       18.00000

   Energies (kJ/mol)
        G96Bond       G96Angle    Proper Dih.  Improper Dih.          LJ-14
    5.09013e+03    8.20659e+03    5.00129e+03    2.33632e+03   -3.06051e+02
     Coulomb-14        LJ (SR)   Coulomb (SR)   Coul. recip.      Potential
    6.04496e+04    1.79787e+06   -1.12572e+07    2.71896e+04   -9.35133e+06
    Kinetic En.   Total Energy  Conserved En.    Temperature Pressure (bar)
    1.53941e+06   -7.81193e+06   -7.79986e+06    3.03682e+02    8.98546e+00
   Constr. rmsd
    4.01178e-06


DD  step 9999  vol min/aver 0.773  load imb.: force  1.2%  pme mesh/force 1.547
           Step           Time
          10000       20.00000

Writing checkpoint, step 10000 at Tue Nov 10 17:02:52 2020


   Energies (kJ/mol)
        G96Bond       G96Angle    Proper Dih.  Improper Dih.          LJ-14
    4.89867e+03    8.08070e+03    4.94389e+03    2.35678e+03   -1.32888e+02
     Coulomb-14        LJ (SR)   Coulomb (SR)   Coul. recip.      Potential
    6.02720e+04    1.79768e+06   -1.12593e+07    2.73977e+04   -9.35379e+06
    Kinetic En.   Total Energy  Conserved En.    Temperature Pressure (bar)
    1.54014e+06   -7.81365e+06   -7.79786e+06    3.03826e+02    2.41582e+01
   Constr. rmsd
    4.55245e-06


	<======  ###############  ==>
	<====  A V E R A G E S  ====>
	<==  ###############  ======>

	Statistics over 10001 steps using 101 frames

   Energies (kJ/mol)
        G96Bond       G96Angle    Proper Dih.  Improper Dih.          LJ-14
    5.00088e+03    8.02872e+03    5.00730e+03    2.43522e+03   -2.37881e+02
     Coulomb-14        LJ (SR)   Coulomb (SR)   Coul. recip.      Potential
    6.03969e+04    1.79712e+06   -1.12605e+07    2.70706e+04   -9.35565e+06
    Kinetic En.   Total Energy  Conserved En.    Temperature Pressure (bar)
    1.53676e+06   -7.81889e+06   -7.80018e+06    3.03160e+02    1.93266e-01
   Constr. rmsd
    0.00000e+00

          Box-X          Box-Y          Box-Z
    1.83419e+01    1.83419e+01    1.82670e+01

   Total Virial (kJ/mol)
    5.13073e+05   -7.67267e+02    5.93025e+02
   -7.85935e+02    5.11901e+05    2.52292e+02
    5.85735e+02    2.21672e+02    5.11791e+05

   Pressure (bar)
   -4.63429e+00    4.58096e+00   -3.16780e+00
    4.68165e+00    1.34280e+00   -2.55022e-01
   -3.12827e+00   -9.00891e-02    3.87129e+00


	M E G A - F L O P S   A C C O U N T I N G

 NB=Group-cutoff nonbonded kernels    NxN=N-by-N cluster Verlet kernels
 RF=Reaction-Field  VdW=Van der Waals  QSTab=quadratic-spline table
 W3=SPC/TIP3p  W4=TIP4p (single or pairs)
 V&F=Potential and force  V=Potential only  F=Force only

 Computing:                               M-Number         M-Flops  % Flops
-----------------------------------------------------------------------------
 Pair Search distance check           45302.841304      407725.572     0.1
 NxN Ewald Elec. + LJ [F]           2787499.052400   217424926.087    53.2
 NxN Ewald Elec. + LJ [V&F]           28366.119344     3659229.395     0.9
 NxN LJ [F]                             890.069536       40053.129     0.0
 NxN LJ [V&F]                             9.078208         590.084     0.0
 NxN Ewald Elec. [F]                2726870.593456   166339106.201    40.7
 NxN Ewald Elec. [V&F]                27749.557328     2330962.816     0.6
 1,4 nonbonded interactions              74.287428        6685.869     0.0
 Calc Weights                         18238.853703      656598.733     0.2
 Spread Q Bspline                    389095.545664      778191.091     0.2
 Gather F Bspline                    389095.545664     2334573.274     0.6
 3D-FFT                             1776680.768664    14213446.149     3.5
 Solve PME                              253.772800       16241.459     0.0
 Reset In Box                            75.987625         227.963     0.0
 CG-CoM                                  76.595526         229.787     0.0
 Bonds                                   36.283628        2140.734     0.0
 Angles                                  69.546954       11683.888     0.0
 Propers                                 33.433343        7656.236     0.0
 Impropers                               23.842384        4959.216     0.0
 Virial                                 183.465821        3302.385     0.0
 Stop-CM                                 61.398001         613.980     0.0
 Calc-Ekin                              609.116802       16446.154     0.0
 Lincs                                   11.131113         667.867     0.0
 Lincs-Mat                               27.482748         109.931     0.0
 Constraint-V                          6055.175457       48441.404     0.0
 Constraint-Vir                         181.907544        4365.781     0.0
 Settle                                2010.971077      649543.658     0.2
-----------------------------------------------------------------------------
 Total                                               408958718.841   100.0
-----------------------------------------------------------------------------


    D O M A I N   D E C O M P O S I T I O N   S T A T I S T I C S

 av. #atoms communicated per step for force:  2 x 641918.3


Dynamic load balancing report:
 DLB was permanently on during the run per user request.
 Average load imbalance: 3.4%.
 The balanceable part of the MD step is 61%, load imbalance is computed from this.
 Part of the total run time spent waiting due to load imbalance: 2.1%.
 Steps where the load balancing was limited by -rdd, -rcon and/or -dds: X 0 % Y 0 % Z 0 %
 Average PME mesh/force load: 1.314
 Part of the total run time spent waiting due to PP/PME imbalance: 14.8 %

NOTE: 14.8 % performance was lost because the PME ranks
      had more work to do than the PP ranks.
      You might want to increase the number of PME ranks
      or increase the cut-off and the grid spacing.


     R E A L   C Y C L E   A N D   T I M E   A C C O U N T I N G

On 36 MPI ranks doing PP, each using 4 OpenMP threads, and
on 14 MPI ranks doing PME, each using 4 OpenMP threads

 Computing:          Num   Num      Call    Wall time         Giga-Cycles
                     Ranks Threads  Count      (s)         total sum    %
-----------------------------------------------------------------------------
 Domain decomp.        36    4        125       3.416       1324.190   3.1
 DD comm. load         36    4        125       0.009          3.670   0.0
 DD comm. bounds       36    4        125       0.072         28.100   0.1
 Send X to PME         36    4      10001       1.860        721.012   1.7
 Neighbor search       36    4        126       1.454        563.578   1.3
 Comm. coord.          36    4       9875       5.496       2130.477   5.0
 Force                 36    4      10001      38.280      14839.239  35.0
 Wait + Comm. F        36    4      10001       6.293       2439.335   5.8
 PME mesh *            14    4      10001      65.539       9880.119  23.3
 PME wait for PP *                             13.204       1990.575   4.7
 Wait + Recv. PME F    36    4      10001      16.888       6546.552  15.4
 NB X/F buffer ops.    36    4      29751       1.006        389.849   0.9
 Write traj.           36    4         11       0.130         50.445   0.1
 Update                36    4      10001       0.319        123.669   0.3
 Constraints           36    4      10001       0.943        365.363   0.9
 Comm. energies        36    4        501       2.433        943.226   2.2
 Rest                                           0.152         59.104   0.1
-----------------------------------------------------------------------------
 Total                                         78.751      42399.735 100.0
-----------------------------------------------------------------------------
(*) Note that with separate PME ranks, the walltime column actually sums to
    twice the total reported, but the cycle count total and % are correct.
-----------------------------------------------------------------------------
 Breakdown of PME mesh computation
-----------------------------------------------------------------------------
 PME redist. X/F       14    4      20002      19.895       2999.293   7.1
 PME spread            14    4      10001      11.764       1773.492   4.2
 PME gather            14    4      10001       9.334       1407.065   3.3
 PME 3D-FFT            14    4      20002      10.313       1554.714   3.7
 PME 3D-FFT Comm.      14    4      20002      13.651       2057.993   4.9
 PME solve Elec        14    4      10001       0.530         79.929   0.2
-----------------------------------------------------------------------------

               Core t (s)   Wall t (s)        (%)
       Time:    15740.569       78.751    19987.8
                 (ns/day)    (hour/ns)
Performance:       21.945        1.094
Finished mdrun on rank 0 Tue Nov 10 17:02:53 2020

