                      :-) GROMACS - gmx mdrun, 2020.4 (-:

                            GROMACS is written by:
     Emile Apol      Rossen Apostolov      Paul Bauer     Herman J.C. Berendsen
    Par Bjelkmar      Christian Blau   Viacheslav Bolnykh     Kevin Boyd    
 Aldert van Buuren   Rudi van Drunen     Anton Feenstra       Alan Gray     
  Gerrit Groenhof     Anca Hamuraru    Vincent Hindriksen  M. Eric Irrgang  
  Aleksei Iupinov   Christoph Junghans     Joe Jordan     Dimitrios Karkoulis
    Peter Kasson        Jiri Kraus      Carsten Kutzner      Per Larsson    
  Justin A. Lemkul    Viveca Lindahl    Magnus Lundborg     Erik Marklund   
    Pascal Merz     Pieter Meulenhoff    Teemu Murtola       Szilard Pall   
    Sander Pronk      Roland Schulz      Michael Shirts    Alexey Shvetsov  
   Alfons Sijbers     Peter Tieleman      Jon Vincent      Teemu Virolainen 
 Christian Wennberg    Maarten Wolf      Artem Zhmurov   
                           and the project leaders:
        Mark Abraham, Berk Hess, Erik Lindahl, and David van der Spoel

Copyright (c) 1991-2000, University of Groningen, The Netherlands.
Copyright (c) 2001-2019, The GROMACS development team at
Uppsala University, Stockholm University and
the Royal Institute of Technology, Sweden.
check out http://www.gromacs.org for more information.

GROMACS is free software; you can redistribute it and/or modify it
under the terms of the GNU Lesser General Public License
as published by the Free Software Foundation; either version 2.1
of the License, or (at your option) any later version.

GROMACS:      gmx mdrun, version 2020.4
Executable:   /data/ccuser/libraries/gromacs_no_gpu/gromacs-2020.4/build/bin/gmx_mpi
Data prefix:  /data/ccuser/libraries/gromacs_no_gpu/gromacs-2020.4 (source tree)
Working dir:  /data/ccuser/scc2020/gromacs/competition/SCC_Gromacs/Task2/GROMOS
Process ID:   5775
Command line:
  gmx_mpi mdrun -deffnm md_scale_30_3 -nsteps 10000 -ntomp 4 -dlb yes -tunepme yes -v

GROMACS version:    2020.4
Verified release checksum is 79c2857291b034542c26e90512b92fd4b184a1c9d6fa59c55f2e24ccf14e7281
Precision:          single
Memory model:       64 bit
MPI library:        MPI
OpenMP support:     enabled (GMX_OPENMP_MAX_THREADS = 64)
GPU support:        disabled
SIMD instructions:  AVX_512
FFT library:        fftw-3.3.8-sse2-avx-avx2-avx2_128-avx512
RDTSCP usage:       enabled
TNG support:        enabled
Hwloc support:      disabled
Tracing support:    disabled
C compiler:         /opt/gcc-9.2.0/bin/gcc GNU 9.2.0
C compiler flags:   -mavx512f -mfma -fexcess-precision=fast -funroll-all-loops -O3 -DNDEBUG
C++ compiler:       /opt/gcc-9.2.0/bin/g++ GNU 9.2.0
C++ compiler flags: -mavx512f -mfma -fexcess-precision=fast -funroll-all-loops -fopenmp -O3 -DNDEBUG


Running on 3 nodes with total 132 cores, 132 logical cores
  Cores per node:           44
  Logical cores per node:   44
Hardware detected on host ip-0A00000E (the node of MPI rank 0):
  CPU info:
    Vendor: Intel
    Brand:  Intel(R) Xeon(R) Platinum 8168 CPU @ 2.70GHz
    Family: 6   Model: 85   Stepping: 4
    Features: aes apic avx avx2 avx512f avx512cd avx512bw avx512vl clfsh cmov cx8 cx16 f16c fma hle intel lahf mmx msr pcid pclmuldq pdpe1gb popcnt pse rdrnd rdtscp rtm sse2 sse3 sse4.1 sse4.2 ssse3
    Number of AVX-512 FMA units: 2
  Hardware topology: Only logical processor count


++++ PLEASE READ AND CITE THE FOLLOWING REFERENCE ++++
M. J. Abraham, T. Murtola, R. Schulz, S. Páll, J. C. Smith, B. Hess, E.
Lindahl
GROMACS: High performance molecular simulations through multi-level
parallelism from laptops to supercomputers
SoftwareX 1 (2015) pp. 19-25
-------- -------- --- Thank You --- -------- --------


++++ PLEASE READ AND CITE THE FOLLOWING REFERENCE ++++
S. Páll, M. J. Abraham, C. Kutzner, B. Hess, E. Lindahl
Tackling Exascale Software Challenges in Molecular Dynamics Simulations with
GROMACS
In S. Markidis & E. Laure (Eds.), Solving Software Challenges for Exascale 8759 (2015) pp. 3-27
-------- -------- --- Thank You --- -------- --------


++++ PLEASE READ AND CITE THE FOLLOWING REFERENCE ++++
S. Pronk, S. Páll, R. Schulz, P. Larsson, P. Bjelkmar, R. Apostolov, M. R.
Shirts, J. C. Smith, P. M. Kasson, D. van der Spoel, B. Hess, and E. Lindahl
GROMACS 4.5: a high-throughput and highly parallel open source molecular
simulation toolkit
Bioinformatics 29 (2013) pp. 845-54
-------- -------- --- Thank You --- -------- --------


++++ PLEASE READ AND CITE THE FOLLOWING REFERENCE ++++
B. Hess and C. Kutzner and D. van der Spoel and E. Lindahl
GROMACS 4: Algorithms for highly efficient, load-balanced, and scalable
molecular simulation
J. Chem. Theory Comput. 4 (2008) pp. 435-447
-------- -------- --- Thank You --- -------- --------


++++ PLEASE READ AND CITE THE FOLLOWING REFERENCE ++++
D. van der Spoel, E. Lindahl, B. Hess, G. Groenhof, A. E. Mark and H. J. C.
Berendsen
GROMACS: Fast, Flexible and Free
J. Comp. Chem. 26 (2005) pp. 1701-1719
-------- -------- --- Thank You --- -------- --------


++++ PLEASE READ AND CITE THE FOLLOWING REFERENCE ++++
E. Lindahl and B. Hess and D. van der Spoel
GROMACS 3.0: A package for molecular simulation and trajectory analysis
J. Mol. Mod. 7 (2001) pp. 306-317
-------- -------- --- Thank You --- -------- --------


++++ PLEASE READ AND CITE THE FOLLOWING REFERENCE ++++
H. J. C. Berendsen, D. van der Spoel and R. van Drunen
GROMACS: A message-passing parallel molecular dynamics implementation
Comp. Phys. Comm. 91 (1995) pp. 43-56
-------- -------- --- Thank You --- -------- --------


++++ PLEASE CITE THE DOI FOR THIS VERSION OF GROMACS ++++
https://doi.org/10.5281/zenodo.4054979
-------- -------- --- Thank You --- -------- --------

Input Parameters:
   integrator                     = md
   tinit                          = 0
   dt                             = 0.002
   nsteps                         = 5000000
   init-step                      = 0
   simulation-part                = 1
   comm-mode                      = Linear
   nstcomm                        = 100
   bd-fric                        = 0
   ld-seed                        = -1750028918
   emtol                          = 10
   emstep                         = 0.01
   niter                          = 20
   fcstep                         = 0
   nstcgsteep                     = 1000
   nbfgscorr                      = 10
   rtpi                           = 0.05
   nstxout                        = 1000
   nstvout                        = 50000
   nstfout                        = 50000
   nstlog                         = 1000
   nstcalcenergy                  = 100
   nstenergy                      = 1000
   nstxout-compressed             = 0
   compressed-x-precision         = 1000
   cutoff-scheme                  = Verlet
   nstlist                        = 40
   pbc                            = xyz
   periodic-molecules             = false
   verlet-buffer-tolerance        = 0.005
   rlist                          = 1.288
   coulombtype                    = PME
   coulomb-modifier               = Potential-shift
   rcoulomb-switch                = 0
   rcoulomb                       = 1.2
   epsilon-r                      = 1
   epsilon-rf                     = inf
   vdw-type                       = Cut-off
   vdw-modifier                   = Force-switch
   rvdw-switch                    = 1
   rvdw                           = 1.2
   DispCorr                       = No
   table-extension                = 1
   fourierspacing                 = 0.12
   fourier-nx                     = 160
   fourier-ny                     = 160
   fourier-nz                     = 160
   pme-order                      = 4
   ewald-rtol                     = 1e-05
   ewald-rtol-lj                  = 0.001
   lj-pme-comb-rule               = Geometric
   ewald-geometry                 = 0
   epsilon-surface                = 0
   tcoupl                         = Nose-Hoover
   nsttcouple                     = 40
   nh-chain-length                = 1
   print-nose-hoover-chain-variables = false
   pcoupl                         = Parrinello-Rahman
   pcoupltype                     = Semiisotropic
   nstpcouple                     = 40
   tau-p                          = 5
   compressibility (3x3):
      compressibility[    0]={ 4.50000e-05,  0.00000e+00,  0.00000e+00}
      compressibility[    1]={ 0.00000e+00,  4.50000e-05,  0.00000e+00}
      compressibility[    2]={ 0.00000e+00,  0.00000e+00,  4.50000e-05}
   ref-p (3x3):
      ref-p[    0]={ 1.00000e+00,  0.00000e+00,  0.00000e+00}
      ref-p[    1]={ 0.00000e+00,  1.00000e+00,  0.00000e+00}
      ref-p[    2]={ 0.00000e+00,  0.00000e+00,  1.00000e+00}
   refcoord-scaling               = COM
   posres-com (3):
      posres-com[0]= 0.00000e+00
      posres-com[1]= 0.00000e+00
      posres-com[2]= 0.00000e+00
   posres-comB (3):
      posres-comB[0]= 0.00000e+00
      posres-comB[1]= 0.00000e+00
      posres-comB[2]= 0.00000e+00
   QMMM                           = false
   QMconstraints                  = 0
   QMMMscheme                     = 0
   MMChargeScaleFactor            = 1
qm-opts:
   ngQM                           = 0
   constraint-algorithm           = Lincs
   continuation                   = true
   Shake-SOR                      = false
   shake-tol                      = 0.0001
   lincs-order                    = 4
   lincs-iter                     = 1
   lincs-warnangle                = 30
   nwall                          = 0
   wall-type                      = 9-3
   wall-r-linpot                  = -1
   wall-atomtype[0]               = -1
   wall-atomtype[1]               = -1
   wall-density[0]                = 0
   wall-density[1]                = 0
   wall-ewald-zfac                = 3
   pull                           = false
   awh                            = false
   rotation                       = false
   interactiveMD                  = false
   disre                          = No
   disre-weighting                = Conservative
   disre-mixed                    = false
   dr-fc                          = 1000
   dr-tau                         = 0
   nstdisreout                    = 100
   orire-fc                       = 0
   orire-tau                      = 0
   nstorireout                    = 100
   free-energy                    = no
   cos-acceleration               = 0
   deform (3x3):
      deform[    0]={ 0.00000e+00,  0.00000e+00,  0.00000e+00}
      deform[    1]={ 0.00000e+00,  0.00000e+00,  0.00000e+00}
      deform[    2]={ 0.00000e+00,  0.00000e+00,  0.00000e+00}
   simulated-tempering            = false
   swapcoords                     = no
   userint1                       = 0
   userint2                       = 0
   userint3                       = 0
   userint4                       = 0
   userreal1                      = 0
   userreal2                      = 0
   userreal3                      = 0
   userreal4                      = 0
   applied-forces:
     electric-field:
       x:
         E0                       = 0
         omega                    = 0
         t0                       = 0
         sigma                    = 0
       y:
         E0                       = 0
         omega                    = 0
         t0                       = 0
         sigma                    = 0
       z:
         E0                       = 0
         omega                    = 0
         t0                       = 0
         sigma                    = 0
     density-guided-simulation:
       active                     = false
       group                      = protein
       similarity-measure         = inner-product
       atom-spreading-weight      = unity
       force-constant             = 1e+09
       gaussian-transform-spreading-width = 0.2
       gaussian-transform-spreading-range-in-multiples-of-width = 4
       reference-density-filename = reference.mrc
       nst                        = 1
       normalize-densities        = true
       adaptive-force-scaling     = false
       adaptive-force-scaling-time-constant = 4
grpopts:
   nrdf:  1.21936e+06
   ref-t:      303.15
   tau-t:           1
annealing:          No
annealing-npoints:           0
   acc:	           0           0           0
   nfreeze:           N           N           N
   energygrp-flags[  0]: 0

The -nsteps functionality is deprecated, and may be removed in a future version. Consider using gmx convert-tpr -nsteps or changing the appropriate .mdp file field.

Overriding nsteps with value passed on the command line: 10000 steps, 20 ps
Changing nstlist from 40 to 80, rlist from 1.288 to 1.332


Initializing Domain Decomposition on 30 ranks
Dynamic load balancing: on
Using update groups, nr 204634, average size 3.0 atoms, max. radius 0.125 nm
Minimum cell size due to atom displacement: 0.517 nm
Initial maximum distances in bonded interactions:
    two-body bonded interactions: 0.430 nm, LJ-14, atoms 3021 3024
  multi-body bonded interactions: 0.430 nm, Proper Dih., atoms 3021 3024
Minimum cell size due to bonded interactions: 0.474 nm
Scaling the initial minimum size with 1/0.8 (option -dds) = 1.25
Guess for relative PME load: 0.21
Will use 20 particle-particle and 10 PME only ranks
This is a guess, check the performance at the end of the log file
Using 10 separate PME ranks, as guessed by mdrun
Optimizing the DD grid for 20 cells with a minimum initial size of 0.646 nm
The maximum allowed number of cells is: X 28 Y 28 Z 28
Domain decomposition grid 10 x 2 x 1, separate PME ranks 10
PME domain decomposition: 10 x 1 x 1
Interleaving PP and PME ranks
This rank does only particle-particle work.
Domain decomposition rank 0, coordinates 0 0 0

The maximum number of communication pulses is: X 2 Y 1
The minimum size for domain decomposition cells is 1.156 nm
The requested allowed shrink of DD cells (option -dds) is: 0.80
The allowed shrink of domain decomposition cells is: X 0.63 Y 0.17
The maximum allowed distance for atom groups involved in interactions is:
                 non-bonded interactions           1.582 nm
            two-body bonded interactions  (-rdd)   1.582 nm
          multi-body bonded interactions  (-rdd)   1.156 nm
Using two step summing over 3 groups of on average 6.7 ranks


Using 30 MPI processes

Non-default thread affinity set, disabling internal thread affinity

Using 4 OpenMP threads per MPI process

System total charge: -0.000
Will do PME sum in reciprocal space for electrostatic interactions.

++++ PLEASE READ AND CITE THE FOLLOWING REFERENCE ++++
U. Essmann, L. Perera, M. L. Berkowitz, T. Darden, H. Lee and L. G. Pedersen 
A smooth particle mesh Ewald method
J. Chem. Phys. 103 (1995) pp. 8577-8592
-------- -------- --- Thank You --- -------- --------

Using a Gaussian width (1/beta) of 0.384195 nm for Ewald
Potential shift: LJ r^-12: -2.648e-01 r^-6: -5.349e-01, Ewald -8.333e-06
Initialized non-bonded Ewald tables, spacing: 1.02e-03 size: 1176

Generated table with 1166 data points for 1-4 COUL.
Tabscale = 500 points/nm
Generated table with 1166 data points for 1-4 LJ6.
Tabscale = 500 points/nm
Generated table with 1166 data points for 1-4 LJ12.
Tabscale = 500 points/nm

Using SIMD 4x8 nonbonded short-range kernels

Using a dual 4x8 pair-list setup updated with dynamic pruning:
  outer list: updated every 80 steps, buffer 0.132 nm, rlist 1.332 nm
  inner list: updated every 12 steps, buffer 0.001 nm, rlist 1.201 nm
At tolerance 0.005 kJ/mol/ps per atom, equivalent classical 1x1 list would be:
  outer list: updated every 80 steps, buffer 0.280 nm, rlist 1.480 nm
  inner list: updated every 12 steps, buffer 0.047 nm, rlist 1.247 nm


Initializing LINear Constraint Solver

++++ PLEASE READ AND CITE THE FOLLOWING REFERENCE ++++
B. Hess and H. Bekker and H. J. C. Berendsen and J. G. E. M. Fraaije
LINCS: A Linear Constraint Solver for molecular simulations
J. Comp. Chem. 18 (1997) pp. 1463-1472
-------- -------- --- Thank You --- -------- --------

The number of constraints is 1113

++++ PLEASE READ AND CITE THE FOLLOWING REFERENCE ++++
S. Miyamoto and P. A. Kollman
SETTLE: An Analytical Version of the SHAKE and RATTLE Algorithms for Rigid
Water Models
J. Comp. Chem. 13 (1992) pp. 952-962
-------- -------- --- Thank You --- -------- --------


Linking all bonded interactions to atoms


Intra-simulation communication will occur every 20 steps.
There are: 607901 Atoms
Atom distribution over 20 domains: av 30395 stddev 152 min 30107 max 30645
Center of mass motion removal mode is Linear
We have the following groups for center of mass motion removal:
  0:  System

Started mdrun on rank 0 Tue Nov 10 16:55:28 2020

           Step           Time
              0        0.00000

   Energies (kJ/mol)
        G96Bond       G96Angle    Proper Dih.  Improper Dih.          LJ-14
    5.13192e+03    7.93667e+03    4.87865e+03    2.26860e+03   -2.28993e+02
     Coulomb-14        LJ (SR)   Coulomb (SR)   Coul. recip.      Potential
    6.04290e+04    1.78103e+06   -1.12296e+07    2.76391e+04   -9.34047e+06
    Kinetic En.   Total Energy  Conserved En.    Temperature Pressure (bar)
    1.54412e+06   -7.79636e+06   -7.79598e+06    3.04611e+02   -3.03770e+02
   Constr. rmsd
    4.99109e-06


DD  step 79  vol min/aver 1.000  load imb.: force  3.2%  pme mesh/force 1.149
step  640: timed with pme grid 160 160 160, coulomb cutoff 1.200: 1305.5 M-cycles
step  800: timed with pme grid 128 128 128, coulomb cutoff 1.437: 1796.7 M-cycles
step  960: timed with pme grid 144 144 144, coulomb cutoff 1.277: 1405.1 M-cycles
           Step           Time
           1000        2.00000

   Energies (kJ/mol)
        G96Bond       G96Angle    Proper Dih.  Improper Dih.          LJ-14
    5.18904e+03    7.93714e+03    4.89933e+03    2.42401e+03   -2.43390e+02
     Coulomb-14        LJ (SR)   Coulomb (SR)   Coul. recip.      Potential
    6.02302e+04    1.80922e+06   -1.12730e+07    2.75551e+04   -9.35575e+06
    Kinetic En.   Total Energy  Conserved En.    Temperature Pressure (bar)
    1.53991e+06   -7.81584e+06   -7.80155e+06    3.03781e+02    1.83547e+02
   Constr. rmsd
    4.17486e-06

step 1120: timed with pme grid 160 160 160, coulomb cutoff 1.200: 1292.7 M-cycles
              optimal pme grid 160 160 160, coulomb cutoff 1.200

DD  step 1999  vol min/aver 0.937  load imb.: force  2.0%  pme mesh/force 1.022
           Step           Time
           2000        4.00000

   Energies (kJ/mol)
        G96Bond       G96Angle    Proper Dih.  Improper Dih.          LJ-14
    5.05286e+03    8.05089e+03    5.05599e+03    2.30250e+03   -3.28062e+02
     Coulomb-14        LJ (SR)   Coulomb (SR)   Coul. recip.      Potential
    6.03617e+04    1.79169e+06   -1.12566e+07    2.74073e+04   -9.35704e+06
    Kinetic En.   Total Energy  Conserved En.    Temperature Pressure (bar)
    1.53454e+06   -7.82250e+06   -7.79957e+06    3.02721e+02   -7.95128e+01
   Constr. rmsd
    4.45669e-06

           Step           Time
           3000        6.00000

   Energies (kJ/mol)
        G96Bond       G96Angle    Proper Dih.  Improper Dih.          LJ-14
    5.03986e+03    7.88671e+03    5.04490e+03    2.41220e+03   -2.93734e+02
     Coulomb-14        LJ (SR)   Coulomb (SR)   Coul. recip.      Potential
    6.03530e+04    1.79763e+06   -1.12624e+07    2.69325e+04   -9.35735e+06
    Kinetic En.   Total Energy  Conserved En.    Temperature Pressure (bar)
    1.53927e+06   -7.81808e+06   -7.80106e+06    3.03654e+02    2.10154e+01
   Constr. rmsd
    4.15633e-06


DD  step 3999  vol min/aver 0.965  load imb.: force  1.0%  pme mesh/force 0.957
           Step           Time
           4000        8.00000

   Energies (kJ/mol)
        G96Bond       G96Angle    Proper Dih.  Improper Dih.          LJ-14
    5.03273e+03    7.80234e+03    5.03753e+03    2.35058e+03   -2.01906e+02
     Coulomb-14        LJ (SR)   Coulomb (SR)   Coul. recip.      Potential
    6.03744e+04    1.79939e+06   -1.12624e+07    2.74248e+04   -9.35518e+06
    Kinetic En.   Total Energy  Conserved En.    Temperature Pressure (bar)
    1.53806e+06   -7.81712e+06   -7.80039e+06    3.03415e+02    3.72693e+01
   Constr. rmsd
    4.18142e-06

           Step           Time
           5000       10.00000

   Energies (kJ/mol)
        G96Bond       G96Angle    Proper Dih.  Improper Dih.          LJ-14
    4.97554e+03    7.72772e+03    5.04772e+03    2.38493e+03   -1.80858e+02
     Coulomb-14        LJ (SR)   Coulomb (SR)   Coul. recip.      Potential
    6.03518e+04    1.79497e+06   -1.12570e+07    2.73658e+04   -9.35431e+06
    Kinetic En.   Total Energy  Conserved En.    Temperature Pressure (bar)
    1.53772e+06   -7.81659e+06   -7.80164e+06    3.03349e+02   -1.56405e+01
   Constr. rmsd
    4.23940e-06


DD  step 5999  vol min/aver 0.963  load imb.: force  1.4%  pme mesh/force 0.947
           Step           Time
           6000       12.00000

   Energies (kJ/mol)
        G96Bond       G96Angle    Proper Dih.  Improper Dih.          LJ-14
    5.04676e+03    7.83963e+03    4.92273e+03    2.32774e+03   -1.70579e+02
     Coulomb-14        LJ (SR)   Coulomb (SR)   Coul. recip.      Potential
    6.04213e+04    1.79525e+06   -1.12561e+07    2.73313e+04   -9.35315e+06
    Kinetic En.   Total Energy  Conserved En.    Temperature Pressure (bar)
    1.54089e+06   -7.81227e+06   -7.79702e+06    3.03974e+02    1.73355e+01
   Constr. rmsd
    4.15801e-06

           Step           Time
           7000       14.00000

   Energies (kJ/mol)
        G96Bond       G96Angle    Proper Dih.  Improper Dih.          LJ-14
    5.00424e+03    7.68798e+03    5.23474e+03    2.36136e+03   -2.01464e+02
     Coulomb-14        LJ (SR)   Coulomb (SR)   Coul. recip.      Potential
    6.05581e+04    1.79416e+06   -1.12554e+07    2.72262e+04   -9.35334e+06
    Kinetic En.   Total Energy  Conserved En.    Temperature Pressure (bar)
    1.53171e+06   -7.82162e+06   -7.79968e+06    3.02164e+02   -5.40440e+01
   Constr. rmsd
    3.98593e-06


DD  step 7999  vol min/aver 0.964  load imb.: force  2.0%  pme mesh/force 0.933
           Step           Time
           8000       16.00000

   Energies (kJ/mol)
        G96Bond       G96Angle    Proper Dih.  Improper Dih.          LJ-14
    4.82211e+03    8.13738e+03    5.08576e+03    2.42537e+03   -2.34367e+02
     Coulomb-14        LJ (SR)   Coulomb (SR)   Coul. recip.      Potential
    6.01486e+04    1.79704e+06   -1.12548e+07    2.71666e+04   -9.35024e+06
    Kinetic En.   Total Energy  Conserved En.    Temperature Pressure (bar)
    1.53838e+06   -7.81186e+06   -7.79782e+06    3.03479e+02    4.35085e+01
   Constr. rmsd
    3.94222e-06

           Step           Time
           9000       18.00000

   Energies (kJ/mol)
        G96Bond       G96Angle    Proper Dih.  Improper Dih.          LJ-14
    5.12075e+03    8.00100e+03    5.05805e+03    2.38143e+03   -2.50146e+02
     Coulomb-14        LJ (SR)   Coulomb (SR)   Coul. recip.      Potential
    6.05067e+04    1.79310e+06   -1.12589e+07    2.72404e+04   -9.35773e+06
    Kinetic En.   Total Energy  Conserved En.    Temperature Pressure (bar)
    1.53158e+06   -7.82615e+06   -7.79717e+06    3.02137e+02   -6.98934e+01
   Constr. rmsd
    4.27721e-06


DD  step 9999  vol min/aver 0.948  load imb.: force  1.3%  pme mesh/force 1.023
           Step           Time
          10000       20.00000

Writing checkpoint, step 10000 at Tue Nov 10 16:56:59 2020


   Energies (kJ/mol)
        G96Bond       G96Angle    Proper Dih.  Improper Dih.          LJ-14
    4.77106e+03    8.04220e+03    5.15761e+03    2.48378e+03   -2.47433e+02
     Coulomb-14        LJ (SR)   Coulomb (SR)   Coul. recip.      Potential
    6.03818e+04    1.80018e+06   -1.12669e+07    2.74263e+04   -9.35870e+06
    Kinetic En.   Total Energy  Conserved En.    Temperature Pressure (bar)
    1.53652e+06   -7.82218e+06   -7.80008e+06    3.03111e+02    2.84625e+01
   Constr. rmsd
    3.95731e-06


	<======  ###############  ==>
	<====  A V E R A G E S  ====>
	<==  ###############  ======>

	Statistics over 10001 steps using 101 frames

   Energies (kJ/mol)
        G96Bond       G96Angle    Proper Dih.  Improper Dih.          LJ-14
    4.94414e+03    7.94030e+03    5.02890e+03    2.40410e+03   -2.30551e+02
     Coulomb-14        LJ (SR)   Coulomb (SR)   Coul. recip.      Potential
    6.03624e+04    1.79732e+06   -1.12602e+07    2.70632e+04   -9.35537e+06
    Kinetic En.   Total Energy  Conserved En.    Temperature Pressure (bar)
    1.53673e+06   -7.81864e+06   -7.79975e+06    3.03153e+02    2.49463e+00
   Constr. rmsd
    0.00000e+00

          Box-X          Box-Y          Box-Z
    1.83386e+01    1.83386e+01    1.82706e+01

   Total Virial (kJ/mol)
    5.11772e+05   -5.23555e+02    9.92514e+01
   -4.92454e+02    5.11110e+05    7.59894e+02
    6.55560e+01    7.46687e+02    5.12556e+05

   Pressure (bar)
    2.40967e+00    2.29733e+00   -1.68804e+00
    2.12911e+00    6.22443e+00   -4.15705e+00
   -1.50585e+00   -4.08555e+00   -1.15021e+00


	M E G A - F L O P S   A C C O U N T I N G

 NB=Group-cutoff nonbonded kernels    NxN=N-by-N cluster Verlet kernels
 RF=Reaction-Field  VdW=Van der Waals  QSTab=quadratic-spline table
 W3=SPC/TIP3p  W4=TIP4p (single or pairs)
 V&F=Potential and force  V=Potential only  F=Force only

 Computing:                               M-Number         M-Flops  % Flops
-----------------------------------------------------------------------------
 Pair Search distance check           54039.638110      486356.743     0.1
 NxN Ewald Elec. + LJ [F]           2723089.877152   212401010.418    53.1
 NxN Ewald Elec. + LJ [V&F]           27710.525296     3574657.763     0.9
 NxN LJ [F]                             723.105344       32539.740     0.0
 NxN LJ [V&F]                             7.376896         479.498     0.0
 NxN Ewald Elec. [F]                2661185.023840   162332286.454    40.6
 NxN Ewald Elec. [V&F]                27080.234736     2274739.718     0.6
 1,4 nonbonded interactions              74.287428        6685.869     0.0
 Calc Weights                         18238.853703      656598.733     0.2
 Spread Q Bspline                    389095.545664      778191.091     0.2
 Gather F Bspline                    389095.545664     2334573.274     0.6
 3D-FFT                             1776680.768664    14213446.149     3.6
 Solve PME                              253.772800       16241.459     0.0
 Reset In Box                            75.987625         227.963     0.0
 CG-CoM                                  76.595526         229.787     0.0
 Bonds                                   36.283628        2140.734     0.0
 Angles                                  69.546954       11683.888     0.0
 Propers                                 33.433343        7656.236     0.0
 Impropers                               23.842384        4959.216     0.0
 Virial                                 183.249101        3298.484     0.0
 Stop-CM                                 61.398001         613.980     0.0
 Calc-Ekin                              609.116802       16446.154     0.0
 Lincs                                   11.131113         667.867     0.0
 Lincs-Mat                               27.482748         109.931     0.0
 Constraint-V                          6055.175457       48441.404     0.0
 Constraint-Vir                         181.907544        4365.781     0.0
 Settle                                2010.971077      649543.658     0.2
-----------------------------------------------------------------------------
 Total                                               399858191.991   100.0
-----------------------------------------------------------------------------


    D O M A I N   D E C O M P O S I T I O N   S T A T I S T I C S

 av. #atoms communicated per step for force:  2 x 534518.7


Dynamic load balancing report:
 DLB was permanently on during the run per user request.
 Average load imbalance: 1.8%.
 The balanceable part of the MD step is 83%, load imbalance is computed from this.
 Part of the total run time spent waiting due to load imbalance: 1.5%.
 Steps where the load balancing was limited by -rdd, -rcon and/or -dds: X 0 % Y 0 %
 Average PME mesh/force load: 0.930
 Part of the total run time spent waiting due to PP/PME imbalance: 2.0 %


     R E A L   C Y C L E   A N D   T I M E   A C C O U N T I N G

On 20 MPI ranks doing PP, each using 4 OpenMP threads, and
on 10 MPI ranks doing PME, each using 4 OpenMP threads

 Computing:          Num   Num      Call    Wall time         Giga-Cycles
                     Ranks Threads  Count      (s)         total sum    %
-----------------------------------------------------------------------------
 Domain decomp.        20    4        125       4.337        934.057   3.1
 DD comm. load         20    4        125       0.004          0.845   0.0
 DD comm. bounds       20    4        125       0.039          8.443   0.0
 Send X to PME         20    4      10001       1.351        290.987   1.0
 Neighbor search       20    4        126       2.576        554.890   1.8
 Comm. coord.          20    4       9875       3.558        766.312   2.5
 Force                 20    4      10001      68.156      14678.761  48.8
 Wait + Comm. F        20    4      10001       4.369        941.031   3.1
 PME mesh *            10    4      10001      70.158       7554.979  25.1
 PME wait for PP *                             22.938       2470.114   8.2
 Wait + Recv. PME F    20    4      10001       2.851        614.003   2.0
 NB X/F buffer ops.    20    4      29751       1.601        344.904   1.1
 Write traj.           20    4         11       0.165         35.444   0.1
 Update                20    4      10001       0.564        121.516   0.4
 Constraints           20    4      10001       0.916        197.178   0.7
 Comm. energies        20    4        501       2.414        519.912   1.7
 Rest                                           0.205         44.257   0.1
-----------------------------------------------------------------------------
 Total                                         93.107      30078.811 100.0
-----------------------------------------------------------------------------
(*) Note that with separate PME ranks, the walltime column actually sums to
    twice the total reported, but the cycle count total and % are correct.
-----------------------------------------------------------------------------
 Breakdown of PME mesh computation
-----------------------------------------------------------------------------
 PME redist. X/F       10    4      20002      11.281       1214.752   4.0
 PME spread            10    4      10001      15.068       1622.603   5.4
 PME gather            10    4      10001      13.217       1423.273   4.7
 PME 3D-FFT            10    4      20002      15.174       1634.038   5.4
 PME 3D-FFT Comm.      10    4      20002      14.729       1586.142   5.3
 PME solve Elec        10    4      10001       0.635         68.414   0.2
-----------------------------------------------------------------------------

               Core t (s)   Wall t (s)        (%)
       Time:    11166.464       93.107    11993.1
                 (ns/day)    (hour/ns)
Performance:       18.561        1.293
Finished mdrun on rank 0 Tue Nov 10 16:57:01 2020

