                      :-) GROMACS - gmx mdrun, 2020.4 (-:

                            GROMACS is written by:
     Emile Apol      Rossen Apostolov      Paul Bauer     Herman J.C. Berendsen
    Par Bjelkmar      Christian Blau   Viacheslav Bolnykh     Kevin Boyd    
 Aldert van Buuren   Rudi van Drunen     Anton Feenstra       Alan Gray     
  Gerrit Groenhof     Anca Hamuraru    Vincent Hindriksen  M. Eric Irrgang  
  Aleksei Iupinov   Christoph Junghans     Joe Jordan     Dimitrios Karkoulis
    Peter Kasson        Jiri Kraus      Carsten Kutzner      Per Larsson    
  Justin A. Lemkul    Viveca Lindahl    Magnus Lundborg     Erik Marklund   
    Pascal Merz     Pieter Meulenhoff    Teemu Murtola       Szilard Pall   
    Sander Pronk      Roland Schulz      Michael Shirts    Alexey Shvetsov  
   Alfons Sijbers     Peter Tieleman      Jon Vincent      Teemu Virolainen 
 Christian Wennberg    Maarten Wolf      Artem Zhmurov   
                           and the project leaders:
        Mark Abraham, Berk Hess, Erik Lindahl, and David van der Spoel

Copyright (c) 1991-2000, University of Groningen, The Netherlands.
Copyright (c) 2001-2019, The GROMACS development team at
Uppsala University, Stockholm University and
the Royal Institute of Technology, Sweden.
check out http://www.gromacs.org for more information.

GROMACS is free software; you can redistribute it and/or modify it
under the terms of the GNU Lesser General Public License
as published by the Free Software Foundation; either version 2.1
of the License, or (at your option) any later version.

GROMACS:      gmx mdrun, version 2020.4
Executable:   /data/ccuser/libraries/gromacs_no_gpu/gromacs-2020.4/build/bin/gmx_mpi
Data prefix:  /data/ccuser/libraries/gromacs_no_gpu/gromacs-2020.4 (source tree)
Working dir:  /data/ccuser/scc2020/gromacs/competition/SCC_Gromacs/Task2/GROMOS
Process ID:   8244
Command line:
  gmx_mpi mdrun -v -deffnm pr

GROMACS version:    2020.4
Verified release checksum is 79c2857291b034542c26e90512b92fd4b184a1c9d6fa59c55f2e24ccf14e7281
Precision:          single
Memory model:       64 bit
MPI library:        MPI
OpenMP support:     enabled (GMX_OPENMP_MAX_THREADS = 64)
GPU support:        disabled
SIMD instructions:  AVX_512
FFT library:        fftw-3.3.8-sse2-avx-avx2-avx2_128-avx512
RDTSCP usage:       enabled
TNG support:        enabled
Hwloc support:      disabled
Tracing support:    disabled
C compiler:         /opt/gcc-9.2.0/bin/gcc GNU 9.2.0
C compiler flags:   -mavx512f -mfma -fexcess-precision=fast -funroll-all-loops -O3 -DNDEBUG
C++ compiler:       /opt/gcc-9.2.0/bin/g++ GNU 9.2.0
C++ compiler flags: -mavx512f -mfma -fexcess-precision=fast -funroll-all-loops -fopenmp -O3 -DNDEBUG


Running on 1 node with total 44 cores, 44 logical cores
Hardware detected on host ip-0A000014 (the node of MPI rank 0):
  CPU info:
    Vendor: Intel
    Brand:  Intel(R) Xeon(R) Platinum 8168 CPU @ 2.70GHz
    Family: 6   Model: 85   Stepping: 4
    Features: aes apic avx avx2 avx512f avx512cd avx512bw avx512vl clfsh cmov cx8 cx16 f16c fma hle intel lahf mmx msr pcid pclmuldq pdpe1gb popcnt pse rdrnd rdtscp rtm sse2 sse3 sse4.1 sse4.2 ssse3
    Number of AVX-512 FMA units: 2
  Hardware topology: Only logical processor count


++++ PLEASE READ AND CITE THE FOLLOWING REFERENCE ++++
M. J. Abraham, T. Murtola, R. Schulz, S. Páll, J. C. Smith, B. Hess, E.
Lindahl
GROMACS: High performance molecular simulations through multi-level
parallelism from laptops to supercomputers
SoftwareX 1 (2015) pp. 19-25
-------- -------- --- Thank You --- -------- --------


++++ PLEASE READ AND CITE THE FOLLOWING REFERENCE ++++
S. Páll, M. J. Abraham, C. Kutzner, B. Hess, E. Lindahl
Tackling Exascale Software Challenges in Molecular Dynamics Simulations with
GROMACS
In S. Markidis & E. Laure (Eds.), Solving Software Challenges for Exascale 8759 (2015) pp. 3-27
-------- -------- --- Thank You --- -------- --------


++++ PLEASE READ AND CITE THE FOLLOWING REFERENCE ++++
S. Pronk, S. Páll, R. Schulz, P. Larsson, P. Bjelkmar, R. Apostolov, M. R.
Shirts, J. C. Smith, P. M. Kasson, D. van der Spoel, B. Hess, and E. Lindahl
GROMACS 4.5: a high-throughput and highly parallel open source molecular
simulation toolkit
Bioinformatics 29 (2013) pp. 845-54
-------- -------- --- Thank You --- -------- --------


++++ PLEASE READ AND CITE THE FOLLOWING REFERENCE ++++
B. Hess and C. Kutzner and D. van der Spoel and E. Lindahl
GROMACS 4: Algorithms for highly efficient, load-balanced, and scalable
molecular simulation
J. Chem. Theory Comput. 4 (2008) pp. 435-447
-------- -------- --- Thank You --- -------- --------


++++ PLEASE READ AND CITE THE FOLLOWING REFERENCE ++++
D. van der Spoel, E. Lindahl, B. Hess, G. Groenhof, A. E. Mark and H. J. C.
Berendsen
GROMACS: Fast, Flexible and Free
J. Comp. Chem. 26 (2005) pp. 1701-1719
-------- -------- --- Thank You --- -------- --------


++++ PLEASE READ AND CITE THE FOLLOWING REFERENCE ++++
E. Lindahl and B. Hess and D. van der Spoel
GROMACS 3.0: A package for molecular simulation and trajectory analysis
J. Mol. Mod. 7 (2001) pp. 306-317
-------- -------- --- Thank You --- -------- --------


++++ PLEASE READ AND CITE THE FOLLOWING REFERENCE ++++
H. J. C. Berendsen, D. van der Spoel and R. van Drunen
GROMACS: A message-passing parallel molecular dynamics implementation
Comp. Phys. Comm. 91 (1995) pp. 43-56
-------- -------- --- Thank You --- -------- --------


++++ PLEASE CITE THE DOI FOR THIS VERSION OF GROMACS ++++
https://doi.org/10.5281/zenodo.4054979
-------- -------- --- Thank You --- -------- --------

Input Parameters:
   integrator                     = md
   tinit                          = 0
   dt                             = 0.002
   nsteps                         = 50000
   init-step                      = 0
   simulation-part                = 1
   comm-mode                      = Linear
   nstcomm                        = 100
   bd-fric                        = 0
   ld-seed                        = -1157579640
   emtol                          = 10
   emstep                         = 0.01
   niter                          = 20
   fcstep                         = 0
   nstcgsteep                     = 1000
   nbfgscorr                      = 10
   rtpi                           = 0.05
   nstxout                        = 0
   nstvout                        = 5000
   nstfout                        = 5000
   nstlog                         = 1000
   nstcalcenergy                  = 100
   nstenergy                      = 1000
   nstxout-compressed             = 5000
   compressed-x-precision         = 1000
   cutoff-scheme                  = Verlet
   nstlist                        = 20
   pbc                            = xyz
   periodic-molecules             = false
   verlet-buffer-tolerance        = 0.005
   rlist                          = 1.226
   coulombtype                    = PME
   coulomb-modifier               = Potential-shift
   rcoulomb-switch                = 0
   rcoulomb                       = 1.2
   epsilon-r                      = 1
   epsilon-rf                     = inf
   vdw-type                       = Cut-off
   vdw-modifier                   = Force-switch
   rvdw-switch                    = 0.75
   rvdw                           = 0.85
   DispCorr                       = No
   table-extension                = 1
   fourierspacing                 = 0.12
   fourier-nx                     = 160
   fourier-ny                     = 160
   fourier-nz                     = 160
   pme-order                      = 4
   ewald-rtol                     = 1e-05
   ewald-rtol-lj                  = 0.001
   lj-pme-comb-rule               = Geometric
   ewald-geometry                 = 0
   epsilon-surface                = 0
   tcoupl                         = Berendsen
   nsttcouple                     = 20
   nh-chain-length                = 0
   print-nose-hoover-chain-variables = false
   pcoupl                         = No
   pcoupltype                     = Isotropic
   nstpcouple                     = -1
   tau-p                          = 1
   compressibility (3x3):
      compressibility[    0]={ 0.00000e+00,  0.00000e+00,  0.00000e+00}
      compressibility[    1]={ 0.00000e+00,  0.00000e+00,  0.00000e+00}
      compressibility[    2]={ 0.00000e+00,  0.00000e+00,  0.00000e+00}
   ref-p (3x3):
      ref-p[    0]={ 0.00000e+00,  0.00000e+00,  0.00000e+00}
      ref-p[    1]={ 0.00000e+00,  0.00000e+00,  0.00000e+00}
      ref-p[    2]={ 0.00000e+00,  0.00000e+00,  0.00000e+00}
   refcoord-scaling               = COM
   posres-com (3):
      posres-com[0]= 0.00000e+00
      posres-com[1]= 0.00000e+00
      posres-com[2]= 0.00000e+00
   posres-comB (3):
      posres-comB[0]= 0.00000e+00
      posres-comB[1]= 0.00000e+00
      posres-comB[2]= 0.00000e+00
   QMMM                           = false
   QMconstraints                  = 0
   QMMMscheme                     = 0
   MMChargeScaleFactor            = 1
qm-opts:
   ngQM                           = 0
   constraint-algorithm           = Lincs
   continuation                   = false
   Shake-SOR                      = false
   shake-tol                      = 0.0001
   lincs-order                    = 4
   lincs-iter                     = 1
   lincs-warnangle                = 30
   nwall                          = 0
   wall-type                      = 9-3
   wall-r-linpot                  = -1
   wall-atomtype[0]               = -1
   wall-atomtype[1]               = -1
   wall-density[0]                = 0
   wall-density[1]                = 0
   wall-ewald-zfac                = 3
   pull                           = false
   awh                            = false
   rotation                       = false
   interactiveMD                  = false
   disre                          = No
   disre-weighting                = Conservative
   disre-mixed                    = false
   dr-fc                          = 1000
   dr-tau                         = 0
   nstdisreout                    = 100
   orire-fc                       = 0
   orire-tau                      = 0
   nstorireout                    = 100
   free-energy                    = no
   cos-acceleration               = 0
   deform (3x3):
      deform[    0]={ 0.00000e+00,  0.00000e+00,  0.00000e+00}
      deform[    1]={ 0.00000e+00,  0.00000e+00,  0.00000e+00}
      deform[    2]={ 0.00000e+00,  0.00000e+00,  0.00000e+00}
   simulated-tempering            = false
   swapcoords                     = no
   userint1                       = 0
   userint2                       = 0
   userint3                       = 0
   userint4                       = 0
   userreal1                      = 0
   userreal2                      = 0
   userreal3                      = 0
   userreal4                      = 0
   applied-forces:
     electric-field:
       x:
         E0                       = 0
         omega                    = 0
         t0                       = 0
         sigma                    = 0
       y:
         E0                       = 0
         omega                    = 0
         t0                       = 0
         sigma                    = 0
       z:
         E0                       = 0
         omega                    = 0
         t0                       = 0
         sigma                    = 0
     density-guided-simulation:
       active                     = false
       group                      = protein
       similarity-measure         = inner-product
       atom-spreading-weight      = unity
       force-constant             = 1e+09
       gaussian-transform-spreading-width = 0.2
       gaussian-transform-spreading-range-in-multiples-of-width = 4
       reference-density-filename = reference.mrc
       nst                        = 1
       normalize-densities        = true
       adaptive-force-scaling     = false
       adaptive-force-scaling-time-constant = 4
grpopts:
   nrdf:  1.21936e+06
   ref-t:      303.15
   tau-t:           1
annealing:          No
annealing-npoints:           0
   acc:	           0           0           0
   nfreeze:           N           N           N
   energygrp-flags[  0]: 0

Changing nstlist from 20 to 80, rlist from 1.226 to 1.333

Using 1 MPI process
Using 44 OpenMP threads 

Pinning threads with an auto-selected logical core stride of 1
System total charge: -0.000
Will do PME sum in reciprocal space for electrostatic interactions.

++++ PLEASE READ AND CITE THE FOLLOWING REFERENCE ++++
U. Essmann, L. Perera, M. L. Berkowitz, T. Darden, H. Lee and L. G. Pedersen 
A smooth particle mesh Ewald method
J. Chem. Phys. 103 (1995) pp. 8577-8592
-------- -------- --- Thank You --- -------- --------

Using a Gaussian width (1/beta) of 0.384195 nm for Ewald
Potential shift: LJ r^-12: -1.326e+01 r^-6: -3.716e+00, Ewald -8.333e-06
Initialized non-bonded Ewald tables, spacing: 1.02e-03 size: 1176

Generated table with 1166 data points for 1-4 COUL.
Tabscale = 500 points/nm
Generated table with 1166 data points for 1-4 LJ6.
Tabscale = 500 points/nm
Generated table with 1166 data points for 1-4 LJ12.
Tabscale = 500 points/nm

Using SIMD 4x8 nonbonded short-range kernels

Using a dual 4x8 pair-list setup updated with dynamic pruning:
  outer list: updated every 80 steps, buffer 0.133 nm, rlist 1.333 nm
  inner list: updated every 12 steps, buffer 0.001 nm, rlist 1.201 nm
At tolerance 0.005 kJ/mol/ps per atom, equivalent classical 1x1 list would be:
  outer list: updated every 80 steps, buffer 0.280 nm, rlist 1.480 nm
  inner list: updated every 12 steps, buffer 0.047 nm, rlist 1.247 nm

Removing pbc first time

Initializing LINear Constraint Solver

++++ PLEASE READ AND CITE THE FOLLOWING REFERENCE ++++
B. Hess and H. Bekker and H. J. C. Berendsen and J. G. E. M. Fraaije
LINCS: A Linear Constraint Solver for molecular simulations
J. Comp. Chem. 18 (1997) pp. 1463-1472
-------- -------- --- Thank You --- -------- --------

The number of constraints is 1113

++++ PLEASE READ AND CITE THE FOLLOWING REFERENCE ++++
S. Miyamoto and P. A. Kollman
SETTLE: An Analytical Version of the SHAKE and RATTLE Algorithms for Rigid
Water Models
J. Comp. Chem. 13 (1992) pp. 952-962
-------- -------- --- Thank You --- -------- --------


++++ PLEASE READ AND CITE THE FOLLOWING REFERENCE ++++
H. J. C. Berendsen, J. P. M. Postma, A. DiNola and J. R. Haak
Molecular dynamics with coupling to an external bath
J. Chem. Phys. 81 (1984) pp. 3684-3690
-------- -------- --- Thank You --- -------- --------

There are: 607901 Atoms

Constraining the starting coordinates (step 0)

Constraining the coordinates at t0-dt (step 0)
Center of mass motion removal mode is Linear
We have the following groups for center of mass motion removal:
  0:  System
RMS relative constraint deviation after constraining: 4.14e-06
Initial temperature: 304.149 K

Started mdrun on rank 0 Tue Nov 10 15:17:24 2020

           Step           Time
              0        0.00000

   Energies (kJ/mol)
        G96Bond       G96Angle    Proper Dih.  Improper Dih.          LJ-14
    4.61979e+02    2.84843e+03    4.26162e+03    1.03778e+03   -1.72844e+02
     Coulomb-14        LJ (SR)   Coulomb (SR)   Coul. recip.      Potential
    6.06830e+04    1.85230e+06   -1.26895e+07    1.81218e+04   -1.07499e+07
    Kinetic En.   Total Energy  Conserved En.    Temperature Pressure (bar)
    1.54187e+06   -9.20804e+06   -9.20804e+06    3.04168e+02   -5.70391e+03
   Constr. rmsd
    4.18917e-06

           Step           Time
           1000        2.00000

   Energies (kJ/mol)
        G96Bond       G96Angle    Proper Dih.  Improper Dih.          LJ-14
    3.96758e+03    7.28846e+03    5.03761e+03    2.31071e+03   -2.87841e+02
     Coulomb-14        LJ (SR)   Coulomb (SR)   Coul. recip.      Potential
    6.01404e+04    2.04905e+06   -1.18690e+07    2.36256e+04   -9.71782e+06
    Kinetic En.   Total Energy  Conserved En.    Temperature Pressure (bar)
    1.31147e+06   -8.40636e+06   -9.19534e+06    2.58715e+02   -4.06426e+02
   Constr. rmsd
    3.97126e-06

           Step           Time
           2000        4.00000

   Energies (kJ/mol)
        G96Bond       G96Angle    Proper Dih.  Improper Dih.          LJ-14
    4.71798e+03    8.23235e+03    5.12112e+03    2.50178e+03   -2.03598e+02
     Coulomb-14        LJ (SR)   Coulomb (SR)   Coul. recip.      Potential
    6.01838e+04    1.98807e+06   -1.16189e+07    2.53109e+04   -9.52492e+06
    Kinetic En.   Total Energy  Conserved En.    Temperature Pressure (bar)
    1.43159e+06   -8.09333e+06   -9.19529e+06    2.82413e+02   -1.45726e+02
   Constr. rmsd
    4.09999e-06

           Step           Time
           3000        6.00000

   Energies (kJ/mol)
        G96Bond       G96Angle    Proper Dih.  Improper Dih.          LJ-14
    5.09013e+03    8.19891e+03    5.24082e+03    2.42517e+03   -2.62098e+02
     Coulomb-14        LJ (SR)   Coulomb (SR)   Coul. recip.      Potential
    6.02241e+04    1.93719e+06   -1.14568e+07    2.63341e+04   -9.41237e+06
    Kinetic En.   Total Energy  Conserved En.    Temperature Pressure (bar)
    1.47596e+06   -7.93640e+06   -9.19538e+06    2.91166e+02   -1.07275e+02
   Constr. rmsd
    4.33344e-06

           Step           Time
           4000        8.00000

   Energies (kJ/mol)
        G96Bond       G96Angle    Proper Dih.  Improper Dih.          LJ-14
    5.25445e+03    8.45797e+03    5.08521e+03    2.47879e+03   -1.78911e+02
     Coulomb-14        LJ (SR)   Coulomb (SR)   Coul. recip.      Potential
    6.02267e+04    1.92093e+06   -1.13783e+07    2.66718e+04   -9.34939e+06
    Kinetic En.   Total Energy  Conserved En.    Temperature Pressure (bar)
    1.50344e+06   -7.84595e+06   -9.19541e+06    2.96586e+02   -5.43934e+00
   Constr. rmsd
    4.39404e-06

           Step           Time
           5000       10.00000

   Energies (kJ/mol)
        G96Bond       G96Angle    Proper Dih.  Improper Dih.          LJ-14
    5.23740e+03    8.29332e+03    5.21659e+03    2.51224e+03   -1.08041e+02
     Coulomb-14        LJ (SR)   Coulomb (SR)   Coul. recip.      Potential
    6.00712e+04    1.89306e+06   -1.13081e+07    2.69683e+04   -9.30689e+06
    Kinetic En.   Total Energy  Conserved En.    Temperature Pressure (bar)
    1.51433e+06   -7.79257e+06   -9.19543e+06    2.98734e+02   -6.33914e+01
   Constr. rmsd
    4.27168e-06

           Step           Time
           6000       12.00000

   Energies (kJ/mol)
        G96Bond       G96Angle    Proper Dih.  Improper Dih.          LJ-14
    5.14381e+03    8.63795e+03    5.29276e+03    2.47689e+03   -8.50289e+01
     Coulomb-14        LJ (SR)   Coulomb (SR)   Coul. recip.      Potential
    6.02396e+04    1.89047e+06   -1.12817e+07    2.74539e+04   -9.28209e+06
    Kinetic En.   Total Energy  Conserved En.    Temperature Pressure (bar)
    1.52268e+06   -7.75942e+06   -9.19527e+06    3.00381e+02   -2.48199e-01
   Constr. rmsd
    4.24972e-06

           Step           Time
           7000       14.00000

   Energies (kJ/mol)
        G96Bond       G96Angle    Proper Dih.  Improper Dih.          LJ-14
    5.22128e+03    8.51256e+03    5.02630e+03    2.58861e+03   -2.81975e+02
     Coulomb-14        LJ (SR)   Coulomb (SR)   Coul. recip.      Potential
    5.99495e+04    1.87585e+06   -1.12547e+07    2.73036e+04   -9.27050e+06
    Kinetic En.   Total Energy  Conserved En.    Temperature Pressure (bar)
    1.52930e+06   -7.74120e+06   -9.19526e+06    3.01688e+02   -7.53598e+01
   Constr. rmsd
    4.29777e-06

           Step           Time
           8000       16.00000

   Energies (kJ/mol)
        G96Bond       G96Angle    Proper Dih.  Improper Dih.          LJ-14
    5.22842e+03    8.29873e+03    5.00103e+03    2.47711e+03   -2.39277e+02
     Coulomb-14        LJ (SR)   Coulomb (SR)   Coul. recip.      Potential
    5.99959e+04    1.87181e+06   -1.12386e+07    2.74977e+04   -9.25849e+06
    Kinetic En.   Total Energy  Conserved En.    Temperature Pressure (bar)
    1.52970e+06   -7.72879e+06   -9.19510e+06    3.01767e+02   -6.10649e+01
   Constr. rmsd
    4.39547e-06

           Step           Time
           9000       18.00000

   Energies (kJ/mol)
        G96Bond       G96Angle    Proper Dih.  Improper Dih.          LJ-14
    5.01408e+03    8.55642e+03    5.02697e+03    2.53495e+03   -2.41637e+02
     Coulomb-14        LJ (SR)   Coulomb (SR)   Coul. recip.      Potential
    6.01430e+04    1.87310e+06   -1.12359e+07    2.75978e+04   -9.25420e+06
    Kinetic En.   Total Energy  Conserved En.    Temperature Pressure (bar)
    1.53167e+06   -7.72253e+06   -9.19494e+06    3.02156e+02   -3.30686e+01
   Constr. rmsd
    4.58604e-06

           Step           Time
          10000       20.00000

   Energies (kJ/mol)
        G96Bond       G96Angle    Proper Dih.  Improper Dih.          LJ-14
    5.13221e+03    8.20628e+03    4.90088e+03    2.51548e+03   -2.03826e+02
     Coulomb-14        LJ (SR)   Coulomb (SR)   Coul. recip.      Potential
    6.00114e+04    1.87255e+06   -1.12360e+07    2.76536e+04   -9.25524e+06
    Kinetic En.   Total Energy  Conserved En.    Temperature Pressure (bar)
    1.53660e+06   -7.71864e+06   -9.19488e+06    3.03129e+02   -2.67173e+01
   Constr. rmsd
    4.21503e-06

           Step           Time
          11000       22.00000

   Energies (kJ/mol)
        G96Bond       G96Angle    Proper Dih.  Improper Dih.          LJ-14
    5.24150e+03    8.23103e+03    5.09147e+03    2.47695e+03   -2.00509e+02
     Coulomb-14        LJ (SR)   Coulomb (SR)   Coul. recip.      Potential
    6.00311e+04    1.87210e+06   -1.12324e+07    2.75378e+04   -9.25194e+06
    Kinetic En.   Total Energy  Conserved En.    Temperature Pressure (bar)
    1.53573e+06   -7.71621e+06   -9.19467e+06    3.02957e+02   -2.86884e+01
   Constr. rmsd
    4.07648e-06

           Step           Time
          12000       24.00000

   Energies (kJ/mol)
        G96Bond       G96Angle    Proper Dih.  Improper Dih.          LJ-14
    4.91571e+03    8.30547e+03    4.90080e+03    2.56467e+03   -2.48480e+02
     Coulomb-14        LJ (SR)   Coulomb (SR)   Coul. recip.      Potential
    6.00332e+04    1.87170e+06   -1.12351e+07    2.77056e+04   -9.25524e+06
    Kinetic En.   Total Energy  Conserved En.    Temperature Pressure (bar)
    1.53910e+06   -7.71614e+06   -9.19462e+06    3.03622e+02   -2.41998e+01
   Constr. rmsd
    4.38634e-06

           Step           Time
          13000       26.00000

   Energies (kJ/mol)
        G96Bond       G96Angle    Proper Dih.  Improper Dih.          LJ-14
    5.06613e+03    8.05040e+03    4.95983e+03    2.56614e+03   -2.16282e+02
     Coulomb-14        LJ (SR)   Coulomb (SR)   Coul. recip.      Potential
    6.02547e+04    1.87512e+06   -1.12348e+07    2.78598e+04   -9.25114e+06
    Kinetic En.   Total Energy  Conserved En.    Temperature Pressure (bar)
    1.53516e+06   -7.71597e+06   -9.19440e+06    3.02844e+02    1.44672e+01
   Constr. rmsd
    4.31966e-06

           Step           Time
          14000       28.00000

   Energies (kJ/mol)
        G96Bond       G96Angle    Proper Dih.  Improper Dih.          LJ-14
    4.97015e+03    8.10702e+03    4.85485e+03    2.45811e+03   -2.57806e+02
     Coulomb-14        LJ (SR)   Coulomb (SR)   Coul. recip.      Potential
    6.01567e+04    1.87102e+06   -1.12292e+07    2.73467e+04   -9.25057e+06
    Kinetic En.   Total Energy  Conserved En.    Temperature Pressure (bar)
    1.53600e+06   -7.71457e+06   -9.19432e+06    3.03009e+02   -2.54791e+01
   Constr. rmsd
    4.27552e-06

           Step           Time
          15000       30.00000

   Energies (kJ/mol)
        G96Bond       G96Angle    Proper Dih.  Improper Dih.          LJ-14
    4.96406e+03    8.10249e+03    5.33102e+03    2.37842e+03   -2.16330e+02
     Coulomb-14        LJ (SR)   Coulomb (SR)   Coul. recip.      Potential
    5.99875e+04    1.86999e+06   -1.12300e+07    2.78911e+04   -9.25162e+06
    Kinetic En.   Total Energy  Conserved En.    Temperature Pressure (bar)
    1.53796e+06   -7.71366e+06   -9.19418e+06    3.03397e+02   -2.67681e+01
   Constr. rmsd
    4.11111e-06

           Step           Time
          16000       32.00000

   Energies (kJ/mol)
        G96Bond       G96Angle    Proper Dih.  Improper Dih.          LJ-14
    5.06470e+03    8.27203e+03    5.08152e+03    2.47443e+03   -2.75360e+02
     Coulomb-14        LJ (SR)   Coulomb (SR)   Coul. recip.      Potential
    5.99703e+04    1.87253e+06   -1.12341e+07    2.74698e+04   -9.25349e+06
    Kinetic En.   Total Energy  Conserved En.    Temperature Pressure (bar)
    1.54041e+06   -7.71308e+06   -9.19408e+06    3.03880e+02   -1.63806e+01
   Constr. rmsd
    4.35036e-06

           Step           Time
          17000       34.00000

   Energies (kJ/mol)
        G96Bond       G96Angle    Proper Dih.  Improper Dih.          LJ-14
    5.05612e+03    7.98913e+03    4.93893e+03    2.26584e+03   -1.48589e+02
     Coulomb-14        LJ (SR)   Coulomb (SR)   Coul. recip.      Potential
    6.04523e+04    1.87447e+06   -1.12303e+07    2.75355e+04   -9.24775e+06
    Kinetic En.   Total Energy  Conserved En.    Temperature Pressure (bar)
    1.53610e+06   -7.71165e+06   -9.19394e+06    3.03029e+02    4.35855e+00
   Constr. rmsd
    4.40660e-06

           Step           Time
          18000       36.00000

   Energies (kJ/mol)
        G96Bond       G96Angle    Proper Dih.  Improper Dih.          LJ-14
    5.03762e+03    8.04685e+03    5.12382e+03    2.37335e+03   -2.09301e+02
     Coulomb-14        LJ (SR)   Coulomb (SR)   Coul. recip.      Potential
    6.03478e+04    1.86730e+06   -1.12243e+07    2.76168e+04   -9.24868e+06
    Kinetic En.   Total Energy  Conserved En.    Temperature Pressure (bar)
    1.53724e+06   -7.71144e+06   -9.19374e+06    3.03254e+02   -4.21929e+01
   Constr. rmsd
    4.14047e-06

           Step           Time
          19000       38.00000

   Energies (kJ/mol)
        G96Bond       G96Angle    Proper Dih.  Improper Dih.          LJ-14
    5.13896e+03    7.72409e+03    5.08392e+03    2.42316e+03   -2.00237e+02
     Coulomb-14        LJ (SR)   Coulomb (SR)   Coul. recip.      Potential
    6.03169e+04    1.86638e+06   -1.12235e+07    2.78610e+04   -9.24874e+06
    Kinetic En.   Total Energy  Conserved En.    Temperature Pressure (bar)
    1.53614e+06   -7.71260e+06   -9.19357e+06    3.03038e+02   -5.18713e+01
   Constr. rmsd
    4.49263e-06

           Step           Time
          20000       40.00000

   Energies (kJ/mol)
        G96Bond       G96Angle    Proper Dih.  Improper Dih.          LJ-14
    5.00906e+03    8.11571e+03    5.01224e+03    2.38503e+03   -2.38854e+02
     Coulomb-14        LJ (SR)   Coulomb (SR)   Coul. recip.      Potential
    6.01993e+04    1.87321e+06   -1.12286e+07    2.77149e+04   -9.24716e+06
    Kinetic En.   Total Energy  Conserved En.    Temperature Pressure (bar)
    1.53554e+06   -7.71161e+06   -9.19336e+06    3.02919e+02    1.53263e+01
   Constr. rmsd
    4.24550e-06

           Step           Time
          21000       42.00000

   Energies (kJ/mol)
        G96Bond       G96Angle    Proper Dih.  Improper Dih.          LJ-14
    4.96350e+03    8.11925e+03    5.02057e+03    2.39404e+03   -2.43006e+02
     Coulomb-14        LJ (SR)   Coulomb (SR)   Coul. recip.      Potential
    6.01252e+04    1.86696e+06   -1.12227e+07    2.76740e+04   -9.24766e+06
    Kinetic En.   Total Energy  Conserved En.    Temperature Pressure (bar)
    1.53636e+06   -7.71130e+06   -9.19333e+06    3.03080e+02   -4.25958e+01
   Constr. rmsd
    4.06721e-06

           Step           Time
          22000       44.00000

   Energies (kJ/mol)
        G96Bond       G96Angle    Proper Dih.  Improper Dih.          LJ-14
    4.98807e+03    7.80134e+03    5.02381e+03    2.44169e+03   -1.71493e+02
     Coulomb-14        LJ (SR)   Coulomb (SR)   Coul. recip.      Potential
    6.02719e+04    1.87097e+06   -1.12287e+07    2.74789e+04   -9.24986e+06
    Kinetic En.   Total Energy  Conserved En.    Temperature Pressure (bar)
    1.53839e+06   -7.71148e+06   -9.19316e+06    3.03481e+02   -4.22221e+00
   Constr. rmsd
    4.42986e-06

           Step           Time
          23000       46.00000

   Energies (kJ/mol)
        G96Bond       G96Angle    Proper Dih.  Improper Dih.          LJ-14
    4.98353e+03    8.21379e+03    4.95647e+03    2.42791e+03   -3.38592e+02
     Coulomb-14        LJ (SR)   Coulomb (SR)   Coul. recip.      Potential
    6.00255e+04    1.86706e+06   -1.12223e+07    2.73262e+04   -9.24765e+06
    Kinetic En.   Total Energy  Conserved En.    Temperature Pressure (bar)
    1.53652e+06   -7.71113e+06   -9.19303e+06    3.03112e+02   -3.19290e+01
   Constr. rmsd
    4.40446e-06

           Step           Time
          24000       48.00000

   Energies (kJ/mol)
        G96Bond       G96Angle    Proper Dih.  Improper Dih.          LJ-14
    5.05221e+03    8.00221e+03    5.01106e+03    2.54219e+03   -2.11368e+02
     Coulomb-14        LJ (SR)   Coulomb (SR)   Coul. recip.      Potential
    6.00604e+04    1.87847e+06   -1.12356e+07    2.78250e+04   -9.24885e+06
    Kinetic En.   Total Energy  Conserved En.    Temperature Pressure (bar)
    1.53809e+06   -7.71077e+06   -9.19291e+06    3.03421e+02    4.26161e+01
   Constr. rmsd
    4.32882e-06

           Step           Time
          25000       50.00000

   Energies (kJ/mol)
        G96Bond       G96Angle    Proper Dih.  Improper Dih.          LJ-14
    5.06167e+03    8.04338e+03    4.91568e+03    2.27044e+03   -2.88212e+02
     Coulomb-14        LJ (SR)   Coulomb (SR)   Coul. recip.      Potential
    5.99189e+04    1.87542e+06   -1.12292e+07    2.76385e+04   -9.24619e+06
    Kinetic En.   Total Energy  Conserved En.    Temperature Pressure (bar)
    1.53407e+06   -7.71212e+06   -9.19269e+06    3.02629e+02    2.95134e+01
   Constr. rmsd
    4.38921e-06

           Step           Time
          26000       52.00000

   Energies (kJ/mol)
        G96Bond       G96Angle    Proper Dih.  Improper Dih.          LJ-14
    4.95047e+03    8.10818e+03    4.82916e+03    2.36881e+03   -2.31790e+02
     Coulomb-14        LJ (SR)   Coulomb (SR)   Coul. recip.      Potential
    6.01059e+04    1.86285e+06   -1.12203e+07    2.80332e+04   -9.24924e+06
    Kinetic En.   Total Energy  Conserved En.    Temperature Pressure (bar)
    1.53683e+06   -7.71240e+06   -9.19260e+06    3.03174e+02   -7.91622e+01
   Constr. rmsd
    4.08768e-06

           Step           Time
          27000       54.00000

   Energies (kJ/mol)
        G96Bond       G96Angle    Proper Dih.  Improper Dih.          LJ-14
    5.15877e+03    7.93171e+03    4.97190e+03    2.49656e+03   -2.06464e+02
     Coulomb-14        LJ (SR)   Coulomb (SR)   Coul. recip.      Potential
    6.03015e+04    1.87289e+06   -1.12309e+07    2.77158e+04   -9.24964e+06
    Kinetic En.   Total Energy  Conserved En.    Temperature Pressure (bar)
    1.53721e+06   -7.71243e+06   -9.19239e+06    3.03248e+02   -3.81187e+00
   Constr. rmsd
    4.18985e-06

           Step           Time
          28000       56.00000

   Energies (kJ/mol)
        G96Bond       G96Angle    Proper Dih.  Improper Dih.          LJ-14
    5.04832e+03    8.17403e+03    4.87696e+03    2.32746e+03   -2.33874e+02
     Coulomb-14        LJ (SR)   Coulomb (SR)   Coul. recip.      Potential
    6.03238e+04    1.86552e+06   -1.12236e+07    2.78185e+04   -9.24978e+06
    Kinetic En.   Total Energy  Conserved En.    Temperature Pressure (bar)
    1.53621e+06   -7.71357e+06   -9.19225e+06    3.03051e+02   -5.06223e+01
   Constr. rmsd
    4.02702e-06

           Step           Time
          29000       58.00000

   Energies (kJ/mol)
        G96Bond       G96Angle    Proper Dih.  Improper Dih.          LJ-14
    4.99159e+03    8.18919e+03    4.92575e+03    2.61692e+03   -2.27485e+02
     Coulomb-14        LJ (SR)   Coulomb (SR)   Coul. recip.      Potential
    5.99879e+04    1.86736e+06   -1.12277e+07    2.75892e+04   -9.25225e+06
    Kinetic En.   Total Energy  Conserved En.    Temperature Pressure (bar)
    1.53831e+06   -7.71394e+06   -9.19213e+06    3.03466e+02   -5.53686e+01
   Constr. rmsd
    4.38869e-06

           Step           Time
          30000       60.00000

   Energies (kJ/mol)
        G96Bond       G96Angle    Proper Dih.  Improper Dih.          LJ-14
    5.00968e+03    7.90020e+03    4.86083e+03    2.36894e+03   -2.42522e+02
     Coulomb-14        LJ (SR)   Coulomb (SR)   Coul. recip.      Potential
    6.00513e+04    1.87331e+06   -1.12304e+07    2.71946e+04   -9.24991e+06
    Kinetic En.   Total Energy  Conserved En.    Temperature Pressure (bar)
    1.53580e+06   -7.71411e+06   -9.19193e+06    3.02971e+02   -2.45490e+00
   Constr. rmsd
    4.27116e-06

           Step           Time
          31000       62.00000

   Energies (kJ/mol)
        G96Bond       G96Angle    Proper Dih.  Improper Dih.          LJ-14
    5.06377e+03    7.80610e+03    4.99021e+03    2.39530e+03   -1.86015e+02
     Coulomb-14        LJ (SR)   Coulomb (SR)   Coul. recip.      Potential
    6.03001e+04    1.86952e+06   -1.12252e+07    2.76012e+04   -9.24767e+06
    Kinetic En.   Total Energy  Conserved En.    Temperature Pressure (bar)
    1.53427e+06   -7.71340e+06   -9.19172e+06    3.02668e+02   -5.46393e+00
   Constr. rmsd
    4.28901e-06

           Step           Time
          32000       64.00000

   Energies (kJ/mol)
        G96Bond       G96Angle    Proper Dih.  Improper Dih.          LJ-14
    4.87569e+03    7.78764e+03    5.00080e+03    2.48639e+03   -2.33747e+02
     Coulomb-14        LJ (SR)   Coulomb (SR)   Coul. recip.      Potential
    6.02368e+04    1.87285e+06   -1.12293e+07    2.76262e+04   -9.24863e+06
    Kinetic En.   Total Energy  Conserved En.    Temperature Pressure (bar)
    1.53584e+06   -7.71279e+06   -9.19168e+06    3.02979e+02    1.04821e+01
   Constr. rmsd
    4.40973e-06

           Step           Time
          33000       66.00000

   Energies (kJ/mol)
        G96Bond       G96Angle    Proper Dih.  Improper Dih.          LJ-14
    5.05900e+03    8.08381e+03    4.90828e+03    2.46661e+03   -2.23503e+02
     Coulomb-14        LJ (SR)   Coulomb (SR)   Coul. recip.      Potential
    6.00040e+04    1.86970e+06   -1.12254e+07    2.75381e+04   -9.24788e+06
    Kinetic En.   Total Energy  Conserved En.    Temperature Pressure (bar)
    1.53444e+06   -7.71344e+06   -9.19145e+06    3.02702e+02   -3.44813e+01
   Constr. rmsd
    4.12709e-06

           Step           Time
          34000       68.00000

   Energies (kJ/mol)
        G96Bond       G96Angle    Proper Dih.  Improper Dih.          LJ-14
    5.08101e+03    7.72327e+03    5.11557e+03    2.32976e+03   -2.45535e+02
     Coulomb-14        LJ (SR)   Coulomb (SR)   Coul. recip.      Potential
    6.03469e+04    1.86471e+06   -1.12220e+07    2.77511e+04   -9.24915e+06
    Kinetic En.   Total Energy  Conserved En.    Temperature Pressure (bar)
    1.53691e+06   -7.71224e+06   -9.19137e+06    3.03188e+02   -7.36851e+01
   Constr. rmsd
    4.28918e-06

           Step           Time
          35000       70.00000

   Energies (kJ/mol)
        G96Bond       G96Angle    Proper Dih.  Improper Dih.          LJ-14
    5.07734e+03    8.00221e+03    4.90811e+03    2.50734e+03   -3.06168e+02
     Coulomb-14        LJ (SR)   Coulomb (SR)   Coul. recip.      Potential
    6.01283e+04    1.86702e+06   -1.12259e+07    2.75344e+04   -9.25104e+06
    Kinetic En.   Total Energy  Conserved En.    Temperature Pressure (bar)
    1.53863e+06   -7.71241e+06   -9.19117e+06    3.03528e+02   -5.61195e+01
   Constr. rmsd
    3.99974e-06

           Step           Time
          36000       72.00000

   Energies (kJ/mol)
        G96Bond       G96Angle    Proper Dih.  Improper Dih.          LJ-14
    5.00732e+03    8.12539e+03    4.92850e+03    2.48422e+03   -2.32197e+02
     Coulomb-14        LJ (SR)   Coulomb (SR)   Coul. recip.      Potential
    6.03736e+04    1.86906e+06   -1.12262e+07    2.76410e+04   -9.24878e+06
    Kinetic En.   Total Energy  Conserved En.    Temperature Pressure (bar)
    1.53486e+06   -7.71393e+06   -9.19101e+06    3.02784e+02   -3.45185e+01
   Constr. rmsd
    4.41352e-06

           Step           Time
          37000       74.00000

   Energies (kJ/mol)
        G96Bond       G96Angle    Proper Dih.  Improper Dih.          LJ-14
    5.12113e+03    7.92009e+03    4.99367e+03    2.39716e+03   -2.78719e+02
     Coulomb-14        LJ (SR)   Coulomb (SR)   Coul. recip.      Potential
    6.01259e+04    1.87001e+06   -1.12289e+07    2.75041e+04   -9.25115e+06
    Kinetic En.   Total Energy  Conserved En.    Temperature Pressure (bar)
    1.53701e+06   -7.71413e+06   -9.19093e+06    3.03209e+02   -3.09586e+01
   Constr. rmsd
    4.10475e-06

           Step           Time
          38000       76.00000

   Energies (kJ/mol)
        G96Bond       G96Angle    Proper Dih.  Improper Dih.          LJ-14
    5.11848e+03    8.30647e+03    4.91478e+03    2.44069e+03   -2.10963e+02
     Coulomb-14        LJ (SR)   Coulomb (SR)   Coul. recip.      Potential
    6.02116e+04    1.87740e+06   -1.12373e+07    2.75071e+04   -9.25163e+06
    Kinetic En.   Total Energy  Conserved En.    Temperature Pressure (bar)
    1.53745e+06   -7.71418e+06   -9.19073e+06    3.03296e+02    3.05938e+01
   Constr. rmsd
    4.05212e-06

           Step           Time
          39000       78.00000

   Energies (kJ/mol)
        G96Bond       G96Angle    Proper Dih.  Improper Dih.          LJ-14
    5.04490e+03    7.81793e+03    4.96866e+03    2.42369e+03   -2.75364e+02
     Coulomb-14        LJ (SR)   Coulomb (SR)   Coul. recip.      Potential
    6.01298e+04    1.87333e+06   -1.12327e+07    2.75380e+04   -9.25177e+06
    Kinetic En.   Total Energy  Conserved En.    Temperature Pressure (bar)
    1.53741e+06   -7.71436e+06   -9.19070e+06    3.03288e+02    1.77355e+00
   Constr. rmsd
    4.28261e-06

           Step           Time
          40000       80.00000

   Energies (kJ/mol)
        G96Bond       G96Angle    Proper Dih.  Improper Dih.          LJ-14
    4.90345e+03    7.95843e+03    5.00530e+03    2.41164e+03   -3.35840e+02
     Coulomb-14        LJ (SR)   Coulomb (SR)   Coul. recip.      Potential
    6.00309e+04    1.86692e+06   -1.12224e+07    2.79064e+04   -9.24759e+06
    Kinetic En.   Total Energy  Conserved En.    Temperature Pressure (bar)
    1.53454e+06   -7.71305e+06   -9.19046e+06    3.02721e+02   -4.51684e+01
   Constr. rmsd
    4.24102e-06

           Step           Time
          41000       82.00000

   Energies (kJ/mol)
        G96Bond       G96Angle    Proper Dih.  Improper Dih.          LJ-14
    5.07835e+03    7.92700e+03    4.95794e+03    2.43166e+03   -3.25382e+02
     Coulomb-14        LJ (SR)   Coulomb (SR)   Coul. recip.      Potential
    6.00793e+04    1.87209e+06   -1.12287e+07    2.76987e+04   -9.24875e+06
    Kinetic En.   Total Energy  Conserved En.    Temperature Pressure (bar)
    1.53650e+06   -7.71225e+06   -9.19032e+06    3.03108e+02    8.85661e-01
   Constr. rmsd
    4.47461e-06

           Step           Time
          42000       84.00000

   Energies (kJ/mol)
        G96Bond       G96Angle    Proper Dih.  Improper Dih.          LJ-14
    4.98383e+03    8.07337e+03    5.05942e+03    2.42820e+03   -2.32108e+02
     Coulomb-14        LJ (SR)   Coulomb (SR)   Coul. recip.      Potential
    6.02688e+04    1.87046e+06   -1.12268e+07    2.77800e+04   -9.24793e+06
    Kinetic En.   Total Energy  Conserved En.    Temperature Pressure (bar)
    1.53581e+06   -7.71212e+06   -9.19024e+06    3.02972e+02    2.80539e+00
   Constr. rmsd
    4.17277e-06

           Step           Time
          43000       86.00000

   Energies (kJ/mol)
        G96Bond       G96Angle    Proper Dih.  Improper Dih.          LJ-14
    4.81927e+03    8.08522e+03    5.07421e+03    2.39139e+03   -2.59086e+02
     Coulomb-14        LJ (SR)   Coulomb (SR)   Coul. recip.      Potential
    6.04101e+04    1.87045e+06   -1.12264e+07    2.74010e+04   -9.24804e+06
    Kinetic En.   Total Energy  Conserved En.    Temperature Pressure (bar)
    1.53588e+06   -7.71216e+06   -9.19001e+06    3.02986e+02   -3.58775e+00
   Constr. rmsd
    4.11318e-06

Writing checkpoint, step 43520 at Tue Nov 10 15:32:25 2020


           Step           Time
          44000       88.00000

   Energies (kJ/mol)
        G96Bond       G96Angle    Proper Dih.  Improper Dih.          LJ-14
    5.03524e+03    8.08370e+03    4.99969e+03    2.33536e+03   -3.58521e+02
     Coulomb-14        LJ (SR)   Coulomb (SR)   Coul. recip.      Potential
    6.01099e+04    1.86803e+06   -1.12258e+07    2.78232e+04   -9.24979e+06
    Kinetic En.   Total Energy  Conserved En.    Temperature Pressure (bar)
    1.53729e+06   -7.71250e+06   -9.18993e+06    3.03264e+02   -5.28056e+01
   Constr. rmsd
    4.54958e-06

           Step           Time
          45000       90.00000

   Energies (kJ/mol)
        G96Bond       G96Angle    Proper Dih.  Improper Dih.          LJ-14
    5.00457e+03    8.13592e+03    4.84975e+03    2.37948e+03   -2.51365e+02
     Coulomb-14        LJ (SR)   Coulomb (SR)   Coul. recip.      Potential
    6.03512e+04    1.86537e+06   -1.12209e+07    2.72080e+04   -9.24781e+06
    Kinetic En.   Total Energy  Conserved En.    Temperature Pressure (bar)
    1.53624e+06   -7.71157e+06   -9.18977e+06    3.03058e+02   -5.70599e+01
   Constr. rmsd
    4.51962e-06

           Step           Time
          46000       92.00000

   Energies (kJ/mol)
        G96Bond       G96Angle    Proper Dih.  Improper Dih.          LJ-14
    5.13939e+03    7.97725e+03    4.86249e+03    2.43611e+03   -2.00353e+02
     Coulomb-14        LJ (SR)   Coulomb (SR)   Coul. recip.      Potential
    6.05680e+04    1.86879e+06   -1.12264e+07    2.73686e+04   -9.24943e+06
    Kinetic En.   Total Energy  Conserved En.    Temperature Pressure (bar)
    1.53664e+06   -7.71279e+06   -9.18957e+06    3.03137e+02   -2.29012e+01
   Constr. rmsd
    4.19691e-06

           Step           Time
          47000       94.00000

   Energies (kJ/mol)
        G96Bond       G96Angle    Proper Dih.  Improper Dih.          LJ-14
    4.94634e+03    7.97525e+03    4.84537e+03    2.47940e+03   -2.34055e+02
     Coulomb-14        LJ (SR)   Coulomb (SR)   Coul. recip.      Potential
    6.02614e+04    1.86955e+06   -1.12276e+07    2.75682e+04   -9.25019e+06
    Kinetic En.   Total Energy  Conserved En.    Temperature Pressure (bar)
    1.53704e+06   -7.71315e+06   -9.18950e+06    3.03215e+02   -1.97350e+01
   Constr. rmsd
    4.37127e-06

           Step           Time
          48000       96.00000

   Energies (kJ/mol)
        G96Bond       G96Angle    Proper Dih.  Improper Dih.          LJ-14
    4.93003e+03    8.12892e+03    4.92168e+03    2.37083e+03   -3.53949e+02
     Coulomb-14        LJ (SR)   Coulomb (SR)   Coul. recip.      Potential
    6.02620e+04    1.87495e+06   -1.12330e+07    2.75570e+04   -9.25021e+06
    Kinetic En.   Total Energy  Conserved En.    Temperature Pressure (bar)
    1.53663e+06   -7.71359e+06   -9.18928e+06    3.03133e+02    1.64160e+00
   Constr. rmsd
    4.28380e-06

           Step           Time
          49000       98.00000

   Energies (kJ/mol)
        G96Bond       G96Angle    Proper Dih.  Improper Dih.          LJ-14
    5.10625e+03    8.10496e+03    4.88861e+03    2.37519e+03   -2.96719e+02
     Coulomb-14        LJ (SR)   Coulomb (SR)   Coul. recip.      Potential
    6.03285e+04    1.86443e+06   -1.12233e+07    2.75371e+04   -9.25078e+06
    Kinetic En.   Total Energy  Conserved En.    Temperature Pressure (bar)
    1.53589e+06   -7.71489e+06   -9.18918e+06    3.02988e+02   -7.13788e+01
   Constr. rmsd
    4.45328e-06

           Step           Time
          50000      100.00000

Writing checkpoint, step 50000 at Tue Nov 10 15:34:40 2020


   Energies (kJ/mol)
        G96Bond       G96Angle    Proper Dih.  Improper Dih.          LJ-14
    5.01018e+03    7.90138e+03    4.87676e+03    2.25958e+03   -2.30762e+02
     Coulomb-14        LJ (SR)   Coulomb (SR)   Coul. recip.      Potential
    6.04290e+04    1.86854e+06   -1.12287e+07    2.75839e+04   -9.25234e+06
    Kinetic En.   Total Energy  Conserved En.    Temperature Pressure (bar)
    1.53792e+06   -7.71442e+06   -9.18910e+06    3.03388e+02   -4.53470e+01
   Constr. rmsd
    5.04720e-06


	<======  ###############  ==>
	<====  A V E R A G E S  ====>
	<==  ###############  ======>

	Statistics over 50001 steps using 501 frames

   Energies (kJ/mol)
        G96Bond       G96Angle    Proper Dih.  Improper Dih.          LJ-14
    4.97916e+03    8.05106e+03    5.00545e+03    2.42236e+03   -2.35746e+02
     Coulomb-14        LJ (SR)   Coulomb (SR)   Coul. recip.      Potential
    6.01898e+04    1.88162e+06   -1.12716e+07    2.73460e+04   -9.28227e+06
    Kinetic En.   Total Energy  Conserved En.    Temperature Pressure (bar)
    1.52269e+06   -7.75957e+06   -9.19265e+06    3.00384e+02   -5.84559e+01
   Constr. rmsd
    0.00000e+00

   Total Virial (kJ/mol)
    5.18514e+05   -2.77175e+02   -5.67792e+01
   -2.98978e+02    5.19184e+05   -1.80347e+02
   -8.06004e+01   -1.75440e+02    5.17834e+05

   Pressure (bar)
   -5.81628e+01    1.48805e+00    1.01699e+00
    1.60447e+00   -6.17972e+01    1.43434e+00
    1.14420e+00    1.40814e+00   -5.54077e+01


	M E G A - F L O P S   A C C O U N T I N G

 NB=Group-cutoff nonbonded kernels    NxN=N-by-N cluster Verlet kernels
 RF=Reaction-Field  VdW=Van der Waals  QSTab=quadratic-spline table
 W3=SPC/TIP3p  W4=TIP4p (single or pairs)
 V&F=Potential and force  V=Potential only  F=Force only

 Computing:                               M-Number         M-Flops  % Flops
-----------------------------------------------------------------------------
 Pair Search distance check          242796.948360     2185172.535     0.1
 NxN Ewald Elec. + LJ [F]          13506804.662704  1053530763.691    53.3
 NxN Ewald Elec. + LJ [V&F]          136704.427792    17634871.185     0.9
 NxN LJ [F]                            2698.077568      121413.491     0.0
 NxN LJ [V&F]                            27.458720        1784.817     0.0
 NxN Ewald Elec. [F]               13078027.206640   797759659.605    40.4
 NxN Ewald Elec. [V&F]               132367.123888    11118838.407     0.6
 1,4 nonbonded interactions             371.407428       33426.669     0.0
 Calc Weights                         91186.973703     3282731.053     0.2
 Spread Q Bspline                   1945322.105664     3890644.211     0.2
 Gather F Bspline                   1945322.105664    11671932.634     0.6
 3D-FFT                             8997365.143704    71978921.150     3.6
 Solve PME                             1280.025600       81921.638     0.0
 Shift-X                                380.546026        2283.276     0.0
 Bonds                                  181.403628       10702.814     0.0
 Angles                                 347.706954       58414.768     0.0
 Propers                                167.153343       38278.116     0.0
 Impropers                              119.202384       24794.096     0.0
 Virial                                 304.580946        5482.457     0.0
 Stop-CM                                305.166302        3051.663     0.0
 Calc-Ekin                             3040.720802       82099.462     0.0
 Lincs                                   55.653339        3339.200     0.0
 Lincs-Mat                              137.408244         549.633     0.0
 Constraint-V                         30274.060914      242192.487     0.0
 Constraint-Vir                         302.776344        7266.632     0.0
 Settle                               10054.453231     3247588.394     0.2
-----------------------------------------------------------------------------
 Total                                              1977018124.084   100.0
-----------------------------------------------------------------------------


     R E A L   C Y C L E   A N D   T I M E   A C C O U N T I N G

On 1 MPI rank, each using 44 OpenMP threads

 Computing:          Num   Num      Call    Wall time         Giga-Cycles
                     Ranks Threads  Count      (s)         total sum    %
-----------------------------------------------------------------------------
 Neighbor search        1   44        626      24.411       2893.207   2.4
 Force                  1   44      50001     628.512      74490.698  60.6
 PME mesh               1   44      50001     320.032      37929.861  30.8
 NB X/F buffer ops.     1   44      99376      37.041       4390.022   3.6
 Write traj.            1   44         12       3.386        401.318   0.3
 Update                 1   44      50001      14.263       1690.489   1.4
 Constraints            1   44      50003       8.160        967.143   0.8
 Rest                                           1.609        190.677   0.2
-----------------------------------------------------------------------------
 Total                                       1037.414     122953.415 100.0
-----------------------------------------------------------------------------
 Breakdown of PME mesh computation
-----------------------------------------------------------------------------
 PME spread             1   44      50001     110.595      13107.614  10.7
 PME gather             1   44      50001      95.578      11327.796   9.2
 PME 3D-FFT             1   44     100002     110.346      13078.106  10.6
 PME solve Elec         1   44      50001       2.787        330.264   0.3
-----------------------------------------------------------------------------

               Core t (s)   Wall t (s)        (%)
       Time:    45641.600     1037.414     4399.6
                 (ns/day)    (hour/ns)
Performance:        8.329        2.882
Finished mdrun on rank 0 Tue Nov 10 15:34:42 2020

