                      :-) GROMACS - gmx mdrun, 2020.4 (-:

                            GROMACS is written by:
     Emile Apol      Rossen Apostolov      Paul Bauer     Herman J.C. Berendsen
    Par Bjelkmar      Christian Blau   Viacheslav Bolnykh     Kevin Boyd    
 Aldert van Buuren   Rudi van Drunen     Anton Feenstra       Alan Gray     
  Gerrit Groenhof     Anca Hamuraru    Vincent Hindriksen  M. Eric Irrgang  
  Aleksei Iupinov   Christoph Junghans     Joe Jordan     Dimitrios Karkoulis
    Peter Kasson        Jiri Kraus      Carsten Kutzner      Per Larsson    
  Justin A. Lemkul    Viveca Lindahl    Magnus Lundborg     Erik Marklund   
    Pascal Merz     Pieter Meulenhoff    Teemu Murtola       Szilard Pall   
    Sander Pronk      Roland Schulz      Michael Shirts    Alexey Shvetsov  
   Alfons Sijbers     Peter Tieleman      Jon Vincent      Teemu Virolainen 
 Christian Wennberg    Maarten Wolf      Artem Zhmurov   
                           and the project leaders:
        Mark Abraham, Berk Hess, Erik Lindahl, and David van der Spoel

Copyright (c) 1991-2000, University of Groningen, The Netherlands.
Copyright (c) 2001-2019, The GROMACS development team at
Uppsala University, Stockholm University and
the Royal Institute of Technology, Sweden.
check out http://www.gromacs.org for more information.

GROMACS is free software; you can redistribute it and/or modify it
under the terms of the GNU Lesser General Public License
as published by the Free Software Foundation; either version 2.1
of the License, or (at your option) any later version.

GROMACS:      gmx mdrun, version 2020.4
Executable:   /data/ccuser/libraries/gromacs_no_gpu/gromacs-2020.4/build/bin/gmx_mpi
Data prefix:  /data/ccuser/libraries/gromacs_no_gpu/gromacs-2020.4 (source tree)
Working dir:  /data/ccuser/scc2020/gromacs/competition/SCC_Gromacs/Task2/OPLS
Process ID:   8022
Command line:
  gmx_mpi mdrun -deffnm md_scale_50_2 -nsteps 10000 -ntomp 4 -dlb yes -tunepme yes -v

GROMACS version:    2020.4
Verified release checksum is 79c2857291b034542c26e90512b92fd4b184a1c9d6fa59c55f2e24ccf14e7281
Precision:          single
Memory model:       64 bit
MPI library:        MPI
OpenMP support:     enabled (GMX_OPENMP_MAX_THREADS = 64)
GPU support:        disabled
SIMD instructions:  AVX_512
FFT library:        fftw-3.3.8-sse2-avx-avx2-avx2_128-avx512
RDTSCP usage:       enabled
TNG support:        enabled
Hwloc support:      disabled
Tracing support:    disabled
C compiler:         /opt/gcc-9.2.0/bin/gcc GNU 9.2.0
C compiler flags:   -mavx512f -mfma -fexcess-precision=fast -funroll-all-loops -O3 -DNDEBUG
C++ compiler:       /opt/gcc-9.2.0/bin/g++ GNU 9.2.0
C++ compiler flags: -mavx512f -mfma -fexcess-precision=fast -funroll-all-loops -fopenmp -O3 -DNDEBUG


Running on 5 nodes with total 220 cores, 220 logical cores
  Cores per node:           44
  Logical cores per node:   44
Hardware detected on host ip-0A00000E (the node of MPI rank 0):
  CPU info:
    Vendor: Intel
    Brand:  Intel(R) Xeon(R) Platinum 8168 CPU @ 2.70GHz
    Family: 6   Model: 85   Stepping: 4
    Features: aes apic avx avx2 avx512f avx512cd avx512bw avx512vl clfsh cmov cx8 cx16 f16c fma hle intel lahf mmx msr pcid pclmuldq pdpe1gb popcnt pse rdrnd rdtscp rtm sse2 sse3 sse4.1 sse4.2 ssse3
    Number of AVX-512 FMA units: 2
  Hardware topology: Only logical processor count


++++ PLEASE READ AND CITE THE FOLLOWING REFERENCE ++++
M. J. Abraham, T. Murtola, R. Schulz, S. Páll, J. C. Smith, B. Hess, E.
Lindahl
GROMACS: High performance molecular simulations through multi-level
parallelism from laptops to supercomputers
SoftwareX 1 (2015) pp. 19-25
-------- -------- --- Thank You --- -------- --------


++++ PLEASE READ AND CITE THE FOLLOWING REFERENCE ++++
S. Páll, M. J. Abraham, C. Kutzner, B. Hess, E. Lindahl
Tackling Exascale Software Challenges in Molecular Dynamics Simulations with
GROMACS
In S. Markidis & E. Laure (Eds.), Solving Software Challenges for Exascale 8759 (2015) pp. 3-27
-------- -------- --- Thank You --- -------- --------


++++ PLEASE READ AND CITE THE FOLLOWING REFERENCE ++++
S. Pronk, S. Páll, R. Schulz, P. Larsson, P. Bjelkmar, R. Apostolov, M. R.
Shirts, J. C. Smith, P. M. Kasson, D. van der Spoel, B. Hess, and E. Lindahl
GROMACS 4.5: a high-throughput and highly parallel open source molecular
simulation toolkit
Bioinformatics 29 (2013) pp. 845-54
-------- -------- --- Thank You --- -------- --------


++++ PLEASE READ AND CITE THE FOLLOWING REFERENCE ++++
B. Hess and C. Kutzner and D. van der Spoel and E. Lindahl
GROMACS 4: Algorithms for highly efficient, load-balanced, and scalable
molecular simulation
J. Chem. Theory Comput. 4 (2008) pp. 435-447
-------- -------- --- Thank You --- -------- --------


++++ PLEASE READ AND CITE THE FOLLOWING REFERENCE ++++
D. van der Spoel, E. Lindahl, B. Hess, G. Groenhof, A. E. Mark and H. J. C.
Berendsen
GROMACS: Fast, Flexible and Free
J. Comp. Chem. 26 (2005) pp. 1701-1719
-------- -------- --- Thank You --- -------- --------


++++ PLEASE READ AND CITE THE FOLLOWING REFERENCE ++++
E. Lindahl and B. Hess and D. van der Spoel
GROMACS 3.0: A package for molecular simulation and trajectory analysis
J. Mol. Mod. 7 (2001) pp. 306-317
-------- -------- --- Thank You --- -------- --------


++++ PLEASE READ AND CITE THE FOLLOWING REFERENCE ++++
H. J. C. Berendsen, D. van der Spoel and R. van Drunen
GROMACS: A message-passing parallel molecular dynamics implementation
Comp. Phys. Comm. 91 (1995) pp. 43-56
-------- -------- --- Thank You --- -------- --------


++++ PLEASE CITE THE DOI FOR THIS VERSION OF GROMACS ++++
https://doi.org/10.5281/zenodo.4054979
-------- -------- --- Thank You --- -------- --------

Input Parameters:
   integrator                     = md
   tinit                          = 0
   dt                             = 0.002
   nsteps                         = 5000000
   init-step                      = 0
   simulation-part                = 1
   comm-mode                      = Linear
   nstcomm                        = 100
   bd-fric                        = 0
   ld-seed                        = 1148410676
   emtol                          = 10
   emstep                         = 0.01
   niter                          = 20
   fcstep                         = 0
   nstcgsteep                     = 1000
   nbfgscorr                      = 10
   rtpi                           = 0.05
   nstxout                        = 1000
   nstvout                        = 50000
   nstfout                        = 50000
   nstlog                         = 1000
   nstcalcenergy                  = 100
   nstenergy                      = 1000
   nstxout-compressed             = 0
   compressed-x-precision         = 1000
   cutoff-scheme                  = Verlet
   nstlist                        = 40
   pbc                            = xyz
   periodic-molecules             = false
   verlet-buffer-tolerance        = 0.005
   rlist                          = 1.288
   coulombtype                    = PME
   coulomb-modifier               = Potential-shift
   rcoulomb-switch                = 0
   rcoulomb                       = 1.2
   epsilon-r                      = 1
   epsilon-rf                     = inf
   vdw-type                       = Cut-off
   vdw-modifier                   = Force-switch
   rvdw-switch                    = 1
   rvdw                           = 1.2
   DispCorr                       = No
   table-extension                = 1
   fourierspacing                 = 0.12
   fourier-nx                     = 160
   fourier-ny                     = 160
   fourier-nz                     = 160
   pme-order                      = 4
   ewald-rtol                     = 1e-05
   ewald-rtol-lj                  = 0.001
   lj-pme-comb-rule               = Geometric
   ewald-geometry                 = 0
   epsilon-surface                = 0
   tcoupl                         = Nose-Hoover
   nsttcouple                     = 40
   nh-chain-length                = 1
   print-nose-hoover-chain-variables = false
   pcoupl                         = Parrinello-Rahman
   pcoupltype                     = Semiisotropic
   nstpcouple                     = 40
   tau-p                          = 5
   compressibility (3x3):
      compressibility[    0]={ 4.50000e-05,  0.00000e+00,  0.00000e+00}
      compressibility[    1]={ 0.00000e+00,  4.50000e-05,  0.00000e+00}
      compressibility[    2]={ 0.00000e+00,  0.00000e+00,  4.50000e-05}
   ref-p (3x3):
      ref-p[    0]={ 1.00000e+00,  0.00000e+00,  0.00000e+00}
      ref-p[    1]={ 0.00000e+00,  1.00000e+00,  0.00000e+00}
      ref-p[    2]={ 0.00000e+00,  0.00000e+00,  1.00000e+00}
   refcoord-scaling               = COM
   posres-com (3):
      posres-com[0]= 0.00000e+00
      posres-com[1]= 0.00000e+00
      posres-com[2]= 0.00000e+00
   posres-comB (3):
      posres-comB[0]= 0.00000e+00
      posres-comB[1]= 0.00000e+00
      posres-comB[2]= 0.00000e+00
   QMMM                           = false
   QMconstraints                  = 0
   QMMMscheme                     = 0
   MMChargeScaleFactor            = 1
qm-opts:
   ngQM                           = 0
   constraint-algorithm           = Lincs
   continuation                   = true
   Shake-SOR                      = false
   shake-tol                      = 0.0001
   lincs-order                    = 4
   lincs-iter                     = 1
   lincs-warnangle                = 30
   nwall                          = 0
   wall-type                      = 9-3
   wall-r-linpot                  = -1
   wall-atomtype[0]               = -1
   wall-atomtype[1]               = -1
   wall-density[0]                = 0
   wall-density[1]                = 0
   wall-ewald-zfac                = 3
   pull                           = false
   awh                            = false
   rotation                       = false
   interactiveMD                  = false
   disre                          = No
   disre-weighting                = Conservative
   disre-mixed                    = false
   dr-fc                          = 1000
   dr-tau                         = 0
   nstdisreout                    = 100
   orire-fc                       = 0
   orire-tau                      = 0
   nstorireout                    = 100
   free-energy                    = no
   cos-acceleration               = 0
   deform (3x3):
      deform[    0]={ 0.00000e+00,  0.00000e+00,  0.00000e+00}
      deform[    1]={ 0.00000e+00,  0.00000e+00,  0.00000e+00}
      deform[    2]={ 0.00000e+00,  0.00000e+00,  0.00000e+00}
   simulated-tempering            = false
   swapcoords                     = no
   userint1                       = 0
   userint2                       = 0
   userint3                       = 0
   userint4                       = 0
   userreal1                      = 0
   userreal2                      = 0
   userreal3                      = 0
   userreal4                      = 0
   applied-forces:
     electric-field:
       x:
         E0                       = 0
         omega                    = 0
         t0                       = 0
         sigma                    = 0
       y:
         E0                       = 0
         omega                    = 0
         t0                       = 0
         sigma                    = 0
       z:
         E0                       = 0
         omega                    = 0
         t0                       = 0
         sigma                    = 0
     density-guided-simulation:
       active                     = false
       group                      = protein
       similarity-measure         = inner-product
       atom-spreading-weight      = unity
       force-constant             = 1e+09
       gaussian-transform-spreading-width = 0.2
       gaussian-transform-spreading-range-in-multiples-of-width = 4
       reference-density-filename = reference.mrc
       nst                        = 1
       normalize-densities        = true
       adaptive-force-scaling     = false
       adaptive-force-scaling-time-constant = 4
grpopts:
   nrdf:  1.22268e+06
   ref-t:      303.15
   tau-t:           1
annealing:          No
annealing-npoints:           0
   acc:	           0           0           0
   nfreeze:           N           N           N
   energygrp-flags[  0]: 0

The -nsteps functionality is deprecated, and may be removed in a future version. Consider using gmx convert-tpr -nsteps or changing the appropriate .mdp file field.

Overriding nsteps with value passed on the command line: 10000 steps, 20 ps
Changing nstlist from 40 to 80, rlist from 1.288 to 1.332


Initializing Domain Decomposition on 50 ranks
Dynamic load balancing: on
Using update groups, nr 204401, average size 3.0 atoms, max. radius 0.103 nm
Minimum cell size due to atom displacement: 0.561 nm
Initial maximum distances in bonded interactions:
    two-body bonded interactions: 0.438 nm, LJ-14, atoms 6318 6326
  multi-body bonded interactions: 0.438 nm, Ryckaert-Bell., atoms 6318 6326
Minimum cell size due to bonded interactions: 0.481 nm
Scaling the initial minimum size with 1/0.8 (option -dds) = 1.25
Guess for relative PME load: 0.21
Will use 36 particle-particle and 14 PME only ranks
This is a guess, check the performance at the end of the log file
Using 14 separate PME ranks, as guessed by mdrun
Optimizing the DD grid for 36 cells with a minimum initial size of 0.701 nm
The maximum allowed number of cells is: X 26 Y 26 Z 26
Domain decomposition grid 4 x 3 x 3, separate PME ranks 14
PME domain decomposition: 14 x 1 x 1
Interleaving PP and PME ranks
This rank does only particle-particle work.
Domain decomposition rank 0, coordinates 0 0 0

The maximum number of communication pulses is: X 1 Y 1 Z 1
The minimum size for domain decomposition cells is 1.539 nm
The requested allowed shrink of DD cells (option -dds) is: 0.80
The allowed shrink of domain decomposition cells is: X 0.33 Y 0.25 Z 0.25
The maximum allowed distance for atom groups involved in interactions is:
                 non-bonded interactions           1.539 nm
            two-body bonded interactions  (-rdd)   1.539 nm
          multi-body bonded interactions  (-rdd)   1.539 nm
Using two step summing over 5 groups of on average 7.2 ranks


Using 50 MPI processes

Non-default thread affinity set, disabling internal thread affinity

Using 4 OpenMP threads per MPI process

System total charge: 0.000
Will do PME sum in reciprocal space for electrostatic interactions.

++++ PLEASE READ AND CITE THE FOLLOWING REFERENCE ++++
U. Essmann, L. Perera, M. L. Berkowitz, T. Darden, H. Lee and L. G. Pedersen 
A smooth particle mesh Ewald method
J. Chem. Phys. 103 (1995) pp. 8577-8592
-------- -------- --- Thank You --- -------- --------

Using a Gaussian width (1/beta) of 0.384195 nm for Ewald
Potential shift: LJ r^-12: -2.648e-01 r^-6: -5.349e-01, Ewald -8.333e-06
Initialized non-bonded Ewald tables, spacing: 1.02e-03 size: 1176

Generated table with 1166 data points for 1-4 COUL.
Tabscale = 500 points/nm
Generated table with 1166 data points for 1-4 LJ6.
Tabscale = 500 points/nm
Generated table with 1166 data points for 1-4 LJ12.
Tabscale = 500 points/nm

Using SIMD 4x8 nonbonded short-range kernels

Using a dual 4x8 pair-list setup updated with dynamic pruning:
  outer list: updated every 80 steps, buffer 0.132 nm, rlist 1.332 nm
  inner list: updated every 12 steps, buffer 0.001 nm, rlist 1.201 nm
At tolerance 0.005 kJ/mol/ps per atom, equivalent classical 1x1 list would be:
  outer list: updated every 80 steps, buffer 0.280 nm, rlist 1.480 nm
  inner list: updated every 12 steps, buffer 0.047 nm, rlist 1.247 nm


Initializing LINear Constraint Solver

++++ PLEASE READ AND CITE THE FOLLOWING REFERENCE ++++
B. Hess and H. Bekker and H. J. C. Berendsen and J. G. E. M. Fraaije
LINCS: A Linear Constraint Solver for molecular simulations
J. Comp. Chem. 18 (1997) pp. 1463-1472
-------- -------- --- Thank You --- -------- --------

The number of constraints is 3472

++++ PLEASE READ AND CITE THE FOLLOWING REFERENCE ++++
S. Miyamoto and P. A. Kollman
SETTLE: An Analytical Version of the SHAKE and RATTLE Algorithms for Rigid
Water Models
J. Comp. Chem. 13 (1992) pp. 952-962
-------- -------- --- Thank You --- -------- --------


Linking all bonded interactions to atoms


Intra-simulation communication will occur every 20 steps.
There are: 609561 Atoms
Atom distribution over 36 domains: av 16932 stddev 137 min 16740 max 17255
Center of mass motion removal mode is Linear
We have the following groups for center of mass motion removal:
  0:  System

Started mdrun on rank 0 Tue Nov 10 17:31:18 2020

           Step           Time
              0        0.00000

   Energies (kJ/mol)
           Bond          Angle    Proper Dih. Ryckaert-Bell.          LJ-14
    5.48835e+03    1.46020e+04    8.16912e+02    6.52203e+03    9.29632e+03
     Coulomb-14        LJ (SR)   Coulomb (SR)   Coul. recip.      Potential
    3.82033e+04    1.77913e+06   -1.12392e+07    2.72492e+04   -9.35788e+06
    Kinetic En.   Total Energy  Conserved En.    Temperature Pressure (bar)
    1.54709e+06   -7.81078e+06   -7.81041e+06    3.04369e+02   -2.89231e+02
   Constr. rmsd
    4.73317e-06


DD  step 79  vol min/aver 1.000  load imb.: force 23.1%  pme mesh/force 1.286
step  720: timed with pme grid 160 160 160, coulomb cutoff 1.200: 1084.6 M-cycles
step  880: timed with pme grid 128 128 128, coulomb cutoff 1.437: 1136.7 M-cycles
           Step           Time
           1000        2.00000

   Energies (kJ/mol)
           Bond          Angle    Proper Dih. Ryckaert-Bell.          LJ-14
    5.09227e+03    1.42778e+04    8.48841e+02    6.51561e+03    9.48376e+03
     Coulomb-14        LJ (SR)   Coulomb (SR)   Coul. recip.      Potential
    3.82965e+04    1.81156e+06   -1.12788e+07    9.81153e+03   -9.38293e+06
    Kinetic En.   Total Energy  Conserved En.    Temperature Pressure (bar)
    1.54111e+06   -7.84183e+06   -7.81436e+06    3.03191e+02    2.66474e+02
   Constr. rmsd
    4.86991e-06

step 1040: timed with pme grid 112 112 112, coulomb cutoff 1.642: 1616.4 M-cycles
step 1200: timed with pme grid 120 120 120, coulomb cutoff 1.532: 1273.2 M-cycles
step 1360: timed with pme grid 128 128 128, coulomb cutoff 1.437: 1090.7 M-cycles
step 1520: timed with pme grid 144 144 144, coulomb cutoff 1.277: 985.6 M-cycles
step 1680: timed with pme grid 160 160 160, coulomb cutoff 1.200: 1113.9 M-cycles
step 1840: timed with pme grid 128 128 128, coulomb cutoff 1.437: 1107.1 M-cycles
step 2000: timed with pme grid 144 144 144, coulomb cutoff 1.277: 955.3 M-cycles

DD  step 1999  vol min/aver 0.868  load imb.: force  4.8%  pme mesh/force 1.118
           Step           Time
           2000        4.00000

   Energies (kJ/mol)
           Bond          Angle    Proper Dih. Ryckaert-Bell.          LJ-14
    5.51826e+03    1.42719e+04    9.22627e+02    6.65292e+03    9.25433e+03
     Coulomb-14        LJ (SR)   Coulomb (SR)   Coul. recip.      Potential
    3.81092e+04    1.78309e+06   -1.12599e+07    2.72341e+04   -9.37480e+06
    Kinetic En.   Total Energy  Conserved En.    Temperature Pressure (bar)
    1.53540e+06   -7.83940e+06   -7.81497e+06    3.02070e+02   -1.26132e+02
   Constr. rmsd
    4.84673e-06

step 2160: timed with pme grid 160 160 160, coulomb cutoff 1.200: 1110.1 M-cycles
step 2320: timed with pme grid 144 144 144, coulomb cutoff 1.277: 950.3 M-cycles
              optimal pme grid 144 144 144, coulomb cutoff 1.277
           Step           Time
           3000        6.00000

   Energies (kJ/mol)
           Bond          Angle    Proper Dih. Ryckaert-Bell.          LJ-14
    5.38417e+03    1.43278e+04    8.68127e+02    6.32063e+03    9.44632e+03
     Coulomb-14        LJ (SR)   Coulomb (SR)   Coul. recip.      Potential
    3.81949e+04    1.79706e+06   -1.12736e+07    2.19937e+04   -9.38001e+06
    Kinetic En.   Total Energy  Conserved En.    Temperature Pressure (bar)
    1.54123e+06   -7.83878e+06   -7.81646e+06    3.03217e+02    6.21936e+01
   Constr. rmsd
    4.75651e-06


DD  step 3999  vol min/aver 0.835  load imb.: force  5.2%  pme mesh/force 1.158
           Step           Time
           4000        8.00000

   Energies (kJ/mol)
           Bond          Angle    Proper Dih. Ryckaert-Bell.          LJ-14
    5.25757e+03    1.46079e+04    8.19992e+02    6.65868e+03    9.38673e+03
     Coulomb-14        LJ (SR)   Coulomb (SR)   Coul. recip.      Potential
    3.82574e+04    1.79406e+06   -1.12693e+07    2.17924e+04   -9.37851e+06
    Kinetic En.   Total Energy  Conserved En.    Temperature Pressure (bar)
    1.54092e+06   -7.83759e+06   -7.81554e+06    3.03154e+02    1.32769e+01
   Constr. rmsd
    4.73980e-06

           Step           Time
           5000       10.00000

   Energies (kJ/mol)
           Bond          Angle    Proper Dih. Ryckaert-Bell.          LJ-14
    5.26231e+03    1.44086e+04    8.81731e+02    6.59139e+03    9.33453e+03
     Coulomb-14        LJ (SR)   Coulomb (SR)   Coul. recip.      Potential
    3.81944e+04    1.79280e+06   -1.12693e+07    2.18876e+04   -9.37996e+06
    Kinetic En.   Total Energy  Conserved En.    Temperature Pressure (bar)
    1.54236e+06   -7.83760e+06   -7.81475e+06    3.03438e+02   -3.02531e+00
   Constr. rmsd
    4.73305e-06


DD  step 5999  vol min/aver 0.822  load imb.: force  1.6%  pme mesh/force 1.165
           Step           Time
           6000       12.00000

   Energies (kJ/mol)
           Bond          Angle    Proper Dih. Ryckaert-Bell.          LJ-14
    5.36241e+03    1.39937e+04    8.03176e+02    6.65980e+03    9.29850e+03
     Coulomb-14        LJ (SR)   Coulomb (SR)   Coul. recip.      Potential
    3.82434e+04    1.79104e+06   -1.12628e+07    2.18520e+04   -9.37551e+06
    Kinetic En.   Total Energy  Conserved En.    Temperature Pressure (bar)
    1.54492e+06   -7.83059e+06   -7.81282e+06    3.03941e+02    6.39098e+00
   Constr. rmsd
    4.66049e-06

           Step           Time
           7000       14.00000

   Energies (kJ/mol)
           Bond          Angle    Proper Dih. Ryckaert-Bell.          LJ-14
    5.07661e+03    1.45653e+04    8.13006e+02    6.47509e+03    9.27982e+03
     Coulomb-14        LJ (SR)   Coulomb (SR)   Coul. recip.      Potential
    3.81489e+04    1.79394e+06   -1.12708e+07    2.18921e+04   -9.38064e+06
    Kinetic En.   Total Energy  Conserved En.    Temperature Pressure (bar)
    1.54051e+06   -7.84012e+06   -7.81342e+06    3.03075e+02   -1.29481e+01
   Constr. rmsd
    4.71662e-06


DD  step 7999  vol min/aver 0.862  load imb.: force  2.6%  pme mesh/force 1.072
           Step           Time
           8000       16.00000

   Energies (kJ/mol)
           Bond          Angle    Proper Dih. Ryckaert-Bell.          LJ-14
    5.43081e+03    1.41486e+04    8.39381e+02    6.39607e+03    9.47175e+03
     Coulomb-14        LJ (SR)   Coulomb (SR)   Coul. recip.      Potential
    3.83783e+04    1.79270e+06   -1.12708e+07    2.19054e+04   -9.38150e+06
    Kinetic En.   Total Energy  Conserved En.    Temperature Pressure (bar)
    1.53977e+06   -7.84173e+06   -7.81393e+06    3.02928e+02   -4.83655e-01
   Constr. rmsd
    4.63504e-06

           Step           Time
           9000       18.00000

   Energies (kJ/mol)
           Bond          Angle    Proper Dih. Ryckaert-Bell.          LJ-14
    5.35492e+03    1.41926e+04    8.75894e+02    6.55458e+03    9.41875e+03
     Coulomb-14        LJ (SR)   Coulomb (SR)   Coul. recip.      Potential
    3.82204e+04    1.79042e+06   -1.12607e+07    2.19250e+04   -9.37378e+06
    Kinetic En.   Total Energy  Conserved En.    Temperature Pressure (bar)
    1.53972e+06   -7.83406e+06   -7.81378e+06    3.02920e+02   -2.45128e+01
   Constr. rmsd
    4.47156e-06


DD  step 9999  vol min/aver 0.853  load imb.: force  1.8%  pme mesh/force 1.088
           Step           Time
          10000       20.00000

Writing checkpoint, step 10000 at Tue Nov 10 17:32:31 2020


   Energies (kJ/mol)
           Bond          Angle    Proper Dih. Ryckaert-Bell.          LJ-14
    5.25924e+03    1.46766e+04    8.87400e+02    6.69404e+03    9.37292e+03
     Coulomb-14        LJ (SR)   Coulomb (SR)   Coul. recip.      Potential
    3.81321e+04    1.79923e+06   -1.12785e+07    2.19650e+04   -9.38226e+06
    Kinetic En.   Total Energy  Conserved En.    Temperature Pressure (bar)
    1.54013e+06   -7.84213e+06   -7.81258e+06    3.02999e+02    6.93627e+01
   Constr. rmsd
    4.59911e-06


	<======  ###############  ==>
	<====  A V E R A G E S  ====>
	<==  ###############  ======>

	Statistics over 10001 steps using 101 frames

   Energies (kJ/mol)
           Bond          Angle    Proper Dih. Ryckaert-Bell.          LJ-14
    5.36679e+03    1.42678e+04    8.61415e+02    6.54779e+03    9.38707e+03
     Coulomb-14        LJ (SR)   Coulomb (SR)   Coul. recip.      Potential
    3.82127e+04    1.79367e+06   -1.12680e+07    2.18530e+04   -9.37780e+06
    Kinetic En.   Total Energy  Conserved En.    Temperature Pressure (bar)
    1.54079e+06   -7.83701e+06   -7.81449e+06    3.03129e+02    2.53223e+00
   Constr. rmsd
    0.00000e+00

          Box-X          Box-Y          Box-Z
    1.83270e+01    1.83270e+01    1.82653e+01

   Total Virial (kJ/mol)
    5.12756e+05   -2.51311e+02    3.96128e+00
   -2.22115e+02    5.12790e+05    5.73310e+02
   -2.83377e+01    5.76266e+02    5.13962e+05

   Pressure (bar)
    4.80357e+00    1.03913e+00    9.43770e-02
    8.80643e-01    4.38218e+00   -2.98986e+00
    2.69564e-01   -3.00492e+00   -1.58907e+00


       P P   -   P M E   L O A D   B A L A N C I N G

 PP/PME load balancing changed the cut-off and PME settings:
           particle-particle                    PME
            rcoulomb  rlist            grid      spacing   1/beta
   initial  1.200 nm  1.201 nm     160 160 160   0.115 nm  0.384 nm
   final    1.277 nm  1.278 nm     144 144 144   0.128 nm  0.409 nm
 cost-ratio           1.21             0.73
 (note that these numbers concern only part of the total PP and PME load)


	M E G A - F L O P S   A C C O U N T I N G

 NB=Group-cutoff nonbonded kernels    NxN=N-by-N cluster Verlet kernels
 RF=Reaction-Field  VdW=Van der Waals  QSTab=quadratic-spline table
 W3=SPC/TIP3p  W4=TIP4p (single or pairs)
 V&F=Potential and force  V=Potential only  F=Force only

 Computing:                               M-Number         M-Flops  % Flops
-----------------------------------------------------------------------------
 Pair Search distance check           49308.766434      443778.898     0.1
 NxN Ewald Elec. + LJ [F]           3278520.658416   255724611.356    54.2
 NxN Ewald Elec. + LJ [V&F]           33434.191344     4313010.683     0.9
 NxN Ewald Elec. [F]                3172084.652816   193497163.822    41.0
 NxN Ewald Elec. [V&F]                32348.980976     2717314.402     0.6
 1,4 nonbonded interactions             184.638462       16617.462     0.0
 Calc Weights                         18288.658683      658391.713     0.1
 Spread Q Bspline                    390158.051904      780316.104     0.2
 Gather F Bspline                    390158.051904     2340948.311     0.5
 3D-FFT                             1298385.864644    10387086.917     2.2
 Solve PME                              208.025856       13313.655     0.0
 Reset In Box                            76.195125         228.585     0.0
 CG-CoM                                  76.804686         230.414     0.0
 Bonds                                   36.283628        2140.734     0.0
 Angles                                 128.052804       21512.871     0.0
 Propers                                 14.741474        3375.798     0.0
 RB-Dihedrals                           144.634462       35724.712     0.0
 Virial                                 183.965481        3311.379     0.0
 Stop-CM                                 61.565661         615.657     0.0
 Calc-Ekin                              610.780122       16491.063     0.0
 Lincs                                   34.723472        2083.408     0.0
 Lincs-Mat                              174.737472         698.950     0.0
 Constraint-V                          6095.369476       48762.956     0.0
 Constraint-Vir                         182.407204        4377.773     0.0
 Settle                                2008.640844      648790.993     0.1
-----------------------------------------------------------------------------
 Total                                               471680898.615   100.0
-----------------------------------------------------------------------------


    D O M A I N   D E C O M P O S I T I O N   S T A T I S T I C S

 av. #atoms communicated per step for force:  2 x 612215.6


Dynamic load balancing report:
 DLB was permanently on during the run per user request.
 Average load imbalance: 3.2%.
 The balanceable part of the MD step is 71%, load imbalance is computed from this.
 Part of the total run time spent waiting due to load imbalance: 2.2%.
 Steps where the load balancing was limited by -rdd, -rcon and/or -dds: X 0 % Y 0 % Z 0 %
 Average PME mesh/force load: 0.975
 Part of the total run time spent waiting due to PP/PME imbalance: 0.6 %


     R E A L   C Y C L E   A N D   T I M E   A C C O U N T I N G

On 36 MPI ranks doing PP, each using 4 OpenMP threads, and
on 14 MPI ranks doing PME, each using 4 OpenMP threads

 Computing:          Num   Num      Call    Wall time         Giga-Cycles
                     Ranks Threads  Count      (s)         total sum    %
-----------------------------------------------------------------------------
 Domain decomp.        36    4        125       5.685       2203.542   5.5
 DD comm. load         36    4        125       0.004          1.508   0.0
 DD comm. bounds       36    4        125       0.035         13.406   0.0
 Send X to PME         36    4      10001       2.178        844.410   2.1
 Neighbor search       36    4        126       1.552        601.501   1.5
 Comm. coord.          36    4       9875       4.049       1569.457   3.9
 Force                 36    4      10001      44.748      17346.046  43.5
 Wait + Comm. F        36    4      10001       5.072       1966.163   4.9
 PME mesh *            14    4      10001      55.157       8314.852  20.9
 PME wait for PP *                             18.871       2844.805   7.1
 Wait + Recv. PME F    36    4      10001       5.802       2248.912   5.6
 NB X/F buffer ops.    36    4      29751       0.974        377.657   0.9
 Write traj.           36    4         11       0.194         75.375   0.2
 Update                36    4      10001       0.327        126.566   0.3
 Constraints           36    4      10001       0.840        325.559   0.8
 Comm. energies        36    4        501       2.419        937.574   2.4
 Rest                                           0.159         61.756   0.2
-----------------------------------------------------------------------------
 Total                                         74.036      39860.326 100.0
-----------------------------------------------------------------------------
(*) Note that with separate PME ranks, the walltime column actually sums to
    twice the total reported, but the cycle count total and % are correct.
-----------------------------------------------------------------------------
 Breakdown of PME mesh computation
-----------------------------------------------------------------------------
 PME redist. X/F       14    4      20002      16.834       2537.725   6.4
 PME spread            14    4      10001      10.808       1629.358   4.1
 PME gather            14    4      10001       8.355       1259.535   3.2
 PME 3D-FFT            14    4      20002       8.103       1221.479   3.1
 PME 3D-FFT Comm.      14    4      20002      10.472       1578.611   4.0
 PME solve Elec        14    4      10001       0.537         80.898   0.2
-----------------------------------------------------------------------------

               Core t (s)   Wall t (s)        (%)
       Time:    14797.841       74.036    19987.3
                 (ns/day)    (hour/ns)
Performance:       23.342        1.028
Finished mdrun on rank 0 Tue Nov 10 17:32:32 2020

