                      :-) GROMACS - gmx mdrun, 2020.4 (-:

                            GROMACS is written by:
     Emile Apol      Rossen Apostolov      Paul Bauer     Herman J.C. Berendsen
    Par Bjelkmar      Christian Blau   Viacheslav Bolnykh     Kevin Boyd    
 Aldert van Buuren   Rudi van Drunen     Anton Feenstra       Alan Gray     
  Gerrit Groenhof     Anca Hamuraru    Vincent Hindriksen  M. Eric Irrgang  
  Aleksei Iupinov   Christoph Junghans     Joe Jordan     Dimitrios Karkoulis
    Peter Kasson        Jiri Kraus      Carsten Kutzner      Per Larsson    
  Justin A. Lemkul    Viveca Lindahl    Magnus Lundborg     Erik Marklund   
    Pascal Merz     Pieter Meulenhoff    Teemu Murtola       Szilard Pall   
    Sander Pronk      Roland Schulz      Michael Shirts    Alexey Shvetsov  
   Alfons Sijbers     Peter Tieleman      Jon Vincent      Teemu Virolainen 
 Christian Wennberg    Maarten Wolf      Artem Zhmurov   
                           and the project leaders:
        Mark Abraham, Berk Hess, Erik Lindahl, and David van der Spoel

Copyright (c) 1991-2000, University of Groningen, The Netherlands.
Copyright (c) 2001-2019, The GROMACS development team at
Uppsala University, Stockholm University and
the Royal Institute of Technology, Sweden.
check out http://www.gromacs.org for more information.

GROMACS is free software; you can redistribute it and/or modify it
under the terms of the GNU Lesser General Public License
as published by the Free Software Foundation; either version 2.1
of the License, or (at your option) any later version.

GROMACS:      gmx mdrun, version 2020.4
Executable:   /data/ccuser/libraries/gromacs_no_gpu/gromacs-2020.4/build/bin/gmx_mpi
Data prefix:  /data/ccuser/libraries/gromacs_no_gpu/gromacs-2020.4 (source tree)
Working dir:  /data/ccuser/scc2020/gromacs/competition/SCC_Gromacs/Task2/OPLS
Process ID:   8117
Command line:
  gmx_mpi mdrun -deffnm md_scale_50_3 -nsteps 10000 -ntomp 4 -dlb yes -tunepme yes -v

GROMACS version:    2020.4
Verified release checksum is 79c2857291b034542c26e90512b92fd4b184a1c9d6fa59c55f2e24ccf14e7281
Precision:          single
Memory model:       64 bit
MPI library:        MPI
OpenMP support:     enabled (GMX_OPENMP_MAX_THREADS = 64)
GPU support:        disabled
SIMD instructions:  AVX_512
FFT library:        fftw-3.3.8-sse2-avx-avx2-avx2_128-avx512
RDTSCP usage:       enabled
TNG support:        enabled
Hwloc support:      disabled
Tracing support:    disabled
C compiler:         /opt/gcc-9.2.0/bin/gcc GNU 9.2.0
C compiler flags:   -mavx512f -mfma -fexcess-precision=fast -funroll-all-loops -O3 -DNDEBUG
C++ compiler:       /opt/gcc-9.2.0/bin/g++ GNU 9.2.0
C++ compiler flags: -mavx512f -mfma -fexcess-precision=fast -funroll-all-loops -fopenmp -O3 -DNDEBUG


Running on 5 nodes with total 220 cores, 220 logical cores
  Cores per node:           44
  Logical cores per node:   44
Hardware detected on host ip-0A00000E (the node of MPI rank 0):
  CPU info:
    Vendor: Intel
    Brand:  Intel(R) Xeon(R) Platinum 8168 CPU @ 2.70GHz
    Family: 6   Model: 85   Stepping: 4
    Features: aes apic avx avx2 avx512f avx512cd avx512bw avx512vl clfsh cmov cx8 cx16 f16c fma hle intel lahf mmx msr pcid pclmuldq pdpe1gb popcnt pse rdrnd rdtscp rtm sse2 sse3 sse4.1 sse4.2 ssse3
    Number of AVX-512 FMA units: 2
  Hardware topology: Only logical processor count


++++ PLEASE READ AND CITE THE FOLLOWING REFERENCE ++++
M. J. Abraham, T. Murtola, R. Schulz, S. Páll, J. C. Smith, B. Hess, E.
Lindahl
GROMACS: High performance molecular simulations through multi-level
parallelism from laptops to supercomputers
SoftwareX 1 (2015) pp. 19-25
-------- -------- --- Thank You --- -------- --------


++++ PLEASE READ AND CITE THE FOLLOWING REFERENCE ++++
S. Páll, M. J. Abraham, C. Kutzner, B. Hess, E. Lindahl
Tackling Exascale Software Challenges in Molecular Dynamics Simulations with
GROMACS
In S. Markidis & E. Laure (Eds.), Solving Software Challenges for Exascale 8759 (2015) pp. 3-27
-------- -------- --- Thank You --- -------- --------


++++ PLEASE READ AND CITE THE FOLLOWING REFERENCE ++++
S. Pronk, S. Páll, R. Schulz, P. Larsson, P. Bjelkmar, R. Apostolov, M. R.
Shirts, J. C. Smith, P. M. Kasson, D. van der Spoel, B. Hess, and E. Lindahl
GROMACS 4.5: a high-throughput and highly parallel open source molecular
simulation toolkit
Bioinformatics 29 (2013) pp. 845-54
-------- -------- --- Thank You --- -------- --------


++++ PLEASE READ AND CITE THE FOLLOWING REFERENCE ++++
B. Hess and C. Kutzner and D. van der Spoel and E. Lindahl
GROMACS 4: Algorithms for highly efficient, load-balanced, and scalable
molecular simulation
J. Chem. Theory Comput. 4 (2008) pp. 435-447
-------- -------- --- Thank You --- -------- --------


++++ PLEASE READ AND CITE THE FOLLOWING REFERENCE ++++
D. van der Spoel, E. Lindahl, B. Hess, G. Groenhof, A. E. Mark and H. J. C.
Berendsen
GROMACS: Fast, Flexible and Free
J. Comp. Chem. 26 (2005) pp. 1701-1719
-------- -------- --- Thank You --- -------- --------


++++ PLEASE READ AND CITE THE FOLLOWING REFERENCE ++++
E. Lindahl and B. Hess and D. van der Spoel
GROMACS 3.0: A package for molecular simulation and trajectory analysis
J. Mol. Mod. 7 (2001) pp. 306-317
-------- -------- --- Thank You --- -------- --------


++++ PLEASE READ AND CITE THE FOLLOWING REFERENCE ++++
H. J. C. Berendsen, D. van der Spoel and R. van Drunen
GROMACS: A message-passing parallel molecular dynamics implementation
Comp. Phys. Comm. 91 (1995) pp. 43-56
-------- -------- --- Thank You --- -------- --------


++++ PLEASE CITE THE DOI FOR THIS VERSION OF GROMACS ++++
https://doi.org/10.5281/zenodo.4054979
-------- -------- --- Thank You --- -------- --------

Input Parameters:
   integrator                     = md
   tinit                          = 0
   dt                             = 0.002
   nsteps                         = 5000000
   init-step                      = 0
   simulation-part                = 1
   comm-mode                      = Linear
   nstcomm                        = 100
   bd-fric                        = 0
   ld-seed                        = 269673903
   emtol                          = 10
   emstep                         = 0.01
   niter                          = 20
   fcstep                         = 0
   nstcgsteep                     = 1000
   nbfgscorr                      = 10
   rtpi                           = 0.05
   nstxout                        = 1000
   nstvout                        = 50000
   nstfout                        = 50000
   nstlog                         = 1000
   nstcalcenergy                  = 100
   nstenergy                      = 1000
   nstxout-compressed             = 0
   compressed-x-precision         = 1000
   cutoff-scheme                  = Verlet
   nstlist                        = 40
   pbc                            = xyz
   periodic-molecules             = false
   verlet-buffer-tolerance        = 0.005
   rlist                          = 1.288
   coulombtype                    = PME
   coulomb-modifier               = Potential-shift
   rcoulomb-switch                = 0
   rcoulomb                       = 1.2
   epsilon-r                      = 1
   epsilon-rf                     = inf
   vdw-type                       = Cut-off
   vdw-modifier                   = Force-switch
   rvdw-switch                    = 1
   rvdw                           = 1.2
   DispCorr                       = No
   table-extension                = 1
   fourierspacing                 = 0.12
   fourier-nx                     = 160
   fourier-ny                     = 160
   fourier-nz                     = 160
   pme-order                      = 4
   ewald-rtol                     = 1e-05
   ewald-rtol-lj                  = 0.001
   lj-pme-comb-rule               = Geometric
   ewald-geometry                 = 0
   epsilon-surface                = 0
   tcoupl                         = Nose-Hoover
   nsttcouple                     = 40
   nh-chain-length                = 1
   print-nose-hoover-chain-variables = false
   pcoupl                         = Parrinello-Rahman
   pcoupltype                     = Semiisotropic
   nstpcouple                     = 40
   tau-p                          = 5
   compressibility (3x3):
      compressibility[    0]={ 4.50000e-05,  0.00000e+00,  0.00000e+00}
      compressibility[    1]={ 0.00000e+00,  4.50000e-05,  0.00000e+00}
      compressibility[    2]={ 0.00000e+00,  0.00000e+00,  4.50000e-05}
   ref-p (3x3):
      ref-p[    0]={ 1.00000e+00,  0.00000e+00,  0.00000e+00}
      ref-p[    1]={ 0.00000e+00,  1.00000e+00,  0.00000e+00}
      ref-p[    2]={ 0.00000e+00,  0.00000e+00,  1.00000e+00}
   refcoord-scaling               = COM
   posres-com (3):
      posres-com[0]= 0.00000e+00
      posres-com[1]= 0.00000e+00
      posres-com[2]= 0.00000e+00
   posres-comB (3):
      posres-comB[0]= 0.00000e+00
      posres-comB[1]= 0.00000e+00
      posres-comB[2]= 0.00000e+00
   QMMM                           = false
   QMconstraints                  = 0
   QMMMscheme                     = 0
   MMChargeScaleFactor            = 1
qm-opts:
   ngQM                           = 0
   constraint-algorithm           = Lincs
   continuation                   = true
   Shake-SOR                      = false
   shake-tol                      = 0.0001
   lincs-order                    = 4
   lincs-iter                     = 1
   lincs-warnangle                = 30
   nwall                          = 0
   wall-type                      = 9-3
   wall-r-linpot                  = -1
   wall-atomtype[0]               = -1
   wall-atomtype[1]               = -1
   wall-density[0]                = 0
   wall-density[1]                = 0
   wall-ewald-zfac                = 3
   pull                           = false
   awh                            = false
   rotation                       = false
   interactiveMD                  = false
   disre                          = No
   disre-weighting                = Conservative
   disre-mixed                    = false
   dr-fc                          = 1000
   dr-tau                         = 0
   nstdisreout                    = 100
   orire-fc                       = 0
   orire-tau                      = 0
   nstorireout                    = 100
   free-energy                    = no
   cos-acceleration               = 0
   deform (3x3):
      deform[    0]={ 0.00000e+00,  0.00000e+00,  0.00000e+00}
      deform[    1]={ 0.00000e+00,  0.00000e+00,  0.00000e+00}
      deform[    2]={ 0.00000e+00,  0.00000e+00,  0.00000e+00}
   simulated-tempering            = false
   swapcoords                     = no
   userint1                       = 0
   userint2                       = 0
   userint3                       = 0
   userint4                       = 0
   userreal1                      = 0
   userreal2                      = 0
   userreal3                      = 0
   userreal4                      = 0
   applied-forces:
     electric-field:
       x:
         E0                       = 0
         omega                    = 0
         t0                       = 0
         sigma                    = 0
       y:
         E0                       = 0
         omega                    = 0
         t0                       = 0
         sigma                    = 0
       z:
         E0                       = 0
         omega                    = 0
         t0                       = 0
         sigma                    = 0
     density-guided-simulation:
       active                     = false
       group                      = protein
       similarity-measure         = inner-product
       atom-spreading-weight      = unity
       force-constant             = 1e+09
       gaussian-transform-spreading-width = 0.2
       gaussian-transform-spreading-range-in-multiples-of-width = 4
       reference-density-filename = reference.mrc
       nst                        = 1
       normalize-densities        = true
       adaptive-force-scaling     = false
       adaptive-force-scaling-time-constant = 4
grpopts:
   nrdf:  1.22268e+06
   ref-t:      303.15
   tau-t:           1
annealing:          No
annealing-npoints:           0
   acc:	           0           0           0
   nfreeze:           N           N           N
   energygrp-flags[  0]: 0

The -nsteps functionality is deprecated, and may be removed in a future version. Consider using gmx convert-tpr -nsteps or changing the appropriate .mdp file field.

Overriding nsteps with value passed on the command line: 10000 steps, 20 ps
Changing nstlist from 40 to 80, rlist from 1.288 to 1.332


Initializing Domain Decomposition on 50 ranks
Dynamic load balancing: on
Using update groups, nr 204401, average size 3.0 atoms, max. radius 0.103 nm
Minimum cell size due to atom displacement: 0.561 nm
Initial maximum distances in bonded interactions:
    two-body bonded interactions: 0.438 nm, LJ-14, atoms 6318 6326
  multi-body bonded interactions: 0.438 nm, Ryckaert-Bell., atoms 6318 6326
Minimum cell size due to bonded interactions: 0.481 nm
Scaling the initial minimum size with 1/0.8 (option -dds) = 1.25
Guess for relative PME load: 0.21
Will use 36 particle-particle and 14 PME only ranks
This is a guess, check the performance at the end of the log file
Using 14 separate PME ranks, as guessed by mdrun
Optimizing the DD grid for 36 cells with a minimum initial size of 0.701 nm
The maximum allowed number of cells is: X 26 Y 26 Z 26
Domain decomposition grid 4 x 3 x 3, separate PME ranks 14
PME domain decomposition: 14 x 1 x 1
Interleaving PP and PME ranks
This rank does only particle-particle work.
Domain decomposition rank 0, coordinates 0 0 0

The maximum number of communication pulses is: X 1 Y 1 Z 1
The minimum size for domain decomposition cells is 1.539 nm
The requested allowed shrink of DD cells (option -dds) is: 0.80
The allowed shrink of domain decomposition cells is: X 0.33 Y 0.25 Z 0.25
The maximum allowed distance for atom groups involved in interactions is:
                 non-bonded interactions           1.539 nm
            two-body bonded interactions  (-rdd)   1.539 nm
          multi-body bonded interactions  (-rdd)   1.539 nm
Using two step summing over 5 groups of on average 7.2 ranks


Using 50 MPI processes

Non-default thread affinity set, disabling internal thread affinity

Using 4 OpenMP threads per MPI process

System total charge: 0.000
Will do PME sum in reciprocal space for electrostatic interactions.

++++ PLEASE READ AND CITE THE FOLLOWING REFERENCE ++++
U. Essmann, L. Perera, M. L. Berkowitz, T. Darden, H. Lee and L. G. Pedersen 
A smooth particle mesh Ewald method
J. Chem. Phys. 103 (1995) pp. 8577-8592
-------- -------- --- Thank You --- -------- --------

Using a Gaussian width (1/beta) of 0.384195 nm for Ewald
Potential shift: LJ r^-12: -2.648e-01 r^-6: -5.349e-01, Ewald -8.333e-06
Initialized non-bonded Ewald tables, spacing: 1.02e-03 size: 1176

Generated table with 1166 data points for 1-4 COUL.
Tabscale = 500 points/nm
Generated table with 1166 data points for 1-4 LJ6.
Tabscale = 500 points/nm
Generated table with 1166 data points for 1-4 LJ12.
Tabscale = 500 points/nm

Using SIMD 4x8 nonbonded short-range kernels

Using a dual 4x8 pair-list setup updated with dynamic pruning:
  outer list: updated every 80 steps, buffer 0.132 nm, rlist 1.332 nm
  inner list: updated every 12 steps, buffer 0.001 nm, rlist 1.201 nm
At tolerance 0.005 kJ/mol/ps per atom, equivalent classical 1x1 list would be:
  outer list: updated every 80 steps, buffer 0.280 nm, rlist 1.480 nm
  inner list: updated every 12 steps, buffer 0.047 nm, rlist 1.247 nm


Initializing LINear Constraint Solver

++++ PLEASE READ AND CITE THE FOLLOWING REFERENCE ++++
B. Hess and H. Bekker and H. J. C. Berendsen and J. G. E. M. Fraaije
LINCS: A Linear Constraint Solver for molecular simulations
J. Comp. Chem. 18 (1997) pp. 1463-1472
-------- -------- --- Thank You --- -------- --------

The number of constraints is 3472

++++ PLEASE READ AND CITE THE FOLLOWING REFERENCE ++++
S. Miyamoto and P. A. Kollman
SETTLE: An Analytical Version of the SHAKE and RATTLE Algorithms for Rigid
Water Models
J. Comp. Chem. 13 (1992) pp. 952-962
-------- -------- --- Thank You --- -------- --------


Linking all bonded interactions to atoms


Intra-simulation communication will occur every 20 steps.
There are: 609561 Atoms
Atom distribution over 36 domains: av 16932 stddev 137 min 16740 max 17255
Center of mass motion removal mode is Linear
We have the following groups for center of mass motion removal:
  0:  System

Started mdrun on rank 0 Tue Nov 10 17:32:39 2020

           Step           Time
              0        0.00000

   Energies (kJ/mol)
           Bond          Angle    Proper Dih. Ryckaert-Bell.          LJ-14
    5.48835e+03    1.46020e+04    8.16912e+02    6.52203e+03    9.29632e+03
     Coulomb-14        LJ (SR)   Coulomb (SR)   Coul. recip.      Potential
    3.82033e+04    1.77913e+06   -1.12392e+07    2.72492e+04   -9.35788e+06
    Kinetic En.   Total Energy  Conserved En.    Temperature Pressure (bar)
    1.54709e+06   -7.81078e+06   -7.81041e+06    3.04369e+02   -2.89228e+02
   Constr. rmsd
    4.73317e-06


DD  step 79  vol min/aver 1.000  load imb.: force 18.7%  pme mesh/force 1.443
step  800: timed with pme grid 160 160 160, coulomb cutoff 1.200: 1140.8 M-cycles
step  960: timed with pme grid 128 128 128, coulomb cutoff 1.437: 1145.3 M-cycles
           Step           Time
           1000        2.00000

   Energies (kJ/mol)
           Bond          Angle    Proper Dih. Ryckaert-Bell.          LJ-14
    5.32474e+03    1.41275e+04    8.67881e+02    6.69664e+03    9.43034e+03
     Coulomb-14        LJ (SR)   Coulomb (SR)   Coul. recip.      Potential
    3.83168e+04    1.81234e+06   -1.12840e+07    9.95070e+03   -9.38695e+06
    Kinetic En.   Total Energy  Conserved En.    Temperature Pressure (bar)
    1.54687e+06   -7.84008e+06   -7.81423e+06    3.04326e+02    2.45281e+02
   Constr. rmsd
    4.72418e-06

step 1120: timed with pme grid 112 112 112, coulomb cutoff 1.642: 1496.0 M-cycles
step 1280: timed with pme grid 120 120 120, coulomb cutoff 1.532: 1306.4 M-cycles
step 1440: timed with pme grid 128 128 128, coulomb cutoff 1.437: 1097.2 M-cycles
step 1600: timed with pme grid 144 144 144, coulomb cutoff 1.277: 957.2 M-cycles
step 1760: timed with pme grid 160 160 160, coulomb cutoff 1.200: 1157.6 M-cycles
step 1920: timed with pme grid 144 144 144, coulomb cutoff 1.277: 975.5 M-cycles
              optimal pme grid 144 144 144, coulomb cutoff 1.277

DD  step 1999  vol min/aver 0.846  load imb.: force  2.5%  pme mesh/force 1.097
           Step           Time
           2000        4.00000

   Energies (kJ/mol)
           Bond          Angle    Proper Dih. Ryckaert-Bell.          LJ-14
    5.41174e+03    1.40975e+04    8.72736e+02    6.38964e+03    9.34999e+03
     Coulomb-14        LJ (SR)   Coulomb (SR)   Coul. recip.      Potential
    3.81985e+04    1.78633e+06   -1.12590e+07    2.22394e+04   -9.37611e+06
    Kinetic En.   Total Energy  Conserved En.    Temperature Pressure (bar)
    1.54022e+06   -7.83589e+06   -7.81395e+06    3.03017e+02   -9.79268e+01
   Constr. rmsd
    4.70418e-06

           Step           Time
           3000        6.00000

   Energies (kJ/mol)
           Bond          Angle    Proper Dih. Ryckaert-Bell.          LJ-14
    5.58012e+03    1.40023e+04    8.10245e+02    6.59348e+03    9.46229e+03
     Coulomb-14        LJ (SR)   Coulomb (SR)   Coul. recip.      Potential
    3.83619e+04    1.78874e+06   -1.12542e+07    2.19491e+04   -9.36866e+06
    Kinetic En.   Total Energy  Conserved En.    Temperature Pressure (bar)
    1.54272e+06   -7.82594e+06   -7.81535e+06    3.03509e+02   -2.87756e+00
   Constr. rmsd
    4.67987e-06


DD  step 3999  vol min/aver 0.856  load imb.: force  1.4%  pme mesh/force 1.151
           Step           Time
           4000        8.00000

   Energies (kJ/mol)
           Bond          Angle    Proper Dih. Ryckaert-Bell.          LJ-14
    5.21445e+03    1.43022e+04    9.16519e+02    6.56589e+03    9.35488e+03
     Coulomb-14        LJ (SR)   Coulomb (SR)   Coul. recip.      Potential
    3.82279e+04    1.79793e+06   -1.12661e+07    2.24832e+04   -9.37111e+06
    Kinetic En.   Total Energy  Conserved En.    Temperature Pressure (bar)
    1.54188e+06   -7.82922e+06   -7.81501e+06    3.03344e+02    4.98150e+01
   Constr. rmsd
    4.81407e-06

           Step           Time
           5000       10.00000

   Energies (kJ/mol)
           Bond          Angle    Proper Dih. Ryckaert-Bell.          LJ-14
    5.36836e+03    1.42563e+04    7.78737e+02    6.47537e+03    9.54860e+03
     Coulomb-14        LJ (SR)   Coulomb (SR)   Coul. recip.      Potential
    3.83608e+04    1.79759e+06   -1.12725e+07    2.20513e+04   -9.37804e+06
    Kinetic En.   Total Energy  Conserved En.    Temperature Pressure (bar)
    1.54353e+06   -7.83451e+06   -7.81190e+06    3.03669e+02    5.75674e+01
   Constr. rmsd
    4.67257e-06


DD  step 5999  vol min/aver 0.847  load imb.: force  1.3%  pme mesh/force 1.127
           Step           Time
           6000       12.00000

   Energies (kJ/mol)
           Bond          Angle    Proper Dih. Ryckaert-Bell.          LJ-14
    5.44174e+03    1.43466e+04    8.91523e+02    6.69893e+03    9.47351e+03
     Coulomb-14        LJ (SR)   Coulomb (SR)   Coul. recip.      Potential
    3.82388e+04    1.79934e+06   -1.12744e+07    2.18503e+04   -9.37811e+06
    Kinetic En.   Total Energy  Conserved En.    Temperature Pressure (bar)
    1.54337e+06   -7.83474e+06   -7.81180e+06    3.03636e+02    5.28728e+01
   Constr. rmsd
    4.73718e-06

           Step           Time
           7000       14.00000

   Energies (kJ/mol)
           Bond          Angle    Proper Dih. Ryckaert-Bell.          LJ-14
    5.58385e+03    1.40485e+04    8.16789e+02    6.51989e+03    9.36164e+03
     Coulomb-14        LJ (SR)   Coulomb (SR)   Coul. recip.      Potential
    3.83854e+04    1.79693e+06   -1.12728e+07    2.19630e+04   -9.37919e+06
    Kinetic En.   Total Energy  Conserved En.    Temperature Pressure (bar)
    1.54496e+06   -7.83423e+06   -7.81378e+06    3.03950e+02    2.40452e+01
   Constr. rmsd
    4.89954e-06


DD  step 7999  vol min/aver 0.866  load imb.: force  1.7%  pme mesh/force 1.108
           Step           Time
           8000       16.00000

   Energies (kJ/mol)
           Bond          Angle    Proper Dih. Ryckaert-Bell.          LJ-14
    5.31772e+03    1.42886e+04    8.40836e+02    6.53216e+03    9.56171e+03
     Coulomb-14        LJ (SR)   Coulomb (SR)   Coul. recip.      Potential
    3.81285e+04    1.78828e+06   -1.12581e+07    2.20169e+04   -9.37309e+06
    Kinetic En.   Total Energy  Conserved En.    Temperature Pressure (bar)
    1.53831e+06   -7.83478e+06   -7.81114e+06    3.02642e+02   -3.37781e+01
   Constr. rmsd
    4.60907e-06

           Step           Time
           9000       18.00000

   Energies (kJ/mol)
           Bond          Angle    Proper Dih. Ryckaert-Bell.          LJ-14
    5.22488e+03    1.40516e+04    8.67669e+02    6.53719e+03    9.39317e+03
     Coulomb-14        LJ (SR)   Coulomb (SR)   Coul. recip.      Potential
    3.82992e+04    1.79255e+06   -1.12761e+07    2.19126e+04   -9.38730e+06
    Kinetic En.   Total Energy  Conserved En.    Temperature Pressure (bar)
    1.53664e+06   -7.85066e+06   -7.81341e+06    3.02313e+02   -2.86045e+01
   Constr. rmsd
    4.86360e-06


DD  step 9999  vol min/aver 0.844  load imb.: force  0.9%  pme mesh/force 1.144
           Step           Time
          10000       20.00000

Writing checkpoint, step 10000 at Tue Nov 10 17:33:51 2020


   Energies (kJ/mol)
           Bond          Angle    Proper Dih. Ryckaert-Bell.          LJ-14
    5.26951e+03    1.42776e+04    9.04565e+02    6.55189e+03    9.47532e+03
     Coulomb-14        LJ (SR)   Coulomb (SR)   Coul. recip.      Potential
    3.82199e+04    1.78947e+06   -1.12637e+07    2.19147e+04   -9.37758e+06
    Kinetic En.   Total Energy  Conserved En.    Temperature Pressure (bar)
    1.54139e+06   -7.83619e+06   -7.81437e+06    3.03247e+02   -2.79245e+01
   Constr. rmsd
    4.73423e-06


	<======  ###############  ==>
	<====  A V E R A G E S  ====>
	<==  ###############  ======>

	Statistics over 10001 steps using 101 frames

   Energies (kJ/mol)
           Bond          Angle    Proper Dih. Ryckaert-Bell.          LJ-14
    5.37691e+03    1.42701e+04    8.57607e+02    6.55717e+03    9.39849e+03
     Coulomb-14        LJ (SR)   Coulomb (SR)   Coul. recip.      Potential
    3.82313e+04    1.79346e+06   -1.12668e+07    2.19110e+04   -9.37671e+06
    Kinetic En.   Total Energy  Conserved En.    Temperature Pressure (bar)
    1.54124e+06   -7.83547e+06   -7.81441e+06    3.03218e+02    8.67775e-01
   Constr. rmsd
    0.00000e+00

          Box-X          Box-Y          Box-Z
    1.83886e+01    1.83886e+01    1.81486e+01

   Total Virial (kJ/mol)
    5.13838e+05   -7.52702e+01    1.01159e+02
   -9.98182e+01    5.13969e+05    2.63997e+02
    1.07621e+02    2.41967e+02    5.13069e+05

   Pressure (bar)
   -9.18373e-02    7.48674e-01   -8.21847e-02
    8.79669e-01   -7.33855e-01   -1.43381e+00
   -1.17805e-01   -1.31381e+00    3.42902e+00


       P P   -   P M E   L O A D   B A L A N C I N G

 PP/PME load balancing changed the cut-off and PME settings:
           particle-particle                    PME
            rcoulomb  rlist            grid      spacing   1/beta
   initial  1.200 nm  1.201 nm     160 160 160   0.115 nm  0.384 nm
   final    1.277 nm  1.278 nm     144 144 144   0.128 nm  0.409 nm
 cost-ratio           1.21             0.73
 (note that these numbers concern only part of the total PP and PME load)


	M E G A - F L O P S   A C C O U N T I N G

 NB=Group-cutoff nonbonded kernels    NxN=N-by-N cluster Verlet kernels
 RF=Reaction-Field  VdW=Van der Waals  QSTab=quadratic-spline table
 W3=SPC/TIP3p  W4=TIP4p (single or pairs)
 V&F=Potential and force  V=Potential only  F=Force only

 Computing:                               M-Number         M-Flops  % Flops
-----------------------------------------------------------------------------
 Pair Search distance check           49140.847508      442267.628     0.1
 NxN Ewald Elec. + LJ [F]           3264833.482192   254657011.611    54.2
 NxN Ewald Elec. + LJ [V&F]           33365.437568     4304141.446     0.9
 NxN Ewald Elec. [F]                3159409.148400   192723958.052    41.0
 NxN Ewald Elec. [V&F]                32288.134336     2712203.284     0.6
 1,4 nonbonded interactions             184.638462       16617.462     0.0
 Calc Weights                         18288.658683      658391.713     0.1
 Spread Q Bspline                    390158.051904      780316.104     0.2
 Gather F Bspline                    390158.051904     2340948.311     0.5
 3D-FFT                             1300726.871684    10405814.973     2.2
 Solve PME                              208.333056       13333.316     0.0
 Reset In Box                            76.195125         228.585     0.0
 CG-CoM                                  76.804686         230.414     0.0
 Bonds                                   36.283628        2140.734     0.0
 Angles                                 128.052804       21512.871     0.0
 Propers                                 14.741474        3375.798     0.0
 RB-Dihedrals                           144.634462       35724.712     0.0
 Virial                                 183.965481        3311.379     0.0
 Stop-CM                                 61.565661         615.657     0.0
 Calc-Ekin                              610.780122       16491.063     0.0
 Lincs                                   34.723472        2083.408     0.0
 Lincs-Mat                              174.737472         698.950     0.0
 Constraint-V                          6095.369476       48762.956     0.0
 Constraint-Vir                         182.407204        4377.773     0.0
 Settle                                2008.640844      648790.993     0.1
-----------------------------------------------------------------------------
 Total                                               469843349.192   100.0
-----------------------------------------------------------------------------


    D O M A I N   D E C O M P O S I T I O N   S T A T I S T I C S

 av. #atoms communicated per step for force:  2 x 613626.8


Dynamic load balancing report:
 DLB was permanently on during the run per user request.
 Average load imbalance: 2.8%.
 The balanceable part of the MD step is 71%, load imbalance is computed from this.
 Part of the total run time spent waiting due to load imbalance: 2.0%.
 Steps where the load balancing was limited by -rdd, -rcon and/or -dds: X 0 % Y 0 % Z 0 %
 Average PME mesh/force load: 0.979
 Part of the total run time spent waiting due to PP/PME imbalance: 0.5 %


     R E A L   C Y C L E   A N D   T I M E   A C C O U N T I N G

On 36 MPI ranks doing PP, each using 4 OpenMP threads, and
on 14 MPI ranks doing PME, each using 4 OpenMP threads

 Computing:          Num   Num      Call    Wall time         Giga-Cycles
                     Ranks Threads  Count      (s)         total sum    %
-----------------------------------------------------------------------------
 Domain decomp.        36    4        125       5.596       2169.304   5.5
 DD comm. load         36    4        125       0.004          1.680   0.0
 DD comm. bounds       36    4        125       0.034         13.320   0.0
 Send X to PME         36    4      10001       2.229        864.204   2.2
 Neighbor search       36    4        126       1.547        599.674   1.5
 Comm. coord.          36    4       9875       4.056       1572.222   4.0
 Force                 36    4      10001      44.537      17265.881  43.5
 Wait + Comm. F        36    4      10001       4.968       1925.828   4.9
 PME mesh *            14    4      10001      55.349       8344.420  21.0
 PME wait for PP *                             18.308       2760.176   7.0
 Wait + Recv. PME F    36    4      10001       5.793       2245.907   5.7
 NB X/F buffer ops.    36    4      29751       0.973        377.029   1.0
 Write traj.           36    4         11       0.130         50.454   0.1
 Update                36    4      10001       0.323        125.095   0.3
 Constraints           36    4      10001       0.885        343.003   0.9
 Comm. energies        36    4        501       2.435        943.796   2.4
 Rest                                           0.156         60.388   0.2
-----------------------------------------------------------------------------
 Total                                         73.665      39663.590 100.0
-----------------------------------------------------------------------------
(*) Note that with separate PME ranks, the walltime column actually sums to
    twice the total reported, but the cycle count total and % are correct.
-----------------------------------------------------------------------------
 Breakdown of PME mesh computation
-----------------------------------------------------------------------------
 PME redist. X/F       14    4      20002      15.930       2401.583   6.1
 PME spread            14    4      10001      10.747       1620.185   4.1
 PME gather            14    4      10001       8.331       1256.017   3.2
 PME 3D-FFT            14    4      20002       8.160       1230.169   3.1
 PME 3D-FFT Comm.      14    4      20002      11.679       1760.688   4.4
 PME solve Elec        14    4      10001       0.456         68.693   0.2
-----------------------------------------------------------------------------

               Core t (s)   Wall t (s)        (%)
       Time:    14724.828       73.665    19988.9
                 (ns/day)    (hour/ns)
Performance:       23.460        1.023
Finished mdrun on rank 0 Tue Nov 10 17:33:53 2020

