                      :-) GROMACS - gmx mdrun, 2020.4 (-:

                            GROMACS is written by:
     Emile Apol      Rossen Apostolov      Paul Bauer     Herman J.C. Berendsen
    Par Bjelkmar      Christian Blau   Viacheslav Bolnykh     Kevin Boyd    
 Aldert van Buuren   Rudi van Drunen     Anton Feenstra       Alan Gray     
  Gerrit Groenhof     Anca Hamuraru    Vincent Hindriksen  M. Eric Irrgang  
  Aleksei Iupinov   Christoph Junghans     Joe Jordan     Dimitrios Karkoulis
    Peter Kasson        Jiri Kraus      Carsten Kutzner      Per Larsson    
  Justin A. Lemkul    Viveca Lindahl    Magnus Lundborg     Erik Marklund   
    Pascal Merz     Pieter Meulenhoff    Teemu Murtola       Szilard Pall   
    Sander Pronk      Roland Schulz      Michael Shirts    Alexey Shvetsov  
   Alfons Sijbers     Peter Tieleman      Jon Vincent      Teemu Virolainen 
 Christian Wennberg    Maarten Wolf      Artem Zhmurov   
                           and the project leaders:
        Mark Abraham, Berk Hess, Erik Lindahl, and David van der Spoel

Copyright (c) 1991-2000, University of Groningen, The Netherlands.
Copyright (c) 2001-2019, The GROMACS development team at
Uppsala University, Stockholm University and
the Royal Institute of Technology, Sweden.
check out http://www.gromacs.org for more information.

GROMACS is free software; you can redistribute it and/or modify it
under the terms of the GNU Lesser General Public License
as published by the Free Software Foundation; either version 2.1
of the License, or (at your option) any later version.

GROMACS:      gmx mdrun, version 2020.4
Executable:   /data/ccuser/libraries/gromacs_no_gpu/gromacs-2020.4/build/bin/gmx_mpi
Data prefix:  /data/ccuser/libraries/gromacs_no_gpu/gromacs-2020.4 (source tree)
Working dir:  /data/ccuser/scc2020/gromacs/competition/SCC_Gromacs/Task2/OPLS
Process ID:   7192
Command line:
  gmx_mpi mdrun -deffnm md_scale_30_3 -nsteps 10000 -ntomp 4 -dlb yes -tunepme yes -v

GROMACS version:    2020.4
Verified release checksum is 79c2857291b034542c26e90512b92fd4b184a1c9d6fa59c55f2e24ccf14e7281
Precision:          single
Memory model:       64 bit
MPI library:        MPI
OpenMP support:     enabled (GMX_OPENMP_MAX_THREADS = 64)
GPU support:        disabled
SIMD instructions:  AVX_512
FFT library:        fftw-3.3.8-sse2-avx-avx2-avx2_128-avx512
RDTSCP usage:       enabled
TNG support:        enabled
Hwloc support:      disabled
Tracing support:    disabled
C compiler:         /opt/gcc-9.2.0/bin/gcc GNU 9.2.0
C compiler flags:   -mavx512f -mfma -fexcess-precision=fast -funroll-all-loops -O3 -DNDEBUG
C++ compiler:       /opt/gcc-9.2.0/bin/g++ GNU 9.2.0
C++ compiler flags: -mavx512f -mfma -fexcess-precision=fast -funroll-all-loops -fopenmp -O3 -DNDEBUG


Running on 3 nodes with total 132 cores, 132 logical cores
  Cores per node:           44
  Logical cores per node:   44
Hardware detected on host ip-0A00000E (the node of MPI rank 0):
  CPU info:
    Vendor: Intel
    Brand:  Intel(R) Xeon(R) Platinum 8168 CPU @ 2.70GHz
    Family: 6   Model: 85   Stepping: 4
    Features: aes apic avx avx2 avx512f avx512cd avx512bw avx512vl clfsh cmov cx8 cx16 f16c fma hle intel lahf mmx msr pcid pclmuldq pdpe1gb popcnt pse rdrnd rdtscp rtm sse2 sse3 sse4.1 sse4.2 ssse3
    Number of AVX-512 FMA units: 2
  Hardware topology: Only logical processor count


++++ PLEASE READ AND CITE THE FOLLOWING REFERENCE ++++
M. J. Abraham, T. Murtola, R. Schulz, S. Páll, J. C. Smith, B. Hess, E.
Lindahl
GROMACS: High performance molecular simulations through multi-level
parallelism from laptops to supercomputers
SoftwareX 1 (2015) pp. 19-25
-------- -------- --- Thank You --- -------- --------


++++ PLEASE READ AND CITE THE FOLLOWING REFERENCE ++++
S. Páll, M. J. Abraham, C. Kutzner, B. Hess, E. Lindahl
Tackling Exascale Software Challenges in Molecular Dynamics Simulations with
GROMACS
In S. Markidis & E. Laure (Eds.), Solving Software Challenges for Exascale 8759 (2015) pp. 3-27
-------- -------- --- Thank You --- -------- --------


++++ PLEASE READ AND CITE THE FOLLOWING REFERENCE ++++
S. Pronk, S. Páll, R. Schulz, P. Larsson, P. Bjelkmar, R. Apostolov, M. R.
Shirts, J. C. Smith, P. M. Kasson, D. van der Spoel, B. Hess, and E. Lindahl
GROMACS 4.5: a high-throughput and highly parallel open source molecular
simulation toolkit
Bioinformatics 29 (2013) pp. 845-54
-------- -------- --- Thank You --- -------- --------


++++ PLEASE READ AND CITE THE FOLLOWING REFERENCE ++++
B. Hess and C. Kutzner and D. van der Spoel and E. Lindahl
GROMACS 4: Algorithms for highly efficient, load-balanced, and scalable
molecular simulation
J. Chem. Theory Comput. 4 (2008) pp. 435-447
-------- -------- --- Thank You --- -------- --------


++++ PLEASE READ AND CITE THE FOLLOWING REFERENCE ++++
D. van der Spoel, E. Lindahl, B. Hess, G. Groenhof, A. E. Mark and H. J. C.
Berendsen
GROMACS: Fast, Flexible and Free
J. Comp. Chem. 26 (2005) pp. 1701-1719
-------- -------- --- Thank You --- -------- --------


++++ PLEASE READ AND CITE THE FOLLOWING REFERENCE ++++
E. Lindahl and B. Hess and D. van der Spoel
GROMACS 3.0: A package for molecular simulation and trajectory analysis
J. Mol. Mod. 7 (2001) pp. 306-317
-------- -------- --- Thank You --- -------- --------


++++ PLEASE READ AND CITE THE FOLLOWING REFERENCE ++++
H. J. C. Berendsen, D. van der Spoel and R. van Drunen
GROMACS: A message-passing parallel molecular dynamics implementation
Comp. Phys. Comm. 91 (1995) pp. 43-56
-------- -------- --- Thank You --- -------- --------


++++ PLEASE CITE THE DOI FOR THIS VERSION OF GROMACS ++++
https://doi.org/10.5281/zenodo.4054979
-------- -------- --- Thank You --- -------- --------

Input Parameters:
   integrator                     = md
   tinit                          = 0
   dt                             = 0.002
   nsteps                         = 5000000
   init-step                      = 0
   simulation-part                = 1
   comm-mode                      = Linear
   nstcomm                        = 100
   bd-fric                        = 0
   ld-seed                        = 731360515
   emtol                          = 10
   emstep                         = 0.01
   niter                          = 20
   fcstep                         = 0
   nstcgsteep                     = 1000
   nbfgscorr                      = 10
   rtpi                           = 0.05
   nstxout                        = 1000
   nstvout                        = 50000
   nstfout                        = 50000
   nstlog                         = 1000
   nstcalcenergy                  = 100
   nstenergy                      = 1000
   nstxout-compressed             = 0
   compressed-x-precision         = 1000
   cutoff-scheme                  = Verlet
   nstlist                        = 40
   pbc                            = xyz
   periodic-molecules             = false
   verlet-buffer-tolerance        = 0.005
   rlist                          = 1.288
   coulombtype                    = PME
   coulomb-modifier               = Potential-shift
   rcoulomb-switch                = 0
   rcoulomb                       = 1.2
   epsilon-r                      = 1
   epsilon-rf                     = inf
   vdw-type                       = Cut-off
   vdw-modifier                   = Force-switch
   rvdw-switch                    = 1
   rvdw                           = 1.2
   DispCorr                       = No
   table-extension                = 1
   fourierspacing                 = 0.12
   fourier-nx                     = 160
   fourier-ny                     = 160
   fourier-nz                     = 160
   pme-order                      = 4
   ewald-rtol                     = 1e-05
   ewald-rtol-lj                  = 0.001
   lj-pme-comb-rule               = Geometric
   ewald-geometry                 = 0
   epsilon-surface                = 0
   tcoupl                         = Nose-Hoover
   nsttcouple                     = 40
   nh-chain-length                = 1
   print-nose-hoover-chain-variables = false
   pcoupl                         = Parrinello-Rahman
   pcoupltype                     = Semiisotropic
   nstpcouple                     = 40
   tau-p                          = 5
   compressibility (3x3):
      compressibility[    0]={ 4.50000e-05,  0.00000e+00,  0.00000e+00}
      compressibility[    1]={ 0.00000e+00,  4.50000e-05,  0.00000e+00}
      compressibility[    2]={ 0.00000e+00,  0.00000e+00,  4.50000e-05}
   ref-p (3x3):
      ref-p[    0]={ 1.00000e+00,  0.00000e+00,  0.00000e+00}
      ref-p[    1]={ 0.00000e+00,  1.00000e+00,  0.00000e+00}
      ref-p[    2]={ 0.00000e+00,  0.00000e+00,  1.00000e+00}
   refcoord-scaling               = COM
   posres-com (3):
      posres-com[0]= 0.00000e+00
      posres-com[1]= 0.00000e+00
      posres-com[2]= 0.00000e+00
   posres-comB (3):
      posres-comB[0]= 0.00000e+00
      posres-comB[1]= 0.00000e+00
      posres-comB[2]= 0.00000e+00
   QMMM                           = false
   QMconstraints                  = 0
   QMMMscheme                     = 0
   MMChargeScaleFactor            = 1
qm-opts:
   ngQM                           = 0
   constraint-algorithm           = Lincs
   continuation                   = true
   Shake-SOR                      = false
   shake-tol                      = 0.0001
   lincs-order                    = 4
   lincs-iter                     = 1
   lincs-warnangle                = 30
   nwall                          = 0
   wall-type                      = 9-3
   wall-r-linpot                  = -1
   wall-atomtype[0]               = -1
   wall-atomtype[1]               = -1
   wall-density[0]                = 0
   wall-density[1]                = 0
   wall-ewald-zfac                = 3
   pull                           = false
   awh                            = false
   rotation                       = false
   interactiveMD                  = false
   disre                          = No
   disre-weighting                = Conservative
   disre-mixed                    = false
   dr-fc                          = 1000
   dr-tau                         = 0
   nstdisreout                    = 100
   orire-fc                       = 0
   orire-tau                      = 0
   nstorireout                    = 100
   free-energy                    = no
   cos-acceleration               = 0
   deform (3x3):
      deform[    0]={ 0.00000e+00,  0.00000e+00,  0.00000e+00}
      deform[    1]={ 0.00000e+00,  0.00000e+00,  0.00000e+00}
      deform[    2]={ 0.00000e+00,  0.00000e+00,  0.00000e+00}
   simulated-tempering            = false
   swapcoords                     = no
   userint1                       = 0
   userint2                       = 0
   userint3                       = 0
   userint4                       = 0
   userreal1                      = 0
   userreal2                      = 0
   userreal3                      = 0
   userreal4                      = 0
   applied-forces:
     electric-field:
       x:
         E0                       = 0
         omega                    = 0
         t0                       = 0
         sigma                    = 0
       y:
         E0                       = 0
         omega                    = 0
         t0                       = 0
         sigma                    = 0
       z:
         E0                       = 0
         omega                    = 0
         t0                       = 0
         sigma                    = 0
     density-guided-simulation:
       active                     = false
       group                      = protein
       similarity-measure         = inner-product
       atom-spreading-weight      = unity
       force-constant             = 1e+09
       gaussian-transform-spreading-width = 0.2
       gaussian-transform-spreading-range-in-multiples-of-width = 4
       reference-density-filename = reference.mrc
       nst                        = 1
       normalize-densities        = true
       adaptive-force-scaling     = false
       adaptive-force-scaling-time-constant = 4
grpopts:
   nrdf:  1.22268e+06
   ref-t:      303.15
   tau-t:           1
annealing:          No
annealing-npoints:           0
   acc:	           0           0           0
   nfreeze:           N           N           N
   energygrp-flags[  0]: 0

The -nsteps functionality is deprecated, and may be removed in a future version. Consider using gmx convert-tpr -nsteps or changing the appropriate .mdp file field.

Overriding nsteps with value passed on the command line: 10000 steps, 20 ps
Changing nstlist from 40 to 80, rlist from 1.288 to 1.332


Initializing Domain Decomposition on 30 ranks
Dynamic load balancing: on
Using update groups, nr 204401, average size 3.0 atoms, max. radius 0.103 nm
Minimum cell size due to atom displacement: 0.561 nm
Initial maximum distances in bonded interactions:
    two-body bonded interactions: 0.438 nm, LJ-14, atoms 6318 6326
  multi-body bonded interactions: 0.438 nm, Ryckaert-Bell., atoms 6318 6326
Minimum cell size due to bonded interactions: 0.481 nm
Scaling the initial minimum size with 1/0.8 (option -dds) = 1.25
Guess for relative PME load: 0.21
Will use 20 particle-particle and 10 PME only ranks
This is a guess, check the performance at the end of the log file
Using 10 separate PME ranks, as guessed by mdrun
Optimizing the DD grid for 20 cells with a minimum initial size of 0.701 nm
The maximum allowed number of cells is: X 26 Y 26 Z 26
Domain decomposition grid 10 x 2 x 1, separate PME ranks 10
PME domain decomposition: 10 x 1 x 1
Interleaving PP and PME ranks
This rank does only particle-particle work.
Domain decomposition rank 0, coordinates 0 0 0

The maximum number of communication pulses is: X 2 Y 1
The minimum size for domain decomposition cells is 1.160 nm
The requested allowed shrink of DD cells (option -dds) is: 0.80
The allowed shrink of domain decomposition cells is: X 0.63 Y 0.17
The maximum allowed distance for atom groups involved in interactions is:
                 non-bonded interactions           1.539 nm
            two-body bonded interactions  (-rdd)   1.539 nm
          multi-body bonded interactions  (-rdd)   1.160 nm
Using two step summing over 3 groups of on average 6.7 ranks


Using 30 MPI processes

Non-default thread affinity set, disabling internal thread affinity

Using 4 OpenMP threads per MPI process

System total charge: 0.000
Will do PME sum in reciprocal space for electrostatic interactions.

++++ PLEASE READ AND CITE THE FOLLOWING REFERENCE ++++
U. Essmann, L. Perera, M. L. Berkowitz, T. Darden, H. Lee and L. G. Pedersen 
A smooth particle mesh Ewald method
J. Chem. Phys. 103 (1995) pp. 8577-8592
-------- -------- --- Thank You --- -------- --------

Using a Gaussian width (1/beta) of 0.384195 nm for Ewald
Potential shift: LJ r^-12: -2.648e-01 r^-6: -5.349e-01, Ewald -8.333e-06
Initialized non-bonded Ewald tables, spacing: 1.02e-03 size: 1176

Generated table with 1166 data points for 1-4 COUL.
Tabscale = 500 points/nm
Generated table with 1166 data points for 1-4 LJ6.
Tabscale = 500 points/nm
Generated table with 1166 data points for 1-4 LJ12.
Tabscale = 500 points/nm

Using SIMD 4x8 nonbonded short-range kernels

Using a dual 4x8 pair-list setup updated with dynamic pruning:
  outer list: updated every 80 steps, buffer 0.132 nm, rlist 1.332 nm
  inner list: updated every 12 steps, buffer 0.001 nm, rlist 1.201 nm
At tolerance 0.005 kJ/mol/ps per atom, equivalent classical 1x1 list would be:
  outer list: updated every 80 steps, buffer 0.280 nm, rlist 1.480 nm
  inner list: updated every 12 steps, buffer 0.047 nm, rlist 1.247 nm


Initializing LINear Constraint Solver

++++ PLEASE READ AND CITE THE FOLLOWING REFERENCE ++++
B. Hess and H. Bekker and H. J. C. Berendsen and J. G. E. M. Fraaije
LINCS: A Linear Constraint Solver for molecular simulations
J. Comp. Chem. 18 (1997) pp. 1463-1472
-------- -------- --- Thank You --- -------- --------

The number of constraints is 3472

++++ PLEASE READ AND CITE THE FOLLOWING REFERENCE ++++
S. Miyamoto and P. A. Kollman
SETTLE: An Analytical Version of the SHAKE and RATTLE Algorithms for Rigid
Water Models
J. Comp. Chem. 13 (1992) pp. 952-962
-------- -------- --- Thank You --- -------- --------


Linking all bonded interactions to atoms


Intra-simulation communication will occur every 20 steps.
There are: 609561 Atoms
Atom distribution over 20 domains: av 30478 stddev 120 min 30291 max 30679
Center of mass motion removal mode is Linear
We have the following groups for center of mass motion removal:
  0:  System

Started mdrun on rank 0 Tue Nov 10 17:17:57 2020

           Step           Time
              0        0.00000

   Energies (kJ/mol)
           Bond          Angle    Proper Dih. Ryckaert-Bell.          LJ-14
    5.48835e+03    1.46020e+04    8.16912e+02    6.52204e+03    9.29632e+03
     Coulomb-14        LJ (SR)   Coulomb (SR)   Coul. recip.      Potential
    3.82033e+04    1.77913e+06   -1.12386e+07    2.72490e+04   -9.35728e+06
    Kinetic En.   Total Energy  Conserved En.    Temperature Pressure (bar)
    1.54709e+06   -7.81019e+06   -7.80981e+06    3.04369e+02   -2.89261e+02
   Constr. rmsd
    4.73317e-06


DD  step 79  vol min/aver 1.000  load imb.: force  6.3%  pme mesh/force 1.129
step  560: timed with pme grid 160 160 160, coulomb cutoff 1.200: 1356.9 M-cycles
step  720: timed with pme grid 128 128 128, coulomb cutoff 1.437: 1907.5 M-cycles
step  880: timed with pme grid 144 144 144, coulomb cutoff 1.277: 1468.9 M-cycles
           Step           Time
           1000        2.00000

   Energies (kJ/mol)
           Bond          Angle    Proper Dih. Ryckaert-Bell.          LJ-14
    5.15758e+03    1.42970e+04    8.86437e+02    6.44510e+03    9.47848e+03
     Coulomb-14        LJ (SR)   Coulomb (SR)   Coul. recip.      Potential
    3.82203e+04    1.80971e+06   -1.12983e+07    2.66838e+04   -9.38747e+06
    Kinetic En.   Total Energy  Conserved En.    Temperature Pressure (bar)
    1.54548e+06   -7.84199e+06   -7.81342e+06    3.04052e+02    2.41933e+02
   Constr. rmsd
    4.57968e-06

step 1040: timed with pme grid 160 160 160, coulomb cutoff 1.200: 1441.5 M-cycles
              optimal pme grid 160 160 160, coulomb cutoff 1.200

DD  step 1999  vol min/aver 0.930  load imb.: force  1.9%  pme mesh/force 1.051
           Step           Time
           2000        4.00000

   Energies (kJ/mol)
           Bond          Angle    Proper Dih. Ryckaert-Bell.          LJ-14
    5.26263e+03    1.42080e+04    8.55558e+02    6.37423e+03    9.49554e+03
     Coulomb-14        LJ (SR)   Coulomb (SR)   Coul. recip.      Potential
    3.82510e+04    1.78392e+06   -1.12589e+07    2.69696e+04   -9.37358e+06
    Kinetic En.   Total Energy  Conserved En.    Temperature Pressure (bar)
    1.53676e+06   -7.83681e+06   -7.81437e+06    3.02337e+02   -1.06486e+02
   Constr. rmsd
    4.70203e-06

           Step           Time
           3000        6.00000

   Energies (kJ/mol)
           Bond          Angle    Proper Dih. Ryckaert-Bell.          LJ-14
    5.37059e+03    1.42373e+04    8.09167e+02    6.59075e+03    9.44327e+03
     Coulomb-14        LJ (SR)   Coulomb (SR)   Coul. recip.      Potential
    3.80980e+04    1.79837e+06   -1.12807e+07    2.68964e+04   -9.38091e+06
    Kinetic En.   Total Energy  Conserved En.    Temperature Pressure (bar)
    1.53943e+06   -7.84148e+06   -7.81506e+06    3.02861e+02    4.02513e+01
   Constr. rmsd
    4.75360e-06


DD  step 3999  vol min/aver 0.934  load imb.: force  1.7%  pme mesh/force 1.044
           Step           Time
           4000        8.00000

   Energies (kJ/mol)
           Bond          Angle    Proper Dih. Ryckaert-Bell.          LJ-14
    5.23995e+03    1.43768e+04    8.39224e+02    6.36049e+03    9.40902e+03
     Coulomb-14        LJ (SR)   Coulomb (SR)   Coul. recip.      Potential
    3.81186e+04    1.79061e+06   -1.12648e+07    2.68284e+04   -9.37297e+06
    Kinetic En.   Total Energy  Conserved En.    Temperature Pressure (bar)
    1.54187e+06   -7.83111e+06   -7.81503e+06    3.03341e+02    6.70872e+00
   Constr. rmsd
    4.56410e-06

           Step           Time
           5000       10.00000

   Energies (kJ/mol)
           Bond          Angle    Proper Dih. Ryckaert-Bell.          LJ-14
    5.32954e+03    1.44239e+04    8.47418e+02    6.54493e+03    9.31127e+03
     Coulomb-14        LJ (SR)   Coulomb (SR)   Coul. recip.      Potential
    3.82383e+04    1.79324e+06   -1.12671e+07    2.68762e+04   -9.37224e+06
    Kinetic En.   Total Energy  Conserved En.    Temperature Pressure (bar)
    1.54396e+06   -7.82828e+06   -7.81266e+06    3.03754e+02    4.27302e+00
   Constr. rmsd
    4.67921e-06


DD  step 5999  vol min/aver 0.925  load imb.: force  5.2%  pme mesh/force 1.097
           Step           Time
           6000       12.00000

   Energies (kJ/mol)
           Bond          Angle    Proper Dih. Ryckaert-Bell.          LJ-14
    5.41361e+03    1.43253e+04    8.56638e+02    6.53193e+03    9.44325e+03
     Coulomb-14        LJ (SR)   Coulomb (SR)   Coul. recip.      Potential
    3.81932e+04    1.78735e+06   -1.12602e+07    2.66924e+04   -9.37142e+06
    Kinetic En.   Total Energy  Conserved En.    Temperature Pressure (bar)
    1.54150e+06   -7.82991e+06   -7.81499e+06    3.03270e+02   -2.07511e+01
   Constr. rmsd
    4.60683e-06

           Step           Time
           7000       14.00000

   Energies (kJ/mol)
           Bond          Angle    Proper Dih. Ryckaert-Bell.          LJ-14
    5.39054e+03    1.40315e+04    8.70442e+02    6.48691e+03    9.41757e+03
     Coulomb-14        LJ (SR)   Coulomb (SR)   Coul. recip.      Potential
    3.81381e+04    1.79289e+06   -1.12620e+07    2.70324e+04   -9.36775e+06
    Kinetic En.   Total Energy  Conserved En.    Temperature Pressure (bar)
    1.54484e+06   -7.82291e+06   -7.81389e+06    3.03926e+02    1.50765e+01
   Constr. rmsd
    4.72103e-06


DD  step 7999  vol min/aver 0.927  load imb.: force  1.2%  pme mesh/force 1.037
           Step           Time
           8000       16.00000

   Energies (kJ/mol)
           Bond          Angle    Proper Dih. Ryckaert-Bell.          LJ-14
    5.58227e+03    1.39729e+04    8.87173e+02    6.56462e+03    9.46496e+03
     Coulomb-14        LJ (SR)   Coulomb (SR)   Coul. recip.      Potential
    3.79795e+04    1.79401e+06   -1.12642e+07    2.70959e+04   -9.36861e+06
    Kinetic En.   Total Energy  Conserved En.    Temperature Pressure (bar)
    1.54769e+06   -7.82092e+06   -7.81128e+06    3.04487e+02    6.32796e+01
   Constr. rmsd
    4.73769e-06

           Step           Time
           9000       18.00000

   Energies (kJ/mol)
           Bond          Angle    Proper Dih. Ryckaert-Bell.          LJ-14
    5.46092e+03    1.41521e+04    8.13303e+02    6.42848e+03    9.34214e+03
     Coulomb-14        LJ (SR)   Coulomb (SR)   Coul. recip.      Potential
    3.80901e+04    1.79556e+06   -1.12771e+07    2.68130e+04   -9.38048e+06
    Kinetic En.   Total Energy  Conserved En.    Temperature Pressure (bar)
    1.53665e+06   -7.84383e+06   -7.81123e+06    3.02315e+02   -5.50489e+00
   Constr. rmsd
    4.79433e-06


DD  step 9999  vol min/aver 0.917  load imb.: force  1.9%  pme mesh/force 1.035
           Step           Time
          10000       20.00000

Writing checkpoint, step 10000 at Tue Nov 10 17:19:33 2020


   Energies (kJ/mol)
           Bond          Angle    Proper Dih. Ryckaert-Bell.          LJ-14
    5.29480e+03    1.43300e+04    8.16017e+02    6.54475e+03    9.31024e+03
     Coulomb-14        LJ (SR)   Coulomb (SR)   Coul. recip.      Potential
    3.82588e+04    1.79228e+06   -1.12699e+07    2.71429e+04   -9.37597e+06
    Kinetic En.   Total Energy  Conserved En.    Temperature Pressure (bar)
    1.53821e+06   -7.83776e+06   -7.81322e+06    3.02621e+02   -2.46742e+01
   Constr. rmsd
    4.68688e-06


	<======  ###############  ==>
	<====  A V E R A G E S  ====>
	<==  ###############  ======>

	Statistics over 10001 steps using 101 frames

   Energies (kJ/mol)
           Bond          Angle    Proper Dih. Ryckaert-Bell.          LJ-14
    5.33712e+03    1.42312e+04    8.49956e+02    6.49179e+03    9.38878e+03
     Coulomb-14        LJ (SR)   Coulomb (SR)   Coul. recip.      Potential
    3.81577e+04    1.79334e+06   -1.12700e+07    2.66822e+04   -9.37548e+06
    Kinetic En.   Total Energy  Conserved En.    Temperature Pressure (bar)
    1.54088e+06   -7.83460e+06   -7.81373e+06    3.03147e+02    2.24272e+00
   Constr. rmsd
    0.00000e+00

          Box-X          Box-Y          Box-Z
    1.83140e+01    1.83140e+01    1.82981e+01

   Total Virial (kJ/mol)
    5.13636e+05   -2.74763e+02   -3.30061e+02
   -2.68677e+02    5.12366e+05    2.18032e+02
   -3.30496e+02    3.09881e+02    5.13771e+05

   Pressure (bar)
    7.26154e-01    1.40746e+00    2.16090e+00
    1.37327e+00    6.15815e+00   -1.91229e+00
    2.16163e+00   -2.40947e+00   -1.56137e-01


	M E G A - F L O P S   A C C O U N T I N G

 NB=Group-cutoff nonbonded kernels    NxN=N-by-N cluster Verlet kernels
 RF=Reaction-Field  VdW=Van der Waals  QSTab=quadratic-spline table
 W3=SPC/TIP3p  W4=TIP4p (single or pairs)
 V&F=Potential and force  V=Potential only  F=Force only

 Computing:                               M-Number         M-Flops  % Flops
-----------------------------------------------------------------------------
 Pair Search distance check           54200.119756      487801.078     0.1
 NxN Ewald Elec. + LJ [F]           2758624.394352   215172702.759    53.4
 NxN Ewald Elec. + LJ [V&F]           28172.689760     3634276.979     0.9
 NxN Ewald Elec. [F]                2664532.580304   162536487.399    40.3
 NxN Ewald Elec. [V&F]                27211.481056     2285764.409     0.6
 1,4 nonbonded interactions             184.638462       16617.462     0.0
 Calc Weights                         18288.658683      658391.713     0.2
 Spread Q Bspline                    390158.051904      780316.104     0.2
 Gather F Bspline                    390158.051904     2340948.311     0.6
 3D-FFT                             1776680.768664    14213446.149     3.5
 Solve PME                              253.772800       16241.459     0.0
 Reset In Box                            76.195125         228.585     0.0
 CG-CoM                                  76.804686         230.414     0.0
 Bonds                                   36.283628        2140.734     0.0
 Angles                                 128.052804       21512.871     0.0
 Propers                                 14.741474        3375.798     0.0
 RB-Dihedrals                           144.634462       35724.712     0.0
 Virial                                 183.748761        3307.478     0.0
 Stop-CM                                 61.565661         615.657     0.0
 Calc-Ekin                              610.780122       16491.063     0.0
 Lincs                                   34.723472        2083.408     0.0
 Lincs-Mat                              174.737472         698.950     0.0
 Constraint-V                          6095.369476       48762.956     0.0
 Constraint-Vir                         182.407204        4377.773     0.0
 Settle                                2008.640844      648790.993     0.2
-----------------------------------------------------------------------------
 Total                                               402931335.213   100.0
-----------------------------------------------------------------------------


    D O M A I N   D E C O M P O S I T I O N   S T A T I S T I C S

 av. #atoms communicated per step for force:  2 x 544425.6


Dynamic load balancing report:
 DLB was permanently on during the run per user request.
 Average load imbalance: 2.9%.
 The balanceable part of the MD step is 80%, load imbalance is computed from this.
 Part of the total run time spent waiting due to load imbalance: 2.3%.
 Steps where the load balancing was limited by -rdd, -rcon and/or -dds: X 0 % Y 0 %
 Average PME mesh/force load: 0.994
 Part of the total run time spent waiting due to PP/PME imbalance: 0.2 %


     R E A L   C Y C L E   A N D   T I M E   A C C O U N T I N G

On 20 MPI ranks doing PP, each using 4 OpenMP threads, and
on 10 MPI ranks doing PME, each using 4 OpenMP threads

 Computing:          Num   Num      Call    Wall time         Giga-Cycles
                     Ranks Threads  Count      (s)         total sum    %
-----------------------------------------------------------------------------
 Domain decomp.        20    4        125       4.361        939.270   3.0
 DD comm. load         20    4        125       0.008          1.804   0.0
 DD comm. bounds       20    4        125       0.059         12.605   0.0
 Send X to PME         20    4      10001       1.450        312.354   1.0
 Neighbor search       20    4        126       2.569        553.438   1.7
 Comm. coord.          20    4       9875       4.565        983.391   3.1
 Force                 20    4      10001      68.524      14760.304  46.6
 Wait + Comm. F        20    4      10001       5.334       1149.051   3.6
 PME mesh *            10    4      10001      77.542       8351.390  26.4
 PME wait for PP *                             20.530       2211.109   7.0
 Wait + Recv. PME F    20    4      10001       4.984       1073.661   3.4
 NB X/F buffer ops.    20    4      29751       1.630        351.198   1.1
 Write traj.           20    4         11       0.173         37.230   0.1
 Update                20    4      10001       0.575        123.805   0.4
 Constraints           20    4      10001       1.073        231.174   0.7
 Comm. energies        20    4        501       2.571        553.722   1.7
 Rest                                           0.206         44.292   0.1
-----------------------------------------------------------------------------
 Total                                         98.083      31690.950 100.0
-----------------------------------------------------------------------------
(*) Note that with separate PME ranks, the walltime column actually sums to
    twice the total reported, but the cycle count total and % are correct.
-----------------------------------------------------------------------------
 Breakdown of PME mesh computation
-----------------------------------------------------------------------------
 PME redist. X/F       10    4      20002      14.575       1569.787   5.0
 PME spread            10    4      10001      16.023       1725.737   5.4
 PME gather            10    4      10001      14.104       1519.026   4.8
 PME 3D-FFT            10    4      20002      15.438       1662.703   5.2
 PME 3D-FFT Comm.      10    4      20002      16.706       1799.217   5.7
 PME solve Elec        10    4      10001       0.640         68.979   0.2
-----------------------------------------------------------------------------

               Core t (s)   Wall t (s)        (%)
       Time:    11765.006       98.083    11995.0
                 (ns/day)    (hour/ns)
Performance:       17.620        1.362
Finished mdrun on rank 0 Tue Nov 10 17:19:35 2020

