                      :-) GROMACS - gmx mdrun, 2020.4 (-:

                            GROMACS is written by:
     Emile Apol      Rossen Apostolov      Paul Bauer     Herman J.C. Berendsen
    Par Bjelkmar      Christian Blau   Viacheslav Bolnykh     Kevin Boyd    
 Aldert van Buuren   Rudi van Drunen     Anton Feenstra       Alan Gray     
  Gerrit Groenhof     Anca Hamuraru    Vincent Hindriksen  M. Eric Irrgang  
  Aleksei Iupinov   Christoph Junghans     Joe Jordan     Dimitrios Karkoulis
    Peter Kasson        Jiri Kraus      Carsten Kutzner      Per Larsson    
  Justin A. Lemkul    Viveca Lindahl    Magnus Lundborg     Erik Marklund   
    Pascal Merz     Pieter Meulenhoff    Teemu Murtola       Szilard Pall   
    Sander Pronk      Roland Schulz      Michael Shirts    Alexey Shvetsov  
   Alfons Sijbers     Peter Tieleman      Jon Vincent      Teemu Virolainen 
 Christian Wennberg    Maarten Wolf      Artem Zhmurov   
                           and the project leaders:
        Mark Abraham, Berk Hess, Erik Lindahl, and David van der Spoel

Copyright (c) 1991-2000, University of Groningen, The Netherlands.
Copyright (c) 2001-2019, The GROMACS development team at
Uppsala University, Stockholm University and
the Royal Institute of Technology, Sweden.
check out http://www.gromacs.org for more information.

GROMACS is free software; you can redistribute it and/or modify it
under the terms of the GNU Lesser General Public License
as published by the Free Software Foundation; either version 2.1
of the License, or (at your option) any later version.

GROMACS:      gmx mdrun, version 2020.4
Executable:   /data/ccuser/libraries/gromacs_no_gpu/gromacs-2020.4/build/bin/gmx_mpi
Data prefix:  /data/ccuser/libraries/gromacs_no_gpu/gromacs-2020.4 (source tree)
Working dir:  /data/ccuser/scc2020/gromacs/competition/SCC_Gromacs/Task2/OPLS
Process ID:   7293
Command line:
  gmx_mpi mdrun -deffnm md_scale_40_1 -nsteps 10000 -ntomp 4 -dlb yes -tunepme yes -v

GROMACS version:    2020.4
Verified release checksum is 79c2857291b034542c26e90512b92fd4b184a1c9d6fa59c55f2e24ccf14e7281
Precision:          single
Memory model:       64 bit
MPI library:        MPI
OpenMP support:     enabled (GMX_OPENMP_MAX_THREADS = 64)
GPU support:        disabled
SIMD instructions:  AVX_512
FFT library:        fftw-3.3.8-sse2-avx-avx2-avx2_128-avx512
RDTSCP usage:       enabled
TNG support:        enabled
Hwloc support:      disabled
Tracing support:    disabled
C compiler:         /opt/gcc-9.2.0/bin/gcc GNU 9.2.0
C compiler flags:   -mavx512f -mfma -fexcess-precision=fast -funroll-all-loops -O3 -DNDEBUG
C++ compiler:       /opt/gcc-9.2.0/bin/g++ GNU 9.2.0
C++ compiler flags: -mavx512f -mfma -fexcess-precision=fast -funroll-all-loops -fopenmp -O3 -DNDEBUG


Running on 4 nodes with total 176 cores, 176 logical cores
  Cores per node:           44
  Logical cores per node:   44
Hardware detected on host ip-0A00000E (the node of MPI rank 0):
  CPU info:
    Vendor: Intel
    Brand:  Intel(R) Xeon(R) Platinum 8168 CPU @ 2.70GHz
    Family: 6   Model: 85   Stepping: 4
    Features: aes apic avx avx2 avx512f avx512cd avx512bw avx512vl clfsh cmov cx8 cx16 f16c fma hle intel lahf mmx msr pcid pclmuldq pdpe1gb popcnt pse rdrnd rdtscp rtm sse2 sse3 sse4.1 sse4.2 ssse3
    Number of AVX-512 FMA units: 2
  Hardware topology: Only logical processor count


++++ PLEASE READ AND CITE THE FOLLOWING REFERENCE ++++
M. J. Abraham, T. Murtola, R. Schulz, S. Páll, J. C. Smith, B. Hess, E.
Lindahl
GROMACS: High performance molecular simulations through multi-level
parallelism from laptops to supercomputers
SoftwareX 1 (2015) pp. 19-25
-------- -------- --- Thank You --- -------- --------


++++ PLEASE READ AND CITE THE FOLLOWING REFERENCE ++++
S. Páll, M. J. Abraham, C. Kutzner, B. Hess, E. Lindahl
Tackling Exascale Software Challenges in Molecular Dynamics Simulations with
GROMACS
In S. Markidis & E. Laure (Eds.), Solving Software Challenges for Exascale 8759 (2015) pp. 3-27
-------- -------- --- Thank You --- -------- --------


++++ PLEASE READ AND CITE THE FOLLOWING REFERENCE ++++
S. Pronk, S. Páll, R. Schulz, P. Larsson, P. Bjelkmar, R. Apostolov, M. R.
Shirts, J. C. Smith, P. M. Kasson, D. van der Spoel, B. Hess, and E. Lindahl
GROMACS 4.5: a high-throughput and highly parallel open source molecular
simulation toolkit
Bioinformatics 29 (2013) pp. 845-54
-------- -------- --- Thank You --- -------- --------


++++ PLEASE READ AND CITE THE FOLLOWING REFERENCE ++++
B. Hess and C. Kutzner and D. van der Spoel and E. Lindahl
GROMACS 4: Algorithms for highly efficient, load-balanced, and scalable
molecular simulation
J. Chem. Theory Comput. 4 (2008) pp. 435-447
-------- -------- --- Thank You --- -------- --------


++++ PLEASE READ AND CITE THE FOLLOWING REFERENCE ++++
D. van der Spoel, E. Lindahl, B. Hess, G. Groenhof, A. E. Mark and H. J. C.
Berendsen
GROMACS: Fast, Flexible and Free
J. Comp. Chem. 26 (2005) pp. 1701-1719
-------- -------- --- Thank You --- -------- --------


++++ PLEASE READ AND CITE THE FOLLOWING REFERENCE ++++
E. Lindahl and B. Hess and D. van der Spoel
GROMACS 3.0: A package for molecular simulation and trajectory analysis
J. Mol. Mod. 7 (2001) pp. 306-317
-------- -------- --- Thank You --- -------- --------


++++ PLEASE READ AND CITE THE FOLLOWING REFERENCE ++++
H. J. C. Berendsen, D. van der Spoel and R. van Drunen
GROMACS: A message-passing parallel molecular dynamics implementation
Comp. Phys. Comm. 91 (1995) pp. 43-56
-------- -------- --- Thank You --- -------- --------


++++ PLEASE CITE THE DOI FOR THIS VERSION OF GROMACS ++++
https://doi.org/10.5281/zenodo.4054979
-------- -------- --- Thank You --- -------- --------

Input Parameters:
   integrator                     = md
   tinit                          = 0
   dt                             = 0.002
   nsteps                         = 5000000
   init-step                      = 0
   simulation-part                = 1
   comm-mode                      = Linear
   nstcomm                        = 100
   bd-fric                        = 0
   ld-seed                        = -1939041406
   emtol                          = 10
   emstep                         = 0.01
   niter                          = 20
   fcstep                         = 0
   nstcgsteep                     = 1000
   nbfgscorr                      = 10
   rtpi                           = 0.05
   nstxout                        = 1000
   nstvout                        = 50000
   nstfout                        = 50000
   nstlog                         = 1000
   nstcalcenergy                  = 100
   nstenergy                      = 1000
   nstxout-compressed             = 0
   compressed-x-precision         = 1000
   cutoff-scheme                  = Verlet
   nstlist                        = 40
   pbc                            = xyz
   periodic-molecules             = false
   verlet-buffer-tolerance        = 0.005
   rlist                          = 1.288
   coulombtype                    = PME
   coulomb-modifier               = Potential-shift
   rcoulomb-switch                = 0
   rcoulomb                       = 1.2
   epsilon-r                      = 1
   epsilon-rf                     = inf
   vdw-type                       = Cut-off
   vdw-modifier                   = Force-switch
   rvdw-switch                    = 1
   rvdw                           = 1.2
   DispCorr                       = No
   table-extension                = 1
   fourierspacing                 = 0.12
   fourier-nx                     = 160
   fourier-ny                     = 160
   fourier-nz                     = 160
   pme-order                      = 4
   ewald-rtol                     = 1e-05
   ewald-rtol-lj                  = 0.001
   lj-pme-comb-rule               = Geometric
   ewald-geometry                 = 0
   epsilon-surface                = 0
   tcoupl                         = Nose-Hoover
   nsttcouple                     = 40
   nh-chain-length                = 1
   print-nose-hoover-chain-variables = false
   pcoupl                         = Parrinello-Rahman
   pcoupltype                     = Semiisotropic
   nstpcouple                     = 40
   tau-p                          = 5
   compressibility (3x3):
      compressibility[    0]={ 4.50000e-05,  0.00000e+00,  0.00000e+00}
      compressibility[    1]={ 0.00000e+00,  4.50000e-05,  0.00000e+00}
      compressibility[    2]={ 0.00000e+00,  0.00000e+00,  4.50000e-05}
   ref-p (3x3):
      ref-p[    0]={ 1.00000e+00,  0.00000e+00,  0.00000e+00}
      ref-p[    1]={ 0.00000e+00,  1.00000e+00,  0.00000e+00}
      ref-p[    2]={ 0.00000e+00,  0.00000e+00,  1.00000e+00}
   refcoord-scaling               = COM
   posres-com (3):
      posres-com[0]= 0.00000e+00
      posres-com[1]= 0.00000e+00
      posres-com[2]= 0.00000e+00
   posres-comB (3):
      posres-comB[0]= 0.00000e+00
      posres-comB[1]= 0.00000e+00
      posres-comB[2]= 0.00000e+00
   QMMM                           = false
   QMconstraints                  = 0
   QMMMscheme                     = 0
   MMChargeScaleFactor            = 1
qm-opts:
   ngQM                           = 0
   constraint-algorithm           = Lincs
   continuation                   = true
   Shake-SOR                      = false
   shake-tol                      = 0.0001
   lincs-order                    = 4
   lincs-iter                     = 1
   lincs-warnangle                = 30
   nwall                          = 0
   wall-type                      = 9-3
   wall-r-linpot                  = -1
   wall-atomtype[0]               = -1
   wall-atomtype[1]               = -1
   wall-density[0]                = 0
   wall-density[1]                = 0
   wall-ewald-zfac                = 3
   pull                           = false
   awh                            = false
   rotation                       = false
   interactiveMD                  = false
   disre                          = No
   disre-weighting                = Conservative
   disre-mixed                    = false
   dr-fc                          = 1000
   dr-tau                         = 0
   nstdisreout                    = 100
   orire-fc                       = 0
   orire-tau                      = 0
   nstorireout                    = 100
   free-energy                    = no
   cos-acceleration               = 0
   deform (3x3):
      deform[    0]={ 0.00000e+00,  0.00000e+00,  0.00000e+00}
      deform[    1]={ 0.00000e+00,  0.00000e+00,  0.00000e+00}
      deform[    2]={ 0.00000e+00,  0.00000e+00,  0.00000e+00}
   simulated-tempering            = false
   swapcoords                     = no
   userint1                       = 0
   userint2                       = 0
   userint3                       = 0
   userint4                       = 0
   userreal1                      = 0
   userreal2                      = 0
   userreal3                      = 0
   userreal4                      = 0
   applied-forces:
     electric-field:
       x:
         E0                       = 0
         omega                    = 0
         t0                       = 0
         sigma                    = 0
       y:
         E0                       = 0
         omega                    = 0
         t0                       = 0
         sigma                    = 0
       z:
         E0                       = 0
         omega                    = 0
         t0                       = 0
         sigma                    = 0
     density-guided-simulation:
       active                     = false
       group                      = protein
       similarity-measure         = inner-product
       atom-spreading-weight      = unity
       force-constant             = 1e+09
       gaussian-transform-spreading-width = 0.2
       gaussian-transform-spreading-range-in-multiples-of-width = 4
       reference-density-filename = reference.mrc
       nst                        = 1
       normalize-densities        = true
       adaptive-force-scaling     = false
       adaptive-force-scaling-time-constant = 4
grpopts:
   nrdf:  1.22268e+06
   ref-t:      303.15
   tau-t:           1
annealing:          No
annealing-npoints:           0
   acc:	           0           0           0
   nfreeze:           N           N           N
   energygrp-flags[  0]: 0

The -nsteps functionality is deprecated, and may be removed in a future version. Consider using gmx convert-tpr -nsteps or changing the appropriate .mdp file field.

Overriding nsteps with value passed on the command line: 10000 steps, 20 ps
Changing nstlist from 40 to 80, rlist from 1.288 to 1.332


Initializing Domain Decomposition on 40 ranks
Dynamic load balancing: on
Using update groups, nr 204401, average size 3.0 atoms, max. radius 0.103 nm
Minimum cell size due to atom displacement: 0.561 nm
Initial maximum distances in bonded interactions:
    two-body bonded interactions: 0.438 nm, LJ-14, atoms 6318 6326
  multi-body bonded interactions: 0.438 nm, Ryckaert-Bell., atoms 6318 6326
Minimum cell size due to bonded interactions: 0.481 nm
Scaling the initial minimum size with 1/0.8 (option -dds) = 1.25
Guess for relative PME load: 0.21
Will use 30 particle-particle and 10 PME only ranks
This is a guess, check the performance at the end of the log file
Using 10 separate PME ranks, as guessed by mdrun
Optimizing the DD grid for 30 cells with a minimum initial size of 0.701 nm
The maximum allowed number of cells is: X 26 Y 26 Z 26
Domain decomposition grid 10 x 3 x 1, separate PME ranks 10
PME domain decomposition: 10 x 1 x 1
Interleaving PP and PME ranks
This rank does only particle-particle work.
Domain decomposition rank 0, coordinates 0 0 0

The maximum number of communication pulses is: X 2 Y 2
The minimum size for domain decomposition cells is 1.160 nm
The requested allowed shrink of DD cells (option -dds) is: 0.80
The allowed shrink of domain decomposition cells is: X 0.63 Y 0.19
The maximum allowed distance for atom groups involved in interactions is:
                 non-bonded interactions           1.539 nm
            two-body bonded interactions  (-rdd)   1.539 nm
          multi-body bonded interactions  (-rdd)   1.160 nm
Using two step summing over 4 groups of on average 7.5 ranks


Using 40 MPI processes

Non-default thread affinity set, disabling internal thread affinity

Using 4 OpenMP threads per MPI process

System total charge: 0.000
Will do PME sum in reciprocal space for electrostatic interactions.

++++ PLEASE READ AND CITE THE FOLLOWING REFERENCE ++++
U. Essmann, L. Perera, M. L. Berkowitz, T. Darden, H. Lee and L. G. Pedersen 
A smooth particle mesh Ewald method
J. Chem. Phys. 103 (1995) pp. 8577-8592
-------- -------- --- Thank You --- -------- --------

Using a Gaussian width (1/beta) of 0.384195 nm for Ewald
Potential shift: LJ r^-12: -2.648e-01 r^-6: -5.349e-01, Ewald -8.333e-06
Initialized non-bonded Ewald tables, spacing: 1.02e-03 size: 1176

Generated table with 1166 data points for 1-4 COUL.
Tabscale = 500 points/nm
Generated table with 1166 data points for 1-4 LJ6.
Tabscale = 500 points/nm
Generated table with 1166 data points for 1-4 LJ12.
Tabscale = 500 points/nm

Using SIMD 4x8 nonbonded short-range kernels

Using a dual 4x8 pair-list setup updated with dynamic pruning:
  outer list: updated every 80 steps, buffer 0.132 nm, rlist 1.332 nm
  inner list: updated every 12 steps, buffer 0.001 nm, rlist 1.201 nm
At tolerance 0.005 kJ/mol/ps per atom, equivalent classical 1x1 list would be:
  outer list: updated every 80 steps, buffer 0.280 nm, rlist 1.480 nm
  inner list: updated every 12 steps, buffer 0.047 nm, rlist 1.247 nm


Initializing LINear Constraint Solver

++++ PLEASE READ AND CITE THE FOLLOWING REFERENCE ++++
B. Hess and H. Bekker and H. J. C. Berendsen and J. G. E. M. Fraaije
LINCS: A Linear Constraint Solver for molecular simulations
J. Comp. Chem. 18 (1997) pp. 1463-1472
-------- -------- --- Thank You --- -------- --------

The number of constraints is 3472

++++ PLEASE READ AND CITE THE FOLLOWING REFERENCE ++++
S. Miyamoto and P. A. Kollman
SETTLE: An Analytical Version of the SHAKE and RATTLE Algorithms for Rigid
Water Models
J. Comp. Chem. 13 (1992) pp. 952-962
-------- -------- --- Thank You --- -------- --------


Linking all bonded interactions to atoms


Intra-simulation communication will occur every 20 steps.
There are: 609561 Atoms
Atom distribution over 30 domains: av 20318 stddev 201 min 20154 max 20635
Center of mass motion removal mode is Linear
We have the following groups for center of mass motion removal:
  0:  System

Started mdrun on rank 0 Tue Nov 10 17:19:41 2020

           Step           Time
              0        0.00000

   Energies (kJ/mol)
           Bond          Angle    Proper Dih. Ryckaert-Bell.          LJ-14
    5.48835e+03    1.46020e+04    8.16912e+02    6.52204e+03    9.29632e+03
     Coulomb-14        LJ (SR)   Coulomb (SR)   Coul. recip.      Potential
    3.82033e+04    1.77913e+06   -1.12389e+07    2.72490e+04   -9.35764e+06
    Kinetic En.   Total Energy  Conserved En.    Temperature Pressure (bar)
    1.54709e+06   -7.81054e+06   -7.81017e+06    3.04369e+02   -2.89256e+02
   Constr. rmsd
    4.73317e-06


DD  step 79  vol min/aver 1.000  load imb.: force  9.7%  pme mesh/force 1.450
step  720: timed with pme grid 160 160 160, coulomb cutoff 1.200: 1331.0 M-cycles
step  880: timed with pme grid 128 128 128, coulomb cutoff 1.437: 1393.7 M-cycles
           Step           Time
           1000        2.00000

   Energies (kJ/mol)
           Bond          Angle    Proper Dih. Ryckaert-Bell.          LJ-14
    5.12376e+03    1.39860e+04    8.62954e+02    6.48387e+03    9.59199e+03
     Coulomb-14        LJ (SR)   Coulomb (SR)   Coul. recip.      Potential
    3.83123e+04    1.81794e+06   -1.12880e+07    1.01085e+04   -9.38557e+06
    Kinetic En.   Total Energy  Conserved En.    Temperature Pressure (bar)
    1.54051e+06   -7.84506e+06   -7.81472e+06    3.03074e+02    2.91111e+02
   Constr. rmsd
    4.64926e-06

step 1040: timed with pme grid 112 112 112, coulomb cutoff 1.642: 2011.7 M-cycles
step 1200: timed with pme grid 120 120 120, coulomb cutoff 1.532: 1594.2 M-cycles
step 1360: timed with pme grid 128 128 128, coulomb cutoff 1.437: 1418.3 M-cycles
step 1520: timed with pme grid 144 144 144, coulomb cutoff 1.277: 1210.2 M-cycles
step 1680: timed with pme grid 160 160 160, coulomb cutoff 1.200: 1363.6 M-cycles
              optimal pme grid 144 144 144, coulomb cutoff 1.277

DD  step 1999  vol min/aver 0.872  load imb.: force  4.8%  pme mesh/force 1.068
           Step           Time
           2000        4.00000

   Energies (kJ/mol)
           Bond          Angle    Proper Dih. Ryckaert-Bell.          LJ-14
    5.33780e+03    1.41696e+04    8.80851e+02    6.55269e+03    9.27075e+03
     Coulomb-14        LJ (SR)   Coulomb (SR)   Coul. recip.      Potential
    3.82255e+04    1.77887e+06   -1.12395e+07    2.21777e+04   -9.36405e+06
    Kinetic En.   Total Energy  Conserved En.    Temperature Pressure (bar)
    1.54228e+06   -7.82177e+06   -7.81514e+06    3.03422e+02   -1.29961e+02
   Constr. rmsd
    4.82504e-06

           Step           Time
           3000        6.00000

   Energies (kJ/mol)
           Bond          Angle    Proper Dih. Ryckaert-Bell.          LJ-14
    5.34513e+03    1.42930e+04    8.94840e+02    6.58151e+03    9.32987e+03
     Coulomb-14        LJ (SR)   Coulomb (SR)   Coul. recip.      Potential
    3.82788e+04    1.79739e+06   -1.12744e+07    2.20126e+04   -9.38032e+06
    Kinetic En.   Total Energy  Conserved En.    Temperature Pressure (bar)
    1.54149e+06   -7.83882e+06   -7.81340e+06    3.03267e+02    3.86859e+01
   Constr. rmsd
    4.49543e-06


DD  step 3999  vol min/aver 0.903  load imb.: force  1.3%  pme mesh/force 1.090
           Step           Time
           4000        8.00000

   Energies (kJ/mol)
           Bond          Angle    Proper Dih. Ryckaert-Bell.          LJ-14
    5.34956e+03    1.39572e+04    9.19485e+02    6.49377e+03    9.39870e+03
     Coulomb-14        LJ (SR)   Coulomb (SR)   Coul. recip.      Potential
    3.83097e+04    1.79262e+06   -1.12706e+07    2.19387e+04   -9.38163e+06
    Kinetic En.   Total Energy  Conserved En.    Temperature Pressure (bar)
    1.53931e+06   -7.84232e+06   -7.81635e+06    3.02838e+02    3.35203e+00
   Constr. rmsd
    4.71700e-06

           Step           Time
           5000       10.00000

   Energies (kJ/mol)
           Bond          Angle    Proper Dih. Ryckaert-Bell.          LJ-14
    5.43900e+03    1.41507e+04    8.76838e+02    6.50332e+03    9.40777e+03
     Coulomb-14        LJ (SR)   Coulomb (SR)   Coul. recip.      Potential
    3.81148e+04    1.78920e+06   -1.12566e+07    2.19572e+04   -9.37093e+06
    Kinetic En.   Total Energy  Conserved En.    Temperature Pressure (bar)
    1.54256e+06   -7.82837e+06   -7.81469e+06    3.03477e+02   -1.61653e+01
   Constr. rmsd
    4.67862e-06


DD  step 5999  vol min/aver 0.881  load imb.: force  1.9%  pme mesh/force 1.051
           Step           Time
           6000       12.00000

   Energies (kJ/mol)
           Bond          Angle    Proper Dih. Ryckaert-Bell.          LJ-14
    5.44744e+03    1.42476e+04    8.58750e+02    6.57276e+03    9.43729e+03
     Coulomb-14        LJ (SR)   Coulomb (SR)   Coul. recip.      Potential
    3.81168e+04    1.79254e+06   -1.12640e+07    2.19602e+04   -9.37482e+06
    Kinetic En.   Total Energy  Conserved En.    Temperature Pressure (bar)
    1.54386e+06   -7.83096e+06   -7.81216e+06    3.03734e+02    2.30101e+01
   Constr. rmsd
    4.66553e-06

           Step           Time
           7000       14.00000

   Energies (kJ/mol)
           Bond          Angle    Proper Dih. Ryckaert-Bell.          LJ-14
    5.37000e+03    1.41058e+04    8.31057e+02    6.40323e+03    9.31802e+03
     Coulomb-14        LJ (SR)   Coulomb (SR)   Coul. recip.      Potential
    3.81068e+04    1.78837e+06   -1.12636e+07    2.17457e+04   -9.37934e+06
    Kinetic En.   Total Energy  Conserved En.    Temperature Pressure (bar)
    1.53705e+06   -7.84229e+06   -7.81415e+06    3.02394e+02   -4.75914e+01
   Constr. rmsd
    4.74972e-06


DD  step 7999  vol min/aver 0.896  load imb.: force  1.2%  pme mesh/force 1.061
           Step           Time
           8000       16.00000

   Energies (kJ/mol)
           Bond          Angle    Proper Dih. Ryckaert-Bell.          LJ-14
    5.26857e+03    1.44691e+04    8.60553e+02    6.47565e+03    9.47799e+03
     Coulomb-14        LJ (SR)   Coulomb (SR)   Coul. recip.      Potential
    3.83199e+04    1.79370e+06   -1.12722e+07    2.18808e+04   -9.38176e+06
    Kinetic En.   Total Energy  Conserved En.    Temperature Pressure (bar)
    1.53987e+06   -7.84190e+06   -7.81428e+06    3.02948e+02    1.98299e+01
   Constr. rmsd
    4.79097e-06

           Step           Time
           9000       18.00000

   Energies (kJ/mol)
           Bond          Angle    Proper Dih. Ryckaert-Bell.          LJ-14
    5.24022e+03    1.45815e+04    8.51476e+02    6.64131e+03    9.34160e+03
     Coulomb-14        LJ (SR)   Coulomb (SR)   Coul. recip.      Potential
    3.82045e+04    1.79248e+06   -1.12708e+07    2.19048e+04   -9.38160e+06
    Kinetic En.   Total Energy  Conserved En.    Temperature Pressure (bar)
    1.53994e+06   -7.84165e+06   -7.81448e+06    3.02963e+02   -3.38268e+01
   Constr. rmsd
    4.77242e-06


DD  step 9999  vol min/aver 0.899  load imb.: force  0.7%  pme mesh/force 1.041
           Step           Time
          10000       20.00000

Writing checkpoint, step 10000 at Tue Nov 10 17:21:04 2020


   Energies (kJ/mol)
           Bond          Angle    Proper Dih. Ryckaert-Bell.          LJ-14
    5.45870e+03    1.45149e+04    8.33614e+02    6.40675e+03    9.29571e+03
     Coulomb-14        LJ (SR)   Coulomb (SR)   Coul. recip.      Potential
    3.82035e+04    1.79452e+06   -1.12641e+07    2.21035e+04   -9.37280e+06
    Kinetic En.   Total Energy  Conserved En.    Temperature Pressure (bar)
    1.54290e+06   -7.82990e+06   -7.81522e+06    3.03544e+02    2.27288e+01
   Constr. rmsd
    4.69889e-06


	<======  ###############  ==>
	<====  A V E R A G E S  ====>
	<==  ###############  ======>

	Statistics over 10001 steps using 101 frames

   Energies (kJ/mol)
           Bond          Angle    Proper Dih. Ryckaert-Bell.          LJ-14
    5.33192e+03    1.42461e+04    8.50419e+02    6.52827e+03    9.37498e+03
     Coulomb-14        LJ (SR)   Coulomb (SR)   Coul. recip.      Potential
    3.81736e+04    1.79353e+06   -1.12669e+07    2.19089e+04   -9.37692e+06
    Kinetic En.   Total Energy  Conserved En.    Temperature Pressure (bar)
    1.54083e+06   -7.83609e+06   -7.81445e+06    3.03138e+02    2.88193e+00
   Constr. rmsd
    0.00000e+00

          Box-X          Box-Y          Box-Z
    1.83358e+01    1.83358e+01    1.82478e+01

   Total Virial (kJ/mol)
    5.13198e+05   -2.94640e+01    8.92438e+01
    7.26353e+01    5.12244e+05    6.13623e+02
    1.13135e+02    5.91903e+02    5.13918e+05

   Pressure (bar)
    2.45712e+00    1.14129e-01   -7.45503e-01
   -4.40740e-01    7.86501e+00   -2.93799e+00
   -8.76731e-01   -2.82042e+00   -1.67634e+00


       P P   -   P M E   L O A D   B A L A N C I N G

 PP/PME load balancing changed the cut-off and PME settings:
           particle-particle                    PME
            rcoulomb  rlist            grid      spacing   1/beta
   initial  1.200 nm  1.201 nm     160 160 160   0.115 nm  0.384 nm
   final    1.277 nm  1.278 nm     144 144 144   0.128 nm  0.409 nm
 cost-ratio           1.21             0.73
 (note that these numbers concern only part of the total PP and PME load)


	M E G A - F L O P S   A C C O U N T I N G

 NB=Group-cutoff nonbonded kernels    NxN=N-by-N cluster Verlet kernels
 RF=Reaction-Field  VdW=Van der Waals  QSTab=quadratic-spline table
 W3=SPC/TIP3p  W4=TIP4p (single or pairs)
 V&F=Potential and force  V=Potential only  F=Force only

 Computing:                               M-Number         M-Flops  % Flops
-----------------------------------------------------------------------------
 Pair Search distance check           59646.049194      536814.443     0.1
 NxN Ewald Elec. + LJ [F]           3209137.076176   250312691.942    54.2
 NxN Ewald Elec. + LJ [V&F]           32702.837472     4218666.034     0.9
 NxN Ewald Elec. [F]                3099634.472016   189077702.793    40.9
 NxN Ewald Elec. [V&F]                31589.283488     2653499.813     0.6
 1,4 nonbonded interactions             184.638462       16617.462     0.0
 Calc Weights                         18288.658683      658391.713     0.1
 Spread Q Bspline                    390158.051904      780316.104     0.2
 Gather F Bspline                    390158.051904     2340948.311     0.5
 3D-FFT                             1296607.830084    10372862.641     2.2
 Solve PME                              207.943936       13308.412     0.0
 Reset In Box                            76.195125         228.585     0.0
 CG-CoM                                  76.804686         230.414     0.0
 Bonds                                   36.283628        2140.734     0.0
 Angles                                 128.052804       21512.871     0.0
 Propers                                 14.741474        3375.798     0.0
 RB-Dihedrals                           144.634462       35724.712     0.0
 Virial                                 183.884211        3309.916     0.0
 Stop-CM                                 61.565661         615.657     0.0
 Calc-Ekin                              610.780122       16491.063     0.0
 Lincs                                   34.723472        2083.408     0.0
 Lincs-Mat                              174.737472         698.950     0.0
 Constraint-V                          6095.369476       48762.956     0.0
 Constraint-Vir                         182.407204        4377.773     0.0
 Settle                                2008.640844      648790.993     0.1
-----------------------------------------------------------------------------
 Total                                               461770163.496   100.0
-----------------------------------------------------------------------------


    D O M A I N   D E C O M P O S I T I O N   S T A T I S T I C S

 av. #atoms communicated per step for force:  2 x 653264.5


Dynamic load balancing report:
 DLB was permanently on during the run per user request.
 Average load imbalance: 2.1%.
 The balanceable part of the MD step is 74%, load imbalance is computed from this.
 Part of the total run time spent waiting due to load imbalance: 1.5%.
 Steps where the load balancing was limited by -rdd, -rcon and/or -dds: X 0 % Y 0 %
 Average PME mesh/force load: 0.939
 Part of the total run time spent waiting due to PP/PME imbalance: 1.3 %


     R E A L   C Y C L E   A N D   T I M E   A C C O U N T I N G

On 30 MPI ranks doing PP, each using 4 OpenMP threads, and
on 10 MPI ranks doing PME, each using 4 OpenMP threads

 Computing:          Num   Num      Call    Wall time         Giga-Cycles
                     Ranks Threads  Count      (s)         total sum    %
-----------------------------------------------------------------------------
 Domain decomp.        30    4        125       6.140       1983.828   5.5
 DD comm. load         30    4        125       0.009          3.053   0.0
 DD comm. bounds       30    4        125       0.065         21.039   0.1
 Send X to PME         30    4      10001       1.189        384.258   1.1
 Neighbor search       30    4        126       1.866        603.006   1.7
 Comm. coord.          30    4       9875       4.209       1359.674   3.8
 Force                 30    4      10001      53.319      17225.844  47.6
 Wait + Comm. F        30    4      10001       5.849       1889.773   5.2
 PME mesh *            10    4      10001      63.616       6850.831  18.9
 PME wait for PP *                             20.454       2202.676   6.1
 Wait + Recv. PME F    30    4      10001       5.959       1925.205   5.3
 NB X/F buffer ops.    30    4      29751       1.204        389.108   1.1
 Write traj.           30    4         11       0.140         45.258   0.1
 Update                30    4      10001       0.383        123.719   0.3
 Constraints           30    4      10001       1.000        322.927   0.9
 Comm. energies        30    4        501       2.576        832.120   2.3
 Rest                                           0.172         55.438   0.2
-----------------------------------------------------------------------------
 Total                                         84.081      36219.004 100.0
-----------------------------------------------------------------------------
(*) Note that with separate PME ranks, the walltime column actually sums to
    twice the total reported, but the cycle count total and % are correct.
-----------------------------------------------------------------------------
 Breakdown of PME mesh computation
-----------------------------------------------------------------------------
 PME redist. X/F       10    4      20002      13.283       1430.454   3.9
 PME spread            10    4      10001      14.948       1609.716   4.4
 PME gather            10    4      10001      11.484       1236.697   3.4
 PME 3D-FFT            10    4      20002      11.001       1184.682   3.3
 PME 3D-FFT Comm.      10    4      20002      12.203       1314.147   3.6
 PME solve Elec        10    4      10001       0.642         69.183   0.2
-----------------------------------------------------------------------------

               Core t (s)   Wall t (s)        (%)
       Time:    13446.016       84.081    15991.8
                 (ns/day)    (hour/ns)
Performance:       20.554        1.168
Finished mdrun on rank 0 Tue Nov 10 17:21:05 2020

