                      :-) GROMACS - gmx mdrun, 2020.4 (-:

                            GROMACS is written by:
     Emile Apol      Rossen Apostolov      Paul Bauer     Herman J.C. Berendsen
    Par Bjelkmar      Christian Blau   Viacheslav Bolnykh     Kevin Boyd    
 Aldert van Buuren   Rudi van Drunen     Anton Feenstra       Alan Gray     
  Gerrit Groenhof     Anca Hamuraru    Vincent Hindriksen  M. Eric Irrgang  
  Aleksei Iupinov   Christoph Junghans     Joe Jordan     Dimitrios Karkoulis
    Peter Kasson        Jiri Kraus      Carsten Kutzner      Per Larsson    
  Justin A. Lemkul    Viveca Lindahl    Magnus Lundborg     Erik Marklund   
    Pascal Merz     Pieter Meulenhoff    Teemu Murtola       Szilard Pall   
    Sander Pronk      Roland Schulz      Michael Shirts    Alexey Shvetsov  
   Alfons Sijbers     Peter Tieleman      Jon Vincent      Teemu Virolainen 
 Christian Wennberg    Maarten Wolf      Artem Zhmurov   
                           and the project leaders:
        Mark Abraham, Berk Hess, Erik Lindahl, and David van der Spoel

Copyright (c) 1991-2000, University of Groningen, The Netherlands.
Copyright (c) 2001-2019, The GROMACS development team at
Uppsala University, Stockholm University and
the Royal Institute of Technology, Sweden.
check out http://www.gromacs.org for more information.

GROMACS is free software; you can redistribute it and/or modify it
under the terms of the GNU Lesser General Public License
as published by the Free Software Foundation; either version 2.1
of the License, or (at your option) any later version.

GROMACS:      gmx mdrun, version 2020.4
Executable:   /data/ccuser/libraries/gromacs_no_gpu/gromacs-2020.4/build/bin/gmx_mpi
Data prefix:  /data/ccuser/libraries/gromacs_no_gpu/gromacs-2020.4 (source tree)
Working dir:  /data/ccuser/scc2020/gromacs/competition/SCC_Gromacs/Task2/Amber99SB-ILDN
Process ID:   10972
Command line:
  gmx_mpi mdrun -deffnm md_scale_20_1 -nsteps 10000 -ntomp 4 -dlb yes -tunepme yes -v

GROMACS version:    2020.4
Verified release checksum is 79c2857291b034542c26e90512b92fd4b184a1c9d6fa59c55f2e24ccf14e7281
Precision:          single
Memory model:       64 bit
MPI library:        MPI
OpenMP support:     enabled (GMX_OPENMP_MAX_THREADS = 64)
GPU support:        disabled
SIMD instructions:  AVX_512
FFT library:        fftw-3.3.8-sse2-avx-avx2-avx2_128-avx512
RDTSCP usage:       enabled
TNG support:        enabled
Hwloc support:      disabled
Tracing support:    disabled
C compiler:         /opt/gcc-9.2.0/bin/gcc GNU 9.2.0
C compiler flags:   -mavx512f -mfma -fexcess-precision=fast -funroll-all-loops -O3 -DNDEBUG
C++ compiler:       /opt/gcc-9.2.0/bin/g++ GNU 9.2.0
C++ compiler flags: -mavx512f -mfma -fexcess-precision=fast -funroll-all-loops -fopenmp -O3 -DNDEBUG


Running on 2 nodes with total 88 cores, 88 logical cores
  Cores per node:           44
  Logical cores per node:   44
Hardware detected on host ip-0A00000E (the node of MPI rank 0):
  CPU info:
    Vendor: Intel
    Brand:  Intel(R) Xeon(R) Platinum 8168 CPU @ 2.70GHz
    Family: 6   Model: 85   Stepping: 4
    Features: aes apic avx avx2 avx512f avx512cd avx512bw avx512vl clfsh cmov cx8 cx16 f16c fma hle intel lahf mmx msr pcid pclmuldq pdpe1gb popcnt pse rdrnd rdtscp rtm sse2 sse3 sse4.1 sse4.2 ssse3
    Number of AVX-512 FMA units: 2
  Hardware topology: Only logical processor count


++++ PLEASE READ AND CITE THE FOLLOWING REFERENCE ++++
M. J. Abraham, T. Murtola, R. Schulz, S. Páll, J. C. Smith, B. Hess, E.
Lindahl
GROMACS: High performance molecular simulations through multi-level
parallelism from laptops to supercomputers
SoftwareX 1 (2015) pp. 19-25
-------- -------- --- Thank You --- -------- --------


++++ PLEASE READ AND CITE THE FOLLOWING REFERENCE ++++
S. Páll, M. J. Abraham, C. Kutzner, B. Hess, E. Lindahl
Tackling Exascale Software Challenges in Molecular Dynamics Simulations with
GROMACS
In S. Markidis & E. Laure (Eds.), Solving Software Challenges for Exascale 8759 (2015) pp. 3-27
-------- -------- --- Thank You --- -------- --------


++++ PLEASE READ AND CITE THE FOLLOWING REFERENCE ++++
S. Pronk, S. Páll, R. Schulz, P. Larsson, P. Bjelkmar, R. Apostolov, M. R.
Shirts, J. C. Smith, P. M. Kasson, D. van der Spoel, B. Hess, and E. Lindahl
GROMACS 4.5: a high-throughput and highly parallel open source molecular
simulation toolkit
Bioinformatics 29 (2013) pp. 845-54
-------- -------- --- Thank You --- -------- --------


++++ PLEASE READ AND CITE THE FOLLOWING REFERENCE ++++
B. Hess and C. Kutzner and D. van der Spoel and E. Lindahl
GROMACS 4: Algorithms for highly efficient, load-balanced, and scalable
molecular simulation
J. Chem. Theory Comput. 4 (2008) pp. 435-447
-------- -------- --- Thank You --- -------- --------


++++ PLEASE READ AND CITE THE FOLLOWING REFERENCE ++++
D. van der Spoel, E. Lindahl, B. Hess, G. Groenhof, A. E. Mark and H. J. C.
Berendsen
GROMACS: Fast, Flexible and Free
J. Comp. Chem. 26 (2005) pp. 1701-1719
-------- -------- --- Thank You --- -------- --------


++++ PLEASE READ AND CITE THE FOLLOWING REFERENCE ++++
E. Lindahl and B. Hess and D. van der Spoel
GROMACS 3.0: A package for molecular simulation and trajectory analysis
J. Mol. Mod. 7 (2001) pp. 306-317
-------- -------- --- Thank You --- -------- --------


++++ PLEASE READ AND CITE THE FOLLOWING REFERENCE ++++
H. J. C. Berendsen, D. van der Spoel and R. van Drunen
GROMACS: A message-passing parallel molecular dynamics implementation
Comp. Phys. Comm. 91 (1995) pp. 43-56
-------- -------- --- Thank You --- -------- --------


++++ PLEASE CITE THE DOI FOR THIS VERSION OF GROMACS ++++
https://doi.org/10.5281/zenodo.4054979
-------- -------- --- Thank You --- -------- --------

Input Parameters:
   integrator                     = md
   tinit                          = 0
   dt                             = 0.002
   nsteps                         = 5000000
   init-step                      = 0
   simulation-part                = 1
   comm-mode                      = Linear
   nstcomm                        = 100
   bd-fric                        = 0
   ld-seed                        = -85336663
   emtol                          = 10
   emstep                         = 0.01
   niter                          = 20
   fcstep                         = 0
   nstcgsteep                     = 1000
   nbfgscorr                      = 10
   rtpi                           = 0.05
   nstxout                        = 1000
   nstvout                        = 50000
   nstfout                        = 50000
   nstlog                         = 1000
   nstcalcenergy                  = 100
   nstenergy                      = 1000
   nstxout-compressed             = 0
   compressed-x-precision         = 1000
   cutoff-scheme                  = Verlet
   nstlist                        = 40
   pbc                            = xyz
   periodic-molecules             = false
   verlet-buffer-tolerance        = 0.005
   rlist                          = 1.288
   coulombtype                    = PME
   coulomb-modifier               = Potential-shift
   rcoulomb-switch                = 0
   rcoulomb                       = 1.2
   epsilon-r                      = 1
   epsilon-rf                     = inf
   vdw-type                       = Cut-off
   vdw-modifier                   = Force-switch
   rvdw-switch                    = 1
   rvdw                           = 1.2
   DispCorr                       = No
   table-extension                = 1
   fourierspacing                 = 0.12
   fourier-nx                     = 160
   fourier-ny                     = 160
   fourier-nz                     = 160
   pme-order                      = 4
   ewald-rtol                     = 1e-05
   ewald-rtol-lj                  = 0.001
   lj-pme-comb-rule               = Geometric
   ewald-geometry                 = 0
   epsilon-surface                = 0
   tcoupl                         = Nose-Hoover
   nsttcouple                     = 40
   nh-chain-length                = 1
   print-nose-hoover-chain-variables = false
   pcoupl                         = Parrinello-Rahman
   pcoupltype                     = Semiisotropic
   nstpcouple                     = 40
   tau-p                          = 5
   compressibility (3x3):
      compressibility[    0]={ 4.50000e-05,  0.00000e+00,  0.00000e+00}
      compressibility[    1]={ 0.00000e+00,  4.50000e-05,  0.00000e+00}
      compressibility[    2]={ 0.00000e+00,  0.00000e+00,  4.50000e-05}
   ref-p (3x3):
      ref-p[    0]={ 1.00000e+00,  0.00000e+00,  0.00000e+00}
      ref-p[    1]={ 0.00000e+00,  1.00000e+00,  0.00000e+00}
      ref-p[    2]={ 0.00000e+00,  0.00000e+00,  1.00000e+00}
   refcoord-scaling               = COM
   posres-com (3):
      posres-com[0]= 0.00000e+00
      posres-com[1]= 0.00000e+00
      posres-com[2]= 0.00000e+00
   posres-comB (3):
      posres-comB[0]= 0.00000e+00
      posres-comB[1]= 0.00000e+00
      posres-comB[2]= 0.00000e+00
   QMMM                           = false
   QMconstraints                  = 0
   QMMMscheme                     = 0
   MMChargeScaleFactor            = 1
qm-opts:
   ngQM                           = 0
   constraint-algorithm           = Lincs
   continuation                   = true
   Shake-SOR                      = false
   shake-tol                      = 0.0001
   lincs-order                    = 4
   lincs-iter                     = 1
   lincs-warnangle                = 30
   nwall                          = 0
   wall-type                      = 9-3
   wall-r-linpot                  = -1
   wall-atomtype[0]               = -1
   wall-atomtype[1]               = -1
   wall-density[0]                = 0
   wall-density[1]                = 0
   wall-ewald-zfac                = 3
   pull                           = false
   awh                            = false
   rotation                       = false
   interactiveMD                  = false
   disre                          = No
   disre-weighting                = Conservative
   disre-mixed                    = false
   dr-fc                          = 1000
   dr-tau                         = 0
   nstdisreout                    = 100
   orire-fc                       = 0
   orire-tau                      = 0
   nstorireout                    = 100
   free-energy                    = no
   cos-acceleration               = 0
   deform (3x3):
      deform[    0]={ 0.00000e+00,  0.00000e+00,  0.00000e+00}
      deform[    1]={ 0.00000e+00,  0.00000e+00,  0.00000e+00}
      deform[    2]={ 0.00000e+00,  0.00000e+00,  0.00000e+00}
   simulated-tempering            = false
   swapcoords                     = no
   userint1                       = 0
   userint2                       = 0
   userint3                       = 0
   userint4                       = 0
   userreal1                      = 0
   userreal2                      = 0
   userreal3                      = 0
   userreal4                      = 0
   applied-forces:
     electric-field:
       x:
         E0                       = 0
         omega                    = 0
         t0                       = 0
         sigma                    = 0
       y:
         E0                       = 0
         omega                    = 0
         t0                       = 0
         sigma                    = 0
       z:
         E0                       = 0
         omega                    = 0
         t0                       = 0
         sigma                    = 0
     density-guided-simulation:
       active                     = false
       group                      = protein
       similarity-measure         = inner-product
       atom-spreading-weight      = unity
       force-constant             = 1e+09
       gaussian-transform-spreading-width = 0.2
       gaussian-transform-spreading-range-in-multiples-of-width = 4
       reference-density-filename = reference.mrc
       nst                        = 1
       normalize-densities        = true
       adaptive-force-scaling     = false
       adaptive-force-scaling-time-constant = 4
grpopts:
   nrdf:  1.22268e+06
   ref-t:      303.15
   tau-t:           1
annealing:          No
annealing-npoints:           0
   acc:	           0           0           0
   nfreeze:           N           N           N
   energygrp-flags[  0]: 0

The -nsteps functionality is deprecated, and may be removed in a future version. Consider using gmx convert-tpr -nsteps or changing the appropriate .mdp file field.

Overriding nsteps with value passed on the command line: 10000 steps, 20 ps
Changing nstlist from 40 to 80, rlist from 1.288 to 1.332


Initializing Domain Decomposition on 20 ranks
Dynamic load balancing: on
Using update groups, nr 204401, average size 3.0 atoms, max. radius 0.104 nm
Minimum cell size due to atom displacement: 0.561 nm
Initial maximum distances in bonded interactions:
    two-body bonded interactions: 0.428 nm, LJ-14, atoms 4603 4611
  multi-body bonded interactions: 0.428 nm, Proper Dih., atoms 4603 4611
Minimum cell size due to bonded interactions: 0.471 nm
Scaling the initial minimum size with 1/0.8 (option -dds) = 1.25
Guess for relative PME load: 0.21
Will use 15 particle-particle and 5 PME only ranks
This is a guess, check the performance at the end of the log file
Using 5 separate PME ranks, as guessed by mdrun
Optimizing the DD grid for 15 cells with a minimum initial size of 0.701 nm
The maximum allowed number of cells is: X 26 Y 26 Z 26
Domain decomposition grid 5 x 3 x 1, separate PME ranks 5
PME domain decomposition: 5 x 1 x 1
Interleaving PP and PME ranks
This rank does only particle-particle work.
Domain decomposition rank 0, coordinates 0 0 0

The maximum number of communication pulses is: X 1 Y 1
The minimum size for domain decomposition cells is 1.540 nm
The requested allowed shrink of DD cells (option -dds) is: 0.80
The allowed shrink of domain decomposition cells is: X 0.42 Y 0.25
The maximum allowed distance for atom groups involved in interactions is:
                 non-bonded interactions           1.540 nm
            two-body bonded interactions  (-rdd)   1.540 nm
          multi-body bonded interactions  (-rdd)   1.540 nm
Using two step summing over 2 groups of on average 7.5 ranks


Using 20 MPI processes

Non-default thread affinity set, disabling internal thread affinity

Using 4 OpenMP threads per MPI process

System total charge: 0.000
Will do PME sum in reciprocal space for electrostatic interactions.

++++ PLEASE READ AND CITE THE FOLLOWING REFERENCE ++++
U. Essmann, L. Perera, M. L. Berkowitz, T. Darden, H. Lee and L. G. Pedersen 
A smooth particle mesh Ewald method
J. Chem. Phys. 103 (1995) pp. 8577-8592
-------- -------- --- Thank You --- -------- --------

Using a Gaussian width (1/beta) of 0.384195 nm for Ewald
Potential shift: LJ r^-12: -2.648e-01 r^-6: -5.349e-01, Ewald -8.333e-06
Initialized non-bonded Ewald tables, spacing: 1.02e-03 size: 1176

Generated table with 1166 data points for 1-4 COUL.
Tabscale = 500 points/nm
Generated table with 1166 data points for 1-4 LJ6.
Tabscale = 500 points/nm
Generated table with 1166 data points for 1-4 LJ12.
Tabscale = 500 points/nm

Using SIMD 4x8 nonbonded short-range kernels

Using a dual 4x8 pair-list setup updated with dynamic pruning:
  outer list: updated every 80 steps, buffer 0.132 nm, rlist 1.332 nm
  inner list: updated every 12 steps, buffer 0.001 nm, rlist 1.201 nm
At tolerance 0.005 kJ/mol/ps per atom, equivalent classical 1x1 list would be:
  outer list: updated every 80 steps, buffer 0.280 nm, rlist 1.480 nm
  inner list: updated every 12 steps, buffer 0.047 nm, rlist 1.247 nm


Initializing LINear Constraint Solver

++++ PLEASE READ AND CITE THE FOLLOWING REFERENCE ++++
B. Hess and H. Bekker and H. J. C. Berendsen and J. G. E. M. Fraaije
LINCS: A Linear Constraint Solver for molecular simulations
J. Comp. Chem. 18 (1997) pp. 1463-1472
-------- -------- --- Thank You --- -------- --------

The number of constraints is 3472

++++ PLEASE READ AND CITE THE FOLLOWING REFERENCE ++++
S. Miyamoto and P. A. Kollman
SETTLE: An Analytical Version of the SHAKE and RATTLE Algorithms for Rigid
Water Models
J. Comp. Chem. 13 (1992) pp. 952-962
-------- -------- --- Thank You --- -------- --------


Linking all bonded interactions to atoms


Intra-simulation communication will occur every 20 steps.
There are: 609561 Atoms
Atom distribution over 15 domains: av 40637 stddev 259 min 40485 max 41279
Center of mass motion removal mode is Linear
We have the following groups for center of mass motion removal:
  0:  System

Started mdrun on rank 0 Tue Nov 10 16:23:20 2020

           Step           Time
              0        0.00000

   Energies (kJ/mol)
           Bond          Angle    Proper Dih.  Improper Dih.          LJ-14
    5.69234e+03    1.48799e+04    1.80845e+04    8.91055e+02    6.69109e+03
     Coulomb-14        LJ (SR)   Coulomb (SR)   Coul. recip.      Potential
    7.30408e+04    1.77326e+06   -1.12463e+07    2.76316e+04   -9.32617e+06
    Kinetic En.   Total Energy  Conserved En.    Temperature Pressure (bar)
    1.54881e+06   -7.77737e+06   -7.77699e+06    3.04706e+02   -3.16142e+02
   Constr. rmsd
    4.65039e-06


DD  step 79  vol min/aver 1.000  load imb.: force 12.0%  pme mesh/force 1.044
step  480: timed with pme grid 160 160 160, coulomb cutoff 1.200: 2024.0 M-cycles
step  640: timed with pme grid 128 128 128, coulomb cutoff 1.437: 2658.4 M-cycles
step  800: timed with pme grid 144 144 144, coulomb cutoff 1.277: 2124.7 M-cycles
step  960: timed with pme grid 160 160 160, coulomb cutoff 1.200: 2025.8 M-cycles
              optimal pme grid 160 160 160, coulomb cutoff 1.200
           Step           Time
           1000        2.00000

   Energies (kJ/mol)
           Bond          Angle    Proper Dih.  Improper Dih.          LJ-14
    5.45324e+03    1.45610e+04    1.82433e+04    8.73128e+02    6.77096e+03
     Coulomb-14        LJ (SR)   Coulomb (SR)   Coul. recip.      Potential
    7.30885e+04    1.80770e+06   -1.13061e+07    2.69999e+04   -9.35245e+06
    Kinetic En.   Total Energy  Conserved En.    Temperature Pressure (bar)
    1.54459e+06   -7.80786e+06   -7.78087e+06    3.03877e+02    2.41131e+02
   Constr. rmsd
    4.58134e-06


DD  step 1999  vol min/aver 0.908  load imb.: force  3.1%  pme mesh/force 1.136
           Step           Time
           2000        4.00000

   Energies (kJ/mol)
           Bond          Angle    Proper Dih.  Improper Dih.          LJ-14
    5.47049e+03    1.44177e+04    1.82799e+04    8.98791e+02    6.76906e+03
     Coulomb-14        LJ (SR)   Coulomb (SR)   Coul. recip.      Potential
    7.33566e+04    1.78014e+06   -1.12600e+07    2.71231e+04   -9.33355e+06
    Kinetic En.   Total Energy  Conserved En.    Temperature Pressure (bar)
    1.54269e+06   -7.79087e+06   -7.77939e+06    3.03502e+02   -9.75959e+01
   Constr. rmsd
    4.61871e-06

           Step           Time
           3000        6.00000

   Energies (kJ/mol)
           Bond          Angle    Proper Dih.  Improper Dih.          LJ-14
    5.39927e+03    1.45534e+04    1.83140e+04    8.85992e+02    6.72257e+03
     Coulomb-14        LJ (SR)   Coulomb (SR)   Coul. recip.      Potential
    7.29423e+04    1.79834e+06   -1.13001e+07    2.69828e+04   -9.35598e+06
    Kinetic En.   Total Energy  Conserved En.    Temperature Pressure (bar)
    1.53589e+06   -7.82009e+06   -7.78176e+06    3.02166e+02    5.92946e+01
   Constr. rmsd
    4.69884e-06


DD  step 3999  vol min/aver 0.910  load imb.: force  0.7%  pme mesh/force 1.118
           Step           Time
           4000        8.00000

   Energies (kJ/mol)
           Bond          Angle    Proper Dih.  Improper Dih.          LJ-14
    5.61360e+03    1.48112e+04    1.80799e+04    9.45842e+02    6.74723e+03
     Coulomb-14        LJ (SR)   Coulomb (SR)   Coul. recip.      Potential
    7.27802e+04    1.78614e+06   -1.12762e+07    2.72056e+04   -9.34388e+06
    Kinetic En.   Total Energy  Conserved En.    Temperature Pressure (bar)
    1.53860e+06   -7.80528e+06   -7.78400e+06    3.02698e+02   -2.98115e+01
   Constr. rmsd
    4.62816e-06

           Step           Time
           5000       10.00000

   Energies (kJ/mol)
           Bond          Angle    Proper Dih.  Improper Dih.          LJ-14
    5.69074e+03    1.43542e+04    1.80805e+04    8.89832e+02    6.78412e+03
     Coulomb-14        LJ (SR)   Coulomb (SR)   Coul. recip.      Potential
    7.30488e+04    1.78409e+06   -1.12647e+07    2.71124e+04   -9.33465e+06
    Kinetic En.   Total Energy  Conserved En.    Temperature Pressure (bar)
    1.54789e+06   -7.78676e+06   -7.77987e+06    3.04526e+02   -2.06197e+01
   Constr. rmsd
    4.65370e-06


DD  step 5999  vol min/aver 0.896  load imb.: force  2.3%  pme mesh/force 1.108
           Step           Time
           6000       12.00000

   Energies (kJ/mol)
           Bond          Angle    Proper Dih.  Improper Dih.          LJ-14
    5.38994e+03    1.47454e+04    1.82544e+04    9.36725e+02    6.76759e+03
     Coulomb-14        LJ (SR)   Coulomb (SR)   Coul. recip.      Potential
    7.28059e+04    1.79252e+06   -1.12846e+07    2.69184e+04   -9.34623e+06
    Kinetic En.   Total Energy  Conserved En.    Temperature Pressure (bar)
    1.54208e+06   -7.80415e+06   -7.77904e+06    3.03384e+02    2.64772e+01
   Constr. rmsd
    4.70760e-06

           Step           Time
           7000       14.00000

   Energies (kJ/mol)
           Bond          Angle    Proper Dih.  Improper Dih.          LJ-14
    5.61424e+03    1.44574e+04    1.82623e+04    9.35049e+02    6.76180e+03
     Coulomb-14        LJ (SR)   Coulomb (SR)   Coul. recip.      Potential
    7.31410e+04    1.79776e+06   -1.12885e+07    2.70720e+04   -9.34446e+06
    Kinetic En.   Total Energy  Conserved En.    Temperature Pressure (bar)
    1.53903e+06   -7.80542e+06   -7.78023e+06    3.02784e+02    6.85836e+01
   Constr. rmsd
    4.57246e-06


DD  step 7999  vol min/aver 0.897  load imb.: force  0.5%  pme mesh/force 1.129
           Step           Time
           8000       16.00000

   Energies (kJ/mol)
           Bond          Angle    Proper Dih.  Improper Dih.          LJ-14
    5.64194e+03    1.42709e+04    1.84982e+04    9.22075e+02    6.78916e+03
     Coulomb-14        LJ (SR)   Coulomb (SR)   Coul. recip.      Potential
    7.30821e+04    1.78746e+06   -1.12769e+07    2.72268e+04   -9.34300e+06
    Kinetic En.   Total Energy  Conserved En.    Temperature Pressure (bar)
    1.53948e+06   -7.80353e+06   -7.77994e+06    3.02871e+02   -2.83904e+01
   Constr. rmsd
    4.55839e-06

           Step           Time
           9000       18.00000

   Energies (kJ/mol)
           Bond          Angle    Proper Dih.  Improper Dih.          LJ-14
    5.73030e+03    1.45986e+04    1.82650e+04    8.78484e+02    6.71822e+03
     Coulomb-14        LJ (SR)   Coulomb (SR)   Coul. recip.      Potential
    7.30986e+04    1.78782e+06   -1.12717e+07    2.71399e+04   -9.33746e+06
    Kinetic En.   Total Energy  Conserved En.    Temperature Pressure (bar)
    1.54015e+06   -7.79731e+06   -7.78030e+06    3.03003e+02    1.54084e+01
   Constr. rmsd
    4.67920e-06


DD  step 9999  vol min/aver 0.895  load imb.: force  0.8%  pme mesh/force 1.127
           Step           Time
          10000       20.00000

Writing checkpoint, step 10000 at Tue Nov 10 16:25:30 2020


   Energies (kJ/mol)
           Bond          Angle    Proper Dih.  Improper Dih.          LJ-14
    5.56246e+03    1.49436e+04    1.81664e+04    8.96255e+02    6.73820e+03
     Coulomb-14        LJ (SR)   Coulomb (SR)   Coul. recip.      Potential
    7.28063e+04    1.78812e+06   -1.12817e+07    2.70293e+04   -9.34743e+06
    Kinetic En.   Total Energy  Conserved En.    Temperature Pressure (bar)
    1.53852e+06   -7.80891e+06   -7.78046e+06    3.02682e+02   -3.16427e+01
   Constr. rmsd
    4.77364e-06


	<======  ###############  ==>
	<====  A V E R A G E S  ====>
	<==  ###############  ======>

	Statistics over 10001 steps using 101 frames

   Energies (kJ/mol)
           Bond          Angle    Proper Dih.  Improper Dih.          LJ-14
    5.56651e+03    1.46921e+04    1.81913e+04    9.09669e+02    6.74712e+03
     Coulomb-14        LJ (SR)   Coulomb (SR)   Coul. recip.      Potential
    7.29483e+04    1.79031e+06   -1.12799e+07    2.67300e+04   -9.34382e+06
    Kinetic En.   Total Energy  Conserved En.    Temperature Pressure (bar)
    1.54119e+06   -7.80263e+06   -7.78104e+06    3.03208e+02    9.18181e-01
   Constr. rmsd
    0.00000e+00

          Box-X          Box-Y          Box-Z
    1.82825e+01    1.82825e+01    1.83577e+01

   Total Virial (kJ/mol)
    5.12023e+05   -1.26332e+03   -8.77679e+02
   -1.23391e+03    5.14388e+05    3.30728e+02
   -8.91222e+02    2.97661e+02    5.14392e+05

   Pressure (bar)
    9.79704e+00    6.18932e+00    4.68044e+00
    6.02860e+00   -4.16775e+00   -2.13081e+00
    4.75313e+00   -1.95152e+00   -2.87475e+00


	M E G A - F L O P S   A C C O U N T I N G

 NB=Group-cutoff nonbonded kernels    NxN=N-by-N cluster Verlet kernels
 RF=Reaction-Field  VdW=Van der Waals  QSTab=quadratic-spline table
 W3=SPC/TIP3p  W4=TIP4p (single or pairs)
 V&F=Potential and force  V=Potential only  F=Force only

 Computing:                               M-Number         M-Flops  % Flops
-----------------------------------------------------------------------------
 Pair Search distance check           55050.570076      495455.131     0.1
 NxN Ewald Elec. + LJ [F]           2779197.517632   216777406.375    53.5
 NxN Ewald Elec. + LJ [V&F]           28379.846880     3661000.248     0.9
 NxN Ewald Elec. [F]                2678739.053184   163403082.244    40.3
 NxN Ewald Elec. [V&F]                27354.455424     2297774.256     0.6
 1,4 nonbonded interactions             184.638462       16617.462     0.0
 Calc Weights                         18288.658683      658391.713     0.2
 Spread Q Bspline                    390158.051904      780316.104     0.2
 Gather F Bspline                    390158.051904     2340948.311     0.6
 3D-FFT                             1776680.768664    14213446.149     3.5
 Solve PME                              253.772800       16241.459     0.0
 Reset In Box                            76.195125         228.585     0.0
 CG-CoM                                  76.804686         230.414     0.0
 Bonds                                   36.283628        2140.734     0.0
 Angles                                 128.052804       21512.871     0.0
 Propers                                198.499848       45456.465     0.0
 Impropers                               14.741474        3066.227     0.0
 Virial                                 183.681036        3306.259     0.0
 Stop-CM                                 61.565661         615.657     0.0
 Calc-Ekin                              610.780122       16491.063     0.0
 Lincs                                   34.723472        2083.408     0.0
 Lincs-Mat                              174.737472         698.950     0.0
 Constraint-V                          6095.369476       48762.956     0.0
 Constraint-Vir                         182.407204        4377.773     0.0
 Settle                                2008.640844      648790.993     0.2
-----------------------------------------------------------------------------
 Total                                               405458441.806   100.0
-----------------------------------------------------------------------------


    D O M A I N   D E C O M P O S I T I O N   S T A T I S T I C S

 av. #atoms communicated per step for force:  2 x 433707.0


Dynamic load balancing report:
 DLB was permanently on during the run per user request.
 Average load imbalance: 1.3%.
 The balanceable part of the MD step is 79%, load imbalance is computed from this.
 Part of the total run time spent waiting due to load imbalance: 1.1%.
 Steps where the load balancing was limited by -rdd, -rcon and/or -dds: X 0 % Y 0 %
 Average PME mesh/force load: 1.064
 Part of the total run time spent waiting due to PP/PME imbalance: 3.8 %


     R E A L   C Y C L E   A N D   T I M E   A C C O U N T I N G

On 15 MPI ranks doing PP, each using 4 OpenMP threads, and
on 5 MPI ranks doing PME, each using 4 OpenMP threads

 Computing:          Num   Num      Call    Wall time         Giga-Cycles
                     Ranks Threads  Count      (s)         total sum    %
-----------------------------------------------------------------------------
 Domain decomp.        15    4        125       3.900        630.149   2.2
 DD comm. load         15    4        125       0.008          1.302   0.0
 DD comm. bounds       15    4        125       0.050          8.026   0.0
 Send X to PME         15    4      10001       2.631        425.101   1.5
 Neighbor search       15    4        126       3.268        528.008   1.9
 Comm. coord.          15    4       9875       5.056        816.856   2.9
 Force                 15    4      10001      92.450      14936.301  52.5
 Wait + Comm. F        15    4      10001       4.819        778.607   2.7
 PME mesh *             5    4      10001     109.600       5902.355  20.7
 PME wait for PP *                             22.461       1209.610   4.3
 Wait + Recv. PME F    15    4      10001      12.687       2049.771   7.2
 NB X/F buffer ops.    15    4      29751       2.145        346.563   1.2
 Write traj.           15    4         11       0.240         38.790   0.1
 Update                15    4      10001       0.857        138.379   0.5
 Constraints           15    4      10001       1.368        220.938   0.8
 Comm. energies        15    4        501       2.354        380.307   1.3
 Rest                                           0.250         40.444   0.1
-----------------------------------------------------------------------------
 Total                                        132.084      28452.721 100.0
-----------------------------------------------------------------------------
(*) Note that with separate PME ranks, the walltime column actually sums to
    twice the total reported, but the cycle count total and % are correct.
-----------------------------------------------------------------------------
 Breakdown of PME mesh computation
-----------------------------------------------------------------------------
 PME redist. X/F        5    4      20002      12.658        681.666   2.4
 PME spread             5    4      10001      26.023       1401.411   4.9
 PME gather             5    4      10001      21.185       1140.861   4.0
 PME 3D-FFT             5    4      20002      28.816       1551.857   5.5
 PME 3D-FFT Comm.       5    4      20002      19.516       1051.026   3.7
 PME solve Elec         5    4      10001       1.335         71.920   0.3
-----------------------------------------------------------------------------

               Core t (s)   Wall t (s)        (%)
       Time:    10562.806      132.084     7997.0
                 (ns/day)    (hour/ns)
Performance:       13.084        1.834
Finished mdrun on rank 0 Tue Nov 10 16:25:32 2020

