                      :-) GROMACS - gmx mdrun, 2020.4 (-:

                            GROMACS is written by:
     Emile Apol      Rossen Apostolov      Paul Bauer     Herman J.C. Berendsen
    Par Bjelkmar      Christian Blau   Viacheslav Bolnykh     Kevin Boyd    
 Aldert van Buuren   Rudi van Drunen     Anton Feenstra       Alan Gray     
  Gerrit Groenhof     Anca Hamuraru    Vincent Hindriksen  M. Eric Irrgang  
  Aleksei Iupinov   Christoph Junghans     Joe Jordan     Dimitrios Karkoulis
    Peter Kasson        Jiri Kraus      Carsten Kutzner      Per Larsson    
  Justin A. Lemkul    Viveca Lindahl    Magnus Lundborg     Erik Marklund   
    Pascal Merz     Pieter Meulenhoff    Teemu Murtola       Szilard Pall   
    Sander Pronk      Roland Schulz      Michael Shirts    Alexey Shvetsov  
   Alfons Sijbers     Peter Tieleman      Jon Vincent      Teemu Virolainen 
 Christian Wennberg    Maarten Wolf      Artem Zhmurov   
                           and the project leaders:
        Mark Abraham, Berk Hess, Erik Lindahl, and David van der Spoel

Copyright (c) 1991-2000, University of Groningen, The Netherlands.
Copyright (c) 2001-2019, The GROMACS development team at
Uppsala University, Stockholm University and
the Royal Institute of Technology, Sweden.
check out http://www.gromacs.org for more information.

GROMACS is free software; you can redistribute it and/or modify it
under the terms of the GNU Lesser General Public License
as published by the Free Software Foundation; either version 2.1
of the License, or (at your option) any later version.

GROMACS:      gmx mdrun, version 2020.4
Executable:   /data/ccuser/libraries/gromacs_no_gpu/gromacs-2020.4/build/bin/gmx_mpi
Data prefix:  /data/ccuser/libraries/gromacs_no_gpu/gromacs-2020.4 (source tree)
Working dir:  /data/ccuser/scc2020/gromacs/competition/SCC_Gromacs/Task2/Amber99SB-ILDN
Process ID:   11465
Command line:
  gmx_mpi mdrun -deffnm md_scale_30_2 -nsteps 10000 -ntomp 4 -dlb yes -tunepme yes -v

GROMACS version:    2020.4
Verified release checksum is 79c2857291b034542c26e90512b92fd4b184a1c9d6fa59c55f2e24ccf14e7281
Precision:          single
Memory model:       64 bit
MPI library:        MPI
OpenMP support:     enabled (GMX_OPENMP_MAX_THREADS = 64)
GPU support:        disabled
SIMD instructions:  AVX_512
FFT library:        fftw-3.3.8-sse2-avx-avx2-avx2_128-avx512
RDTSCP usage:       enabled
TNG support:        enabled
Hwloc support:      disabled
Tracing support:    disabled
C compiler:         /opt/gcc-9.2.0/bin/gcc GNU 9.2.0
C compiler flags:   -mavx512f -mfma -fexcess-precision=fast -funroll-all-loops -O3 -DNDEBUG
C++ compiler:       /opt/gcc-9.2.0/bin/g++ GNU 9.2.0
C++ compiler flags: -mavx512f -mfma -fexcess-precision=fast -funroll-all-loops -fopenmp -O3 -DNDEBUG


Running on 3 nodes with total 132 cores, 132 logical cores
  Cores per node:           44
  Logical cores per node:   44
Hardware detected on host ip-0A00000E (the node of MPI rank 0):
  CPU info:
    Vendor: Intel
    Brand:  Intel(R) Xeon(R) Platinum 8168 CPU @ 2.70GHz
    Family: 6   Model: 85   Stepping: 4
    Features: aes apic avx avx2 avx512f avx512cd avx512bw avx512vl clfsh cmov cx8 cx16 f16c fma hle intel lahf mmx msr pcid pclmuldq pdpe1gb popcnt pse rdrnd rdtscp rtm sse2 sse3 sse4.1 sse4.2 ssse3
    Number of AVX-512 FMA units: 2
  Hardware topology: Only logical processor count


++++ PLEASE READ AND CITE THE FOLLOWING REFERENCE ++++
M. J. Abraham, T. Murtola, R. Schulz, S. Páll, J. C. Smith, B. Hess, E.
Lindahl
GROMACS: High performance molecular simulations through multi-level
parallelism from laptops to supercomputers
SoftwareX 1 (2015) pp. 19-25
-------- -------- --- Thank You --- -------- --------


++++ PLEASE READ AND CITE THE FOLLOWING REFERENCE ++++
S. Páll, M. J. Abraham, C. Kutzner, B. Hess, E. Lindahl
Tackling Exascale Software Challenges in Molecular Dynamics Simulations with
GROMACS
In S. Markidis & E. Laure (Eds.), Solving Software Challenges for Exascale 8759 (2015) pp. 3-27
-------- -------- --- Thank You --- -------- --------


++++ PLEASE READ AND CITE THE FOLLOWING REFERENCE ++++
S. Pronk, S. Páll, R. Schulz, P. Larsson, P. Bjelkmar, R. Apostolov, M. R.
Shirts, J. C. Smith, P. M. Kasson, D. van der Spoel, B. Hess, and E. Lindahl
GROMACS 4.5: a high-throughput and highly parallel open source molecular
simulation toolkit
Bioinformatics 29 (2013) pp. 845-54
-------- -------- --- Thank You --- -------- --------


++++ PLEASE READ AND CITE THE FOLLOWING REFERENCE ++++
B. Hess and C. Kutzner and D. van der Spoel and E. Lindahl
GROMACS 4: Algorithms for highly efficient, load-balanced, and scalable
molecular simulation
J. Chem. Theory Comput. 4 (2008) pp. 435-447
-------- -------- --- Thank You --- -------- --------


++++ PLEASE READ AND CITE THE FOLLOWING REFERENCE ++++
D. van der Spoel, E. Lindahl, B. Hess, G. Groenhof, A. E. Mark and H. J. C.
Berendsen
GROMACS: Fast, Flexible and Free
J. Comp. Chem. 26 (2005) pp. 1701-1719
-------- -------- --- Thank You --- -------- --------


++++ PLEASE READ AND CITE THE FOLLOWING REFERENCE ++++
E. Lindahl and B. Hess and D. van der Spoel
GROMACS 3.0: A package for molecular simulation and trajectory analysis
J. Mol. Mod. 7 (2001) pp. 306-317
-------- -------- --- Thank You --- -------- --------


++++ PLEASE READ AND CITE THE FOLLOWING REFERENCE ++++
H. J. C. Berendsen, D. van der Spoel and R. van Drunen
GROMACS: A message-passing parallel molecular dynamics implementation
Comp. Phys. Comm. 91 (1995) pp. 43-56
-------- -------- --- Thank You --- -------- --------


++++ PLEASE CITE THE DOI FOR THIS VERSION OF GROMACS ++++
https://doi.org/10.5281/zenodo.4054979
-------- -------- --- Thank You --- -------- --------

Input Parameters:
   integrator                     = md
   tinit                          = 0
   dt                             = 0.002
   nsteps                         = 5000000
   init-step                      = 0
   simulation-part                = 1
   comm-mode                      = Linear
   nstcomm                        = 100
   bd-fric                        = 0
   ld-seed                        = -458676512
   emtol                          = 10
   emstep                         = 0.01
   niter                          = 20
   fcstep                         = 0
   nstcgsteep                     = 1000
   nbfgscorr                      = 10
   rtpi                           = 0.05
   nstxout                        = 1000
   nstvout                        = 50000
   nstfout                        = 50000
   nstlog                         = 1000
   nstcalcenergy                  = 100
   nstenergy                      = 1000
   nstxout-compressed             = 0
   compressed-x-precision         = 1000
   cutoff-scheme                  = Verlet
   nstlist                        = 40
   pbc                            = xyz
   periodic-molecules             = false
   verlet-buffer-tolerance        = 0.005
   rlist                          = 1.288
   coulombtype                    = PME
   coulomb-modifier               = Potential-shift
   rcoulomb-switch                = 0
   rcoulomb                       = 1.2
   epsilon-r                      = 1
   epsilon-rf                     = inf
   vdw-type                       = Cut-off
   vdw-modifier                   = Force-switch
   rvdw-switch                    = 1
   rvdw                           = 1.2
   DispCorr                       = No
   table-extension                = 1
   fourierspacing                 = 0.12
   fourier-nx                     = 160
   fourier-ny                     = 160
   fourier-nz                     = 160
   pme-order                      = 4
   ewald-rtol                     = 1e-05
   ewald-rtol-lj                  = 0.001
   lj-pme-comb-rule               = Geometric
   ewald-geometry                 = 0
   epsilon-surface                = 0
   tcoupl                         = Nose-Hoover
   nsttcouple                     = 40
   nh-chain-length                = 1
   print-nose-hoover-chain-variables = false
   pcoupl                         = Parrinello-Rahman
   pcoupltype                     = Semiisotropic
   nstpcouple                     = 40
   tau-p                          = 5
   compressibility (3x3):
      compressibility[    0]={ 4.50000e-05,  0.00000e+00,  0.00000e+00}
      compressibility[    1]={ 0.00000e+00,  4.50000e-05,  0.00000e+00}
      compressibility[    2]={ 0.00000e+00,  0.00000e+00,  4.50000e-05}
   ref-p (3x3):
      ref-p[    0]={ 1.00000e+00,  0.00000e+00,  0.00000e+00}
      ref-p[    1]={ 0.00000e+00,  1.00000e+00,  0.00000e+00}
      ref-p[    2]={ 0.00000e+00,  0.00000e+00,  1.00000e+00}
   refcoord-scaling               = COM
   posres-com (3):
      posres-com[0]= 0.00000e+00
      posres-com[1]= 0.00000e+00
      posres-com[2]= 0.00000e+00
   posres-comB (3):
      posres-comB[0]= 0.00000e+00
      posres-comB[1]= 0.00000e+00
      posres-comB[2]= 0.00000e+00
   QMMM                           = false
   QMconstraints                  = 0
   QMMMscheme                     = 0
   MMChargeScaleFactor            = 1
qm-opts:
   ngQM                           = 0
   constraint-algorithm           = Lincs
   continuation                   = true
   Shake-SOR                      = false
   shake-tol                      = 0.0001
   lincs-order                    = 4
   lincs-iter                     = 1
   lincs-warnangle                = 30
   nwall                          = 0
   wall-type                      = 9-3
   wall-r-linpot                  = -1
   wall-atomtype[0]               = -1
   wall-atomtype[1]               = -1
   wall-density[0]                = 0
   wall-density[1]                = 0
   wall-ewald-zfac                = 3
   pull                           = false
   awh                            = false
   rotation                       = false
   interactiveMD                  = false
   disre                          = No
   disre-weighting                = Conservative
   disre-mixed                    = false
   dr-fc                          = 1000
   dr-tau                         = 0
   nstdisreout                    = 100
   orire-fc                       = 0
   orire-tau                      = 0
   nstorireout                    = 100
   free-energy                    = no
   cos-acceleration               = 0
   deform (3x3):
      deform[    0]={ 0.00000e+00,  0.00000e+00,  0.00000e+00}
      deform[    1]={ 0.00000e+00,  0.00000e+00,  0.00000e+00}
      deform[    2]={ 0.00000e+00,  0.00000e+00,  0.00000e+00}
   simulated-tempering            = false
   swapcoords                     = no
   userint1                       = 0
   userint2                       = 0
   userint3                       = 0
   userint4                       = 0
   userreal1                      = 0
   userreal2                      = 0
   userreal3                      = 0
   userreal4                      = 0
   applied-forces:
     electric-field:
       x:
         E0                       = 0
         omega                    = 0
         t0                       = 0
         sigma                    = 0
       y:
         E0                       = 0
         omega                    = 0
         t0                       = 0
         sigma                    = 0
       z:
         E0                       = 0
         omega                    = 0
         t0                       = 0
         sigma                    = 0
     density-guided-simulation:
       active                     = false
       group                      = protein
       similarity-measure         = inner-product
       atom-spreading-weight      = unity
       force-constant             = 1e+09
       gaussian-transform-spreading-width = 0.2
       gaussian-transform-spreading-range-in-multiples-of-width = 4
       reference-density-filename = reference.mrc
       nst                        = 1
       normalize-densities        = true
       adaptive-force-scaling     = false
       adaptive-force-scaling-time-constant = 4
grpopts:
   nrdf:  1.22268e+06
   ref-t:      303.15
   tau-t:           1
annealing:          No
annealing-npoints:           0
   acc:	           0           0           0
   nfreeze:           N           N           N
   energygrp-flags[  0]: 0

The -nsteps functionality is deprecated, and may be removed in a future version. Consider using gmx convert-tpr -nsteps or changing the appropriate .mdp file field.

Overriding nsteps with value passed on the command line: 10000 steps, 20 ps
Changing nstlist from 40 to 80, rlist from 1.288 to 1.332


Initializing Domain Decomposition on 30 ranks
Dynamic load balancing: on
Using update groups, nr 204401, average size 3.0 atoms, max. radius 0.104 nm
Minimum cell size due to atom displacement: 0.561 nm
Initial maximum distances in bonded interactions:
    two-body bonded interactions: 0.428 nm, LJ-14, atoms 4603 4611
  multi-body bonded interactions: 0.428 nm, Proper Dih., atoms 4603 4611
Minimum cell size due to bonded interactions: 0.471 nm
Scaling the initial minimum size with 1/0.8 (option -dds) = 1.25
Guess for relative PME load: 0.21
Will use 20 particle-particle and 10 PME only ranks
This is a guess, check the performance at the end of the log file
Using 10 separate PME ranks, as guessed by mdrun
Optimizing the DD grid for 20 cells with a minimum initial size of 0.701 nm
The maximum allowed number of cells is: X 26 Y 26 Z 26
Domain decomposition grid 10 x 2 x 1, separate PME ranks 10
PME domain decomposition: 10 x 1 x 1
Interleaving PP and PME ranks
This rank does only particle-particle work.
Domain decomposition rank 0, coordinates 0 0 0

The maximum number of communication pulses is: X 2 Y 1
The minimum size for domain decomposition cells is 1.155 nm
The requested allowed shrink of DD cells (option -dds) is: 0.80
The allowed shrink of domain decomposition cells is: X 0.63 Y 0.17
The maximum allowed distance for atom groups involved in interactions is:
                 non-bonded interactions           1.540 nm
            two-body bonded interactions  (-rdd)   1.540 nm
          multi-body bonded interactions  (-rdd)   1.155 nm
Using two step summing over 3 groups of on average 6.7 ranks


Using 30 MPI processes

Non-default thread affinity set, disabling internal thread affinity

Using 4 OpenMP threads per MPI process

System total charge: 0.000
Will do PME sum in reciprocal space for electrostatic interactions.

++++ PLEASE READ AND CITE THE FOLLOWING REFERENCE ++++
U. Essmann, L. Perera, M. L. Berkowitz, T. Darden, H. Lee and L. G. Pedersen 
A smooth particle mesh Ewald method
J. Chem. Phys. 103 (1995) pp. 8577-8592
-------- -------- --- Thank You --- -------- --------

Using a Gaussian width (1/beta) of 0.384195 nm for Ewald
Potential shift: LJ r^-12: -2.648e-01 r^-6: -5.349e-01, Ewald -8.333e-06
Initialized non-bonded Ewald tables, spacing: 1.02e-03 size: 1176

Generated table with 1166 data points for 1-4 COUL.
Tabscale = 500 points/nm
Generated table with 1166 data points for 1-4 LJ6.
Tabscale = 500 points/nm
Generated table with 1166 data points for 1-4 LJ12.
Tabscale = 500 points/nm

Using SIMD 4x8 nonbonded short-range kernels

Using a dual 4x8 pair-list setup updated with dynamic pruning:
  outer list: updated every 80 steps, buffer 0.132 nm, rlist 1.332 nm
  inner list: updated every 12 steps, buffer 0.001 nm, rlist 1.201 nm
At tolerance 0.005 kJ/mol/ps per atom, equivalent classical 1x1 list would be:
  outer list: updated every 80 steps, buffer 0.280 nm, rlist 1.480 nm
  inner list: updated every 12 steps, buffer 0.047 nm, rlist 1.247 nm


Initializing LINear Constraint Solver

++++ PLEASE READ AND CITE THE FOLLOWING REFERENCE ++++
B. Hess and H. Bekker and H. J. C. Berendsen and J. G. E. M. Fraaije
LINCS: A Linear Constraint Solver for molecular simulations
J. Comp. Chem. 18 (1997) pp. 1463-1472
-------- -------- --- Thank You --- -------- --------

The number of constraints is 3472

++++ PLEASE READ AND CITE THE FOLLOWING REFERENCE ++++
S. Miyamoto and P. A. Kollman
SETTLE: An Analytical Version of the SHAKE and RATTLE Algorithms for Rigid
Water Models
J. Comp. Chem. 13 (1992) pp. 952-962
-------- -------- --- Thank You --- -------- --------


Linking all bonded interactions to atoms


Intra-simulation communication will occur every 20 steps.
There are: 609561 Atoms
Atom distribution over 20 domains: av 30478 stddev 115 min 30284 max 30668
Center of mass motion removal mode is Linear
We have the following groups for center of mass motion removal:
  0:  System

Started mdrun on rank 0 Tue Nov 10 16:32:02 2020

           Step           Time
              0        0.00000

   Energies (kJ/mol)
           Bond          Angle    Proper Dih.  Improper Dih.          LJ-14
    5.69235e+03    1.48799e+04    1.80845e+04    8.91056e+02    6.69109e+03
     Coulomb-14        LJ (SR)   Coulomb (SR)   Coul. recip.      Potential
    7.30408e+04    1.77326e+06   -1.12466e+07    2.76323e+04   -9.32638e+06
    Kinetic En.   Total Energy  Conserved En.    Temperature Pressure (bar)
    1.54881e+06   -7.77757e+06   -7.77720e+06    3.04706e+02   -3.16093e+02
   Constr. rmsd
    4.65039e-06


DD  step 79  vol min/aver 1.000  load imb.: force  4.5%  pme mesh/force 1.148
step  640: timed with pme grid 160 160 160, coulomb cutoff 1.200: 1328.2 M-cycles
step  800: timed with pme grid 128 128 128, coulomb cutoff 1.437: 1772.9 M-cycles
step  960: timed with pme grid 144 144 144, coulomb cutoff 1.277: 1384.9 M-cycles
           Step           Time
           1000        2.00000

   Energies (kJ/mol)
           Bond          Angle    Proper Dih.  Improper Dih.          LJ-14
    5.52256e+03    1.46366e+04    1.82401e+04    8.58158e+02    6.79320e+03
     Coulomb-14        LJ (SR)   Coulomb (SR)   Coul. recip.      Potential
    7.29946e+04    1.80657e+06   -1.13081e+07    2.68843e+04   -9.35560e+06
    Kinetic En.   Total Energy  Conserved En.    Temperature Pressure (bar)
    1.53892e+06   -7.81668e+06   -7.77916e+06    3.02761e+02    2.11473e+02
   Constr. rmsd
    4.75452e-06

step 1120: timed with pme grid 160 160 160, coulomb cutoff 1.200: 1327.5 M-cycles
              optimal pme grid 160 160 160, coulomb cutoff 1.200

DD  step 1999  vol min/aver 0.938  load imb.: force  2.0%  pme mesh/force 1.034
           Step           Time
           2000        4.00000

   Energies (kJ/mol)
           Bond          Angle    Proper Dih.  Improper Dih.          LJ-14
    5.57446e+03    1.45168e+04    1.82588e+04    9.23732e+02    6.63724e+03
     Coulomb-14        LJ (SR)   Coulomb (SR)   Coul. recip.      Potential
    7.29667e+04    1.78108e+06   -1.12573e+07    2.72558e+04   -9.33012e+06
    Kinetic En.   Total Energy  Conserved En.    Temperature Pressure (bar)
    1.54037e+06   -7.78974e+06   -7.78116e+06    3.03047e+02   -8.53547e+01
   Constr. rmsd
    4.65278e-06

           Step           Time
           3000        6.00000

   Energies (kJ/mol)
           Bond          Angle    Proper Dih.  Improper Dih.          LJ-14
    5.45238e+03    1.44656e+04    1.83012e+04    9.30310e+02    6.77159e+03
     Coulomb-14        LJ (SR)   Coulomb (SR)   Coul. recip.      Potential
    7.32144e+04    1.79724e+06   -1.12916e+07    2.69458e+04   -9.34828e+06
    Kinetic En.   Total Energy  Conserved En.    Temperature Pressure (bar)
    1.54174e+06   -7.80653e+06   -7.78048e+06    3.03316e+02    8.58036e+01
   Constr. rmsd
    4.75530e-06


DD  step 3999  vol min/aver 0.933  load imb.: force  1.5%  pme mesh/force 1.027
           Step           Time
           4000        8.00000

   Energies (kJ/mol)
           Bond          Angle    Proper Dih.  Improper Dih.          LJ-14
    5.76501e+03    1.48407e+04    1.82046e+04    9.60401e+02    6.76449e+03
     Coulomb-14        LJ (SR)   Coulomb (SR)   Coul. recip.      Potential
    7.29326e+04    1.78920e+06   -1.12732e+07    2.70932e+04   -9.33740e+06
    Kinetic En.   Total Energy  Conserved En.    Temperature Pressure (bar)
    1.53871e+06   -7.79869e+06   -7.78152e+06    3.02720e+02    2.28966e+01
   Constr. rmsd
    4.44287e-06

           Step           Time
           5000       10.00000

   Energies (kJ/mol)
           Bond          Angle    Proper Dih.  Improper Dih.          LJ-14
    5.48596e+03    1.48947e+04    1.82711e+04    9.02185e+02    6.65481e+03
     Coulomb-14        LJ (SR)   Coulomb (SR)   Coul. recip.      Potential
    7.28253e+04    1.78526e+06   -1.12735e+07    2.70461e+04   -9.34215e+06
    Kinetic En.   Total Energy  Conserved En.    Temperature Pressure (bar)
    1.54390e+06   -7.79825e+06   -7.78218e+06    3.03741e+02   -2.95518e+01
   Constr. rmsd
    4.59531e-06


DD  step 5999  vol min/aver 0.950  load imb.: force  1.4%  pme mesh/force 1.025
           Step           Time
           6000       12.00000

   Energies (kJ/mol)
           Bond          Angle    Proper Dih.  Improper Dih.          LJ-14
    5.67213e+03    1.46518e+04    1.82021e+04    9.10346e+02    6.81685e+03
     Coulomb-14        LJ (SR)   Coulomb (SR)   Coul. recip.      Potential
    7.29618e+04    1.78350e+06   -1.12616e+07    2.67318e+04   -9.33210e+06
    Kinetic En.   Total Energy  Conserved En.    Temperature Pressure (bar)
    1.54603e+06   -7.78607e+06   -7.78178e+06    3.04160e+02    7.68654e+00
   Constr. rmsd
    4.66914e-06

           Step           Time
           7000       14.00000

   Energies (kJ/mol)
           Bond          Angle    Proper Dih.  Improper Dih.          LJ-14
    5.47567e+03    1.46237e+04    1.81227e+04    9.58532e+02    6.80270e+03
     Coulomb-14        LJ (SR)   Coulomb (SR)   Coul. recip.      Potential
    7.32495e+04    1.78763e+06   -1.12766e+07    2.68873e+04   -9.34285e+06
    Kinetic En.   Total Energy  Conserved En.    Temperature Pressure (bar)
    1.54027e+06   -7.80259e+06   -7.77996e+06    3.03026e+02    3.92744e+00
   Constr. rmsd
    4.61557e-06


DD  step 7999  vol min/aver 0.921  load imb.: force  1.7%  pme mesh/force 1.008
           Step           Time
           8000       16.00000

   Energies (kJ/mol)
           Bond          Angle    Proper Dih.  Improper Dih.          LJ-14
    5.50269e+03    1.46754e+04    1.83911e+04    8.62541e+02    6.71578e+03
     Coulomb-14        LJ (SR)   Coulomb (SR)   Coul. recip.      Potential
    7.31576e+04    1.78453e+06   -1.12792e+07    2.69177e+04   -9.34841e+06
    Kinetic En.   Total Energy  Conserved En.    Temperature Pressure (bar)
    1.54091e+06   -7.80750e+06   -7.78088e+06    3.03154e+02   -4.98308e+01
   Constr. rmsd
    4.74779e-06

           Step           Time
           9000       18.00000

   Energies (kJ/mol)
           Bond          Angle    Proper Dih.  Improper Dih.          LJ-14
    5.60308e+03    1.46147e+04    1.83840e+04    8.98768e+02    6.70286e+03
     Coulomb-14        LJ (SR)   Coulomb (SR)   Coul. recip.      Potential
    7.29215e+04    1.78904e+06   -1.12803e+07    2.68434e+04   -9.34526e+06
    Kinetic En.   Total Energy  Conserved En.    Temperature Pressure (bar)
    1.54064e+06   -7.80462e+06   -7.77929e+06    3.03100e+02   -2.10858e+01
   Constr. rmsd
    4.72616e-06


DD  step 9999  vol min/aver 0.932  load imb.: force  2.4%  pme mesh/force 1.068
           Step           Time
          10000       20.00000

Writing checkpoint, step 10000 at Tue Nov 10 16:33:35 2020


   Energies (kJ/mol)
           Bond          Angle    Proper Dih.  Improper Dih.          LJ-14
    5.48877e+03    1.48418e+04    1.83142e+04    9.11998e+02    6.66728e+03
     Coulomb-14        LJ (SR)   Coulomb (SR)   Coul. recip.      Potential
    7.30303e+04    1.78620e+06   -1.12724e+07    2.71571e+04   -9.33981e+06
    Kinetic En.   Total Energy  Conserved En.    Temperature Pressure (bar)
    1.54380e+06   -7.79601e+06   -7.78113e+06    3.03722e+02   -1.70891e+01
   Constr. rmsd
    4.60314e-06


	<======  ###############  ==>
	<====  A V E R A G E S  ====>
	<==  ###############  ======>

	Statistics over 10001 steps using 101 frames

   Energies (kJ/mol)
           Bond          Angle    Proper Dih.  Improper Dih.          LJ-14
    5.55908e+03    1.46932e+04    1.82678e+04    9.03487e+02    6.74689e+03
     Coulomb-14        LJ (SR)   Coulomb (SR)   Coul. recip.      Potential
    7.30984e+04    1.78902e+06   -1.12770e+07    2.68003e+04   -9.34193e+06
    Kinetic En.   Total Energy  Conserved En.    Temperature Pressure (bar)
    1.54110e+06   -7.80083e+06   -7.78128e+06    3.03190e+02    2.81594e+00
   Constr. rmsd
    0.00000e+00

          Box-X          Box-Y          Box-Z
    1.83107e+01    1.83107e+01    1.82955e+01

   Total Virial (kJ/mol)
    5.12623e+05    9.92289e+01    8.57219e+02
    1.66592e+01    5.13410e+05   -1.11763e+02
    8.22454e+02   -4.34618e+01    5.13629e+05

   Pressure (bar)
    6.17603e+00   -2.12899e-01   -4.75486e+00
    2.34400e-01    1.37111e+00    8.23051e-01
   -4.56641e+00    4.53834e-01    9.00671e-01


	M E G A - F L O P S   A C C O U N T I N G

 NB=Group-cutoff nonbonded kernels    NxN=N-by-N cluster Verlet kernels
 RF=Reaction-Field  VdW=Van der Waals  QSTab=quadratic-spline table
 W3=SPC/TIP3p  W4=TIP4p (single or pairs)
 V&F=Potential and force  V=Potential only  F=Force only

 Computing:                               M-Number         M-Flops  % Flops
-----------------------------------------------------------------------------
 Pair Search distance check           54070.187960      486631.692     0.1
 NxN Ewald Elec. + LJ [F]           2762554.064096   215479216.999    53.5
 NxN Ewald Elec. + LJ [V&F]           28111.823792     3626425.269     0.9
 NxN Ewald Elec. [F]                2662103.333888   162388303.367    40.3
 NxN Ewald Elec. [V&F]                27089.334000     2275504.056     0.6
 1,4 nonbonded interactions             184.638462       16617.462     0.0
 Calc Weights                         18288.658683      658391.713     0.2
 Spread Q Bspline                    390158.051904      780316.104     0.2
 Gather F Bspline                    390158.051904     2340948.311     0.6
 3D-FFT                             1776680.768664    14213446.149     3.5
 Solve PME                              253.772800       16241.459     0.0
 Reset In Box                            76.195125         228.585     0.0
 CG-CoM                                  76.804686         230.414     0.0
 Bonds                                   36.283628        2140.734     0.0
 Angles                                 128.052804       21512.871     0.0
 Propers                                198.499848       45456.465     0.0
 Impropers                               14.741474        3066.227     0.0
 Virial                                 183.748761        3307.478     0.0
 Stop-CM                                 61.565661         615.657     0.0
 Calc-Ekin                              610.780122       16491.063     0.0
 Lincs                                   34.723472        2083.408     0.0
 Lincs-Mat                              174.737472         698.950     0.0
 Constraint-V                          6095.369476       48762.956     0.0
 Constraint-Vir                         182.407204        4377.773     0.0
 Settle                                2008.640844      648790.993     0.2
-----------------------------------------------------------------------------
 Total                                               403079806.155   100.0
-----------------------------------------------------------------------------


    D O M A I N   D E C O M P O S I T I O N   S T A T I S T I C S

 av. #atoms communicated per step for force:  2 x 545348.5


Dynamic load balancing report:
 DLB was permanently on during the run per user request.
 Average load imbalance: 1.9%.
 The balanceable part of the MD step is 82%, load imbalance is computed from this.
 Part of the total run time spent waiting due to load imbalance: 1.5%.
 Steps where the load balancing was limited by -rdd, -rcon and/or -dds: X 0 % Y 0 %
 Average PME mesh/force load: 0.973
 Part of the total run time spent waiting due to PP/PME imbalance: 0.8 %


     R E A L   C Y C L E   A N D   T I M E   A C C O U N T I N G

On 20 MPI ranks doing PP, each using 4 OpenMP threads, and
on 10 MPI ranks doing PME, each using 4 OpenMP threads

 Computing:          Num   Num      Call    Wall time         Giga-Cycles
                     Ranks Threads  Count      (s)         total sum    %
-----------------------------------------------------------------------------
 Domain decomp.        20    4        125       4.405        948.799   3.1
 DD comm. load         20    4        125       0.007          1.411   0.0
 DD comm. bounds       20    4        125       0.060         13.015   0.0
 Send X to PME         20    4      10001       1.418        305.330   1.0
 Neighbor search       20    4        126       2.569        553.356   1.8
 Comm. coord.          20    4       9875       3.918        843.957   2.7
 Force                 20    4      10001      68.296      14710.448  47.9
 Wait + Comm. F        20    4      10001       4.624        995.954   3.2
 PME mesh *            10    4      10001      74.055       7975.505  26.0
 PME wait for PP *                             20.989       2260.386   7.4
 Wait + Recv. PME F    20    4      10001       3.731        803.615   2.6
 NB X/F buffer ops.    20    4      29751       1.620        348.859   1.1
 Write traj.           20    4         11       0.179         38.543   0.1
 Update                20    4      10001       0.569        122.529   0.4
 Constraints           20    4      10001       0.983        211.750   0.7
 Comm. energies        20    4        501       2.475        533.010   1.7
 Rest                                           0.202         43.499   0.1
-----------------------------------------------------------------------------
 Total                                         95.055      30711.116 100.0
-----------------------------------------------------------------------------
(*) Note that with separate PME ranks, the walltime column actually sums to
    twice the total reported, but the cycle count total and % are correct.
-----------------------------------------------------------------------------
 Breakdown of PME mesh computation
-----------------------------------------------------------------------------
 PME redist. X/F       10    4      20002      12.872       1386.256   4.5
 PME spread            10    4      10001      15.822       1703.951   5.5
 PME gather            10    4      10001      14.040       1512.008   4.9
 PME 3D-FFT            10    4      20002      15.533       1672.892   5.4
 PME 3D-FFT Comm.      10    4      20002      15.099       1626.124   5.3
 PME solve Elec        10    4      10001       0.634         68.259   0.2
-----------------------------------------------------------------------------

               Core t (s)   Wall t (s)        (%)
       Time:    11401.233       95.055    11994.4
                 (ns/day)    (hour/ns)
Performance:       18.181        1.320
Finished mdrun on rank 0 Tue Nov 10 16:33:37 2020

