                      :-) GROMACS - gmx mdrun, 2020.4 (-:

                            GROMACS is written by:
     Emile Apol      Rossen Apostolov      Paul Bauer     Herman J.C. Berendsen
    Par Bjelkmar      Christian Blau   Viacheslav Bolnykh     Kevin Boyd    
 Aldert van Buuren   Rudi van Drunen     Anton Feenstra       Alan Gray     
  Gerrit Groenhof     Anca Hamuraru    Vincent Hindriksen  M. Eric Irrgang  
  Aleksei Iupinov   Christoph Junghans     Joe Jordan     Dimitrios Karkoulis
    Peter Kasson        Jiri Kraus      Carsten Kutzner      Per Larsson    
  Justin A. Lemkul    Viveca Lindahl    Magnus Lundborg     Erik Marklund   
    Pascal Merz     Pieter Meulenhoff    Teemu Murtola       Szilard Pall   
    Sander Pronk      Roland Schulz      Michael Shirts    Alexey Shvetsov  
   Alfons Sijbers     Peter Tieleman      Jon Vincent      Teemu Virolainen 
 Christian Wennberg    Maarten Wolf      Artem Zhmurov   
                           and the project leaders:
        Mark Abraham, Berk Hess, Erik Lindahl, and David van der Spoel

Copyright (c) 1991-2000, University of Groningen, The Netherlands.
Copyright (c) 2001-2019, The GROMACS development team at
Uppsala University, Stockholm University and
the Royal Institute of Technology, Sweden.
check out http://www.gromacs.org for more information.

GROMACS is free software; you can redistribute it and/or modify it
under the terms of the GNU Lesser General Public License
as published by the Free Software Foundation; either version 2.1
of the License, or (at your option) any later version.

GROMACS:      gmx mdrun, version 2020.4
Executable:   /data/ccuser/libraries/gromacs_no_gpu/gromacs-2020.4/build/bin/gmx_mpi
Data prefix:  /data/ccuser/libraries/gromacs_no_gpu/gromacs-2020.4 (source tree)
Working dir:  /data/ccuser/scc2020/gromacs/competition/SCC_Gromacs/Task2/Amber99SB-ILDN
Process ID:   11689
Command line:
  gmx_mpi mdrun -deffnm md_scale_40_1 -nsteps 10000 -ntomp 4 -dlb yes -tunepme yes -v

GROMACS version:    2020.4
Verified release checksum is 79c2857291b034542c26e90512b92fd4b184a1c9d6fa59c55f2e24ccf14e7281
Precision:          single
Memory model:       64 bit
MPI library:        MPI
OpenMP support:     enabled (GMX_OPENMP_MAX_THREADS = 64)
GPU support:        disabled
SIMD instructions:  AVX_512
FFT library:        fftw-3.3.8-sse2-avx-avx2-avx2_128-avx512
RDTSCP usage:       enabled
TNG support:        enabled
Hwloc support:      disabled
Tracing support:    disabled
C compiler:         /opt/gcc-9.2.0/bin/gcc GNU 9.2.0
C compiler flags:   -mavx512f -mfma -fexcess-precision=fast -funroll-all-loops -O3 -DNDEBUG
C++ compiler:       /opt/gcc-9.2.0/bin/g++ GNU 9.2.0
C++ compiler flags: -mavx512f -mfma -fexcess-precision=fast -funroll-all-loops -fopenmp -O3 -DNDEBUG


Running on 4 nodes with total 176 cores, 176 logical cores
  Cores per node:           44
  Logical cores per node:   44
Hardware detected on host ip-0A00000E (the node of MPI rank 0):
  CPU info:
    Vendor: Intel
    Brand:  Intel(R) Xeon(R) Platinum 8168 CPU @ 2.70GHz
    Family: 6   Model: 85   Stepping: 4
    Features: aes apic avx avx2 avx512f avx512cd avx512bw avx512vl clfsh cmov cx8 cx16 f16c fma hle intel lahf mmx msr pcid pclmuldq pdpe1gb popcnt pse rdrnd rdtscp rtm sse2 sse3 sse4.1 sse4.2 ssse3
    Number of AVX-512 FMA units: 2
  Hardware topology: Only logical processor count


++++ PLEASE READ AND CITE THE FOLLOWING REFERENCE ++++
M. J. Abraham, T. Murtola, R. Schulz, S. Páll, J. C. Smith, B. Hess, E.
Lindahl
GROMACS: High performance molecular simulations through multi-level
parallelism from laptops to supercomputers
SoftwareX 1 (2015) pp. 19-25
-------- -------- --- Thank You --- -------- --------


++++ PLEASE READ AND CITE THE FOLLOWING REFERENCE ++++
S. Páll, M. J. Abraham, C. Kutzner, B. Hess, E. Lindahl
Tackling Exascale Software Challenges in Molecular Dynamics Simulations with
GROMACS
In S. Markidis & E. Laure (Eds.), Solving Software Challenges for Exascale 8759 (2015) pp. 3-27
-------- -------- --- Thank You --- -------- --------


++++ PLEASE READ AND CITE THE FOLLOWING REFERENCE ++++
S. Pronk, S. Páll, R. Schulz, P. Larsson, P. Bjelkmar, R. Apostolov, M. R.
Shirts, J. C. Smith, P. M. Kasson, D. van der Spoel, B. Hess, and E. Lindahl
GROMACS 4.5: a high-throughput and highly parallel open source molecular
simulation toolkit
Bioinformatics 29 (2013) pp. 845-54
-------- -------- --- Thank You --- -------- --------


++++ PLEASE READ AND CITE THE FOLLOWING REFERENCE ++++
B. Hess and C. Kutzner and D. van der Spoel and E. Lindahl
GROMACS 4: Algorithms for highly efficient, load-balanced, and scalable
molecular simulation
J. Chem. Theory Comput. 4 (2008) pp. 435-447
-------- -------- --- Thank You --- -------- --------


++++ PLEASE READ AND CITE THE FOLLOWING REFERENCE ++++
D. van der Spoel, E. Lindahl, B. Hess, G. Groenhof, A. E. Mark and H. J. C.
Berendsen
GROMACS: Fast, Flexible and Free
J. Comp. Chem. 26 (2005) pp. 1701-1719
-------- -------- --- Thank You --- -------- --------


++++ PLEASE READ AND CITE THE FOLLOWING REFERENCE ++++
E. Lindahl and B. Hess and D. van der Spoel
GROMACS 3.0: A package for molecular simulation and trajectory analysis
J. Mol. Mod. 7 (2001) pp. 306-317
-------- -------- --- Thank You --- -------- --------


++++ PLEASE READ AND CITE THE FOLLOWING REFERENCE ++++
H. J. C. Berendsen, D. van der Spoel and R. van Drunen
GROMACS: A message-passing parallel molecular dynamics implementation
Comp. Phys. Comm. 91 (1995) pp. 43-56
-------- -------- --- Thank You --- -------- --------


++++ PLEASE CITE THE DOI FOR THIS VERSION OF GROMACS ++++
https://doi.org/10.5281/zenodo.4054979
-------- -------- --- Thank You --- -------- --------

Input Parameters:
   integrator                     = md
   tinit                          = 0
   dt                             = 0.002
   nsteps                         = 5000000
   init-step                      = 0
   simulation-part                = 1
   comm-mode                      = Linear
   nstcomm                        = 100
   bd-fric                        = 0
   ld-seed                        = 902301635
   emtol                          = 10
   emstep                         = 0.01
   niter                          = 20
   fcstep                         = 0
   nstcgsteep                     = 1000
   nbfgscorr                      = 10
   rtpi                           = 0.05
   nstxout                        = 1000
   nstvout                        = 50000
   nstfout                        = 50000
   nstlog                         = 1000
   nstcalcenergy                  = 100
   nstenergy                      = 1000
   nstxout-compressed             = 0
   compressed-x-precision         = 1000
   cutoff-scheme                  = Verlet
   nstlist                        = 40
   pbc                            = xyz
   periodic-molecules             = false
   verlet-buffer-tolerance        = 0.005
   rlist                          = 1.288
   coulombtype                    = PME
   coulomb-modifier               = Potential-shift
   rcoulomb-switch                = 0
   rcoulomb                       = 1.2
   epsilon-r                      = 1
   epsilon-rf                     = inf
   vdw-type                       = Cut-off
   vdw-modifier                   = Force-switch
   rvdw-switch                    = 1
   rvdw                           = 1.2
   DispCorr                       = No
   table-extension                = 1
   fourierspacing                 = 0.12
   fourier-nx                     = 160
   fourier-ny                     = 160
   fourier-nz                     = 160
   pme-order                      = 4
   ewald-rtol                     = 1e-05
   ewald-rtol-lj                  = 0.001
   lj-pme-comb-rule               = Geometric
   ewald-geometry                 = 0
   epsilon-surface                = 0
   tcoupl                         = Nose-Hoover
   nsttcouple                     = 40
   nh-chain-length                = 1
   print-nose-hoover-chain-variables = false
   pcoupl                         = Parrinello-Rahman
   pcoupltype                     = Semiisotropic
   nstpcouple                     = 40
   tau-p                          = 5
   compressibility (3x3):
      compressibility[    0]={ 4.50000e-05,  0.00000e+00,  0.00000e+00}
      compressibility[    1]={ 0.00000e+00,  4.50000e-05,  0.00000e+00}
      compressibility[    2]={ 0.00000e+00,  0.00000e+00,  4.50000e-05}
   ref-p (3x3):
      ref-p[    0]={ 1.00000e+00,  0.00000e+00,  0.00000e+00}
      ref-p[    1]={ 0.00000e+00,  1.00000e+00,  0.00000e+00}
      ref-p[    2]={ 0.00000e+00,  0.00000e+00,  1.00000e+00}
   refcoord-scaling               = COM
   posres-com (3):
      posres-com[0]= 0.00000e+00
      posres-com[1]= 0.00000e+00
      posres-com[2]= 0.00000e+00
   posres-comB (3):
      posres-comB[0]= 0.00000e+00
      posres-comB[1]= 0.00000e+00
      posres-comB[2]= 0.00000e+00
   QMMM                           = false
   QMconstraints                  = 0
   QMMMscheme                     = 0
   MMChargeScaleFactor            = 1
qm-opts:
   ngQM                           = 0
   constraint-algorithm           = Lincs
   continuation                   = true
   Shake-SOR                      = false
   shake-tol                      = 0.0001
   lincs-order                    = 4
   lincs-iter                     = 1
   lincs-warnangle                = 30
   nwall                          = 0
   wall-type                      = 9-3
   wall-r-linpot                  = -1
   wall-atomtype[0]               = -1
   wall-atomtype[1]               = -1
   wall-density[0]                = 0
   wall-density[1]                = 0
   wall-ewald-zfac                = 3
   pull                           = false
   awh                            = false
   rotation                       = false
   interactiveMD                  = false
   disre                          = No
   disre-weighting                = Conservative
   disre-mixed                    = false
   dr-fc                          = 1000
   dr-tau                         = 0
   nstdisreout                    = 100
   orire-fc                       = 0
   orire-tau                      = 0
   nstorireout                    = 100
   free-energy                    = no
   cos-acceleration               = 0
   deform (3x3):
      deform[    0]={ 0.00000e+00,  0.00000e+00,  0.00000e+00}
      deform[    1]={ 0.00000e+00,  0.00000e+00,  0.00000e+00}
      deform[    2]={ 0.00000e+00,  0.00000e+00,  0.00000e+00}
   simulated-tempering            = false
   swapcoords                     = no
   userint1                       = 0
   userint2                       = 0
   userint3                       = 0
   userint4                       = 0
   userreal1                      = 0
   userreal2                      = 0
   userreal3                      = 0
   userreal4                      = 0
   applied-forces:
     electric-field:
       x:
         E0                       = 0
         omega                    = 0
         t0                       = 0
         sigma                    = 0
       y:
         E0                       = 0
         omega                    = 0
         t0                       = 0
         sigma                    = 0
       z:
         E0                       = 0
         omega                    = 0
         t0                       = 0
         sigma                    = 0
     density-guided-simulation:
       active                     = false
       group                      = protein
       similarity-measure         = inner-product
       atom-spreading-weight      = unity
       force-constant             = 1e+09
       gaussian-transform-spreading-width = 0.2
       gaussian-transform-spreading-range-in-multiples-of-width = 4
       reference-density-filename = reference.mrc
       nst                        = 1
       normalize-densities        = true
       adaptive-force-scaling     = false
       adaptive-force-scaling-time-constant = 4
grpopts:
   nrdf:  1.22268e+06
   ref-t:      303.15
   tau-t:           1
annealing:          No
annealing-npoints:           0
   acc:	           0           0           0
   nfreeze:           N           N           N
   energygrp-flags[  0]: 0

The -nsteps functionality is deprecated, and may be removed in a future version. Consider using gmx convert-tpr -nsteps or changing the appropriate .mdp file field.

Overriding nsteps with value passed on the command line: 10000 steps, 20 ps
Changing nstlist from 40 to 80, rlist from 1.288 to 1.332


Initializing Domain Decomposition on 40 ranks
Dynamic load balancing: on
Using update groups, nr 204401, average size 3.0 atoms, max. radius 0.104 nm
Minimum cell size due to atom displacement: 0.561 nm
Initial maximum distances in bonded interactions:
    two-body bonded interactions: 0.428 nm, LJ-14, atoms 4603 4611
  multi-body bonded interactions: 0.428 nm, Proper Dih., atoms 4603 4611
Minimum cell size due to bonded interactions: 0.471 nm
Scaling the initial minimum size with 1/0.8 (option -dds) = 1.25
Guess for relative PME load: 0.21
Will use 30 particle-particle and 10 PME only ranks
This is a guess, check the performance at the end of the log file
Using 10 separate PME ranks, as guessed by mdrun
Optimizing the DD grid for 30 cells with a minimum initial size of 0.701 nm
The maximum allowed number of cells is: X 26 Y 26 Z 26
Domain decomposition grid 10 x 3 x 1, separate PME ranks 10
PME domain decomposition: 10 x 1 x 1
Interleaving PP and PME ranks
This rank does only particle-particle work.
Domain decomposition rank 0, coordinates 0 0 0

The maximum number of communication pulses is: X 2 Y 2
The minimum size for domain decomposition cells is 1.155 nm
The requested allowed shrink of DD cells (option -dds) is: 0.80
The allowed shrink of domain decomposition cells is: X 0.63 Y 0.19
The maximum allowed distance for atom groups involved in interactions is:
                 non-bonded interactions           1.540 nm
            two-body bonded interactions  (-rdd)   1.540 nm
          multi-body bonded interactions  (-rdd)   1.155 nm
Using two step summing over 4 groups of on average 7.5 ranks


Using 40 MPI processes

Non-default thread affinity set, disabling internal thread affinity

Using 4 OpenMP threads per MPI process

System total charge: 0.000
Will do PME sum in reciprocal space for electrostatic interactions.

++++ PLEASE READ AND CITE THE FOLLOWING REFERENCE ++++
U. Essmann, L. Perera, M. L. Berkowitz, T. Darden, H. Lee and L. G. Pedersen 
A smooth particle mesh Ewald method
J. Chem. Phys. 103 (1995) pp. 8577-8592
-------- -------- --- Thank You --- -------- --------

Using a Gaussian width (1/beta) of 0.384195 nm for Ewald
Potential shift: LJ r^-12: -2.648e-01 r^-6: -5.349e-01, Ewald -8.333e-06
Initialized non-bonded Ewald tables, spacing: 1.02e-03 size: 1176

Generated table with 1166 data points for 1-4 COUL.
Tabscale = 500 points/nm
Generated table with 1166 data points for 1-4 LJ6.
Tabscale = 500 points/nm
Generated table with 1166 data points for 1-4 LJ12.
Tabscale = 500 points/nm

Using SIMD 4x8 nonbonded short-range kernels

Using a dual 4x8 pair-list setup updated with dynamic pruning:
  outer list: updated every 80 steps, buffer 0.132 nm, rlist 1.332 nm
  inner list: updated every 12 steps, buffer 0.001 nm, rlist 1.201 nm
At tolerance 0.005 kJ/mol/ps per atom, equivalent classical 1x1 list would be:
  outer list: updated every 80 steps, buffer 0.280 nm, rlist 1.480 nm
  inner list: updated every 12 steps, buffer 0.047 nm, rlist 1.247 nm


Initializing LINear Constraint Solver

++++ PLEASE READ AND CITE THE FOLLOWING REFERENCE ++++
B. Hess and H. Bekker and H. J. C. Berendsen and J. G. E. M. Fraaije
LINCS: A Linear Constraint Solver for molecular simulations
J. Comp. Chem. 18 (1997) pp. 1463-1472
-------- -------- --- Thank You --- -------- --------

The number of constraints is 3472

++++ PLEASE READ AND CITE THE FOLLOWING REFERENCE ++++
S. Miyamoto and P. A. Kollman
SETTLE: An Analytical Version of the SHAKE and RATTLE Algorithms for Rigid
Water Models
J. Comp. Chem. 13 (1992) pp. 952-962
-------- -------- --- Thank You --- -------- --------


Linking all bonded interactions to atoms


Intra-simulation communication will occur every 20 steps.
There are: 609561 Atoms
Atom distribution over 30 domains: av 20318 stddev 200 min 20154 max 20685
Center of mass motion removal mode is Linear
We have the following groups for center of mass motion removal:
  0:  System

Started mdrun on rank 0 Tue Nov 10 16:35:27 2020

           Step           Time
              0        0.00000

   Energies (kJ/mol)
           Bond          Angle    Proper Dih.  Improper Dih.          LJ-14
    5.69234e+03    1.48799e+04    1.80845e+04    8.91056e+02    6.69109e+03
     Coulomb-14        LJ (SR)   Coulomb (SR)   Coul. recip.      Potential
    7.30408e+04    1.77326e+06   -1.12469e+07    2.76323e+04   -9.32674e+06
    Kinetic En.   Total Energy  Conserved En.    Temperature Pressure (bar)
    1.54881e+06   -7.77793e+06   -7.77756e+06    3.04706e+02   -3.16127e+02
   Constr. rmsd
    4.65036e-06


DD  step 79  vol min/aver 1.000  load imb.: force 13.0%  pme mesh/force 1.526
step  640: timed with pme grid 160 160 160, coulomb cutoff 1.200: 1353.0 M-cycles
step  800: timed with pme grid 128 128 128, coulomb cutoff 1.437: 1397.6 M-cycles
step  960: timed with pme grid 112 112 112, coulomb cutoff 1.642: 1829.1 M-cycles
           Step           Time
           1000        2.00000

   Energies (kJ/mol)
           Bond          Angle    Proper Dih.  Improper Dih.          LJ-14
    5.42187e+03    1.44351e+04    1.81362e+04    8.89791e+02    6.81542e+03
     Coulomb-14        LJ (SR)   Coulomb (SR)   Coul. recip.      Potential
    7.31096e+04    1.81181e+06   -1.12980e+07    1.23097e+04   -9.35506e+06
    Kinetic En.   Total Energy  Conserved En.    Temperature Pressure (bar)
    1.54348e+06   -7.81157e+06   -7.78315e+06    3.03659e+02    2.69605e+02
   Constr. rmsd
    4.86021e-06

step 1120: timed with pme grid 120 120 120, coulomb cutoff 1.532: 1625.7 M-cycles
step 1280: timed with pme grid 128 128 128, coulomb cutoff 1.437: 1389.9 M-cycles
step 1440: timed with pme grid 144 144 144, coulomb cutoff 1.277: 1186.0 M-cycles
              optimal pme grid 144 144 144, coulomb cutoff 1.277

DD  step 1999  vol min/aver 0.924  load imb.: force  1.6%  pme mesh/force 1.030
           Step           Time
           2000        4.00000

   Energies (kJ/mol)
           Bond          Angle    Proper Dih.  Improper Dih.          LJ-14
    5.48449e+03    1.49151e+04    1.82027e+04    9.09417e+02    6.78915e+03
     Coulomb-14        LJ (SR)   Coulomb (SR)   Coul. recip.      Potential
    7.30986e+04    1.78177e+06   -1.12630e+07    2.20228e+04   -9.33983e+06
    Kinetic En.   Total Energy  Conserved En.    Temperature Pressure (bar)
    1.54231e+06   -7.79753e+06   -7.78126e+06    3.03427e+02   -9.01358e+01
   Constr. rmsd
    4.68272e-06

           Step           Time
           3000        6.00000

   Energies (kJ/mol)
           Bond          Angle    Proper Dih.  Improper Dih.          LJ-14
    5.45701e+03    1.46379e+04    1.81402e+04    8.82949e+02    6.70906e+03
     Coulomb-14        LJ (SR)   Coulomb (SR)   Coul. recip.      Potential
    7.30586e+04    1.79452e+06   -1.12864e+07    2.20932e+04   -9.35089e+06
    Kinetic En.   Total Energy  Conserved En.    Temperature Pressure (bar)
    1.54392e+06   -7.80697e+06   -7.78274e+06    3.03745e+02    4.14390e+01
   Constr. rmsd
    4.60553e-06


DD  step 3999  vol min/aver 0.928  load imb.: force  2.5%  pme mesh/force 1.068
           Step           Time
           4000        8.00000

   Energies (kJ/mol)
           Bond          Angle    Proper Dih.  Improper Dih.          LJ-14
    5.58203e+03    1.47324e+04    1.81752e+04    9.18248e+02    6.77860e+03
     Coulomb-14        LJ (SR)   Coulomb (SR)   Coul. recip.      Potential
    7.32460e+04    1.78716e+06   -1.12796e+07    2.20552e+04   -9.35099e+06
    Kinetic En.   Total Energy  Conserved En.    Temperature Pressure (bar)
    1.53584e+06   -7.81515e+06   -7.78327e+06    3.02156e+02   -7.85805e+01
   Constr. rmsd
    4.57257e-06

           Step           Time
           5000       10.00000

   Energies (kJ/mol)
           Bond          Angle    Proper Dih.  Improper Dih.          LJ-14
    5.70554e+03    1.44765e+04    1.82837e+04    9.02539e+02    6.72588e+03
     Coulomb-14        LJ (SR)   Coulomb (SR)   Coul. recip.      Potential
    7.30397e+04    1.78948e+06   -1.12767e+07    2.19038e+04   -9.34615e+06
    Kinetic En.   Total Energy  Conserved En.    Temperature Pressure (bar)
    1.54153e+06   -7.80462e+06   -7.78426e+06    3.03275e+02   -2.82364e+00
   Constr. rmsd
    4.70473e-06


DD  step 5999  vol min/aver 0.910  load imb.: force  1.5%  pme mesh/force 1.033
           Step           Time
           6000       12.00000

   Energies (kJ/mol)
           Bond          Angle    Proper Dih.  Improper Dih.          LJ-14
    5.83782e+03    1.44839e+04    1.82212e+04    8.07286e+02    6.81165e+03
     Coulomb-14        LJ (SR)   Coulomb (SR)   Coul. recip.      Potential
    7.32389e+04    1.78409e+06   -1.12733e+07    2.20625e+04   -9.34775e+06
    Kinetic En.   Total Energy  Conserved En.    Temperature Pressure (bar)
    1.54093e+06   -7.80682e+06   -7.78288e+06    3.03156e+02   -3.65350e+01
   Constr. rmsd
    4.65169e-06

           Step           Time
           7000       14.00000

   Energies (kJ/mol)
           Bond          Angle    Proper Dih.  Improper Dih.          LJ-14
    5.49123e+03    1.45890e+04    1.82719e+04    8.83344e+02    6.69313e+03
     Coulomb-14        LJ (SR)   Coulomb (SR)   Coul. recip.      Potential
    7.32215e+04    1.78441e+06   -1.12658e+07    2.22259e+04   -9.33998e+06
    Kinetic En.   Total Energy  Conserved En.    Temperature Pressure (bar)
    1.54121e+06   -7.79877e+06   -7.78158e+06    3.03212e+02   -2.82077e+01
   Constr. rmsd
    4.68811e-06


DD  step 7999  vol min/aver 0.907  load imb.: force  2.4%  pme mesh/force 1.051
           Step           Time
           8000       16.00000

   Energies (kJ/mol)
           Bond          Angle    Proper Dih.  Improper Dih.          LJ-14
    5.55667e+03    1.46038e+04    1.83688e+04    8.70593e+02    6.73530e+03
     Coulomb-14        LJ (SR)   Coulomb (SR)   Coul. recip.      Potential
    7.29317e+04    1.78491e+06   -1.12710e+07    2.21026e+04   -9.34489e+06
    Kinetic En.   Total Energy  Conserved En.    Temperature Pressure (bar)
    1.53988e+06   -7.80501e+06   -7.77943e+06    3.02950e+02   -2.75147e+01
   Constr. rmsd
    4.84817e-06

           Step           Time
           9000       18.00000

   Energies (kJ/mol)
           Bond          Angle    Proper Dih.  Improper Dih.          LJ-14
    5.84296e+03    1.43079e+04    1.81525e+04    8.98086e+02    6.78788e+03
     Coulomb-14        LJ (SR)   Coulomb (SR)   Coul. recip.      Potential
    7.27428e+04    1.79059e+06   -1.12793e+07    2.18174e+04   -9.34815e+06
    Kinetic En.   Total Energy  Conserved En.    Temperature Pressure (bar)
    1.53985e+06   -7.80830e+06   -7.78351e+06    3.02945e+02    1.23123e+01
   Constr. rmsd
    4.63258e-06


DD  step 9999  vol min/aver 0.899  load imb.: force  1.3%  pme mesh/force 1.052
           Step           Time
          10000       20.00000

Writing checkpoint, step 10000 at Tue Nov 10 16:36:47 2020


   Energies (kJ/mol)
           Bond          Angle    Proper Dih.  Improper Dih.          LJ-14
    5.91809e+03    1.43351e+04    1.81651e+04    9.42948e+02    6.71105e+03
     Coulomb-14        LJ (SR)   Coulomb (SR)   Coul. recip.      Potential
    7.31807e+04    1.79140e+06   -1.12783e+07    2.17697e+04   -9.34586e+06
    Kinetic En.   Total Energy  Conserved En.    Temperature Pressure (bar)
    1.53901e+06   -7.80685e+06   -7.78085e+06    3.02779e+02    3.35732e+01
   Constr. rmsd
    4.67929e-06


	<======  ###############  ==>
	<====  A V E R A G E S  ====>
	<==  ###############  ======>

	Statistics over 10001 steps using 101 frames

   Energies (kJ/mol)
           Bond          Angle    Proper Dih.  Improper Dih.          LJ-14
    5.54558e+03    1.46450e+04    1.82195e+04    8.97620e+02    6.75176e+03
     Coulomb-14        LJ (SR)   Coulomb (SR)   Coul. recip.      Potential
    7.30269e+04    1.78996e+06   -1.12762e+07    2.18060e+04   -9.34536e+06
    Kinetic En.   Total Energy  Conserved En.    Temperature Pressure (bar)
    1.54104e+06   -7.80432e+06   -7.78194e+06    3.03179e+02    1.23797e-01
   Constr. rmsd
    0.00000e+00

          Box-X          Box-Y          Box-Z
    1.83235e+01    1.83235e+01    1.82713e+01

   Total Virial (kJ/mol)
    5.14360e+05   -3.91531e+02   -4.30953e+01
   -4.05739e+02    5.12363e+05    6.56877e+02
   -8.07929e+01    6.34773e+02    5.14372e+05

   Pressure (bar)
   -3.54435e+00    1.66834e+00    3.55635e-01
    1.74513e+00    7.15161e+00   -3.89191e+00
    5.58284e-01   -3.77350e+00   -3.23587e+00


       P P   -   P M E   L O A D   B A L A N C I N G

 PP/PME load balancing changed the cut-off and PME settings:
           particle-particle                    PME
            rcoulomb  rlist            grid      spacing   1/beta
   initial  1.200 nm  1.201 nm     160 160 160   0.115 nm  0.384 nm
   final    1.277 nm  1.278 nm     144 144 144   0.128 nm  0.409 nm
 cost-ratio           1.21             0.73
 (note that these numbers concern only part of the total PP and PME load)


	M E G A - F L O P S   A C C O U N T I N G

 NB=Group-cutoff nonbonded kernels    NxN=N-by-N cluster Verlet kernels
 RF=Reaction-Field  VdW=Van der Waals  QSTab=quadratic-spline table
 W3=SPC/TIP3p  W4=TIP4p (single or pairs)
 V&F=Potential and force  V=Potential only  F=Force only

 Computing:                               M-Number         M-Flops  % Flops
-----------------------------------------------------------------------------
 Pair Search distance check           59644.355748      536799.202     0.1
 NxN Ewald Elec. + LJ [F]           3220978.117312   251236293.150    54.3
 NxN Ewald Elec. + LJ [V&F]           32880.313824     4241560.483     0.9
 NxN Ewald Elec. [F]                3102475.697056   189251017.520    40.9
 NxN Ewald Elec. [V&F]                31670.594336     2660329.924     0.6
 1,4 nonbonded interactions             184.638462       16617.462     0.0
 Calc Weights                         18288.658683      658391.713     0.1
 Spread Q Bspline                    390158.051904      780316.104     0.2
 Gather F Bspline                    390158.051904     2340948.311     0.5
 3D-FFT                             1284250.705284    10274005.642     2.2
 Solve PME                              206.776576       13233.701     0.0
 Reset In Box                            76.195125         228.585     0.0
 CG-CoM                                  76.804686         230.414     0.0
 Bonds                                   36.283628        2140.734     0.0
 Angles                                 128.052804       21512.871     0.0
 Propers                                198.499848       45456.465     0.0
 Impropers                               14.741474        3066.227     0.0
 Virial                                 183.884211        3309.916     0.0
 Stop-CM                                 61.565661         615.657     0.0
 Calc-Ekin                              610.780122       16491.063     0.0
 Lincs                                   34.723472        2083.408     0.0
 Lincs-Mat                              174.737472         698.950     0.0
 Constraint-V                          6095.369476       48762.956     0.0
 Constraint-Vir                         182.407204        4377.773     0.0
 Settle                                2008.640844      648790.993     0.1
-----------------------------------------------------------------------------
 Total                                               462807279.224   100.0
-----------------------------------------------------------------------------


    D O M A I N   D E C O M P O S I T I O N   S T A T I S T I C S

 av. #atoms communicated per step for force:  2 x 654491.2


Dynamic load balancing report:
 DLB was permanently on during the run per user request.
 Average load imbalance: 2.4%.
 The balanceable part of the MD step is 76%, load imbalance is computed from this.
 Part of the total run time spent waiting due to load imbalance: 1.8%.
 Steps where the load balancing was limited by -rdd, -rcon and/or -dds: X 0 % Y 0 %
 Average PME mesh/force load: 0.925
 Part of the total run time spent waiting due to PP/PME imbalance: 1.6 %


     R E A L   C Y C L E   A N D   T I M E   A C C O U N T I N G

On 30 MPI ranks doing PP, each using 4 OpenMP threads, and
on 10 MPI ranks doing PME, each using 4 OpenMP threads

 Computing:          Num   Num      Call    Wall time         Giga-Cycles
                     Ranks Threads  Count      (s)         total sum    %
-----------------------------------------------------------------------------
 Domain decomp.        30    4        125       6.171       1993.580   5.7
 DD comm. load         30    4        125       0.007          2.265   0.0
 DD comm. bounds       30    4        125       0.049         15.850   0.0
 Send X to PME         30    4      10001       1.159        374.282   1.1
 Neighbor search       30    4        126       1.881        607.674   1.7
 Comm. coord.          30    4       9875       3.661       1182.796   3.4
 Force                 30    4      10001      53.563      17304.041  49.2
 Wait + Comm. F        30    4      10001       5.303       1713.036   4.9
 PME mesh *            10    4      10001      60.776       6544.814  18.6
 PME wait for PP *                             20.836       2243.714   6.4
 Wait + Recv. PME F    30    4      10001       4.560       1473.189   4.2
 NB X/F buffer ops.    30    4      29751       1.217        393.074   1.1
 Write traj.           30    4         11       0.138         44.550   0.1
 Update                30    4      10001       0.389        125.826   0.4
 Constraints           30    4      10001       0.825        266.510   0.8
 Comm. energies        30    4        501       2.533        818.250   2.3
 Rest                                           0.169         54.442   0.2
-----------------------------------------------------------------------------
 Total                                         81.624      35159.155 100.0
-----------------------------------------------------------------------------
(*) Note that with separate PME ranks, the walltime column actually sums to
    twice the total reported, but the cycle count total and % are correct.
-----------------------------------------------------------------------------
 Breakdown of PME mesh computation
-----------------------------------------------------------------------------
 PME redist. X/F       10    4      20002      11.604       1249.644   3.6
 PME spread            10    4      10001      14.280       1537.817   4.4
 PME gather            10    4      10001      11.263       1212.890   3.4
 PME 3D-FFT            10    4      20002      10.865       1170.071   3.3
 PME 3D-FFT Comm.      10    4      20002      12.034       1295.901   3.7
 PME solve Elec        10    4      10001       0.675         72.644   0.2
-----------------------------------------------------------------------------

               Core t (s)   Wall t (s)        (%)
       Time:    13052.553       81.624    15991.1
                 (ns/day)    (hour/ns)
Performance:       21.172        1.134
Finished mdrun on rank 0 Tue Nov 10 16:36:48 2020

