                      :-) GROMACS - gmx mdrun, 2020.4 (-:

                            GROMACS is written by:
     Emile Apol      Rossen Apostolov      Paul Bauer     Herman J.C. Berendsen
    Par Bjelkmar      Christian Blau   Viacheslav Bolnykh     Kevin Boyd    
 Aldert van Buuren   Rudi van Drunen     Anton Feenstra       Alan Gray     
  Gerrit Groenhof     Anca Hamuraru    Vincent Hindriksen  M. Eric Irrgang  
  Aleksei Iupinov   Christoph Junghans     Joe Jordan     Dimitrios Karkoulis
    Peter Kasson        Jiri Kraus      Carsten Kutzner      Per Larsson    
  Justin A. Lemkul    Viveca Lindahl    Magnus Lundborg     Erik Marklund   
    Pascal Merz     Pieter Meulenhoff    Teemu Murtola       Szilard Pall   
    Sander Pronk      Roland Schulz      Michael Shirts    Alexey Shvetsov  
   Alfons Sijbers     Peter Tieleman      Jon Vincent      Teemu Virolainen 
 Christian Wennberg    Maarten Wolf      Artem Zhmurov   
                           and the project leaders:
        Mark Abraham, Berk Hess, Erik Lindahl, and David van der Spoel

Copyright (c) 1991-2000, University of Groningen, The Netherlands.
Copyright (c) 2001-2019, The GROMACS development team at
Uppsala University, Stockholm University and
the Royal Institute of Technology, Sweden.
check out http://www.gromacs.org for more information.

GROMACS is free software; you can redistribute it and/or modify it
under the terms of the GNU Lesser General Public License
as published by the Free Software Foundation; either version 2.1
of the License, or (at your option) any later version.

GROMACS:      gmx mdrun, version 2020.4
Executable:   /data/ccuser/libraries/gromacs_no_gpu/gromacs-2020.4/build/bin/gmx_mpi
Data prefix:  /data/ccuser/libraries/gromacs_no_gpu/gromacs-2020.4 (source tree)
Working dir:  /data/ccuser/scc2020/gromacs/competition/SCC_Gromacs/Task2/Amber99SB-ILDN
Process ID:   11202
Command line:
  gmx_mpi mdrun -deffnm md_scale_20_3 -nsteps 10000 -ntomp 4 -dlb yes -tunepme yes -v

GROMACS version:    2020.4
Verified release checksum is 79c2857291b034542c26e90512b92fd4b184a1c9d6fa59c55f2e24ccf14e7281
Precision:          single
Memory model:       64 bit
MPI library:        MPI
OpenMP support:     enabled (GMX_OPENMP_MAX_THREADS = 64)
GPU support:        disabled
SIMD instructions:  AVX_512
FFT library:        fftw-3.3.8-sse2-avx-avx2-avx2_128-avx512
RDTSCP usage:       enabled
TNG support:        enabled
Hwloc support:      disabled
Tracing support:    disabled
C compiler:         /opt/gcc-9.2.0/bin/gcc GNU 9.2.0
C compiler flags:   -mavx512f -mfma -fexcess-precision=fast -funroll-all-loops -O3 -DNDEBUG
C++ compiler:       /opt/gcc-9.2.0/bin/g++ GNU 9.2.0
C++ compiler flags: -mavx512f -mfma -fexcess-precision=fast -funroll-all-loops -fopenmp -O3 -DNDEBUG


Running on 2 nodes with total 88 cores, 88 logical cores
  Cores per node:           44
  Logical cores per node:   44
Hardware detected on host ip-0A00000E (the node of MPI rank 0):
  CPU info:
    Vendor: Intel
    Brand:  Intel(R) Xeon(R) Platinum 8168 CPU @ 2.70GHz
    Family: 6   Model: 85   Stepping: 4
    Features: aes apic avx avx2 avx512f avx512cd avx512bw avx512vl clfsh cmov cx8 cx16 f16c fma hle intel lahf mmx msr pcid pclmuldq pdpe1gb popcnt pse rdrnd rdtscp rtm sse2 sse3 sse4.1 sse4.2 ssse3
    Number of AVX-512 FMA units: 2
  Hardware topology: Only logical processor count


++++ PLEASE READ AND CITE THE FOLLOWING REFERENCE ++++
M. J. Abraham, T. Murtola, R. Schulz, S. Páll, J. C. Smith, B. Hess, E.
Lindahl
GROMACS: High performance molecular simulations through multi-level
parallelism from laptops to supercomputers
SoftwareX 1 (2015) pp. 19-25
-------- -------- --- Thank You --- -------- --------


++++ PLEASE READ AND CITE THE FOLLOWING REFERENCE ++++
S. Páll, M. J. Abraham, C. Kutzner, B. Hess, E. Lindahl
Tackling Exascale Software Challenges in Molecular Dynamics Simulations with
GROMACS
In S. Markidis & E. Laure (Eds.), Solving Software Challenges for Exascale 8759 (2015) pp. 3-27
-------- -------- --- Thank You --- -------- --------


++++ PLEASE READ AND CITE THE FOLLOWING REFERENCE ++++
S. Pronk, S. Páll, R. Schulz, P. Larsson, P. Bjelkmar, R. Apostolov, M. R.
Shirts, J. C. Smith, P. M. Kasson, D. van der Spoel, B. Hess, and E. Lindahl
GROMACS 4.5: a high-throughput and highly parallel open source molecular
simulation toolkit
Bioinformatics 29 (2013) pp. 845-54
-------- -------- --- Thank You --- -------- --------


++++ PLEASE READ AND CITE THE FOLLOWING REFERENCE ++++
B. Hess and C. Kutzner and D. van der Spoel and E. Lindahl
GROMACS 4: Algorithms for highly efficient, load-balanced, and scalable
molecular simulation
J. Chem. Theory Comput. 4 (2008) pp. 435-447
-------- -------- --- Thank You --- -------- --------


++++ PLEASE READ AND CITE THE FOLLOWING REFERENCE ++++
D. van der Spoel, E. Lindahl, B. Hess, G. Groenhof, A. E. Mark and H. J. C.
Berendsen
GROMACS: Fast, Flexible and Free
J. Comp. Chem. 26 (2005) pp. 1701-1719
-------- -------- --- Thank You --- -------- --------


++++ PLEASE READ AND CITE THE FOLLOWING REFERENCE ++++
E. Lindahl and B. Hess and D. van der Spoel
GROMACS 3.0: A package for molecular simulation and trajectory analysis
J. Mol. Mod. 7 (2001) pp. 306-317
-------- -------- --- Thank You --- -------- --------


++++ PLEASE READ AND CITE THE FOLLOWING REFERENCE ++++
H. J. C. Berendsen, D. van der Spoel and R. van Drunen
GROMACS: A message-passing parallel molecular dynamics implementation
Comp. Phys. Comm. 91 (1995) pp. 43-56
-------- -------- --- Thank You --- -------- --------


++++ PLEASE CITE THE DOI FOR THIS VERSION OF GROMACS ++++
https://doi.org/10.5281/zenodo.4054979
-------- -------- --- Thank You --- -------- --------

Input Parameters:
   integrator                     = md
   tinit                          = 0
   dt                             = 0.002
   nsteps                         = 5000000
   init-step                      = 0
   simulation-part                = 1
   comm-mode                      = Linear
   nstcomm                        = 100
   bd-fric                        = 0
   ld-seed                        = -1358345706
   emtol                          = 10
   emstep                         = 0.01
   niter                          = 20
   fcstep                         = 0
   nstcgsteep                     = 1000
   nbfgscorr                      = 10
   rtpi                           = 0.05
   nstxout                        = 1000
   nstvout                        = 50000
   nstfout                        = 50000
   nstlog                         = 1000
   nstcalcenergy                  = 100
   nstenergy                      = 1000
   nstxout-compressed             = 0
   compressed-x-precision         = 1000
   cutoff-scheme                  = Verlet
   nstlist                        = 40
   pbc                            = xyz
   periodic-molecules             = false
   verlet-buffer-tolerance        = 0.005
   rlist                          = 1.288
   coulombtype                    = PME
   coulomb-modifier               = Potential-shift
   rcoulomb-switch                = 0
   rcoulomb                       = 1.2
   epsilon-r                      = 1
   epsilon-rf                     = inf
   vdw-type                       = Cut-off
   vdw-modifier                   = Force-switch
   rvdw-switch                    = 1
   rvdw                           = 1.2
   DispCorr                       = No
   table-extension                = 1
   fourierspacing                 = 0.12
   fourier-nx                     = 160
   fourier-ny                     = 160
   fourier-nz                     = 160
   pme-order                      = 4
   ewald-rtol                     = 1e-05
   ewald-rtol-lj                  = 0.001
   lj-pme-comb-rule               = Geometric
   ewald-geometry                 = 0
   epsilon-surface                = 0
   tcoupl                         = Nose-Hoover
   nsttcouple                     = 40
   nh-chain-length                = 1
   print-nose-hoover-chain-variables = false
   pcoupl                         = Parrinello-Rahman
   pcoupltype                     = Semiisotropic
   nstpcouple                     = 40
   tau-p                          = 5
   compressibility (3x3):
      compressibility[    0]={ 4.50000e-05,  0.00000e+00,  0.00000e+00}
      compressibility[    1]={ 0.00000e+00,  4.50000e-05,  0.00000e+00}
      compressibility[    2]={ 0.00000e+00,  0.00000e+00,  4.50000e-05}
   ref-p (3x3):
      ref-p[    0]={ 1.00000e+00,  0.00000e+00,  0.00000e+00}
      ref-p[    1]={ 0.00000e+00,  1.00000e+00,  0.00000e+00}
      ref-p[    2]={ 0.00000e+00,  0.00000e+00,  1.00000e+00}
   refcoord-scaling               = COM
   posres-com (3):
      posres-com[0]= 0.00000e+00
      posres-com[1]= 0.00000e+00
      posres-com[2]= 0.00000e+00
   posres-comB (3):
      posres-comB[0]= 0.00000e+00
      posres-comB[1]= 0.00000e+00
      posres-comB[2]= 0.00000e+00
   QMMM                           = false
   QMconstraints                  = 0
   QMMMscheme                     = 0
   MMChargeScaleFactor            = 1
qm-opts:
   ngQM                           = 0
   constraint-algorithm           = Lincs
   continuation                   = true
   Shake-SOR                      = false
   shake-tol                      = 0.0001
   lincs-order                    = 4
   lincs-iter                     = 1
   lincs-warnangle                = 30
   nwall                          = 0
   wall-type                      = 9-3
   wall-r-linpot                  = -1
   wall-atomtype[0]               = -1
   wall-atomtype[1]               = -1
   wall-density[0]                = 0
   wall-density[1]                = 0
   wall-ewald-zfac                = 3
   pull                           = false
   awh                            = false
   rotation                       = false
   interactiveMD                  = false
   disre                          = No
   disre-weighting                = Conservative
   disre-mixed                    = false
   dr-fc                          = 1000
   dr-tau                         = 0
   nstdisreout                    = 100
   orire-fc                       = 0
   orire-tau                      = 0
   nstorireout                    = 100
   free-energy                    = no
   cos-acceleration               = 0
   deform (3x3):
      deform[    0]={ 0.00000e+00,  0.00000e+00,  0.00000e+00}
      deform[    1]={ 0.00000e+00,  0.00000e+00,  0.00000e+00}
      deform[    2]={ 0.00000e+00,  0.00000e+00,  0.00000e+00}
   simulated-tempering            = false
   swapcoords                     = no
   userint1                       = 0
   userint2                       = 0
   userint3                       = 0
   userint4                       = 0
   userreal1                      = 0
   userreal2                      = 0
   userreal3                      = 0
   userreal4                      = 0
   applied-forces:
     electric-field:
       x:
         E0                       = 0
         omega                    = 0
         t0                       = 0
         sigma                    = 0
       y:
         E0                       = 0
         omega                    = 0
         t0                       = 0
         sigma                    = 0
       z:
         E0                       = 0
         omega                    = 0
         t0                       = 0
         sigma                    = 0
     density-guided-simulation:
       active                     = false
       group                      = protein
       similarity-measure         = inner-product
       atom-spreading-weight      = unity
       force-constant             = 1e+09
       gaussian-transform-spreading-width = 0.2
       gaussian-transform-spreading-range-in-multiples-of-width = 4
       reference-density-filename = reference.mrc
       nst                        = 1
       normalize-densities        = true
       adaptive-force-scaling     = false
       adaptive-force-scaling-time-constant = 4
grpopts:
   nrdf:  1.22268e+06
   ref-t:      303.15
   tau-t:           1
annealing:          No
annealing-npoints:           0
   acc:	           0           0           0
   nfreeze:           N           N           N
   energygrp-flags[  0]: 0

The -nsteps functionality is deprecated, and may be removed in a future version. Consider using gmx convert-tpr -nsteps or changing the appropriate .mdp file field.

Overriding nsteps with value passed on the command line: 10000 steps, 20 ps
Changing nstlist from 40 to 80, rlist from 1.288 to 1.332


Initializing Domain Decomposition on 20 ranks
Dynamic load balancing: on
Using update groups, nr 204401, average size 3.0 atoms, max. radius 0.104 nm
Minimum cell size due to atom displacement: 0.561 nm
Initial maximum distances in bonded interactions:
    two-body bonded interactions: 0.428 nm, LJ-14, atoms 4603 4611
  multi-body bonded interactions: 0.428 nm, Proper Dih., atoms 4603 4611
Minimum cell size due to bonded interactions: 0.471 nm
Scaling the initial minimum size with 1/0.8 (option -dds) = 1.25
Guess for relative PME load: 0.21
Will use 15 particle-particle and 5 PME only ranks
This is a guess, check the performance at the end of the log file
Using 5 separate PME ranks, as guessed by mdrun
Optimizing the DD grid for 15 cells with a minimum initial size of 0.701 nm
The maximum allowed number of cells is: X 26 Y 26 Z 26
Domain decomposition grid 5 x 3 x 1, separate PME ranks 5
PME domain decomposition: 5 x 1 x 1
Interleaving PP and PME ranks
This rank does only particle-particle work.
Domain decomposition rank 0, coordinates 0 0 0

The maximum number of communication pulses is: X 1 Y 1
The minimum size for domain decomposition cells is 1.540 nm
The requested allowed shrink of DD cells (option -dds) is: 0.80
The allowed shrink of domain decomposition cells is: X 0.42 Y 0.25
The maximum allowed distance for atom groups involved in interactions is:
                 non-bonded interactions           1.540 nm
            two-body bonded interactions  (-rdd)   1.540 nm
          multi-body bonded interactions  (-rdd)   1.540 nm
Using two step summing over 2 groups of on average 7.5 ranks


Using 20 MPI processes

Non-default thread affinity set, disabling internal thread affinity

Using 4 OpenMP threads per MPI process

System total charge: 0.000
Will do PME sum in reciprocal space for electrostatic interactions.

++++ PLEASE READ AND CITE THE FOLLOWING REFERENCE ++++
U. Essmann, L. Perera, M. L. Berkowitz, T. Darden, H. Lee and L. G. Pedersen 
A smooth particle mesh Ewald method
J. Chem. Phys. 103 (1995) pp. 8577-8592
-------- -------- --- Thank You --- -------- --------

Using a Gaussian width (1/beta) of 0.384195 nm for Ewald
Potential shift: LJ r^-12: -2.648e-01 r^-6: -5.349e-01, Ewald -8.333e-06
Initialized non-bonded Ewald tables, spacing: 1.02e-03 size: 1176

Generated table with 1166 data points for 1-4 COUL.
Tabscale = 500 points/nm
Generated table with 1166 data points for 1-4 LJ6.
Tabscale = 500 points/nm
Generated table with 1166 data points for 1-4 LJ12.
Tabscale = 500 points/nm

Using SIMD 4x8 nonbonded short-range kernels

Using a dual 4x8 pair-list setup updated with dynamic pruning:
  outer list: updated every 80 steps, buffer 0.132 nm, rlist 1.332 nm
  inner list: updated every 12 steps, buffer 0.001 nm, rlist 1.201 nm
At tolerance 0.005 kJ/mol/ps per atom, equivalent classical 1x1 list would be:
  outer list: updated every 80 steps, buffer 0.280 nm, rlist 1.480 nm
  inner list: updated every 12 steps, buffer 0.047 nm, rlist 1.247 nm


Initializing LINear Constraint Solver

++++ PLEASE READ AND CITE THE FOLLOWING REFERENCE ++++
B. Hess and H. Bekker and H. J. C. Berendsen and J. G. E. M. Fraaije
LINCS: A Linear Constraint Solver for molecular simulations
J. Comp. Chem. 18 (1997) pp. 1463-1472
-------- -------- --- Thank You --- -------- --------

The number of constraints is 3472

++++ PLEASE READ AND CITE THE FOLLOWING REFERENCE ++++
S. Miyamoto and P. A. Kollman
SETTLE: An Analytical Version of the SHAKE and RATTLE Algorithms for Rigid
Water Models
J. Comp. Chem. 13 (1992) pp. 952-962
-------- -------- --- Thank You --- -------- --------


Linking all bonded interactions to atoms


Intra-simulation communication will occur every 20 steps.
There are: 609561 Atoms
Atom distribution over 15 domains: av 40637 stddev 259 min 40485 max 41279
Center of mass motion removal mode is Linear
We have the following groups for center of mass motion removal:
  0:  System

Started mdrun on rank 0 Tue Nov 10 16:27:58 2020

           Step           Time
              0        0.00000

   Energies (kJ/mol)
           Bond          Angle    Proper Dih.  Improper Dih.          LJ-14
    5.69234e+03    1.48799e+04    1.80845e+04    8.91055e+02    6.69109e+03
     Coulomb-14        LJ (SR)   Coulomb (SR)   Coul. recip.      Potential
    7.30408e+04    1.77326e+06   -1.12463e+07    2.76316e+04   -9.32617e+06
    Kinetic En.   Total Energy  Conserved En.    Temperature Pressure (bar)
    1.54881e+06   -7.77737e+06   -7.77699e+06    3.04706e+02   -3.16134e+02
   Constr. rmsd
    4.65039e-06


DD  step 79  vol min/aver 1.000  load imb.: force 22.0%  pme mesh/force 1.018
step  480: timed with pme grid 160 160 160, coulomb cutoff 1.200: 2060.9 M-cycles
step  640: timed with pme grid 128 128 128, coulomb cutoff 1.437: 2691.7 M-cycles
step  800: timed with pme grid 144 144 144, coulomb cutoff 1.277: 2110.6 M-cycles
step  960: timed with pme grid 160 160 160, coulomb cutoff 1.200: 2048.4 M-cycles
              optimal pme grid 160 160 160, coulomb cutoff 1.200
           Step           Time
           1000        2.00000

   Energies (kJ/mol)
           Bond          Angle    Proper Dih.  Improper Dih.          LJ-14
    5.58339e+03    1.44440e+04    1.81462e+04    9.59010e+02    6.82671e+03
     Coulomb-14        LJ (SR)   Coulomb (SR)   Coul. recip.      Potential
    7.30546e+04    1.80285e+06   -1.12953e+07    2.69051e+04   -9.34650e+06
    Kinetic En.   Total Energy  Conserved En.    Temperature Pressure (bar)
    1.54276e+06   -7.80374e+06   -7.78107e+06    3.03517e+02    2.22833e+02
   Constr. rmsd
    4.62719e-06


DD  step 1999  vol min/aver 0.908  load imb.: force  1.5%  pme mesh/force 1.121
           Step           Time
           2000        4.00000

   Energies (kJ/mol)
           Bond          Angle    Proper Dih.  Improper Dih.          LJ-14
    5.84736e+03    1.44157e+04    1.82148e+04    8.84430e+02    6.77255e+03
     Coulomb-14        LJ (SR)   Coulomb (SR)   Coul. recip.      Potential
    7.28733e+04    1.78002e+06   -1.12663e+07    2.69352e+04   -9.34030e+06
    Kinetic En.   Total Energy  Conserved En.    Temperature Pressure (bar)
    1.54239e+06   -7.79791e+06   -7.78057e+06    3.03443e+02   -1.10086e+02
   Constr. rmsd
    4.66484e-06

           Step           Time
           3000        6.00000

   Energies (kJ/mol)
           Bond          Angle    Proper Dih.  Improper Dih.          LJ-14
    5.60186e+03    1.48604e+04    1.82785e+04    8.67789e+02    6.74104e+03
     Coulomb-14        LJ (SR)   Coulomb (SR)   Coul. recip.      Potential
    7.27452e+04    1.79165e+06   -1.12848e+07    2.67920e+04   -9.34730e+06
    Kinetic En.   Total Energy  Conserved En.    Temperature Pressure (bar)
    1.54265e+06   -7.80465e+06   -7.78296e+06    3.03495e+02    2.14820e+01
   Constr. rmsd
    4.67835e-06


DD  step 3999  vol min/aver 0.904  load imb.: force  0.6%  pme mesh/force 1.116
           Step           Time
           4000        8.00000

   Energies (kJ/mol)
           Bond          Angle    Proper Dih.  Improper Dih.          LJ-14
    5.47737e+03    1.49218e+04    1.83211e+04    9.30493e+02    6.72180e+03
     Coulomb-14        LJ (SR)   Coulomb (SR)   Coul. recip.      Potential
    7.30192e+04    1.78694e+06   -1.12732e+07    2.70994e+04   -9.33980e+06
    Kinetic En.   Total Energy  Conserved En.    Temperature Pressure (bar)
    1.54049e+06   -7.79931e+06   -7.78084e+06    3.03070e+02    4.59172e+00
   Constr. rmsd
    4.61775e-06

           Step           Time
           5000       10.00000

   Energies (kJ/mol)
           Bond          Angle    Proper Dih.  Improper Dih.          LJ-14
    5.54009e+03    1.46456e+04    1.81290e+04    8.78320e+02    6.80975e+03
     Coulomb-14        LJ (SR)   Coulomb (SR)   Coul. recip.      Potential
    7.34802e+04    1.79354e+06   -1.12875e+07    2.68163e+04   -9.34770e+06
    Kinetic En.   Total Energy  Conserved En.    Temperature Pressure (bar)
    1.53439e+06   -7.81332e+06   -7.78158e+06    3.01870e+02    2.48167e+01
   Constr. rmsd
    4.59887e-06


DD  step 5999  vol min/aver 0.904  load imb.: force  0.7%  pme mesh/force 1.119
           Step           Time
           6000       12.00000

   Energies (kJ/mol)
           Bond          Angle    Proper Dih.  Improper Dih.          LJ-14
    5.63364e+03    1.44077e+04    1.82504e+04    9.12847e+02    6.75375e+03
     Coulomb-14        LJ (SR)   Coulomb (SR)   Coul. recip.      Potential
    7.33235e+04    1.78777e+06   -1.12786e+07    2.70978e+04   -9.34446e+06
    Kinetic En.   Total Energy  Conserved En.    Temperature Pressure (bar)
    1.54277e+06   -7.80169e+06   -7.78140e+06    3.03519e+02   -1.43382e+01
   Constr. rmsd
    4.67326e-06

           Step           Time
           7000       14.00000

   Energies (kJ/mol)
           Bond          Angle    Proper Dih.  Improper Dih.          LJ-14
    5.75449e+03    1.46351e+04    1.83485e+04    9.33289e+02    6.60906e+03
     Coulomb-14        LJ (SR)   Coulomb (SR)   Coul. recip.      Potential
    7.28351e+04    1.79333e+06   -1.12912e+07    2.67853e+04   -9.35195e+06
    Kinetic En.   Total Energy  Conserved En.    Temperature Pressure (bar)
    1.53276e+06   -7.81919e+06   -7.78287e+06    3.01549e+02   -1.27627e+01
   Constr. rmsd
    4.62343e-06


DD  step 7999  vol min/aver 0.903  load imb.: force  0.7%  pme mesh/force 1.130
           Step           Time
           8000       16.00000

   Energies (kJ/mol)
           Bond          Angle    Proper Dih.  Improper Dih.          LJ-14
    5.56090e+03    1.48073e+04    1.82670e+04    8.97908e+02    6.74022e+03
     Coulomb-14        LJ (SR)   Coulomb (SR)   Coul. recip.      Potential
    7.29979e+04    1.79017e+06   -1.12830e+07    2.70327e+04   -9.34650e+06
    Kinetic En.   Total Energy  Conserved En.    Temperature Pressure (bar)
    1.53388e+06   -7.81262e+06   -7.78459e+06    3.01769e+02   -2.51537e+01
   Constr. rmsd
    4.74653e-06

           Step           Time
           9000       18.00000

   Energies (kJ/mol)
           Bond          Angle    Proper Dih.  Improper Dih.          LJ-14
    5.48646e+03    1.49567e+04    1.82740e+04    9.31523e+02    6.87662e+03
     Coulomb-14        LJ (SR)   Coulomb (SR)   Coul. recip.      Potential
    7.32231e+04    1.78688e+06   -1.12702e+07    2.70344e+04   -9.33658e+06
    Kinetic En.   Total Energy  Conserved En.    Temperature Pressure (bar)
    1.54154e+06   -7.79505e+06   -7.78216e+06    3.03276e+02    9.60510e+00
   Constr. rmsd
    4.56176e-06


DD  step 9999  vol min/aver 0.908  load imb.: force  0.8%  pme mesh/force 1.115
           Step           Time
          10000       20.00000

Writing checkpoint, step 10000 at Tue Nov 10 16:30:09 2020


   Energies (kJ/mol)
           Bond          Angle    Proper Dih.  Improper Dih.          LJ-14
    5.79723e+03    1.46227e+04    1.82299e+04    8.51174e+02    6.79749e+03
     Coulomb-14        LJ (SR)   Coulomb (SR)   Coul. recip.      Potential
    7.31773e+04    1.78814e+06   -1.12763e+07    2.69687e+04   -9.34176e+06
    Kinetic En.   Total Energy  Conserved En.    Temperature Pressure (bar)
    1.54347e+06   -7.79829e+06   -7.77749e+06    3.03657e+02    1.50742e+01
   Constr. rmsd
    4.56805e-06


	<======  ###############  ==>
	<====  A V E R A G E S  ====>
	<==  ###############  ======>

	Statistics over 10001 steps using 101 frames

   Energies (kJ/mol)
           Bond          Angle    Proper Dih.  Improper Dih.          LJ-14
    5.61796e+03    1.46985e+04    1.82334e+04    9.09766e+02    6.75579e+03
     Coulomb-14        LJ (SR)   Coulomb (SR)   Coul. recip.      Potential
    7.30751e+04    1.78948e+06   -1.12782e+07    2.66990e+04   -9.34271e+06
    Kinetic En.   Total Energy  Conserved En.    Temperature Pressure (bar)
    1.54100e+06   -7.80171e+06   -7.78101e+06    3.03170e+02   -8.90264e-01
   Constr. rmsd
    0.00000e+00

          Box-X          Box-Y          Box-Z
    1.83032e+01    1.83032e+01    1.83153e+01

   Total Virial (kJ/mol)
    5.14243e+05    8.87339e+02    8.34330e+02
    8.85175e+02    5.13619e+05   -6.44690e+02
    8.36073e+02   -6.80968e+02    5.13746e+05

   Pressure (bar)
   -3.35280e+00   -5.09026e+00   -4.66705e+00
   -5.07967e+00    6.01018e-01    3.80068e+00
   -4.67596e+00    3.99807e+00    8.09884e-02


	M E G A - F L O P S   A C C O U N T I N G

 NB=Group-cutoff nonbonded kernels    NxN=N-by-N cluster Verlet kernels
 RF=Reaction-Field  VdW=Van der Waals  QSTab=quadratic-spline table
 W3=SPC/TIP3p  W4=TIP4p (single or pairs)
 V&F=Potential and force  V=Potential only  F=Force only

 Computing:                               M-Number         M-Flops  % Flops
-----------------------------------------------------------------------------
 Pair Search distance check           54985.661140      494870.950     0.1
 NxN Ewald Elec. + LJ [F]           2779197.320032   216777390.962    53.5
 NxN Ewald Elec. + LJ [V&F]           28380.599088     3661097.282     0.9
 NxN Ewald Elec. [F]                2678671.286496   163398948.476    40.3
 NxN Ewald Elec. [V&F]                27354.356144     2297765.916     0.6
 1,4 nonbonded interactions             184.638462       16617.462     0.0
 Calc Weights                         18288.658683      658391.713     0.2
 Spread Q Bspline                    390158.051904      780316.104     0.2
 Gather F Bspline                    390158.051904     2340948.311     0.6
 3D-FFT                             1776680.768664    14213446.149     3.5
 Solve PME                              253.772800       16241.459     0.0
 Reset In Box                            76.195125         228.585     0.0
 CG-CoM                                  76.804686         230.414     0.0
 Bonds                                   36.283628        2140.734     0.0
 Angles                                 128.052804       21512.871     0.0
 Propers                                198.499848       45456.465     0.0
 Impropers                               14.741474        3066.227     0.0
 Virial                                 183.681036        3306.259     0.0
 Stop-CM                                 61.565661         615.657     0.0
 Calc-Ekin                              610.780122       16491.063     0.0
 Lincs                                   34.723472        2083.408     0.0
 Lincs-Mat                              174.737472         698.950     0.0
 Constraint-V                          6095.369476       48762.956     0.0
 Constraint-Vir                         182.407204        4377.773     0.0
 Settle                                2008.640844      648790.993     0.2
-----------------------------------------------------------------------------
 Total                                               405453797.140   100.0
-----------------------------------------------------------------------------


    D O M A I N   D E C O M P O S I T I O N   S T A T I S T I C S

 av. #atoms communicated per step for force:  2 x 434655.5


Dynamic load balancing report:
 DLB was permanently on during the run per user request.
 Average load imbalance: 1.4%.
 The balanceable part of the MD step is 79%, load imbalance is computed from this.
 Part of the total run time spent waiting due to load imbalance: 1.1%.
 Steps where the load balancing was limited by -rdd, -rcon and/or -dds: X 0 % Y 0 %
 Average PME mesh/force load: 1.060
 Part of the total run time spent waiting due to PP/PME imbalance: 3.6 %


     R E A L   C Y C L E   A N D   T I M E   A C C O U N T I N G

On 15 MPI ranks doing PP, each using 4 OpenMP threads, and
on 5 MPI ranks doing PME, each using 4 OpenMP threads

 Computing:          Num   Num      Call    Wall time         Giga-Cycles
                     Ranks Threads  Count      (s)         total sum    %
-----------------------------------------------------------------------------
 Domain decomp.        15    4        125       3.882        627.141   2.2
 DD comm. load         15    4        125       0.008          1.295   0.0
 DD comm. bounds       15    4        125       0.055          8.893   0.0
 Send X to PME         15    4      10001       2.681        433.165   1.5
 Neighbor search       15    4        126       3.268        528.042   1.9
 Comm. coord.          15    4       9875       5.094        822.982   2.9
 Force                 15    4      10001      92.500      14944.124  52.6
 Wait + Comm. F        15    4      10001       5.053        816.351   2.9
 PME mesh *             5    4      10001     109.283       5885.174  20.7
 PME wait for PP *                             22.485       1210.903   4.3
 Wait + Recv. PME F    15    4      10001      11.980       1935.421   6.8
 NB X/F buffer ops.    15    4      29751       2.180        352.164   1.2
 Write traj.           15    4         11       0.239         38.572   0.1
 Update                15    4      10001       0.868        140.181   0.5
 Constraints           15    4      10001       1.383        223.359   0.8
 Comm. energies        15    4        501       2.346        379.027   1.3
 Rest                                           0.255         41.155   0.1
-----------------------------------------------------------------------------
 Total                                        131.791      28389.165 100.0
-----------------------------------------------------------------------------
(*) Note that with separate PME ranks, the walltime column actually sums to
    twice the total reported, but the cycle count total and % are correct.
-----------------------------------------------------------------------------
 Breakdown of PME mesh computation
-----------------------------------------------------------------------------
 PME redist. X/F        5    4      20002      13.015        700.886   2.5
 PME spread             5    4      10001      26.009       1400.661   4.9
 PME gather             5    4      10001      21.010       1131.431   4.0
 PME 3D-FFT             5    4      20002      28.515       1535.626   5.4
 PME 3D-FFT Comm.       5    4      20002      19.354       1042.243   3.7
 PME solve Elec         5    4      10001       1.313         70.731   0.2
-----------------------------------------------------------------------------

               Core t (s)   Wall t (s)        (%)
       Time:    10539.255      131.791     7996.9
                 (ns/day)    (hour/ns)
Performance:       13.113        1.830
Finished mdrun on rank 0 Tue Nov 10 16:30:10 2020

