                      :-) GROMACS - gmx mdrun, 2020.4 (-:

                            GROMACS is written by:
     Emile Apol      Rossen Apostolov      Paul Bauer     Herman J.C. Berendsen
    Par Bjelkmar      Christian Blau   Viacheslav Bolnykh     Kevin Boyd    
 Aldert van Buuren   Rudi van Drunen     Anton Feenstra       Alan Gray     
  Gerrit Groenhof     Anca Hamuraru    Vincent Hindriksen  M. Eric Irrgang  
  Aleksei Iupinov   Christoph Junghans     Joe Jordan     Dimitrios Karkoulis
    Peter Kasson        Jiri Kraus      Carsten Kutzner      Per Larsson    
  Justin A. Lemkul    Viveca Lindahl    Magnus Lundborg     Erik Marklund   
    Pascal Merz     Pieter Meulenhoff    Teemu Murtola       Szilard Pall   
    Sander Pronk      Roland Schulz      Michael Shirts    Alexey Shvetsov  
   Alfons Sijbers     Peter Tieleman      Jon Vincent      Teemu Virolainen 
 Christian Wennberg    Maarten Wolf      Artem Zhmurov   
                           and the project leaders:
        Mark Abraham, Berk Hess, Erik Lindahl, and David van der Spoel

Copyright (c) 1991-2000, University of Groningen, The Netherlands.
Copyright (c) 2001-2019, The GROMACS development team at
Uppsala University, Stockholm University and
the Royal Institute of Technology, Sweden.
check out http://www.gromacs.org for more information.

GROMACS is free software; you can redistribute it and/or modify it
under the terms of the GNU Lesser General Public License
as published by the Free Software Foundation; either version 2.1
of the License, or (at your option) any later version.

GROMACS:      gmx mdrun, version 2020.4
Executable:   /data/ccuser/libraries/gromacs_no_gpu/gromacs-2020.4/build/bin/gmx_mpi
Data prefix:  /data/ccuser/libraries/gromacs_no_gpu/gromacs-2020.4 (source tree)
Working dir:  /data/ccuser/scc2020/gromacs/competition/SCC_Gromacs/Task2/Amber03
Process ID:   10639
Command line:
  gmx_mpi mdrun -deffnm md_scale_50_1 -nsteps 10000 -ntomp 4 -dlb yes -tunepme yes -v

GROMACS version:    2020.4
Verified release checksum is 79c2857291b034542c26e90512b92fd4b184a1c9d6fa59c55f2e24ccf14e7281
Precision:          single
Memory model:       64 bit
MPI library:        MPI
OpenMP support:     enabled (GMX_OPENMP_MAX_THREADS = 64)
GPU support:        disabled
SIMD instructions:  AVX_512
FFT library:        fftw-3.3.8-sse2-avx-avx2-avx2_128-avx512
RDTSCP usage:       enabled
TNG support:        enabled
Hwloc support:      disabled
Tracing support:    disabled
C compiler:         /opt/gcc-9.2.0/bin/gcc GNU 9.2.0
C compiler flags:   -mavx512f -mfma -fexcess-precision=fast -funroll-all-loops -O3 -DNDEBUG
C++ compiler:       /opt/gcc-9.2.0/bin/g++ GNU 9.2.0
C++ compiler flags: -mavx512f -mfma -fexcess-precision=fast -funroll-all-loops -fopenmp -O3 -DNDEBUG


Running on 5 nodes with total 220 cores, 220 logical cores
  Cores per node:           44
  Logical cores per node:   44
Hardware detected on host ip-0A00000E (the node of MPI rank 0):
  CPU info:
    Vendor: Intel
    Brand:  Intel(R) Xeon(R) Platinum 8168 CPU @ 2.70GHz
    Family: 6   Model: 85   Stepping: 4
    Features: aes apic avx avx2 avx512f avx512cd avx512bw avx512vl clfsh cmov cx8 cx16 f16c fma hle intel lahf mmx msr pcid pclmuldq pdpe1gb popcnt pse rdrnd rdtscp rtm sse2 sse3 sse4.1 sse4.2 ssse3
    Number of AVX-512 FMA units: 2
  Hardware topology: Only logical processor count


++++ PLEASE READ AND CITE THE FOLLOWING REFERENCE ++++
M. J. Abraham, T. Murtola, R. Schulz, S. Páll, J. C. Smith, B. Hess, E.
Lindahl
GROMACS: High performance molecular simulations through multi-level
parallelism from laptops to supercomputers
SoftwareX 1 (2015) pp. 19-25
-------- -------- --- Thank You --- -------- --------


++++ PLEASE READ AND CITE THE FOLLOWING REFERENCE ++++
S. Páll, M. J. Abraham, C. Kutzner, B. Hess, E. Lindahl
Tackling Exascale Software Challenges in Molecular Dynamics Simulations with
GROMACS
In S. Markidis & E. Laure (Eds.), Solving Software Challenges for Exascale 8759 (2015) pp. 3-27
-------- -------- --- Thank You --- -------- --------


++++ PLEASE READ AND CITE THE FOLLOWING REFERENCE ++++
S. Pronk, S. Páll, R. Schulz, P. Larsson, P. Bjelkmar, R. Apostolov, M. R.
Shirts, J. C. Smith, P. M. Kasson, D. van der Spoel, B. Hess, and E. Lindahl
GROMACS 4.5: a high-throughput and highly parallel open source molecular
simulation toolkit
Bioinformatics 29 (2013) pp. 845-54
-------- -------- --- Thank You --- -------- --------


++++ PLEASE READ AND CITE THE FOLLOWING REFERENCE ++++
B. Hess and C. Kutzner and D. van der Spoel and E. Lindahl
GROMACS 4: Algorithms for highly efficient, load-balanced, and scalable
molecular simulation
J. Chem. Theory Comput. 4 (2008) pp. 435-447
-------- -------- --- Thank You --- -------- --------


++++ PLEASE READ AND CITE THE FOLLOWING REFERENCE ++++
D. van der Spoel, E. Lindahl, B. Hess, G. Groenhof, A. E. Mark and H. J. C.
Berendsen
GROMACS: Fast, Flexible and Free
J. Comp. Chem. 26 (2005) pp. 1701-1719
-------- -------- --- Thank You --- -------- --------


++++ PLEASE READ AND CITE THE FOLLOWING REFERENCE ++++
E. Lindahl and B. Hess and D. van der Spoel
GROMACS 3.0: A package for molecular simulation and trajectory analysis
J. Mol. Mod. 7 (2001) pp. 306-317
-------- -------- --- Thank You --- -------- --------


++++ PLEASE READ AND CITE THE FOLLOWING REFERENCE ++++
H. J. C. Berendsen, D. van der Spoel and R. van Drunen
GROMACS: A message-passing parallel molecular dynamics implementation
Comp. Phys. Comm. 91 (1995) pp. 43-56
-------- -------- --- Thank You --- -------- --------


++++ PLEASE CITE THE DOI FOR THIS VERSION OF GROMACS ++++
https://doi.org/10.5281/zenodo.4054979
-------- -------- --- Thank You --- -------- --------

Input Parameters:
   integrator                     = md
   tinit                          = 0
   dt                             = 0.002
   nsteps                         = 5000000
   init-step                      = 0
   simulation-part                = 1
   comm-mode                      = Linear
   nstcomm                        = 100
   bd-fric                        = 0
   ld-seed                        = -1515396884
   emtol                          = 10
   emstep                         = 0.01
   niter                          = 20
   fcstep                         = 0
   nstcgsteep                     = 1000
   nbfgscorr                      = 10
   rtpi                           = 0.05
   nstxout                        = 1000
   nstvout                        = 50000
   nstfout                        = 50000
   nstlog                         = 1000
   nstcalcenergy                  = 100
   nstenergy                      = 1000
   nstxout-compressed             = 0
   compressed-x-precision         = 1000
   cutoff-scheme                  = Verlet
   nstlist                        = 40
   pbc                            = xyz
   periodic-molecules             = false
   verlet-buffer-tolerance        = 0.005
   rlist                          = 1.288
   coulombtype                    = PME
   coulomb-modifier               = Potential-shift
   rcoulomb-switch                = 0
   rcoulomb                       = 1.2
   epsilon-r                      = 1
   epsilon-rf                     = inf
   vdw-type                       = Cut-off
   vdw-modifier                   = Force-switch
   rvdw-switch                    = 1
   rvdw                           = 1.2
   DispCorr                       = No
   table-extension                = 1
   fourierspacing                 = 0.12
   fourier-nx                     = 160
   fourier-ny                     = 160
   fourier-nz                     = 160
   pme-order                      = 4
   ewald-rtol                     = 1e-05
   ewald-rtol-lj                  = 0.001
   lj-pme-comb-rule               = Geometric
   ewald-geometry                 = 0
   epsilon-surface                = 0
   tcoupl                         = Nose-Hoover
   nsttcouple                     = 40
   nh-chain-length                = 1
   print-nose-hoover-chain-variables = false
   pcoupl                         = Parrinello-Rahman
   pcoupltype                     = Semiisotropic
   nstpcouple                     = 40
   tau-p                          = 5
   compressibility (3x3):
      compressibility[    0]={ 4.50000e-05,  0.00000e+00,  0.00000e+00}
      compressibility[    1]={ 0.00000e+00,  4.50000e-05,  0.00000e+00}
      compressibility[    2]={ 0.00000e+00,  0.00000e+00,  4.50000e-05}
   ref-p (3x3):
      ref-p[    0]={ 1.00000e+00,  0.00000e+00,  0.00000e+00}
      ref-p[    1]={ 0.00000e+00,  1.00000e+00,  0.00000e+00}
      ref-p[    2]={ 0.00000e+00,  0.00000e+00,  1.00000e+00}
   refcoord-scaling               = COM
   posres-com (3):
      posres-com[0]= 0.00000e+00
      posres-com[1]= 0.00000e+00
      posres-com[2]= 0.00000e+00
   posres-comB (3):
      posres-comB[0]= 0.00000e+00
      posres-comB[1]= 0.00000e+00
      posres-comB[2]= 0.00000e+00
   QMMM                           = false
   QMconstraints                  = 0
   QMMMscheme                     = 0
   MMChargeScaleFactor            = 1
qm-opts:
   ngQM                           = 0
   constraint-algorithm           = Lincs
   continuation                   = true
   Shake-SOR                      = false
   shake-tol                      = 0.0001
   lincs-order                    = 4
   lincs-iter                     = 1
   lincs-warnangle                = 30
   nwall                          = 0
   wall-type                      = 9-3
   wall-r-linpot                  = -1
   wall-atomtype[0]               = -1
   wall-atomtype[1]               = -1
   wall-density[0]                = 0
   wall-density[1]                = 0
   wall-ewald-zfac                = 3
   pull                           = false
   awh                            = false
   rotation                       = false
   interactiveMD                  = false
   disre                          = No
   disre-weighting                = Conservative
   disre-mixed                    = false
   dr-fc                          = 1000
   dr-tau                         = 0
   nstdisreout                    = 100
   orire-fc                       = 0
   orire-tau                      = 0
   nstorireout                    = 100
   free-energy                    = no
   cos-acceleration               = 0
   deform (3x3):
      deform[    0]={ 0.00000e+00,  0.00000e+00,  0.00000e+00}
      deform[    1]={ 0.00000e+00,  0.00000e+00,  0.00000e+00}
      deform[    2]={ 0.00000e+00,  0.00000e+00,  0.00000e+00}
   simulated-tempering            = false
   swapcoords                     = no
   userint1                       = 0
   userint2                       = 0
   userint3                       = 0
   userint4                       = 0
   userreal1                      = 0
   userreal2                      = 0
   userreal3                      = 0
   userreal4                      = 0
   applied-forces:
     electric-field:
       x:
         E0                       = 0
         omega                    = 0
         t0                       = 0
         sigma                    = 0
       y:
         E0                       = 0
         omega                    = 0
         t0                       = 0
         sigma                    = 0
       z:
         E0                       = 0
         omega                    = 0
         t0                       = 0
         sigma                    = 0
     density-guided-simulation:
       active                     = false
       group                      = protein
       similarity-measure         = inner-product
       atom-spreading-weight      = unity
       force-constant             = 1e+09
       gaussian-transform-spreading-width = 0.2
       gaussian-transform-spreading-range-in-multiples-of-width = 4
       reference-density-filename = reference.mrc
       nst                        = 1
       normalize-densities        = true
       adaptive-force-scaling     = false
       adaptive-force-scaling-time-constant = 4
grpopts:
   nrdf:  1.22268e+06
   ref-t:      303.15
   tau-t:           1
annealing:          No
annealing-npoints:           0
   acc:	           0           0           0
   nfreeze:           N           N           N
   energygrp-flags[  0]: 0

The -nsteps functionality is deprecated, and may be removed in a future version. Consider using gmx convert-tpr -nsteps or changing the appropriate .mdp file field.

Overriding nsteps with value passed on the command line: 10000 steps, 20 ps
Changing nstlist from 40 to 80, rlist from 1.288 to 1.332


Initializing Domain Decomposition on 50 ranks
Dynamic load balancing: on
Using update groups, nr 204401, average size 3.0 atoms, max. radius 0.104 nm
Minimum cell size due to atom displacement: 0.561 nm
Initial maximum distances in bonded interactions:
    two-body bonded interactions: 0.429 nm, LJ-14, atoms 6240 6248
  multi-body bonded interactions: 0.429 nm, Proper Dih., atoms 6240 6248
Minimum cell size due to bonded interactions: 0.472 nm
Scaling the initial minimum size with 1/0.8 (option -dds) = 1.25
Guess for relative PME load: 0.21
Will use 36 particle-particle and 14 PME only ranks
This is a guess, check the performance at the end of the log file
Using 14 separate PME ranks, as guessed by mdrun
Optimizing the DD grid for 36 cells with a minimum initial size of 0.701 nm
The maximum allowed number of cells is: X 26 Y 26 Z 26
Domain decomposition grid 4 x 3 x 3, separate PME ranks 14
PME domain decomposition: 14 x 1 x 1
Interleaving PP and PME ranks
This rank does only particle-particle work.
Domain decomposition rank 0, coordinates 0 0 0

The maximum number of communication pulses is: X 1 Y 1 Z 1
The minimum size for domain decomposition cells is 1.540 nm
The requested allowed shrink of DD cells (option -dds) is: 0.80
The allowed shrink of domain decomposition cells is: X 0.34 Y 0.25 Z 0.25
The maximum allowed distance for atom groups involved in interactions is:
                 non-bonded interactions           1.540 nm
            two-body bonded interactions  (-rdd)   1.540 nm
          multi-body bonded interactions  (-rdd)   1.540 nm
Using two step summing over 5 groups of on average 7.2 ranks


Using 50 MPI processes

Non-default thread affinity set, disabling internal thread affinity

Using 4 OpenMP threads per MPI process

System total charge: -0.000
Will do PME sum in reciprocal space for electrostatic interactions.

++++ PLEASE READ AND CITE THE FOLLOWING REFERENCE ++++
U. Essmann, L. Perera, M. L. Berkowitz, T. Darden, H. Lee and L. G. Pedersen 
A smooth particle mesh Ewald method
J. Chem. Phys. 103 (1995) pp. 8577-8592
-------- -------- --- Thank You --- -------- --------

Using a Gaussian width (1/beta) of 0.384195 nm for Ewald
Potential shift: LJ r^-12: -2.648e-01 r^-6: -5.349e-01, Ewald -8.333e-06
Initialized non-bonded Ewald tables, spacing: 1.02e-03 size: 1176

Generated table with 1166 data points for 1-4 COUL.
Tabscale = 500 points/nm
Generated table with 1166 data points for 1-4 LJ6.
Tabscale = 500 points/nm
Generated table with 1166 data points for 1-4 LJ12.
Tabscale = 500 points/nm

Using SIMD 4x8 nonbonded short-range kernels

Using a dual 4x8 pair-list setup updated with dynamic pruning:
  outer list: updated every 80 steps, buffer 0.132 nm, rlist 1.332 nm
  inner list: updated every 12 steps, buffer 0.001 nm, rlist 1.201 nm
At tolerance 0.005 kJ/mol/ps per atom, equivalent classical 1x1 list would be:
  outer list: updated every 80 steps, buffer 0.280 nm, rlist 1.480 nm
  inner list: updated every 12 steps, buffer 0.047 nm, rlist 1.247 nm


Initializing LINear Constraint Solver

++++ PLEASE READ AND CITE THE FOLLOWING REFERENCE ++++
B. Hess and H. Bekker and H. J. C. Berendsen and J. G. E. M. Fraaije
LINCS: A Linear Constraint Solver for molecular simulations
J. Comp. Chem. 18 (1997) pp. 1463-1472
-------- -------- --- Thank You --- -------- --------

The number of constraints is 3472

++++ PLEASE READ AND CITE THE FOLLOWING REFERENCE ++++
S. Miyamoto and P. A. Kollman
SETTLE: An Analytical Version of the SHAKE and RATTLE Algorithms for Rigid
Water Models
J. Comp. Chem. 13 (1992) pp. 952-962
-------- -------- --- Thank You --- -------- --------


Linking all bonded interactions to atoms


Intra-simulation communication will occur every 20 steps.
There are: 609561 Atoms
Atom distribution over 36 domains: av 16932 stddev 140 min 16780 max 17348
Center of mass motion removal mode is Linear
We have the following groups for center of mass motion removal:
  0:  System

Started mdrun on rank 0 Tue Nov 10 16:15:38 2020

           Step           Time
              0        0.00000

   Energies (kJ/mol)
           Bond          Angle    Proper Dih.  Improper Dih.          LJ-14
    5.53428e+03    1.44842e+04    1.94278e+04    8.19803e+02    6.85596e+03
     Coulomb-14        LJ (SR)   Coulomb (SR)   Coul. recip.      Potential
    7.37459e+04    1.76919e+06   -1.12280e+07    2.73687e+04   -9.31057e+06
    Kinetic En.   Total Energy  Conserved En.    Temperature Pressure (bar)
    1.54613e+06   -7.76444e+06   -7.76407e+06    3.04179e+02   -3.24053e+02
   Constr. rmsd
    4.82889e-06


DD  step 79  vol min/aver 1.000  load imb.: force 15.2%  pme mesh/force 1.435
step  800: timed with pme grid 160 160 160, coulomb cutoff 1.200: 1145.8 M-cycles
step  960: timed with pme grid 128 128 128, coulomb cutoff 1.437: 1181.2 M-cycles
           Step           Time
           1000        2.00000

   Energies (kJ/mol)
           Bond          Angle    Proper Dih.  Improper Dih.          LJ-14
    5.57014e+03    1.43977e+04    1.91453e+04    8.78126e+02    6.87278e+03
     Coulomb-14        LJ (SR)   Coulomb (SR)   Coul. recip.      Potential
    7.36182e+04    1.80349e+06   -1.12759e+07    9.95151e+03   -9.34199e+06
    Kinetic En.   Total Energy  Conserved En.    Temperature Pressure (bar)
    1.54565e+06   -7.79634e+06   -7.76954e+06    3.04086e+02    1.92750e+02
   Constr. rmsd
    4.56833e-06

step 1120: timed with pme grid 112 112 112, coulomb cutoff 1.642: 1576.0 M-cycles
step 1280: timed with pme grid 120 120 120, coulomb cutoff 1.532: 1326.2 M-cycles
step 1440: timed with pme grid 128 128 128, coulomb cutoff 1.437: 1150.4 M-cycles
step 1600: timed with pme grid 144 144 144, coulomb cutoff 1.277: 1025.6 M-cycles
step 1760: timed with pme grid 160 160 160, coulomb cutoff 1.200: 1151.6 M-cycles
step 1920: timed with pme grid 144 144 144, coulomb cutoff 1.277: 1033.9 M-cycles

DD  step 1999  vol min/aver 0.822  load imb.: force  5.8%  pme mesh/force 1.516
           Step           Time
           2000        4.00000

   Energies (kJ/mol)
           Bond          Angle    Proper Dih.  Improper Dih.          LJ-14
    5.58821e+03    1.45315e+04    1.93593e+04    9.11110e+02    6.71654e+03
     Coulomb-14        LJ (SR)   Coulomb (SR)   Coul. recip.      Potential
    7.39382e+04    1.78147e+06   -1.12524e+07    2.69336e+04   -9.32293e+06
    Kinetic En.   Total Energy  Conserved En.    Temperature Pressure (bar)
    1.54153e+06   -7.78140e+06   -7.76703e+06    3.03275e+02   -6.12831e+01
   Constr. rmsd
    4.69692e-06

step 2080: timed with pme grid 160 160 160, coulomb cutoff 1.200: 1239.9 M-cycles
              optimal pme grid 144 144 144, coulomb cutoff 1.277
           Step           Time
           3000        6.00000

   Energies (kJ/mol)
           Bond          Angle    Proper Dih.  Improper Dih.          LJ-14
    5.41347e+03    1.45698e+04    1.93394e+04    8.29577e+02    6.85853e+03
     Coulomb-14        LJ (SR)   Coulomb (SR)   Coul. recip.      Potential
    7.39715e+04    1.79337e+06   -1.12686e+07    2.18907e+04   -9.33235e+06
    Kinetic En.   Total Energy  Conserved En.    Temperature Pressure (bar)
    1.54370e+06   -7.78864e+06   -7.76837e+06    3.03702e+02    4.96092e+01
   Constr. rmsd
    4.62692e-06


DD  step 3999  vol min/aver 0.842  load imb.: force  1.0%  pme mesh/force 1.103
           Step           Time
           4000        8.00000

   Energies (kJ/mol)
           Bond          Angle    Proper Dih.  Improper Dih.          LJ-14
    5.53114e+03    1.47653e+04    1.91544e+04    8.26967e+02    6.75151e+03
     Coulomb-14        LJ (SR)   Coulomb (SR)   Coul. recip.      Potential
    7.38437e+04    1.78442e+06   -1.12544e+07    2.20899e+04   -9.32700e+06
    Kinetic En.   Total Energy  Conserved En.    Temperature Pressure (bar)
    1.54359e+06   -7.78341e+06   -7.76578e+06    3.03680e+02   -3.10623e+01
   Constr. rmsd
    4.66741e-06

           Step           Time
           5000       10.00000

   Energies (kJ/mol)
           Bond          Angle    Proper Dih.  Improper Dih.          LJ-14
    5.48216e+03    1.44423e+04    1.91501e+04    9.01337e+02    6.71102e+03
     Coulomb-14        LJ (SR)   Coulomb (SR)   Coul. recip.      Potential
    7.37356e+04    1.79056e+06   -1.12754e+07    2.21087e+04   -9.34231e+06
    Kinetic En.   Total Energy  Conserved En.    Temperature Pressure (bar)
    1.53653e+06   -7.80577e+06   -7.76838e+06    3.02292e+02   -4.23148e+01
   Constr. rmsd
    4.76722e-06


DD  step 5999  vol min/aver 0.838  load imb.: force  2.2%  pme mesh/force 1.123
           Step           Time
           6000       12.00000

   Energies (kJ/mol)
           Bond          Angle    Proper Dih.  Improper Dih.          LJ-14
    5.29829e+03    1.45873e+04    1.94030e+04    9.04270e+02    6.75626e+03
     Coulomb-14        LJ (SR)   Coulomb (SR)   Coul. recip.      Potential
    7.40450e+04    1.78710e+06   -1.12598e+07    2.19761e+04   -9.32971e+06
    Kinetic En.   Total Energy  Conserved En.    Temperature Pressure (bar)
    1.54042e+06   -7.78929e+06   -7.76910e+06    3.03057e+02   -1.92948e+01
   Constr. rmsd
    4.77432e-06

           Step           Time
           7000       14.00000

   Energies (kJ/mol)
           Bond          Angle    Proper Dih.  Improper Dih.          LJ-14
    5.25346e+03    1.45018e+04    1.92967e+04    8.30814e+02    6.82245e+03
     Coulomb-14        LJ (SR)   Coulomb (SR)   Coul. recip.      Potential
    7.37003e+04    1.78694e+06   -1.12588e+07    2.20692e+04   -9.32935e+06
    Kinetic En.   Total Energy  Conserved En.    Temperature Pressure (bar)
    1.54361e+06   -7.78574e+06   -7.76441e+06    3.03684e+02   -1.53484e+01
   Constr. rmsd
    4.68456e-06


DD  step 7999  vol min/aver 0.882  load imb.: force  1.7%  pme mesh/force 1.070
           Step           Time
           8000       16.00000

   Energies (kJ/mol)
           Bond          Angle    Proper Dih.  Improper Dih.          LJ-14
    5.45176e+03    1.43677e+04    1.93145e+04    9.01720e+02    6.88300e+03
     Coulomb-14        LJ (SR)   Coulomb (SR)   Coul. recip.      Potential
    7.38604e+04    1.79679e+06   -1.12778e+07    2.19858e+04   -9.33829e+06
    Kinetic En.   Total Energy  Conserved En.    Temperature Pressure (bar)
    1.53816e+06   -7.80013e+06   -7.76525e+06    3.02612e+02    4.24363e+01
   Constr. rmsd
    4.59842e-06

           Step           Time
           9000       18.00000

   Energies (kJ/mol)
           Bond          Angle    Proper Dih.  Improper Dih.          LJ-14
    5.54572e+03    1.46280e+04    1.92626e+04    8.64089e+02    6.80164e+03
     Coulomb-14        LJ (SR)   Coulomb (SR)   Coul. recip.      Potential
    7.39852e+04    1.78401e+06   -1.12581e+07    2.21161e+04   -9.33091e+06
    Kinetic En.   Total Energy  Conserved En.    Temperature Pressure (bar)
    1.54110e+06   -7.78981e+06   -7.76739e+06    3.03190e+02   -5.08180e+01
   Constr. rmsd
    4.59909e-06


DD  step 9999  vol min/aver 0.848  load imb.: force  1.5%  pme mesh/force 1.165
           Step           Time
          10000       20.00000

Writing checkpoint, step 10000 at Tue Nov 10 16:16:51 2020


   Energies (kJ/mol)
           Bond          Angle    Proper Dih.  Improper Dih.          LJ-14
    5.44544e+03    1.45623e+04    1.93173e+04    8.80534e+02    6.79296e+03
     Coulomb-14        LJ (SR)   Coulomb (SR)   Coul. recip.      Potential
    7.39908e+04    1.78254e+06   -1.12543e+07    2.22285e+04   -9.32850e+06
    Kinetic En.   Total Energy  Conserved En.    Temperature Pressure (bar)
    1.54179e+06   -7.78671e+06   -7.76631e+06    3.03327e+02   -4.65891e+01
   Constr. rmsd
    4.54607e-06


	<======  ###############  ==>
	<====  A V E R A G E S  ====>
	<==  ###############  ======>

	Statistics over 10001 steps using 101 frames

   Energies (kJ/mol)
           Bond          Angle    Proper Dih.  Improper Dih.          LJ-14
    5.47242e+03    1.45402e+04    1.92665e+04    8.77334e+02    6.80444e+03
     Coulomb-14        LJ (SR)   Coulomb (SR)   Coul. recip.      Potential
    7.38963e+04    1.78987e+06   -1.12645e+07    2.19718e+04   -9.33175e+06
    Kinetic En.   Total Energy  Conserved En.    Temperature Pressure (bar)
    1.54100e+06   -7.79075e+06   -7.76774e+06    3.03170e+02    1.79209e+00
   Constr. rmsd
    0.00000e+00

          Box-X          Box-Y          Box-Z
    1.83045e+01    1.83045e+01    1.83142e+01

   Total Virial (kJ/mol)
    5.12455e+05    1.71037e+02   -1.93037e+02
    1.89853e+02    5.14034e+05    1.62968e+01
   -1.39591e+02    1.64304e+01    5.13627e+05

   Pressure (bar)
    5.60059e+00   -1.04936e+00    1.31890e+00
   -1.15092e+00   -1.46359e+00    2.32952e-01
    1.03032e+00    2.32741e-01    1.23928e+00


       P P   -   P M E   L O A D   B A L A N C I N G

 PP/PME load balancing changed the cut-off and PME settings:
           particle-particle                    PME
            rcoulomb  rlist            grid      spacing   1/beta
   initial  1.200 nm  1.201 nm     160 160 160   0.115 nm  0.384 nm
   final    1.277 nm  1.278 nm     144 144 144   0.128 nm  0.409 nm
 cost-ratio           1.21             0.73
 (note that these numbers concern only part of the total PP and PME load)


	M E G A - F L O P S   A C C O U N T I N G

 NB=Group-cutoff nonbonded kernels    NxN=N-by-N cluster Verlet kernels
 RF=Reaction-Field  VdW=Van der Waals  QSTab=quadratic-spline table
 W3=SPC/TIP3p  W4=TIP4p (single or pairs)
 V&F=Potential and force  V=Potential only  F=Force only

 Computing:                               M-Number         M-Flops  % Flops
-----------------------------------------------------------------------------
 Pair Search distance check           49104.936976      441944.433     0.1
 NxN Ewald Elec. + LJ [F]           3262705.912128   254491061.146    54.3
 NxN Ewald Elec. + LJ [V&F]           33369.303184     4304640.111     0.9
 NxN Ewald Elec. [F]                3147377.008672   191989997.529    40.9
 NxN Ewald Elec. [V&F]                32189.962000     2703956.808     0.6
 1,4 nonbonded interactions             184.638462       16617.462     0.0
 Calc Weights                         18288.658683      658391.713     0.1
 Spread Q Bspline                    390158.051904      780316.104     0.2
 Gather F Bspline                    390158.051904     2340948.311     0.5
 3D-FFT                             1308964.954884    10471719.639     2.2
 Solve PME                              209.111296       13383.123     0.0
 Reset In Box                            76.195125         228.585     0.0
 CG-CoM                                  76.804686         230.414     0.0
 Bonds                                   36.283628        2140.734     0.0
 Angles                                 128.052804       21512.871     0.0
 Propers                                199.319930       45644.264     0.0
 Impropers                               14.741474        3066.227     0.0
 Virial                                 183.965481        3311.379     0.0
 Stop-CM                                 61.565661         615.657     0.0
 Calc-Ekin                              610.780122       16491.063     0.0
 Lincs                                   34.723472        2083.408     0.0
 Lincs-Mat                              174.737472         698.950     0.0
 Constraint-V                          6095.369476       48762.956     0.0
 Constraint-Vir                         182.407204        4377.773     0.0
 Settle                                2008.640844      648790.993     0.1
-----------------------------------------------------------------------------
 Total                                               469010931.651   100.0
-----------------------------------------------------------------------------


    D O M A I N   D E C O M P O S I T I O N   S T A T I S T I C S

 av. #atoms communicated per step for force:  2 x 612702.8


Dynamic load balancing report:
 DLB was permanently on during the run per user request.
 Average load imbalance: 3.1%.
 The balanceable part of the MD step is 71%, load imbalance is computed from this.
 Part of the total run time spent waiting due to load imbalance: 2.2%.
 Steps where the load balancing was limited by -rdd, -rcon and/or -dds: X 0 % Y 0 % Z 0 %
 Average PME mesh/force load: 0.982
 Part of the total run time spent waiting due to PP/PME imbalance: 0.4 %


     R E A L   C Y C L E   A N D   T I M E   A C C O U N T I N G

On 36 MPI ranks doing PP, each using 4 OpenMP threads, and
on 14 MPI ranks doing PME, each using 4 OpenMP threads

 Computing:          Num   Num      Call    Wall time         Giga-Cycles
                     Ranks Threads  Count      (s)         total sum    %
-----------------------------------------------------------------------------
 Domain decomp.        36    4        125       5.681       2202.207   5.5
 DD comm. load         36    4        125       0.005          2.130   0.0
 DD comm. bounds       36    4        125       0.043         16.830   0.0
 Send X to PME         36    4      10001       2.194        850.492   2.1
 Neighbor search       36    4        126       1.547        599.788   1.5
 Comm. coord.          36    4       9875       4.196       1626.500   4.1
 Force                 36    4      10001      44.438      17226.830  43.3
 Wait + Comm. F        36    4      10001       5.112       1981.845   5.0
 PME mesh *            14    4      10001      55.525       8370.897  21.0
 PME wait for PP *                             18.413       2775.961   7.0
 Wait + Recv. PME F    36    4      10001       5.823       2257.256   5.7
 NB X/F buffer ops.    36    4      29751       0.971        376.482   0.9
 Write traj.           36    4         11       0.124         47.888   0.1
 Update                36    4      10001       0.323        125.226   0.3
 Constraints           36    4      10001       0.893        346.183   0.9
 Comm. energies        36    4        501       2.441        946.463   2.4
 Rest                                           0.156         60.301   0.2
-----------------------------------------------------------------------------
 Total                                         73.947      39814.471 100.0
-----------------------------------------------------------------------------
(*) Note that with separate PME ranks, the walltime column actually sums to
    twice the total reported, but the cycle count total and % are correct.
-----------------------------------------------------------------------------
 Breakdown of PME mesh computation
-----------------------------------------------------------------------------
 PME redist. X/F       14    4      20002      16.422       2475.787   6.2
 PME spread            14    4      10001      10.801       1628.401   4.1
 PME gather            14    4      10001       8.434       1271.419   3.2
 PME 3D-FFT            14    4      20002       8.231       1240.958   3.1
 PME 3D-FFT Comm.      14    4      20002      11.094       1672.456   4.2
 PME solve Elec        14    4      10001       0.496         74.718   0.2
-----------------------------------------------------------------------------

               Core t (s)   Wall t (s)        (%)
       Time:    14780.820       73.947    19988.5
                 (ns/day)    (hour/ns)
Performance:       23.370        1.027
Finished mdrun on rank 0 Tue Nov 10 16:16:52 2020

